#
# A fatal error has been detected by the Java Runtime Environment:
#
#  SIGSEGV (0xb) at pc=0x00007fdfc295b91b, pid=3878, tid=140598477096704
#
# JRE version: Java(TM) SE Runtime Environment (8.0_73-b02) (build 1.8.0_73-b02)
# Java VM: Java HotSpot(TM) 64-Bit Server VM (25.73-b02 mixed mode linux-amd64 compressed oops)
# Problematic frame:
# C  [device=1+0x2b91b]  stringRemoveDelimiter(char, char const*)+0x2b
#
# Failed to write core dump. Core dumps have been disabled. To enable core dumping, try "ulimit -c unlimited" before starting Java again
#
# If you would like to submit a bug report, please visit:
#   http://bugreport.java.com/bugreport/crash.jsp
# The crash happened outside the Java Virtual Machine in native code.
# See problematic frame for where to report the bug.
#

---------------  T H R E A D  ---------------

Current thread (0x00007fdf58074000):  JavaThread "Executor task launch worker-0" daemon [_thread_in_native, id=4019, stack(0x00007fdfa2388000,0x00007fdfa2489000)]

siginfo: si_signo: 11 (SIGSEGV), si_code: 1 (SEGV_MAPERR), si_addr: 0x0000000000000000

Registers:
RAX=0x0000000000000000, RBX=0x00007fdfcaef1908, RCX=0x00000000000002f5, RDX=0x0000000000000000
RSP=0x00007fdfa2486710, RBP=0x00007fdfa2486730, RSI=0x0000000000000000, RDI=0x000000000000002d
R8 =0x00007fdfe6c6ddc0, R9 =0x0000000000000000, R10=0x00007fdfa2486500, R11=0x00007fdfe6b7de50
R12=0x0000000000000000, R13=0x00007fdfcaef1908, R14=0x00007fdfa2486e00, R15=0x00007fdf58074000
RIP=0x00007fdfc295b91b, EFLAGS=0x0000000000010246, CSGSFS=0x0000000000000033, ERR=0x0000000000000004
  TRAPNO=0x000000000000000e

Top of Stack: (sp=0x00007fdfa2486710)
0x00007fdfa2486710:   0000000000000000 00007f2de6c6ddc0
0x00007fdfa2486720:   0000000000000000 00000000e0326ee0
0x00007fdfa2486730:   00007fdfa2486790 00007fdfc295b994
0x00007fdfa2486740:   0000000000000000 00007fdfc2a8e2f5
0x00007fdfa2486750:   00007fdfe0326ee0 00000310e0326ee0
0x00007fdfa2486760:   00007fdfc2a8e2f5 00007fdfe0326ee0
0x00007fdfa2486770:   0000000000000006 0000000400000000
0x00007fdfa2486780:   00007fdfe0326ee0 0000000000000000
0x00007fdfa2486790:   00007fdfa2486ce0 00007fdfc295a772
0x00007fdfa24867a0:   00007fdf58074000 00007fdec0000a30
0x00007fdfa24867b0:   00007fdfca8176d0 00007fdfe0326ee0
0x00007fdfa24867c0:   00000310a2486d80 00007fdec006b700
0x00007fdfa24867d0:   00007fdfa2486dd8 00007fdfa2486ac0
0x00007fdfa24867e0:   00007fdfc0dd03d8 00007fdf5806e280
0x00007fdfa24867f0:   00007fdf5806e2c0 00007fdf5806e2e8
0x00007fdfa2486800:   00007fdf5806e3a8 00000000000000d8
0x00007fdfa2486810:   00007fdfa2487b10 00007fdfa2486880
0x00007fdfa2486820:   00007fdfca8176d0 00007fdf58074000
0x00007fdfa2486830:   0000000000000000 00007fdf58074000
0x00007fdfa2486840:   00007fdfca8176d0 00007fdf58074000
0x00007fdfa2486850:   00007fdf58074000 00007fdf58074000
0x00007fdfa2486860:   00007fdfa2486890 00007fdfe405d6e0
0x00007fdfa2486870:   00007fdfca8176d0 00007fdf58074000
0x00007fdfa2486880:   00007fdfca8176d0 00007fdf58074000
0x00007fdfa2486890:   00007fdfca8176d0 00007fdf58074000
0x00007fdfa24868a0:   0000000000000000 00007fdf5806e1c0
0x00007fdfa24868b0:   00007fdf643e57d0 00007fdf58074000
0x00007fdfa24868c0:   00007fdfa2486ac0 00007fdfa24869c0
0x00007fdfa24868d0:   00007fdfa24869b0 00007fdfe61a45e9
0x00007fdfa24868e0:   0000000000000001 00007fdf58074000
0x00007fdfa24868f0:   0000000100122028 00007fdf58074000
0x00007fdfa2486900:   00007fdfa2486910 0000000100002368 

Instructions: (pc=0x00007fdfc295b91b)
0x00007fdfc295b8fb:   89 75 e0 88 45 ec c7 45 fc 00 00 00 00 eb 04 83
0x00007fdfc295b90b:   45 fc 01 8b 45 fc 48 63 d0 48 8b 45 e0 48 01 d0
0x00007fdfc295b91b:   0f b6 00 3a 45 ec 74 e7 48 8b 45 e0 48 89 c7 e8
0x00007fdfc295b92b:   91 7d ff ff 83 e8 01 3b 45 fc 7f 07 b8 00 00 00 

Register to memory mapping:

RAX=0x0000000000000000 is an unknown value
RBX={method} {0x00007fdfcaef1908} 'imgDNN' '([I)[D' in 'TestJNIPrimitiveArray'
RCX=0x00000000000002f5 is an unknown value
RDX=0x0000000000000000 is an unknown value
RSP=0x00007fdfa2486710 is pointing into the stack for thread: 0x00007fdf58074000
RBP=0x00007fdfa2486730 is pointing into the stack for thread: 0x00007fdf58074000
RSI=0x0000000000000000 is an unknown value
RDI=0x000000000000002d is an unknown value
R8 =0x00007fdfe6c6ddc0: _itoa_lower_digits+0 in /lib/x86_64-linux-gnu/libc.so.6 at 0x00007fdfe6af7000
R9 =0x0000000000000000 is an unknown value
R10=0x00007fdfa2486500 is pointing into the stack for thread: 0x00007fdf58074000
R11=0x00007fdfe6b7de50: <offset 0x86e50> in /lib/x86_64-linux-gnu/libc.so.6 at 0x00007fdfe6af7000
R12=0x0000000000000000 is an unknown value
R13={method} {0x00007fdfcaef1908} 'imgDNN' '([I)[D' in 'TestJNIPrimitiveArray'
R14=0x00007fdfa2486e00 is pointing into the stack for thread: 0x00007fdf58074000
R15=0x00007fdf58074000 is a thread


Stack: [0x00007fdfa2388000,0x00007fdfa2489000],  sp=0x00007fdfa2486710,  free space=1017k
Native frames: (J=compiled Java code, j=interpreted, Vv=VM code, C=native code)
C  [device=1+0x2b91b]  stringRemoveDelimiter(char, char const*)+0x2b
C  [device=1+0x2b994]  checkCmdLineFlag(int, char const**, char const*)+0x51
C  [device=1+0x2a772]  main_ext(int*, int, char const**)+0x66
C  [device=1+0x2ad0e]  sendimg+0x36
C  [device=1+0x375db]  Java_TestJNIPrimitiveArray_imgDNN+0xb0
j  TestJNIPrimitiveArray.imgDNN([I)[D+0
j  TestJNIPrimitiveArray.imgSend([I)D+8
j  TestJNIPrimitiveArray$1.call([Ljava/lang/Integer;)Ljava/lang/Integer;+29
j  TestJNIPrimitiveArray$1.call(Ljava/lang/Object;)Ljava/lang/Object;+5
j  org.apache.spark.api.java.JavaPairRDD$$anonfun$toScalaFunction$1.apply(Ljava/lang/Object;)Ljava/lang/Object;+5
j  scala.collection.Iterator$$anon$11.next()Ljava/lang/Object;+13
j  scala.collection.Iterator$class.foreach(Lscala/collection/Iterator;Lscala/Function1;)V+11
j  scala.collection.AbstractIterator.foreach(Lscala/Function1;)V+2
J 1442 C1 scala.collection.generic.Growable$class.$plus$plus$eq(Lscala/collection/generic/Growable;Lscala/collection/TraversableOnce;)Lscala/collection/generic/Growable; (21 bytes) @ 0x00007fdfd1488d4c [0x00007fdfd1488a00+0x34c]
j  scala.collection.mutable.ArrayBuffer.$plus$plus$eq(Lscala/collection/TraversableOnce;)Lscala/collection/mutable/ArrayBuffer;+62
j  scala.collection.mutable.ArrayBuffer.$plus$plus$eq(Lscala/collection/TraversableOnce;)Lscala/collection/generic/Growable;+2
j  scala.collection.TraversableOnce$class.to(Lscala/collection/TraversableOnce;Lscala/collection/generic/CanBuildFrom;)Ljava/lang/Object;+14
j  scala.collection.AbstractIterator.to(Lscala/collection/generic/CanBuildFrom;)Ljava/lang/Object;+2
j  scala.collection.TraversableOnce$class.toBuffer(Lscala/collection/TraversableOnce;)Lscala/collection/mutable/Buffer;+7
j  scala.collection.AbstractIterator.toBuffer()Lscala/collection/mutable/Buffer;+1
j  scala.collection.TraversableOnce$class.toArray(Lscala/collection/TraversableOnce;Lscala/reflect/ClassTag;)Ljava/lang/Object;+35
j  scala.collection.AbstractIterator.toArray(Lscala/reflect/ClassTag;)Ljava/lang/Object;+2
j  org.apache.spark.rdd.RDD$$anonfun$17.apply(Lscala/collection/Iterator;)Ljava/lang/Object;+8
j  org.apache.spark.rdd.RDD$$anonfun$17.apply(Ljava/lang/Object;)Ljava/lang/Object;+5
j  org.apache.spark.SparkContext$$anonfun$runJob$5.apply(Lorg/apache/spark/TaskContext;Lscala/collection/Iterator;)Ljava/lang/Object;+5
j  org.apache.spark.SparkContext$$anonfun$runJob$5.apply(Ljava/lang/Object;Ljava/lang/Object;)Ljava/lang/Object;+9
j  org.apache.spark.scheduler.ResultTask.runTask(Lorg/apache/spark/TaskContext;)Ljava/lang/Object;+135
j  org.apache.spark.scheduler.Task.run(JI)Ljava/lang/Object;+78
j  org.apache.spark.executor.Executor$TaskRunner.run()V+312
j  java.util.concurrent.ThreadPoolExecutor.runWorker(Ljava/util/concurrent/ThreadPoolExecutor$Worker;)V+95
j  java.util.concurrent.ThreadPoolExecutor$Worker.run()V+5
j  java.lang.Thread.run()V+11
v  ~StubRoutines::call_stub
V  [libjvm.so+0x68c656]  JavaCalls::call_helper(JavaValue*, methodHandle*, JavaCallArguments*, Thread*)+0x1056
V  [libjvm.so+0x68cb61]  JavaCalls::call_virtual(JavaValue*, KlassHandle, Symbol*, Symbol*, JavaCallArguments*, Thread*)+0x321
V  [libjvm.so+0x68d007]  JavaCalls::call_virtual(JavaValue*, Handle, KlassHandle, Symbol*, Symbol*, Thread*)+0x47
V  [libjvm.so+0x723dc0]  thread_entry(JavaThread*, Thread*)+0xa0
V  [libjvm.so+0xa69cff]  JavaThread::thread_main_inner()+0xdf
V  [libjvm.so+0xa69e2c]  JavaThread::run()+0x11c
V  [libjvm.so+0x91d918]  java_start(Thread*)+0x108
C  [libpthread.so.0+0x8182]  start_thread+0xc2

Java frames: (J=compiled Java code, j=interpreted, Vv=VM code)
j  TestJNIPrimitiveArray.imgDNN([I)[D+0
j  TestJNIPrimitiveArray.imgSend([I)D+8
j  TestJNIPrimitiveArray$1.call([Ljava/lang/Integer;)Ljava/lang/Integer;+29
j  TestJNIPrimitiveArray$1.call(Ljava/lang/Object;)Ljava/lang/Object;+5
j  org.apache.spark.api.java.JavaPairRDD$$anonfun$toScalaFunction$1.apply(Ljava/lang/Object;)Ljava/lang/Object;+5
j  scala.collection.Iterator$$anon$11.next()Ljava/lang/Object;+13
j  scala.collection.Iterator$class.foreach(Lscala/collection/Iterator;Lscala/Function1;)V+11
j  scala.collection.AbstractIterator.foreach(Lscala/Function1;)V+2
J 1442 C1 scala.collection.generic.Growable$class.$plus$plus$eq(Lscala/collection/generic/Growable;Lscala/collection/TraversableOnce;)Lscala/collection/generic/Growable; (21 bytes) @ 0x00007fdfd1488d4c [0x00007fdfd1488a00+0x34c]
j  scala.collection.mutable.ArrayBuffer.$plus$plus$eq(Lscala/collection/TraversableOnce;)Lscala/collection/mutable/ArrayBuffer;+62
j  scala.collection.mutable.ArrayBuffer.$plus$plus$eq(Lscala/collection/TraversableOnce;)Lscala/collection/generic/Growable;+2
j  scala.collection.TraversableOnce$class.to(Lscala/collection/TraversableOnce;Lscala/collection/generic/CanBuildFrom;)Ljava/lang/Object;+14
j  scala.collection.AbstractIterator.to(Lscala/collection/generic/CanBuildFrom;)Ljava/lang/Object;+2
j  scala.collection.TraversableOnce$class.toBuffer(Lscala/collection/TraversableOnce;)Lscala/collection/mutable/Buffer;+7
j  scala.collection.AbstractIterator.toBuffer()Lscala/collection/mutable/Buffer;+1
j  scala.collection.TraversableOnce$class.toArray(Lscala/collection/TraversableOnce;Lscala/reflect/ClassTag;)Ljava/lang/Object;+35
j  scala.collection.AbstractIterator.toArray(Lscala/reflect/ClassTag;)Ljava/lang/Object;+2
j  org.apache.spark.rdd.RDD$$anonfun$17.apply(Lscala/collection/Iterator;)Ljava/lang/Object;+8
j  org.apache.spark.rdd.RDD$$anonfun$17.apply(Ljava/lang/Object;)Ljava/lang/Object;+5
j  org.apache.spark.SparkContext$$anonfun$runJob$5.apply(Lorg/apache/spark/TaskContext;Lscala/collection/Iterator;)Ljava/lang/Object;+5
j  org.apache.spark.SparkContext$$anonfun$runJob$5.apply(Ljava/lang/Object;Ljava/lang/Object;)Ljava/lang/Object;+9
j  org.apache.spark.scheduler.ResultTask.runTask(Lorg/apache/spark/TaskContext;)Ljava/lang/Object;+135
j  org.apache.spark.scheduler.Task.run(JI)Ljava/lang/Object;+78
j  org.apache.spark.executor.Executor$TaskRunner.run()V+312
j  java.util.concurrent.ThreadPoolExecutor.runWorker(Ljava/util/concurrent/ThreadPoolExecutor$Worker;)V+95
j  java.util.concurrent.ThreadPoolExecutor$Worker.run()V+5
j  java.lang.Thread.run()V+11
v  ~StubRoutines::call_stub

---------------  P R O C E S S  ---------------

Java Threads: ( => current thread )
  0x00007fdec0065800 JavaThread "Keep-Alive-Timer" daemon [_thread_blocked, id=4020, stack(0x00007fdfa2287000,0x00007fdfa2388000)]
=>0x00007fdf58074000 JavaThread "Executor task launch worker-0" daemon [_thread_in_native, id=4019, stack(0x00007fdfa2388000,0x00007fdfa2489000)]
  0x00007fdfe0e4a800 JavaThread "Java2D Disposer" daemon [_thread_blocked, id=4018, stack(0x00007fdfa2b16000,0x00007fdfa2c17000)]
  0x00007fdfe0dff800 JavaThread "SparkListenerBus" daemon [_thread_blocked, id=4017, stack(0x00007fdfa830d000,0x00007fdfa840e000)]
  0x00007fdfe0dfe000 JavaThread "Spark Context Cleaner" daemon [_thread_blocked, id=4016, stack(0x00007fdfa86c0000,0x00007fdfa87c1000)]
  0x00007fdfe0bbe800 JavaThread "shuffle-server-0" daemon [_thread_in_native, id=4015, stack(0x00007fdfa87c1000,0x00007fdfa88c2000)]
  0x00007fdf58028800 JavaThread "Driver Heartbeater" daemon [_thread_blocked, id=4013, stack(0x00007fdfa8ac2000,0x00007fdfa8bc3000)]
  0x00007fdfe0a6b000 JavaThread "dag-scheduler-event-loop" daemon [_thread_blocked, id=4011, stack(0x00007fdfa8bc3000,0x00007fdfa8cc4000)]
  0x00007fdfe0a55800 JavaThread "Timer-0" daemon [_thread_blocked, id=4010, stack(0x00007fdfa8cc4000,0x00007fdfa8dc5000)]
  0x00007fdfe0a15000 JavaThread "qtp803893384-50" daemon [_thread_blocked, id=4009, stack(0x00007fdfa8dc5000,0x00007fdfa8ec6000)]
  0x00007fdfe0a13800 JavaThread "qtp803893384-49" daemon [_thread_blocked, id=4008, stack(0x00007fdfa8ec6000,0x00007fdfa8fc7000)]
  0x00007fdfe0a11800 JavaThread "qtp803893384-48 Acceptor2 SelectChannelConnector@0.0.0.0:4040" daemon [_thread_blocked, id=4007, stack(0x00007fdfa8fc7000,0x00007fdfa90c8000)]
  0x00007fdfe0a10000 JavaThread "qtp803893384-47 Acceptor1 SelectChannelConnector@0.0.0.0:4040" daemon [_thread_in_native, id=4006, stack(0x00007fdfa90c8000,0x00007fdfa91c9000)]
  0x00007fdfe0a0e800 JavaThread "qtp803893384-46 Acceptor0 SelectChannelConnector@0.0.0.0:4040" daemon [_thread_blocked, id=4005, stack(0x00007fdfa91c9000,0x00007fdfa92ca000)]
  0x00007fdfe0a0c800 JavaThread "qtp803893384-45 Selector2" daemon [_thread_in_native, id=4004, stack(0x00007fdfa92ca000,0x00007fdfa93cb000)]
  0x00007fdfe0a0b000 JavaThread "qtp803893384-44 Selector1" daemon [_thread_in_native, id=4003, stack(0x00007fdfa93cb000,0x00007fdfa94cc000)]
  0x00007fdfe0a07800 JavaThread "qtp803893384-43 Selector0" daemon [_thread_in_native, id=4002, stack(0x00007fdfa94cc000,0x00007fdfa95cd000)]
  0x00007fdfe09b2800 JavaThread "SPARK_CONTEXT cleanup timer" daemon [_thread_blocked, id=4000, stack(0x00007fdfa95cd000,0x00007fdfa96ce000)]
  0x00007fdfe09a2800 JavaThread "qtp1161148117-40" daemon [_thread_blocked, id=3999, stack(0x00007fdfa98ce000,0x00007fdfa99cf000)]
  0x00007fdfe09a1000 JavaThread "qtp1161148117-39" daemon [_thread_blocked, id=3998, stack(0x00007fdfa99cf000,0x00007fdfa9ad0000)]
  0x00007fdfe099f000 JavaThread "qtp1161148117-38" daemon [_thread_blocked, id=3997, stack(0x00007fdfa9ad0000,0x00007fdfa9bd1000)]
  0x00007fdfe099c000 JavaThread "qtp1161148117-37" daemon [_thread_blocked, id=3996, stack(0x00007fdfa9bd1000,0x00007fdfa9cd2000)]
  0x00007fdfe099a800 JavaThread "qtp1161148117-36" daemon [_thread_blocked, id=3995, stack(0x00007fdfa9cd2000,0x00007fdfa9dd3000)]
  0x00007fdfe0999000 JavaThread "qtp1161148117-35" daemon [_thread_blocked, id=3994, stack(0x00007fdfa9dd3000,0x00007fdfa9ed4000)]
  0x00007fdfe0997000 JavaThread "qtp1161148117-34" daemon [_thread_in_native, id=3993, stack(0x00007fdfa9ed4000,0x00007fdfa9fd5000)]
  0x00007fdfe0996800 JavaThread "qtp1161148117-33 Acceptor0 SocketConnector@0.0.0.0:60427" daemon [_thread_in_native, id=3992, stack(0x00007fdfa9fd5000,0x00007fdfaa0d6000)]
  0x00007fdfe08f1800 JavaThread "BROADCAST_VARS cleanup timer" daemon [_thread_blocked, id=3991, stack(0x00007fdfaa0d6000,0x00007fdfaa1d7000)]
  0x00007fdfe08ef800 JavaThread "BLOCK_MANAGER cleanup timer" daemon [_thread_blocked, id=3990, stack(0x00007fdfaa1d7000,0x00007fdfaa2d8000)]
  0x00007fdfe08b7800 JavaThread "MAP_OUTPUT_TRACKER cleanup timer" daemon [_thread_blocked, id=3989, stack(0x00007fdfaa2d8000,0x00007fdfaa3d9000)]
  0x00007fdf440cd800 JavaThread "New I/O server boss #6" daemon [_thread_in_native, id=3988, stack(0x00007fdfaa5d9000,0x00007fdfaa6da000)]
  0x00007fdf440cc000 JavaThread "New I/O worker #5" daemon [_thread_in_native, id=3987, stack(0x00007fdfaa6da000,0x00007fdfaa7db000)]
  0x00007fdf44045800 JavaThread "New I/O worker #4" daemon [_thread_in_native, id=3986, stack(0x00007fdfaa7db000,0x00007fdfaa8dc000)]
  0x00007fdf44043000 JavaThread "New I/O boss #3" daemon [_thread_in_native, id=3985, stack(0x00007fdfaa8dc000,0x00007fdfaa9dd000)]
  0x00007fdf4402d800 JavaThread "New I/O worker #2" daemon [_thread_in_native, id=3984, stack(0x00007fdfaa9dd000,0x00007fdfaaade000)]
  0x00007fdf4403d800 JavaThread "New I/O worker #1" daemon [_thread_in_native, id=3983, stack(0x00007fdfaaade000,0x00007fdfaabdf000)]
  0x00007fdfe0898800 JavaThread "sparkDriver-akka.remote.default-remote-dispatcher-6" daemon [_thread_blocked, id=3982, stack(0x00007fdfaadf0000,0x00007fdfaaef1000)]
  0x00007fdf58013800 JavaThread "sparkDriver-akka.remote.default-remote-dispatcher-5" daemon [_thread_blocked, id=3981, stack(0x00007fdfab0f1000,0x00007fdfab1f2000)]
  0x00007fdf5800f800 JavaThread "sparkDriver-akka.actor.default-dispatcher-4" daemon [_thread_blocked, id=3980, stack(0x00007fdfab1f2000,0x00007fdfab2f3000)]
  0x00007fdfe0870800 JavaThread "sparkDriver-akka.actor.default-dispatcher-3" daemon [_thread_blocked, id=3979, stack(0x00007fdfab2f3000,0x00007fdfab3f4000)]
  0x00007fdfe0869000 JavaThread "sparkDriver-akka.actor.default-dispatcher-2" daemon [_thread_blocked, id=3978, stack(0x00007fdfab3f4000,0x00007fdfab4f5000)]
  0x00007fdfe07e0800 JavaThread "sparkDriver-scheduler-1" daemon [_thread_blocked, id=3977, stack(0x00007fdfab8f6000,0x00007fdfab9f7000)]
  0x00007fdfe0758000 JavaThread "process reaper" daemon [_thread_blocked, id=3975, stack(0x00007fdfb80f6000,0x00007fdfb812f000)]
  0x00007fdfe00d6800 JavaThread "Service Thread" daemon [_thread_blocked, id=3972, stack(0x00007fdfc39fa000,0x00007fdfc3afb000)]
  0x00007fdfe00cb800 JavaThread "C1 CompilerThread3" daemon [_thread_blocked, id=3971, stack(0x00007fdfc3afb000,0x00007fdfc3bfc000)]
  0x00007fdfe00c9000 JavaThread "C2 CompilerThread2" daemon [_thread_in_native, id=3970, stack(0x00007fdfc3bfc000,0x00007fdfc3cfd000)]
  0x00007fdfe00c7800 JavaThread "C2 CompilerThread1" daemon [_thread_in_native, id=3969, stack(0x00007fdfc3cfd000,0x00007fdfc3dfe000)]
  0x00007fdfe00c4800 JavaThread "C2 CompilerThread0" daemon [_thread_in_native, id=3968, stack(0x00007fdfc3dfe000,0x00007fdfc3eff000)]
  0x00007fdfe00c3000 JavaThread "Signal Dispatcher" daemon [_thread_blocked, id=3967, stack(0x00007fdfc3eff000,0x00007fdfc4000000)]
  0x00007fdfe008b000 JavaThread "Finalizer" daemon [_thread_blocked, id=3966, stack(0x00007fdfc871a000,0x00007fdfc881b000)]
  0x00007fdfe0089000 JavaThread "Reference Handler" daemon [_thread_blocked, id=3965, stack(0x00007fdfc881b000,0x00007fdfc891c000)]
  0x00007fdfe000a000 JavaThread "main" [_thread_blocked, id=3953, stack(0x00007fdfe75ed000,0x00007fdfe76ee000)]

Other Threads:
  0x00007fdfe0084000 VMThread [stack: 0x00007fdfc891c000,0x00007fdfc8a1d000] [id=3964]
  0x00007fdfe00d9800 WatcherThread [stack: 0x00007fdfc38f9000,0x00007fdfc39fa000] [id=3973]

VM state:not at safepoint (normal execution)

VM Mutex/Monitor currently owned by a thread: None

Heap:
 PSYoungGen      total 153088K, used 2501K [0x00000000f5580000, 0x0000000100000000, 0x0000000100000000)
  eden space 131584K, 1% used [0x00000000f5580000,0x00000000f57f1780,0x00000000fd600000)
  from space 21504K, 0% used [0x00000000feb00000,0x00000000feb00000,0x0000000100000000)
  to   space 21504K, 0% used [0x00000000fd600000,0x00000000fd600000,0x00000000feb00000)
 ParOldGen       total 349696K, used 16733K [0x00000000e0000000, 0x00000000f5580000, 0x00000000f5580000)
  object space 349696K, 4% used [0x00000000e0000000,0x00000000e10575d8,0x00000000f5580000)
 Metaspace       used 35324K, capacity 35624K, committed 35800K, reserved 1079296K
  class space    used 5444K, capacity 5548K, committed 5632K, reserved 1048576K

Card table byte_map: [0x00007fdfe42b6000,0x00007fdfe43b7000] byte_map_base: 0x00007fdfe3bb6000

Marking Bits: (ParMarkBitMap*) 0x00007fdfe6acc100
 Begin Bits: [0x00007fdfcb000000, 0x00007fdfcb800000)
 End Bits:   [0x00007fdfcb800000, 0x00007fdfcc000000)

Polling page: 0x00007fdfe7713000

CodeCache: size=245760Kb used=6059Kb max_used=6059Kb free=239700Kb
 bounds [0x00007fdfd1000000, 0x00007fdfd15f0000, 0x00007fdfe0000000]
 total_blobs=2434 nmethods=1963 adapters=384
 compilation: enabled

Compilation events (10 events):
Event: 1.824 Thread 0x00007fdfe00cb800 1959   !   3       java.io.ObjectStreamClass::newInstance (41 bytes)
Event: 1.825 Thread 0x00007fdfe00cb800 nmethod 1959 0x00007fdfd15e9dd0 code [0x00007fdfd15e9fa0, 0x00007fdfd15ea578]
Event: 1.825 Thread 0x00007fdfe00cb800 1956   !   3       java.io.ObjectInputStream::readOrdinaryObject (277 bytes)
Event: 1.827 Thread 0x00007fdfe00cb800 nmethod 1956 0x00007fdfd15ea850 code [0x00007fdfd15eac60, 0x00007fdfd15ec968]
Event: 1.827 Thread 0x00007fdfe00cb800 1963   !   3       sun.reflect.GeneratedSerializationConstructorAccessor28::newInstance (49 bytes)
Event: 1.827 Thread 0x00007fdfe00cb800 nmethod 1963 0x00007fdfd15edb90 code [0x00007fdfd15edd40, 0x00007fdfd15ee168]
Event: 1.827 Thread 0x00007fdfe00cb800 1957       3       java.io.ObjectStreamClass::checkDeserialize (20 bytes)
Event: 1.827 Thread 0x00007fdfe00cb800 nmethod 1957 0x00007fdfd15ee3d0 code [0x00007fdfd15ee580, 0x00007fdfd15ee978]
Event: 1.827 Thread 0x00007fdfe00cb800 1969       3       java.lang.AbstractStringBuilder::append (40 bytes)
Event: 1.827 Thread 0x00007fdfe00cb800 nmethod 1969 0x00007fdfd15eeb90 code [0x00007fdfd15eed20, 0x00007fdfd15ef118]

GC Heap History (8 events):
Event: 0.985 GC heap before
{Heap before GC invocations=1 (full 0):
 PSYoungGen      total 153088K, used 100195K [0x00000000f5580000, 0x0000000100000000, 0x0000000100000000)
  eden space 131584K, 76% used [0x00000000f5580000,0x00000000fb758e68,0x00000000fd600000)
  from space 21504K, 0% used [0x00000000feb00000,0x00000000feb00000,0x0000000100000000)
  to   space 21504K, 0% used [0x00000000fd600000,0x00000000fd600000,0x00000000feb00000)
 ParOldGen       total 349696K, used 0K [0x00000000e0000000, 0x00000000f5580000, 0x00000000f5580000)
  object space 349696K, 0% used [0x00000000e0000000,0x00000000e0000000,0x00000000f5580000)
 Metaspace       used 20976K, capacity 21158K, committed 21248K, reserved 1067008K
  class space    used 3220K, capacity 3300K, committed 3328K, reserved 1048576K
Event: 0.993 GC heap after
Heap after GC invocations=1 (full 0):
 PSYoungGen      total 153088K, used 15712K [0x00000000f5580000, 0x0000000100000000, 0x0000000100000000)
  eden space 131584K, 0% used [0x00000000f5580000,0x00000000f5580000,0x00000000fd600000)
  from space 21504K, 73% used [0x00000000fd600000,0x00000000fe5580e0,0x00000000feb00000)
  to   space 21504K, 0% used [0x00000000feb00000,0x00000000feb00000,0x0000000100000000)
 ParOldGen       total 349696K, used 16K [0x00000000e0000000, 0x00000000f5580000, 0x00000000f5580000)
  object space 349696K, 0% used [0x00000000e0000000,0x00000000e0004000,0x00000000f5580000)
 Metaspace       used 20976K, capacity 21158K, committed 21248K, reserved 1067008K
  class space    used 3220K, capacity 3300K, committed 3328K, reserved 1048576K
}
Event: 0.993 GC heap before
{Heap before GC invocations=2 (full 1):
 PSYoungGen      total 153088K, used 15712K [0x00000000f5580000, 0x0000000100000000, 0x0000000100000000)
  eden space 131584K, 0% used [0x00000000f5580000,0x00000000f5580000,0x00000000fd600000)
  from space 21504K, 73% used [0x00000000fd600000,0x00000000fe5580e0,0x00000000feb00000)
  to   space 21504K, 0% used [0x00000000feb00000,0x00000000feb00000,0x0000000100000000)
 ParOldGen       total 349696K, used 16K [0x00000000e0000000, 0x00000000f5580000, 0x00000000f5580000)
  object space 349696K, 0% used [0x00000000e0000000,0x00000000e0004000,0x00000000f5580000)
 Metaspace       used 20976K, capacity 21158K, committed 21248K, reserved 1067008K
  class space    used 3220K, capacity 3300K, committed 3328K, reserved 1048576K
Event: 1.011 GC heap after
Heap after GC invocations=2 (full 1):
 PSYoungGen      total 153088K, used 0K [0x00000000f5580000, 0x0000000100000000, 0x0000000100000000)
  eden space 131584K, 0% used [0x00000000f5580000,0x00000000f5580000,0x00000000fd600000)
  from space 21504K, 0% used [0x00000000fd600000,0x00000000fd600000,0x00000000feb00000)
  to   space 21504K, 0% used [0x00000000feb00000,0x00000000feb00000,0x0000000100000000)
 ParOldGen       total 349696K, used 14880K [0x00000000e0000000, 0x00000000f5580000, 0x00000000f5580000)
  object space 349696K, 4% used [0x00000000e0000000,0x00000000e0e883d0,0x00000000f5580000)
 Metaspace       used 20976K, capacity 21158K, committed 21248K, reserved 1067008K
  class space    used 3220K, capacity 3300K, committed 3328K, reserved 1048576K
}
Event: 1.774 GC heap before
{Heap before GC invocations=3 (full 1):
 PSYoungGen      total 153088K, used 75847K [0x00000000f5580000, 0x0000000100000000, 0x0000000100000000)
  eden space 131584K, 57% used [0x00000000f5580000,0x00000000f9f91ca8,0x00000000fd600000)
  from space 21504K, 0% used [0x00000000fd600000,0x00000000fd600000,0x00000000feb00000)
  to   space 21504K, 0% used [0x00000000feb00000,0x00000000feb00000,0x0000000100000000)
 ParOldGen       total 349696K, used 14880K [0x00000000e0000000, 0x00000000f5580000, 0x00000000f5580000)
  object space 349696K, 4% used [0x00000000e0000000,0x00000000e0e883d0,0x00000000f5580000)
 Metaspace       used 35124K, capacity 35368K, committed 35416K, reserved 1079296K
  class space    used 5420K, capacity 5484K, committed 5504K, reserved 1048576K
Event: 1.782 GC heap after
Heap after GC invocations=3 (full 1):
 PSYoungGen      total 153088K, used 13568K [0x00000000f5580000, 0x0000000100000000, 0x0000000100000000)
  eden space 131584K, 0% used [0x00000000f5580000,0x00000000f5580000,0x00000000fd600000)
  from space 21504K, 63% used [0x00000000feb00000,0x00000000ff8402c8,0x0000000100000000)
  to   space 21504K, 0% used [0x00000000fd600000,0x00000000fd600000,0x00000000feb00000)
 ParOldGen       total 349696K, used 14888K [0x00000000e0000000, 0x00000000f5580000, 0x00000000f5580000)
  object space 349696K, 4% used [0x00000000e0000000,0x00000000e0e8a3d0,0x00000000f5580000)
 Metaspace       used 35124K, capacity 35368K, committed 35416K, reserved 1079296K
  class space    used 5420K, capacity 5484K, committed 5504K, reserved 1048576K
}
Event: 1.782 GC heap before
{Heap before GC invocations=4 (full 2):
 PSYoungGen      total 153088K, used 13568K [0x00000000f5580000, 0x0000000100000000, 0x0000000100000000)
  eden space 131584K, 0% used [0x00000000f5580000,0x00000000f5580000,0x00000000fd600000)
  from space 21504K, 63% used [0x00000000feb00000,0x00000000ff8402c8,0x0000000100000000)
  to   space 21504K, 0% used [0x00000000fd600000,0x00000000fd600000,0x00000000feb00000)
 ParOldGen       total 349696K, used 14888K [0x00000000e0000000, 0x00000000f5580000, 0x00000000f5580000)
  object space 349696K, 4% used [0x00000000e0000000,0x00000000e0e8a3d0,0x00000000f5580000)
 Metaspace       used 35124K, capacity 35368K, committed 35416K, reserved 1079296K
  class space    used 5420K, capacity 5484K, committed 5504K, reserved 1048576K
Event: 1.801 GC heap after
Heap after GC invocations=4 (full 2):
 PSYoungGen      total 153088K, used 0K [0x00000000f5580000, 0x0000000100000000, 0x0000000100000000)
  eden space 131584K, 0% used [0x00000000f5580000,0x00000000f5580000,0x00000000fd600000)
  from space 21504K, 0% used [0x00000000feb00000,0x00000000feb00000,0x0000000100000000)
  to   space 21504K, 0% used [0x00000000fd600000,0x00000000fd600000,0x00000000feb00000)
 ParOldGen       total 349696K, used 16733K [0x00000000e0000000, 0x00000000f5580000, 0x00000000f5580000)
  object space 349696K, 4% used [0x00000000e0000000,0x00000000e10575d8,0x00000000f5580000)
 Metaspace       used 35124K, capacity 35368K, committed 35416K, reserved 1079296K
  class space    used 5420K, capacity 5484K, committed 5504K, reserved 1048576K
}

Deoptimization events (10 events):
Event: 1.148 Thread 0x00007fdfe000a000 Uncommon trap: reason=unstable_if action=reinterpret pc=0x00007fdfd1430488 method=java.lang.ClassLoader.checkName(Ljava/lang/String;)Z @ 20
Event: 1.148 Thread 0x00007fdfe000a000 Uncommon trap: reason=unstable_if action=reinterpret pc=0x00007fdfd126c1d8 method=java.lang.ClassLoader.checkName(Ljava/lang/String;)Z @ 20
Event: 1.158 Thread 0x00007fdfe000a000 Uncommon trap: reason=unstable_if action=reinterpret pc=0x00007fdfd1392044 method=java.net.URL.<init>(Ljava/net/URL;Ljava/lang/String;Ljava/net/URLStreamHandler;)V @ 347
Event: 1.158 Thread 0x00007fdfe000a000 Uncommon trap: reason=unstable_if action=reinterpret pc=0x00007fdfd1223d98 method=java.io.UnixFileSystem.normalize(Ljava/lang/String;)Ljava/lang/String; @ 60
Event: 1.461 Thread 0x00007fdfe000a000 Uncommon trap: reason=unstable_if action=reinterpret pc=0x00007fdfd13fb240 method=sun.misc.MetaIndex.mayContain(Ljava/lang/String;)Z @ 38
Event: 1.461 Thread 0x00007fdfe000a000 Uncommon trap: reason=unstable_if action=reinterpret pc=0x00007fdfd11fee98 method=sun.misc.MetaIndex.mayContain(Ljava/lang/String;)Z @ 38
Event: 1.481 Thread 0x00007fdfe000a000 Uncommon trap: reason=class_check action=maybe_recompile pc=0x00007fdfd141ae10 method=java.util.zip.InflaterInputStream.read([BII)I @ 100
Event: 1.770 Thread 0x00007fdf58074000 Uncommon trap: reason=unstable_if action=reinterpret pc=0x00007fdfd126ab1c method=java.lang.String.regionMatches(ZILjava/lang/String;II)Z @ 123
Event: 1.771 Thread 0x00007fdf58074000 Uncommon trap: reason=unstable_if action=reinterpret pc=0x00007fdfd137e9ac method=java.lang.String.regionMatches(ZILjava/lang/String;II)Z @ 123
Event: 1.802 Thread 0x00007fdfe008b000 Uncommon trap: reason=unstable_if action=reinterpret pc=0x00007fdfd14d016c method=java.util.WeakHashMap.eq(Ljava/lang/Object;Ljava/lang/Object;)Z @ 2

Internal exceptions (10 events):
Event: 1.685 Thread 0x00007fdfe0869000 Exception <a 'java/lang/NoSuchMethodError': <clinit>> (0x00000000f75e54c0) thrown at [/HUDSON3/workspace/8-2-build-linux-amd64/jdk8u73/6086/hotspot/src/share/vm/prims/jni.cpp, line 1591]
Event: 1.686 Thread 0x00007fdfe0869000 Exception <a 'java/lang/NoSuchMethodError': <clinit>> (0x00000000f75e9760) thrown at [/HUDSON3/workspace/8-2-build-linux-amd64/jdk8u73/6086/hotspot/src/share/vm/prims/jni.cpp, line 1591]
Event: 1.686 Thread 0x00007fdfe0869000 Exception <a 'java/lang/NoSuchMethodError': <clinit>> (0x00000000f75f7420) thrown at [/HUDSON3/workspace/8-2-build-linux-amd64/jdk8u73/6086/hotspot/src/share/vm/prims/jni.cpp, line 1591]
Event: 1.691 Thread 0x00007fdfe0869000 Exception <a 'java/lang/NoSuchMethodError': <clinit>> (0x00000000f98deb08) thrown at [/HUDSON3/workspace/8-2-build-linux-amd64/jdk8u73/6086/hotspot/src/share/vm/prims/jni.cpp, line 1591]
Event: 1.692 Thread 0x00007fdfe0869000 Exception <a 'java/lang/NoSuchMethodError': <clinit>> (0x00000000f98e2100) thrown at [/HUDSON3/workspace/8-2-build-linux-amd64/jdk8u73/6086/hotspot/src/share/vm/prims/jni.cpp, line 1591]
Event: 1.692 Thread 0x00007fdfe0869000 Exception <a 'java/lang/NoSuchMethodError': <clinit>> (0x00000000f98e2e58) thrown at [/HUDSON3/workspace/8-2-build-linux-amd64/jdk8u73/6086/hotspot/src/share/vm/prims/jni.cpp, line 1591]
Event: 1.708 Thread 0x00007fdfe0869000 Exception <a 'java/lang/NoSuchMethodError': <clinit>> (0x00000000f9934e38) thrown at [/HUDSON3/workspace/8-2-build-linux-amd64/jdk8u73/6086/hotspot/src/share/vm/prims/jni.cpp, line 1591]
Event: 1.708 Thread 0x00007fdfe0869000 Exception <a 'java/lang/NoSuchMethodError': <clinit>> (0x00000000f993d8a8) thrown at [/HUDSON3/workspace/8-2-build-linux-amd64/jdk8u73/6086/hotspot/src/share/vm/prims/jni.cpp, line 1591]
Event: 1.709 Thread 0x00007fdfe0869000 Exception <a 'java/lang/NoSuchMethodError': <clinit>> (0x00000000f9953718) thrown at [/HUDSON3/workspace/8-2-build-linux-amd64/jdk8u73/6086/hotspot/src/share/vm/prims/jni.cpp, line 1591]
Event: 1.710 Thread 0x00007fdfe0869000 Exception <a 'java/lang/NoSuchMethodError': <clinit>> (0x00000000f9961120) thrown at [/HUDSON3/workspace/8-2-build-linux-amd64/jdk8u73/6086/hotspot/src/share/vm/prims/jni.cpp, line 1591]

Events (10 events):
Event: 1.824 loading class org/apache/spark/executor/DataReadMethod$
Event: 1.824 loading class org/apache/spark/executor/DataReadMethod$ done
Event: 1.824 loading class org/apache/spark/executor/InputMetrics
Event: 1.824 loading class org/apache/spark/executor/InputMetrics done
Event: 1.825 loading class org/apache/spark/broadcast/TorrentBroadcast$$anonfun$readBroadcastBlock$1$$anonfun$3
Event: 1.825 loading class org/apache/spark/broadcast/TorrentBroadcast$$anonfun$readBroadcastBlock$1$$anonfun$3 done
Event: 1.826 loading class org/apache/spark/storage/StorageLevel$$anonfun$readExternal$1
Event: 1.826 loading class org/apache/spark/storage/StorageLevel$$anonfun$readExternal$1 done
Event: 1.827 loading class org/apache/spark/rdd/RDD$$anonfun$isCheckpointed$1
Event: 1.827 loading class org/apache/spark/rdd/RDD$$anonfun$isCheckpointed$1 done


Dynamic libraries:
00400000-00401000 r-xp 00000000 08:02 132646356                          /usr/java/jdk1.8.0_73/bin/java
00600000-00601000 rw-p 00000000 08:02 132646356                          /usr/java/jdk1.8.0_73/bin/java
02315000-02336000 rw-p 00000000 00:00 0                                  [heap]
e0000000-100580000 rw-p 00000000 00:00 0 
100580000-140000000 ---p 00000000 00:00 0 
7fdeb4000000-7fdeb4021000 rw-p 00000000 00:00 0 
7fdeb4021000-7fdeb8000000 ---p 00000000 00:00 0 
7fdeb8000000-7fdeb8021000 rw-p 00000000 00:00 0 
7fdeb8021000-7fdebc000000 ---p 00000000 00:00 0 
7fdebc000000-7fdebc021000 rw-p 00000000 00:00 0 
7fdebc021000-7fdec0000000 ---p 00000000 00:00 0 
7fdec0000000-7fdec034d000 rw-p 00000000 00:00 0 
7fdec034d000-7fdec4000000 ---p 00000000 00:00 0 
7fdec4000000-7fdec4021000 rw-p 00000000 00:00 0 
7fdec4021000-7fdec8000000 ---p 00000000 00:00 0 
7fdec8000000-7fdec8047000 rw-p 00000000 00:00 0 
7fdec8047000-7fdecc000000 ---p 00000000 00:00 0 
7fdecc000000-7fdecc021000 rw-p 00000000 00:00 0 
7fdecc021000-7fded0000000 ---p 00000000 00:00 0 
7fded0000000-7fded0021000 rw-p 00000000 00:00 0 
7fded0021000-7fded4000000 ---p 00000000 00:00 0 
7fded4000000-7fded4021000 rw-p 00000000 00:00 0 
7fded4021000-7fded8000000 ---p 00000000 00:00 0 
7fded8000000-7fded831c000 rw-p 00000000 00:00 0 
7fded831c000-7fdedc000000 ---p 00000000 00:00 0 
7fdedc000000-7fdedc021000 rw-p 00000000 00:00 0 
7fdedc021000-7fdee0000000 ---p 00000000 00:00 0 
7fdee0000000-7fdee0021000 rw-p 00000000 00:00 0 
7fdee0021000-7fdee4000000 ---p 00000000 00:00 0 
7fdee4000000-7fdee4021000 rw-p 00000000 00:00 0 
7fdee4021000-7fdee8000000 ---p 00000000 00:00 0 
7fdee8000000-7fdee8021000 rw-p 00000000 00:00 0 
7fdee8021000-7fdeec000000 ---p 00000000 00:00 0 
7fdeec000000-7fdeec021000 rw-p 00000000 00:00 0 
7fdeec021000-7fdef0000000 ---p 00000000 00:00 0 
7fdef0000000-7fdef0021000 rw-p 00000000 00:00 0 
7fdef0021000-7fdef4000000 ---p 00000000 00:00 0 
7fdef4000000-7fdef428c000 rw-p 00000000 00:00 0 
7fdef428c000-7fdef8000000 ---p 00000000 00:00 0 
7fdef8000000-7fdef8021000 rw-p 00000000 00:00 0 
7fdef8021000-7fdefc000000 ---p 00000000 00:00 0 
7fdefc000000-7fdefc021000 rw-p 00000000 00:00 0 
7fdefc021000-7fdf00000000 ---p 00000000 00:00 0 
7fdf00000000-7fdf00021000 rw-p 00000000 00:00 0 
7fdf00021000-7fdf04000000 ---p 00000000 00:00 0 
7fdf04000000-7fdf04021000 rw-p 00000000 00:00 0 
7fdf04021000-7fdf08000000 ---p 00000000 00:00 0 
7fdf08000000-7fdf08021000 rw-p 00000000 00:00 0 
7fdf08021000-7fdf0c000000 ---p 00000000 00:00 0 
7fdf0c000000-7fdf0c021000 rw-p 00000000 00:00 0 
7fdf0c021000-7fdf10000000 ---p 00000000 00:00 0 
7fdf10000000-7fdf10021000 rw-p 00000000 00:00 0 
7fdf10021000-7fdf14000000 ---p 00000000 00:00 0 
7fdf14000000-7fdf14021000 rw-p 00000000 00:00 0 
7fdf14021000-7fdf18000000 ---p 00000000 00:00 0 
7fdf18000000-7fdf18021000 rw-p 00000000 00:00 0 
7fdf18021000-7fdf1c000000 ---p 00000000 00:00 0 
7fdf1c000000-7fdf1c021000 rw-p 00000000 00:00 0 
7fdf1c021000-7fdf20000000 ---p 00000000 00:00 0 
7fdf20000000-7fdf2008b000 rw-p 00000000 00:00 0 
7fdf2008b000-7fdf24000000 ---p 00000000 00:00 0 
7fdf24000000-7fdf24021000 rw-p 00000000 00:00 0 
7fdf24021000-7fdf28000000 ---p 00000000 00:00 0 
7fdf28000000-7fdf28021000 rw-p 00000000 00:00 0 
7fdf28021000-7fdf2c000000 ---p 00000000 00:00 0 
7fdf2c000000-7fdf2c021000 rw-p 00000000 00:00 0 
7fdf2c021000-7fdf30000000 ---p 00000000 00:00 0 
7fdf30000000-7fdf30021000 rw-p 00000000 00:00 0 
7fdf30021000-7fdf34000000 ---p 00000000 00:00 0 
7fdf34000000-7fdf34021000 rw-p 00000000 00:00 0 
7fdf34021000-7fdf38000000 ---p 00000000 00:00 0 
7fdf38000000-7fdf38021000 rw-p 00000000 00:00 0 
7fdf38021000-7fdf3c000000 ---p 00000000 00:00 0 
7fdf3c000000-7fdf3c021000 rw-p 00000000 00:00 0 
7fdf3c021000-7fdf40000000 ---p 00000000 00:00 0 
7fdf40000000-7fdf40021000 rw-p 00000000 00:00 0 
7fdf40021000-7fdf44000000 ---p 00000000 00:00 0 
7fdf44000000-7fdf44193000 rw-p 00000000 00:00 0 
7fdf44193000-7fdf48000000 ---p 00000000 00:00 0 
7fdf48000000-7fdf48021000 rw-p 00000000 00:00 0 
7fdf48021000-7fdf4c000000 ---p 00000000 00:00 0 
7fdf4c000000-7fdf4c021000 rw-p 00000000 00:00 0 
7fdf4c021000-7fdf50000000 ---p 00000000 00:00 0 
7fdf50000000-7fdf50021000 rw-p 00000000 00:00 0 
7fdf50021000-7fdf54000000 ---p 00000000 00:00 0 
7fdf54000000-7fdf54021000 rw-p 00000000 00:00 0 
7fdf54021000-7fdf58000000 ---p 00000000 00:00 0 
7fdf58000000-7fdf580ae000 rw-p 00000000 00:00 0 
7fdf580ae000-7fdf5c000000 ---p 00000000 00:00 0 
7fdf5c000000-7fdf5c021000 rw-p 00000000 00:00 0 
7fdf5c021000-7fdf60000000 ---p 00000000 00:00 0 
7fdf60000000-7fdf60021000 rw-p 00000000 00:00 0 
7fdf60021000-7fdf64000000 ---p 00000000 00:00 0 
7fdf64000000-7fdf64cb5000 rw-p 00000000 00:00 0 
7fdf64cb5000-7fdf68000000 ---p 00000000 00:00 0 
7fdf68000000-7fdf68021000 rw-p 00000000 00:00 0 
7fdf68021000-7fdf6c000000 ---p 00000000 00:00 0 
7fdf6c000000-7fdf6c96c000 rw-p 00000000 00:00 0 
7fdf6c96c000-7fdf70000000 ---p 00000000 00:00 0 
7fdf70000000-7fdf71831000 rw-p 00000000 00:00 0 
7fdf71831000-7fdf74000000 ---p 00000000 00:00 0 
7fdf74000000-7fdf74021000 rw-p 00000000 00:00 0 
7fdf74021000-7fdf78000000 ---p 00000000 00:00 0 
7fdf78000000-7fdf7994d000 rw-p 00000000 00:00 0 
7fdf7994d000-7fdf7c000000 ---p 00000000 00:00 0 
7fdf7c000000-7fdf7c021000 rw-p 00000000 00:00 0 
7fdf7c021000-7fdf80000000 ---p 00000000 00:00 0 
7fdf80000000-7fdf80021000 rw-p 00000000 00:00 0 
7fdf80021000-7fdf84000000 ---p 00000000 00:00 0 
7fdf84000000-7fdf84021000 rw-p 00000000 00:00 0 
7fdf84021000-7fdf88000000 ---p 00000000 00:00 0 
7fdf88000000-7fdf88021000 rw-p 00000000 00:00 0 
7fdf88021000-7fdf8c000000 ---p 00000000 00:00 0 
7fdf8c000000-7fdf8c021000 rw-p 00000000 00:00 0 
7fdf8c021000-7fdf90000000 ---p 00000000 00:00 0 
7fdf94000000-7fdf94021000 rw-p 00000000 00:00 0 
7fdf94021000-7fdf98000000 ---p 00000000 00:00 0 
7fdf9c000000-7fdf9c021000 rw-p 00000000 00:00 0 
7fdf9c021000-7fdfa0000000 ---p 00000000 00:00 0 
7fdfa1ce6000-7fdfa1ce9000 ---p 00000000 00:00 0 
7fdfa1ce9000-7fdfa1de7000 rw-p 00000000 00:00 0 
7fdfa2071000-7fdfa21e7000 rw-p 00000000 00:00 0 
7fdfa21e7000-7fdfa2271000 ---p 00000000 00:00 0 
7fdfa2287000-7fdfa228a000 ---p 00000000 00:00 0 
7fdfa228a000-7fdfa2388000 rw-p 00000000 00:00 0                          [stack:4020]
7fdfa2388000-7fdfa238b000 ---p 00000000 00:00 0 
7fdfa238b000-7fdfa2489000 rw-p 00000000 00:00 0                          [stack:4019]
7fdfa2489000-7fdfa24c6000 r-xp 00000000 08:02 102760668                  /tmp/snappy-unknown-69adad5c-f228-42c0-b80d-a76acbb7f51a-libsnappyjava.so
7fdfa24c6000-7fdfa26c6000 ---p 0003d000 08:02 102760668                  /tmp/snappy-unknown-69adad5c-f228-42c0-b80d-a76acbb7f51a-libsnappyjava.so
7fdfa26c6000-7fdfa26c9000 rw-p 0003d000 08:02 102760668                  /tmp/snappy-unknown-69adad5c-f228-42c0-b80d-a76acbb7f51a-libsnappyjava.so
7fdfa26c9000-7fdfa28db000 rw-p 00000000 00:00 0 
7fdfa28db000-7fdfa2915000 r-xp 00000000 08:02 132646436                  /usr/java/jdk1.8.0_73/jre/lib/amd64/libjpeg.so
7fdfa2915000-7fdfa2b15000 ---p 0003a000 08:02 132646436                  /usr/java/jdk1.8.0_73/jre/lib/amd64/libjpeg.so
7fdfa2b15000-7fdfa2b16000 rw-p 0003a000 08:02 132646436                  /usr/java/jdk1.8.0_73/jre/lib/amd64/libjpeg.so
7fdfa2b16000-7fdfa2b19000 ---p 00000000 00:00 0 
7fdfa2b19000-7fdfa2c17000 rw-p 00000000 00:00 0                          [stack:4018]
7fdfa2c17000-7fdfa2c1c000 r-xp 00000000 08:02 128851335                  /usr/lib/x86_64-linux-gnu/libXdmcp.so.6.0.0
7fdfa2c1c000-7fdfa2e1b000 ---p 00005000 08:02 128851335                  /usr/lib/x86_64-linux-gnu/libXdmcp.so.6.0.0
7fdfa2e1b000-7fdfa2e1c000 r--p 00004000 08:02 128851335                  /usr/lib/x86_64-linux-gnu/libXdmcp.so.6.0.0
7fdfa2e1c000-7fdfa2e1d000 rw-p 00005000 08:02 128851335                  /usr/lib/x86_64-linux-gnu/libXdmcp.so.6.0.0
7fdfa2e1d000-7fdfa2e1f000 r-xp 00000000 08:02 128851324                  /usr/lib/x86_64-linux-gnu/libXau.so.6.0.0
7fdfa2e1f000-7fdfa301f000 ---p 00002000 08:02 128851324                  /usr/lib/x86_64-linux-gnu/libXau.so.6.0.0
7fdfa301f000-7fdfa3020000 r--p 00002000 08:02 128851324                  /usr/lib/x86_64-linux-gnu/libXau.so.6.0.0
7fdfa3020000-7fdfa3021000 rw-p 00003000 08:02 128851324                  /usr/lib/x86_64-linux-gnu/libXau.so.6.0.0
7fdfa3021000-7fdfa303e000 r-xp 00000000 08:02 128852394                  /usr/lib/x86_64-linux-gnu/libxcb.so.1.1.0
7fdfa303e000-7fdfa323e000 ---p 0001d000 08:02 128852394                  /usr/lib/x86_64-linux-gnu/libxcb.so.1.1.0
7fdfa323e000-7fdfa323f000 r--p 0001d000 08:02 128852394                  /usr/lib/x86_64-linux-gnu/libxcb.so.1.1.0
7fdfa323f000-7fdfa3240000 rw-p 0001e000 08:02 128852394                  /usr/lib/x86_64-linux-gnu/libxcb.so.1.1.0
7fdfa3240000-7fdfa324f000 r-xp 00000000 08:02 128849896                  /usr/lib/x86_64-linux-gnu/libXi.so.6.1.0
7fdfa324f000-7fdfa344e000 ---p 0000f000 08:02 128849896                  /usr/lib/x86_64-linux-gnu/libXi.so.6.1.0
7fdfa344e000-7fdfa344f000 r--p 0000e000 08:02 128849896                  /usr/lib/x86_64-linux-gnu/libXi.so.6.1.0
7fdfa344f000-7fdfa3450000 rw-p 0000f000 08:02 128849896                  /usr/lib/x86_64-linux-gnu/libXi.so.6.1.0
7fdfa3450000-7fdfa3455000 r-xp 00000000 08:02 128851365                  /usr/lib/x86_64-linux-gnu/libXtst.so.6.1.0
7fdfa3455000-7fdfa3654000 ---p 00005000 08:02 128851365                  /usr/lib/x86_64-linux-gnu/libXtst.so.6.1.0
7fdfa3654000-7fdfa3655000 r--p 00004000 08:02 128851365                  /usr/lib/x86_64-linux-gnu/libXtst.so.6.1.0
7fdfa3655000-7fdfa3656000 rw-p 00005000 08:02 128851365                  /usr/lib/x86_64-linux-gnu/libXtst.so.6.1.0
7fdfa3656000-7fdfa365f000 r-xp 00000000 08:02 128849836                  /usr/lib/x86_64-linux-gnu/libXrender.so.1.3.0
7fdfa365f000-7fdfa385e000 ---p 00009000 08:02 128849836                  /usr/lib/x86_64-linux-gnu/libXrender.so.1.3.0
7fdfa385e000-7fdfa385f000 r--p 00008000 08:02 128849836                  /usr/lib/x86_64-linux-gnu/libXrender.so.1.3.0
7fdfa385f000-7fdfa3860000 rw-p 00009000 08:02 128849836                  /usr/lib/x86_64-linux-gnu/libXrender.so.1.3.0
7fdfa3860000-7fdfa3990000 r-xp 00000000 08:02 128851320                  /usr/lib/x86_64-linux-gnu/libX11.so.6.3.0
7fdfa3990000-7fdfa3b90000 ---p 00130000 08:02 128851320                  /usr/lib/x86_64-linux-gnu/libX11.so.6.3.0
7fdfa3b90000-7fdfa3b91000 r--p 00130000 08:02 128851320                  /usr/lib/x86_64-linux-gnu/libX11.so.6.3.0
7fdfa3b91000-7fdfa3b95000 rw-p 00131000 08:02 128851320                  /usr/lib/x86_64-linux-gnu/libX11.so.6.3.0
7fdfa3b95000-7fdfa3ba6000 r-xp 00000000 08:02 128844231                  /usr/lib/x86_64-linux-gnu/libXext.so.6.4.0
7fdfa3ba6000-7fdfa3da5000 ---p 00011000 08:02 128844231                  /usr/lib/x86_64-linux-gnu/libXext.so.6.4.0
7fdfa3da5000-7fdfa3da6000 r--p 00010000 08:02 128844231                  /usr/lib/x86_64-linux-gnu/libXext.so.6.4.0
7fdfa3da6000-7fdfa3da7000 rw-p 00011000 08:02 128844231                  /usr/lib/x86_64-linux-gnu/libXext.so.6.4.0
7fdfa3da7000-7fdfa3dfb000 r-xp 00000000 08:02 132646465                  /usr/java/jdk1.8.0_73/jre/lib/amd64/libawt_xawt.so
7fdfa3dfb000-7fdfa3ffb000 ---p 00054000 08:02 132646465                  /usr/java/jdk1.8.0_73/jre/lib/amd64/libawt_xawt.so
7fdfa3ffb000-7fdfa3fff000 rw-p 00054000 08:02 132646465                  /usr/java/jdk1.8.0_73/jre/lib/amd64/libawt_xawt.so
7fdfa3fff000-7fdfa4000000 rw-p 00000000 00:00 0 
7fdfa4000000-7fdfa4021000 rw-p 00000000 00:00 0 
7fdfa4021000-7fdfa8000000 ---p 00000000 00:00 0 
7fdfa803b000-7fdfa80dd000 r-xp 00000000 08:02 132646497                  /usr/java/jdk1.8.0_73/jre/lib/amd64/libawt.so
7fdfa80dd000-7fdfa82dd000 ---p 000a2000 08:02 132646497                  /usr/java/jdk1.8.0_73/jre/lib/amd64/libawt.so
7fdfa82dd000-7fdfa82e9000 rw-p 000a2000 08:02 132646497                  /usr/java/jdk1.8.0_73/jre/lib/amd64/libawt.so
7fdfa82e9000-7fdfa830d000 rw-p 00000000 00:00 0 
7fdfa830d000-7fdfa8310000 ---p 00000000 00:00 0 
7fdfa8310000-7fdfa860e000 rw-p 00000000 00:00 0                          [stack:4017]
7fdfa86c0000-7fdfa86c3000 ---p 00000000 00:00 0 
7fdfa86c3000-7fdfa87c1000 rw-p 00000000 00:00 0                          [stack:4016]
7fdfa87c1000-7fdfa87c4000 ---p 00000000 00:00 0 
7fdfa87c4000-7fdfa8ac2000 rw-p 00000000 00:00 0                          [stack:4015]
7fdfa8ac2000-7fdfa8ac5000 ---p 00000000 00:00 0 
7fdfa8ac5000-7fdfa8bc3000 rw-p 00000000 00:00 0                          [stack:4013]
7fdfa8bc3000-7fdfa8bc6000 ---p 00000000 00:00 0 
7fdfa8bc6000-7fdfa8cc4000 rw-p 00000000 00:00 0                          [stack:4011]
7fdfa8cc4000-7fdfa8cc7000 ---p 00000000 00:00 0 
7fdfa8cc7000-7fdfa8dc5000 rw-p 00000000 00:00 0                          [stack:4010]
7fdfa8dc5000-7fdfa8dc8000 ---p 00000000 00:00 0 
7fdfa8dc8000-7fdfa8ec6000 rw-p 00000000 00:00 0                          [stack:4009]
7fdfa8ec6000-7fdfa8ec9000 ---p 00000000 00:00 0 
7fdfa8ec9000-7fdfa8fc7000 rw-p 00000000 00:00 0                          [stack:4008]
7fdfa8fc7000-7fdfa8fca000 ---p 00000000 00:00 0 
7fdfa8fca000-7fdfa90c8000 rw-p 00000000 00:00 0                          [stack:4007]
7fdfa90c8000-7fdfa90cb000 ---p 00000000 00:00 0 
7fdfa90cb000-7fdfa91c9000 rw-p 00000000 00:00 0                          [stack:4006]
7fdfa91c9000-7fdfa91cc000 ---p 00000000 00:00 0 
7fdfa91cc000-7fdfa92ca000 rw-p 00000000 00:00 0                          [stack:4005]
7fdfa92ca000-7fdfa92cd000 ---p 00000000 00:00 0 
7fdfa92cd000-7fdfa93cb000 rw-p 00000000 00:00 0                          [stack:4004]
7fdfa93cb000-7fdfa93ce000 ---p 00000000 00:00 0 
7fdfa93ce000-7fdfa94cc000 rw-p 00000000 00:00 0                          [stack:4003]
7fdfa94cc000-7fdfa94cf000 ---p 00000000 00:00 0 
7fdfa94cf000-7fdfa95cd000 rw-p 00000000 00:00 0                          [stack:4002]
7fdfa95cd000-7fdfa95d0000 ---p 00000000 00:00 0 
7fdfa95d0000-7fdfa98ce000 rw-p 00000000 00:00 0                          [stack:4000]
7fdfa98ce000-7fdfa98d1000 ---p 00000000 00:00 0 
7fdfa98d1000-7fdfa99cf000 rw-p 00000000 00:00 0                          [stack:3999]
7fdfa99cf000-7fdfa99d2000 ---p 00000000 00:00 0 
7fdfa99d2000-7fdfa9ad0000 rw-p 00000000 00:00 0                          [stack:3998]
7fdfa9ad0000-7fdfa9ad3000 ---p 00000000 00:00 0 
7fdfa9ad3000-7fdfa9bd1000 rw-p 00000000 00:00 0                          [stack:3997]
7fdfa9bd1000-7fdfa9bd4000 ---p 00000000 00:00 0 
7fdfa9bd4000-7fdfa9cd2000 rw-p 00000000 00:00 0                          [stack:3996]
7fdfa9cd2000-7fdfa9cd5000 ---p 00000000 00:00 0 
7fdfa9cd5000-7fdfa9dd3000 rw-p 00000000 00:00 0                          [stack:3995]
7fdfa9dd3000-7fdfa9dd6000 ---p 00000000 00:00 0 
7fdfa9dd6000-7fdfa9ed4000 rw-p 00000000 00:00 0                          [stack:3994]
7fdfa9ed4000-7fdfa9ed7000 ---p 00000000 00:00 0 
7fdfa9ed7000-7fdfa9fd5000 rw-p 00000000 00:00 0                          [stack:3993]
7fdfa9fd5000-7fdfa9fd8000 ---p 00000000 00:00 0 
7fdfa9fd8000-7fdfaa0d6000 rw-p 00000000 00:00 0                          [stack:3992]
7fdfaa0d6000-7fdfaa0d9000 ---p 00000000 00:00 0 
7fdfaa0d9000-7fdfaa1d7000 rw-p 00000000 00:00 0                          [stack:3991]
7fdfaa1d7000-7fdfaa1da000 ---p 00000000 00:00 0 
7fdfaa1da000-7fdfaa2d8000 rw-p 00000000 00:00 0                          [stack:3990]
7fdfaa2d8000-7fdfaa2db000 ---p 00000000 00:00 0 
7fdfaa2db000-7fdfaa5d9000 rw-p 00000000 00:00 0                          [stack:3989]
7fdfaa5d9000-7fdfaa5dc000 ---p 00000000 00:00 0 
7fdfaa5dc000-7fdfaa6da000 rw-p 00000000 00:00 0                          [stack:3988]
7fdfaa6da000-7fdfaa6dd000 ---p 00000000 00:00 0 
7fdfaa6dd000-7fdfaa7db000 rw-p 00000000 00:00 0                          [stack:3987]
7fdfaa7db000-7fdfaa7de000 ---p 00000000 00:00 0 
7fdfaa7de000-7fdfaa8dc000 rw-p 00000000 00:00 0                          [stack:3986]
7fdfaa8dc000-7fdfaa8df000 ---p 00000000 00:00 0 
7fdfaa8df000-7fdfaa9dd000 rw-p 00000000 00:00 0                          [stack:3985]
7fdfaa9dd000-7fdfaa9e0000 ---p 00000000 00:00 0 
7fdfaa9e0000-7fdfaaade000 rw-p 00000000 00:00 0                          [stack:3984]
7fdfaaade000-7fdfaaae1000 ---p 00000000 00:00 0 
7fdfaaae1000-7fdfaabdf000 rw-p 00000000 00:00 0                          [stack:3983]
7fdfaabdf000-7fdfaabf0000 r-xp 00000000 08:02 132646463                  /usr/java/jdk1.8.0_73/jre/lib/amd64/libnio.so
7fdfaabf0000-7fdfaadef000 ---p 00011000 08:02 132646463                  /usr/java/jdk1.8.0_73/jre/lib/amd64/libnio.so
7fdfaadef000-7fdfaadf0000 rw-p 00010000 08:02 132646463                  /usr/java/jdk1.8.0_73/jre/lib/amd64/libnio.so
7fdfaadf0000-7fdfaadf3000 ---p 00000000 00:00 0 
7fdfaadf3000-7fdfab0f1000 rw-p 00000000 00:00 0                          [stack:3982]
7fdfab0f1000-7fdfab0f4000 ---p 00000000 00:00 0 
7fdfab0f4000-7fdfab1f2000 rw-p 00000000 00:00 0                          [stack:3981]
7fdfab1f2000-7fdfab1f5000 ---p 00000000 00:00 0 
7fdfab1f5000-7fdfab2f3000 rw-p 00000000 00:00 0                          [stack:3980]
7fdfab2f3000-7fdfab2f6000 ---p 00000000 00:00 0 
7fdfab2f6000-7fdfab3f4000 rw-p 00000000 00:00 0                          [stack:3979]
7fdfab3f4000-7fdfab3f7000 ---p 00000000 00:00 0 
7fdfab3f7000-7fdfab6f5000 rw-p 00000000 00:00 0                          [stack:3978]
7fdfab6f5000-7fdfab6f6000 r-xp 00000000 08:02 132646496                  /usr/java/jdk1.8.0_73/jre/lib/amd64/libjaas_unix.so
7fdfab6f6000-7fdfab8f5000 ---p 00001000 08:02 132646496                  /usr/java/jdk1.8.0_73/jre/lib/amd64/libjaas_unix.so
7fdfab8f5000-7fdfab8f6000 rw-p 00000000 08:02 132646496                  /usr/java/jdk1.8.0_73/jre/lib/amd64/libjaas_unix.so
7fdfab8f6000-7fdfab8f9000 ---p 00000000 00:00 0 
7fdfab8f9000-7fdfabbf7000 rw-p 00000000 00:00 0                          [stack:3977]
7fdfabbf7000-7fdfabdf7000 rw-p 00000000 00:00 0 
7fdfabdf7000-7fdfabdff000 r-xp 00000000 08:02 132646474                  /usr/java/jdk1.8.0_73/jre/lib/amd64/libmanagement.so
7fdfabdff000-7fdfabfff000 ---p 00008000 08:02 132646474                  /usr/java/jdk1.8.0_73/jre/lib/amd64/libmanagement.so
7fdfabfff000-7fdfac000000 rw-p 00008000 08:02 132646474                  /usr/java/jdk1.8.0_73/jre/lib/amd64/libmanagement.so
7fdfac000000-7fdfac021000 rw-p 00000000 00:00 0 
7fdfac021000-7fdfb0000000 ---p 00000000 00:00 0 
7fdfb00a9000-7fdfb00c0000 r-xp 00000000 08:02 119276529                  /lib/x86_64-linux-gnu/libresolv-2.19.so
7fdfb00c0000-7fdfb02c0000 ---p 00017000 08:02 119276529                  /lib/x86_64-linux-gnu/libresolv-2.19.so
7fdfb02c0000-7fdfb02c1000 r--p 00017000 08:02 119276529                  /lib/x86_64-linux-gnu/libresolv-2.19.so
7fdfb02c1000-7fdfb02c2000 rw-p 00018000 08:02 119276529                  /lib/x86_64-linux-gnu/libresolv-2.19.so
7fdfb02c2000-7fdfb02c4000 rw-p 00000000 00:00 0 
7fdfb02c4000-7fdfb02c9000 r-xp 00000000 08:02 119279452                  /lib/x86_64-linux-gnu/libnss_dns-2.19.so
7fdfb02c9000-7fdfb04c8000 ---p 00005000 08:02 119279452                  /lib/x86_64-linux-gnu/libnss_dns-2.19.so
7fdfb04c8000-7fdfb04c9000 r--p 00004000 08:02 119279452                  /lib/x86_64-linux-gnu/libnss_dns-2.19.so
7fdfb04c9000-7fdfb04ca000 rw-p 00005000 08:02 119279452                  /lib/x86_64-linux-gnu/libnss_dns-2.19.so
7fdfb04ca000-7fdfb3dc6000 r-xp 00000000 08:02 130942681                  /usr/local/cuda-7.5/lib64/libcudnn.so.5.0.4
7fdfb3dc6000-7fdfb3fc6000 ---p 038fc000 08:02 130942681                  /usr/local/cuda-7.5/lib64/libcudnn.so.5.0.4
7fdfb3fc6000-7fdfb3fd7000 rw-p 038fc000 08:02 130942681                  /usr/local/cuda-7.5/lib64/libcudnn.so.5.0.4
7fdfb3fd7000-7fdfb4000000 rw-p 00000000 00:00 0 
7fdfb4000000-7fdfb4021000 rw-p 00000000 00:00 0 
7fdfb4021000-7fdfb8000000 ---p 00000000 00:00 0 
7fdfb80f6000-7fdfb80f9000 ---p 00000000 00:00 0 
7fdfb80f9000-7fdfb812f000 rw-p 00000000 00:00 0                          [stack:3975]
7fdfb812f000-7fdfbbdaf000 r-xp 00000000 08:02 130945223                  /usr/local/cuda-7.5/lib64/libnppi.so.7.5.18
7fdfbbdaf000-7fdfbbfaf000 ---p 03c80000 08:02 130945223                  /usr/local/cuda-7.5/lib64/libnppi.so.7.5.18
7fdfbbfaf000-7fdfbbfc2000 rw-p 03c80000 08:02 130945223                  /usr/local/cuda-7.5/lib64/libnppi.so.7.5.18
7fdfbbfc2000-7fdfbc000000 rw-p 00000000 00:00 0 
7fdfbc000000-7fdfbc021000 rw-p 00000000 00:00 0 
7fdfbc021000-7fdfc0000000 ---p 00000000 00:00 0 
7fdfc0034000-7fdfc0036000 r-xp 00000000 08:02 119279563                  /lib/x86_64-linux-gnu/libnss_mdns4_minimal.so.2
7fdfc0036000-7fdfc0235000 ---p 00002000 08:02 119279563                  /lib/x86_64-linux-gnu/libnss_mdns4_minimal.so.2
7fdfc0235000-7fdfc0236000 r--p 00001000 08:02 119279563                  /lib/x86_64-linux-gnu/libnss_mdns4_minimal.so.2
7fdfc0236000-7fdfc0237000 rw-p 00002000 08:02 119279563                  /lib/x86_64-linux-gnu/libnss_mdns4_minimal.so.2
7fdfc0237000-7fdfc024d000 r-xp 00000000 08:02 132646440                  /usr/java/jdk1.8.0_73/jre/lib/amd64/libnet.so
7fdfc024d000-7fdfc044d000 ---p 00016000 08:02 132646440                  /usr/java/jdk1.8.0_73/jre/lib/amd64/libnet.so
7fdfc044d000-7fdfc044e000 rw-p 00016000 08:02 132646440                  /usr/java/jdk1.8.0_73/jre/lib/amd64/libnet.so
7fdfc044e000-7fdfc064e000 rw-p 00000000 00:00 0 
7fdfc064e000-7fdfc06b3000 r-xp 00000000 08:02 130945246                  /usr/local/cuda-7.5/lib64/libnppc.so.7.5.18
7fdfc06b3000-7fdfc08b3000 ---p 00065000 08:02 130945246                  /usr/local/cuda-7.5/lib64/libnppc.so.7.5.18
7fdfc08b3000-7fdfc08b6000 rw-p 00065000 08:02 130945246                  /usr/local/cuda-7.5/lib64/libnppc.so.7.5.18
7fdfc08b6000-7fdfc08b7000 rw-p 00000000 00:00 0 
7fdfc08b7000-7fdfc08cd000 r-xp 00000000 08:02 119276525                  /lib/x86_64-linux-gnu/libgcc_s.so.1
7fdfc08cd000-7fdfc0acc000 ---p 00016000 08:02 119276525                  /lib/x86_64-linux-gnu/libgcc_s.so.1
7fdfc0acc000-7fdfc0acd000 rw-p 00015000 08:02 119276525                  /lib/x86_64-linux-gnu/libgcc_s.so.1
7fdfc0acd000-7fdfc0bb3000 r-xp 00000000 08:02 128848021                  /usr/lib/x86_64-linux-gnu/libstdc++.so.6.0.19
7fdfc0bb3000-7fdfc0db2000 ---p 000e6000 08:02 128848021                  /usr/lib/x86_64-linux-gnu/libstdc++.so.6.0.19
7fdfc0db2000-7fdfc0dba000 r--p 000e5000 08:02 128848021                  /usr/lib/x86_64-linux-gnu/libstdc++.so.6.0.19
7fdfc0dba000-7fdfc0dbc000 rw-p 000ed000 08:02 128848021                  /usr/lib/x86_64-linux-gnu/libstdc++.so.6.0.19
7fdfc0dbc000-7fdfc0dd1000 rw-p 00000000 00:00 0 
7fdfc0dd7000-7fdfc0df3000 r--s 00393000 08:02 132646520                  /usr/java/jdk1.8.0_73/jre/lib/ext/cldrdata.jar
7fdfc0df3000-7fdfc24bc000 r-xp 00000000 08:02 130945229                  /usr/local/cuda-7.5/lib64/libcublas.so.7.5.18
7fdfc24bc000-7fdfc26bb000 ---p 016c9000 08:02 130945229                  /usr/local/cuda-7.5/lib64/libcublas.so.7.5.18
7fdfc26bb000-7fdfc26c7000 rw-p 016c8000 08:02 130945229                  /usr/local/cuda-7.5/lib64/libcublas.so.7.5.18
7fdfc26c7000-7fdfc26d2000 rw-p 00000000 00:00 0 
7fdfc26d2000-7fdfc272d000 r-xp 00000000 08:02 130945239                  /usr/local/cuda-7.5/lib64/libcudart.so.7.5.18
7fdfc272d000-7fdfc292c000 ---p 0005b000 08:02 130945239                  /usr/local/cuda-7.5/lib64/libcudart.so.7.5.18
7fdfc292c000-7fdfc2930000 rw-p 0005a000 08:02 130945239                  /usr/local/cuda-7.5/lib64/libcudart.so.7.5.18
7fdfc2930000-7fdfc2b78000 r-xp 00000000 08:02 171068909                  /home/make/finaljc/mnist/mnistCUDNN.so
7fdfc2b78000-7fdfc2d77000 ---p 00248000 08:02 171068909                  /home/make/finaljc/mnist/mnistCUDNN.so
7fdfc2d77000-7fdfc2d7a000 r--p 00247000 08:02 171068909                  /home/make/finaljc/mnist/mnistCUDNN.so
7fdfc2d7a000-7fdfc2d8b000 rw-p 0024a000 08:02 171068909                  /home/make/finaljc/mnist/mnistCUDNN.so
7fdfc2d8b000-7fdfc2f0a000 rw-p 00000000 00:00 0 
7fdfc2f0a000-7fdfc38f9000 r--s 09375000 08:02 174063921                  /usr/local/spark/lib/spark-assembly-1.3.1-hadoop2.6.0.jar
7fdfc38f9000-7fdfc38fa000 ---p 00000000 00:00 0 
7fdfc38fa000-7fdfc39fa000 rw-p 00000000 00:00 0                          [stack:3973]
7fdfc39fa000-7fdfc39fd000 ---p 00000000 00:00 0 
7fdfc39fd000-7fdfc3afb000 rw-p 00000000 00:00 0                          [stack:3972]
7fdfc3afb000-7fdfc3afe000 ---p 00000000 00:00 0 
7fdfc3afe000-7fdfc3bfc000 rw-p 00000000 00:00 0                          [stack:3971]
7fdfc3bfc000-7fdfc3bff000 ---p 00000000 00:00 0 
7fdfc3bff000-7fdfc3cfd000 rw-p 00000000 00:00 0                          [stack:3970]
7fdfc3cfd000-7fdfc3d00000 ---p 00000000 00:00 0 
7fdfc3d00000-7fdfc3dfe000 rw-p 00000000 00:00 0                          [stack:3969]
7fdfc3dfe000-7fdfc3e01000 ---p 00000000 00:00 0 
7fdfc3e01000-7fdfc3eff000 rw-p 00000000 00:00 0                          [stack:3968]
7fdfc3eff000-7fdfc3f02000 ---p 00000000 00:00 0 
7fdfc3f02000-7fdfc4000000 rw-p 00000000 00:00 0                          [stack:3967]
7fdfc4000000-7fdfc4021000 rw-p 00000000 00:00 0 
7fdfc4021000-7fdfc8000000 ---p 00000000 00:00 0 
7fdfc8004000-7fdfc800a000 r--s 002f8000 08:02 132646385                  /usr/java/jdk1.8.0_73/jre/lib/charsets.jar
7fdfc800a000-7fdfc8020000 r--s 001a4000 08:02 174063919                  /usr/local/spark/lib/datanucleus-rdbms-3.2.9.jar
7fdfc8020000-7fdfc8038000 r--s 001b6000 08:02 174063918                  /usr/local/spark/lib/datanucleus-core-3.2.10.jar
7fdfc8038000-7fdfc871a000 r--p 00000000 08:02 128850431                  /usr/lib/locale/locale-archive
7fdfc871a000-7fdfc871d000 ---p 00000000 00:00 0 
7fdfc871d000-7fdfc881b000 rw-p 00000000 00:00 0                          [stack:3966]
7fdfc881b000-7fdfc881e000 ---p 00000000 00:00 0 
7fdfc881e000-7fdfc891c000 rw-p 00000000 00:00 0                          [stack:3965]
7fdfc891c000-7fdfc891d000 ---p 00000000 00:00 0 
7fdfc891d000-7fdfcc000000 rw-p 00000000 00:00 0                          [stack:3964]
7fdfcc000000-7fdfcc021000 rw-p 00000000 00:00 0 
7fdfcc021000-7fdfd0000000 ---p 00000000 00:00 0 
7fdfd0001000-7fdfd04aa000 rw-p 00000000 00:00 0 
7fdfd04aa000-7fdfd0682000 r--s 03d23000 08:02 132646432                  /usr/java/jdk1.8.0_73/jre/lib/rt.jar
7fdfd0682000-7fdfd07f8000 rw-p 00000000 00:00 0 
7fdfd07f8000-7fdfd07f9000 ---p 00000000 00:00 0 
7fdfd07f9000-7fdfd08f9000 rw-p 00000000 00:00 0                          [stack:3963]
7fdfd08f9000-7fdfd08fa000 ---p 00000000 00:00 0 
7fdfd08fa000-7fdfd09fa000 rw-p 00000000 00:00 0                          [stack:3962]
7fdfd09fa000-7fdfd09fb000 ---p 00000000 00:00 0 
7fdfd09fb000-7fdfd0afb000 rw-p 00000000 00:00 0                          [stack:3961]
7fdfd0afb000-7fdfd0afc000 ---p 00000000 00:00 0 
7fdfd0afc000-7fdfd0bfc000 rw-p 00000000 00:00 0                          [stack:3960]
7fdfd0bfc000-7fdfd0bfd000 ---p 00000000 00:00 0 
7fdfd0bfd000-7fdfd0cfd000 rw-p 00000000 00:00 0                          [stack:3959]
7fdfd0cfd000-7fdfd0cfe000 ---p 00000000 00:00 0 
7fdfd0cfe000-7fdfd0dfe000 rw-p 00000000 00:00 0                          [stack:3958]
7fdfd0dfe000-7fdfd0dff000 ---p 00000000 00:00 0 
7fdfd0dff000-7fdfd0eff000 rw-p 00000000 00:00 0                          [stack:3957]
7fdfd0eff000-7fdfd0f00000 ---p 00000000 00:00 0 
7fdfd0f00000-7fdfd1000000 rw-p 00000000 00:00 0                          [stack:3956]
7fdfd1000000-7fdfd15f0000 rwxp 00000000 00:00 0 
7fdfd15f0000-7fdfe0000000 ---p 00000000 00:00 0 
7fdfe0000000-7fdfe1005000 rw-p 00000000 00:00 0 
7fdfe1005000-7fdfe4000000 ---p 00000000 00:00 0 
7fdfe4000000-7fdfe400a000 r--s 00116000 08:02 132646517                  /usr/java/jdk1.8.0_73/jre/lib/ext/localedata.jar
7fdfe400a000-7fdfe40b4000 rw-p 00000000 00:00 0 
7fdfe40b4000-7fdfe40b5000 ---p 00000000 00:00 0 
7fdfe40b5000-7fdfe41b5000 rw-p 00000000 00:00 0                          [stack:3955]
7fdfe41b5000-7fdfe41b6000 ---p 00000000 00:00 0 
7fdfe41b6000-7fdfe43cf000 rw-p 00000000 00:00 0                          [stack:3954]
7fdfe43cf000-7fdfe4777000 ---p 00000000 00:00 0 
7fdfe4777000-7fdfe4791000 r-xp 00000000 08:02 132646461                  /usr/java/jdk1.8.0_73/jre/lib/amd64/libzip.so
7fdfe4791000-7fdfe4991000 ---p 0001a000 08:02 132646461                  /usr/java/jdk1.8.0_73/jre/lib/amd64/libzip.so
7fdfe4991000-7fdfe4992000 rw-p 0001a000 08:02 132646461                  /usr/java/jdk1.8.0_73/jre/lib/amd64/libzip.so
7fdfe4992000-7fdfe499d000 r-xp 00000000 08:02 119276531                  /lib/x86_64-linux-gnu/libnss_files-2.19.so
7fdfe499d000-7fdfe4b9c000 ---p 0000b000 08:02 119276531                  /lib/x86_64-linux-gnu/libnss_files-2.19.so
7fdfe4b9c000-7fdfe4b9d000 r--p 0000a000 08:02 119276531                  /lib/x86_64-linux-gnu/libnss_files-2.19.so
7fdfe4b9d000-7fdfe4b9e000 rw-p 0000b000 08:02 119276531                  /lib/x86_64-linux-gnu/libnss_files-2.19.so
7fdfe4b9e000-7fdfe4ba9000 r-xp 00000000 08:02 119279765                  /lib/x86_64-linux-gnu/libnss_nis-2.19.so
7fdfe4ba9000-7fdfe4da8000 ---p 0000b000 08:02 119279765                  /lib/x86_64-linux-gnu/libnss_nis-2.19.so
7fdfe4da8000-7fdfe4da9000 r--p 0000a000 08:02 119279765                  /lib/x86_64-linux-gnu/libnss_nis-2.19.so
7fdfe4da9000-7fdfe4daa000 rw-p 0000b000 08:02 119279765                  /lib/x86_64-linux-gnu/libnss_nis-2.19.so
7fdfe4daa000-7fdfe4dc1000 r-xp 00000000 08:02 119279596                  /lib/x86_64-linux-gnu/libnsl-2.19.so
7fdfe4dc1000-7fdfe4fc0000 ---p 00017000 08:02 119279596                  /lib/x86_64-linux-gnu/libnsl-2.19.so
7fdfe4fc0000-7fdfe4fc1000 r--p 00016000 08:02 119279596                  /lib/x86_64-linux-gnu/libnsl-2.19.so
7fdfe4fc1000-7fdfe4fc2000 rw-p 00017000 08:02 119279596                  /lib/x86_64-linux-gnu/libnsl-2.19.so
7fdfe4fc2000-7fdfe4fc4000 rw-p 00000000 00:00 0 
7fdfe4fc4000-7fdfe4fcd000 r-xp 00000000 08:02 119279584                  /lib/x86_64-linux-gnu/libnss_compat-2.19.so
7fdfe4fcd000-7fdfe51cc000 ---p 00009000 08:02 119279584                  /lib/x86_64-linux-gnu/libnss_compat-2.19.so
7fdfe51cc000-7fdfe51cd000 r--p 00008000 08:02 119279584                  /lib/x86_64-linux-gnu/libnss_compat-2.19.so
7fdfe51cd000-7fdfe51ce000 rw-p 00009000 08:02 119279584                  /lib/x86_64-linux-gnu/libnss_compat-2.19.so
7fdfe51ce000-7fdfe51f8000 r-xp 00000000 08:02 132646487                  /usr/java/jdk1.8.0_73/jre/lib/amd64/libjava.so
7fdfe51f8000-7fdfe53f8000 ---p 0002a000 08:02 132646487                  /usr/java/jdk1.8.0_73/jre/lib/amd64/libjava.so
7fdfe53f8000-7fdfe53fa000 rw-p 0002a000 08:02 132646487                  /usr/java/jdk1.8.0_73/jre/lib/amd64/libjava.so
7fdfe53fa000-7fdfe5407000 r-xp 00000000 08:02 132646441                  /usr/java/jdk1.8.0_73/jre/lib/amd64/libverify.so
7fdfe5407000-7fdfe5607000 ---p 0000d000 08:02 132646441                  /usr/java/jdk1.8.0_73/jre/lib/amd64/libverify.so
7fdfe5607000-7fdfe5609000 rw-p 0000d000 08:02 132646441                  /usr/java/jdk1.8.0_73/jre/lib/amd64/libverify.so
7fdfe5609000-7fdfe5610000 r-xp 00000000 08:02 119279762                  /lib/x86_64-linux-gnu/librt-2.19.so
7fdfe5610000-7fdfe580f000 ---p 00007000 08:02 119279762                  /lib/x86_64-linux-gnu/librt-2.19.so
7fdfe580f000-7fdfe5810000 r--p 00006000 08:02 119279762                  /lib/x86_64-linux-gnu/librt-2.19.so
7fdfe5810000-7fdfe5811000 rw-p 00007000 08:02 119279762                  /lib/x86_64-linux-gnu/librt-2.19.so
7fdfe5811000-7fdfe5916000 r-xp 00000000 08:02 119276530                  /lib/x86_64-linux-gnu/libm-2.19.so
7fdfe5916000-7fdfe5b15000 ---p 00105000 08:02 119276530                  /lib/x86_64-linux-gnu/libm-2.19.so
7fdfe5b15000-7fdfe5b16000 r--p 00104000 08:02 119276530                  /lib/x86_64-linux-gnu/libm-2.19.so
7fdfe5b16000-7fdfe5b17000 rw-p 00105000 08:02 119276530                  /lib/x86_64-linux-gnu/libm-2.19.so
7fdfe5b17000-7fdfe67d6000 r-xp 00000000 08:02 132646491                  /usr/java/jdk1.8.0_73/jre/lib/amd64/server/libjvm.so
7fdfe67d6000-7fdfe69d5000 ---p 00cbf000 08:02 132646491                  /usr/java/jdk1.8.0_73/jre/lib/amd64/server/libjvm.so
7fdfe69d5000-7fdfe6aae000 rw-p 00cbe000 08:02 132646491                  /usr/java/jdk1.8.0_73/jre/lib/amd64/server/libjvm.so
7fdfe6aae000-7fdfe6af7000 rw-p 00000000 00:00 0 
7fdfe6af7000-7fdfe6cb2000 r-xp 00000000 08:02 119279759                  /lib/x86_64-linux-gnu/libc-2.19.so
7fdfe6cb2000-7fdfe6eb1000 ---p 001bb000 08:02 119279759                  /lib/x86_64-linux-gnu/libc-2.19.so
7fdfe6eb1000-7fdfe6eb5000 r--p 001ba000 08:02 119279759                  /lib/x86_64-linux-gnu/libc-2.19.so
7fdfe6eb5000-7fdfe6eb7000 rw-p 001be000 08:02 119279759                  /lib/x86_64-linux-gnu/libc-2.19.so
7fdfe6eb7000-7fdfe6ebc000 rw-p 00000000 00:00 0 
7fdfe6ebc000-7fdfe6ebf000 r-xp 00000000 08:02 119279490                  /lib/x86_64-linux-gnu/libdl-2.19.so
7fdfe6ebf000-7fdfe70be000 ---p 00003000 08:02 119279490                  /lib/x86_64-linux-gnu/libdl-2.19.so
7fdfe70be000-7fdfe70bf000 r--p 00002000 08:02 119279490                  /lib/x86_64-linux-gnu/libdl-2.19.so
7fdfe70bf000-7fdfe70c0000 rw-p 00003000 08:02 119279490                  /lib/x86_64-linux-gnu/libdl-2.19.so
7fdfe70c0000-7fdfe70d5000 r-xp 00000000 08:02 132645575                  /usr/java/jdk1.8.0_73/lib/amd64/jli/libjli.so
7fdfe70d5000-7fdfe72d5000 ---p 00015000 08:02 132645575                  /usr/java/jdk1.8.0_73/lib/amd64/jli/libjli.so
7fdfe72d5000-7fdfe72d6000 rw-p 00015000 08:02 132645575                  /usr/java/jdk1.8.0_73/lib/amd64/jli/libjli.so
7fdfe72d6000-7fdfe72ef000 r-xp 00000000 08:02 119279760                  /lib/x86_64-linux-gnu/libpthread-2.19.so
7fdfe72ef000-7fdfe74ee000 ---p 00019000 08:02 119279760                  /lib/x86_64-linux-gnu/libpthread-2.19.so
7fdfe74ee000-7fdfe74ef000 r--p 00018000 08:02 119279760                  /lib/x86_64-linux-gnu/libpthread-2.19.so
7fdfe74ef000-7fdfe74f0000 rw-p 00019000 08:02 119279760                  /lib/x86_64-linux-gnu/libpthread-2.19.so
7fdfe74f0000-7fdfe74f4000 rw-p 00000000 00:00 0 
7fdfe74f4000-7fdfe7517000 r-xp 00000000 08:02 119279756                  /lib/x86_64-linux-gnu/ld-2.19.so
7fdfe7517000-7fdfe75ed000 rw-p 00000000 00:00 0 
7fdfe75ed000-7fdfe75f0000 ---p 00000000 00:00 0 
7fdfe75f0000-7fdfe76f2000 rw-p 00000000 00:00 0                          [stack:3953]
7fdfe76f2000-7fdfe76f5000 r--s 0001a000 08:02 132646691                  /usr/java/jdk1.8.0_73/jre/lib/jce.jar
7fdfe76f5000-7fdfe76f9000 r--s 00097000 08:02 132646384                  /usr/java/jdk1.8.0_73/jre/lib/jsse.jar
7fdfe76f9000-7fdfe76fb000 r--s 00000000 08:02 171068978                  /home/make/finaljc/target/mycudnn-1.0.jar
7fdfe76fb000-7fdfe7700000 r--s 0004e000 08:02 174063920                  /usr/local/spark/lib/datanucleus-api-jdo-3.2.6.jar
7fdfe7700000-7fdfe770a000 rw-p 00000000 00:00 0 
7fdfe770a000-7fdfe7712000 rw-s 00000000 08:02 102760484                  /tmp/hsperfdata_make/3878
7fdfe7712000-7fdfe7713000 rw-p 00000000 00:00 0 
7fdfe7713000-7fdfe7714000 r--p 00000000 00:00 0 
7fdfe7714000-7fdfe7716000 rw-p 00000000 00:00 0 
7fdfe7716000-7fdfe7717000 r--p 00022000 08:02 119279756                  /lib/x86_64-linux-gnu/ld-2.19.so
7fdfe7717000-7fdfe7718000 rw-p 00023000 08:02 119279756                  /lib/x86_64-linux-gnu/ld-2.19.so
7fdfe7718000-7fdfe7719000 rw-p 00000000 00:00 0 
7fff2ed52000-7fff2ed74000 rw-p 00000000 00:00 0                          [stack]
7fff2edfe000-7fff2ee00000 r-xp 00000000 00:00 0                          [vdso]
ffffffffff600000-ffffffffff601000 r-xp 00000000 00:00 0                  [vsyscall]

VM Arguments:
jvm_args: -Xms512m -Xmx512m 
java_command: org.apache.spark.deploy.SparkSubmit --class TestJNIPrimitiveArray --master local[1] target/mycudnn-1.0.jar
java_class_path (initial): /usr/local/spark/conf:/usr/local/spark/lib/spark-assembly-1.3.1-hadoop2.6.0.jar:/usr/local/spark/lib/datanucleus-core-3.2.10.jar:/usr/local/spark/lib/datanucleus-rdbms-3.2.9.jar:/usr/local/spark/lib/datanucleus-api-jdo-3.2.6.jar
Launcher Type: SUN_STANDARD

Environment Variables:
JAVA_HOME=/usr/java/jdk1.8.0_73
CLASSPATH=/usr/local/spark/conf:/usr/local/spark/lib/spark-assembly-1.3.1-hadoop2.6.0.jar:/usr/local/spark/lib/datanucleus-core-3.2.10.jar:/usr/local/spark/lib/datanucleus-rdbms-3.2.9.jar:/usr/local/spark/lib/datanucleus-api-jdo-3.2.6.jar
PATH=/home/make/.rbenv/plugins/ruby-build/bin:/home/make/.rbenv/shims:/home/make/.rbenv/bin:/usr/local/heroku/bin:/home/make/.rbenv/shims:/home/make/.rbenv/bin:/opt/intel/bin:/home/make/bin:/usr/local/bin:/home/make/bin:/usr/local/bin:/home/make/bin:/usr/local/bin:/usr/local/sbin:/usr/local/bin:/usr/sbin:/usr/bin:/sbin:/bin:/usr/games:/usr/local/games:/usr/local/cuda/bin:/usr/local/cuda/bin:/home/make/.rvm/bin:/usr/local/cuda/bin:/usr/local/scala/bin:/usr/local/spark/bin:/usr/java/jdk1.8.0_73/bin:/home/make/.rvm/bin
LD_LIBRARY_PATH=:/usr/local/cuda/lib64:/usr/local/compilers_and_libraries/linux/lib/intel64:/usr/local/mkl/lib/intel64:/usr/local/lib:/usr/local/cuda/lib64:/usr/local/compilers_and_libraries/linux/lib/intel64:/usr/local/mkl/lib/intel64:/usr/local/lib:/usr/local/cuda/lib64:/usr/local/compilers_and_libraries/linux/lib/intel64:/opt/intel/compilers_and_libraries/linux/lib/intel64:/usr/local/lib:/usr/local/lib64:/usr/local/lib64/digilent/adept:/home/make/javacpp/another
SHELL=/bin/zsh
DISPLAY=:0

Signal Handlers:
SIGSEGV: [libjvm.so+0xabafa0], sa_mask[0]=11111111011111111101111111111110, sa_flags=SA_RESTART|SA_SIGINFO
SIGBUS: [libjvm.so+0xabafa0], sa_mask[0]=11111111011111111101111111111110, sa_flags=SA_RESTART|SA_SIGINFO
SIGFPE: [libjvm.so+0x9183c0], sa_mask[0]=11111111011111111101111111111110, sa_flags=SA_RESTART|SA_SIGINFO
SIGPIPE: [libjvm.so+0x9183c0], sa_mask[0]=11111111011111111101111111111110, sa_flags=SA_RESTART|SA_SIGINFO
SIGXFSZ: [libjvm.so+0x9183c0], sa_mask[0]=11111111011111111101111111111110, sa_flags=SA_RESTART|SA_SIGINFO
SIGILL: [libjvm.so+0x9183c0], sa_mask[0]=11111111011111111101111111111110, sa_flags=SA_RESTART|SA_SIGINFO
SIGUSR1: SIG_DFL, sa_mask[0]=00000000000000000000000000000000, sa_flags=none
SIGUSR2: [libjvm.so+0x9199f0], sa_mask[0]=00000000000000000000000000000000, sa_flags=SA_RESTART|SA_SIGINFO
SIGHUP: [libjvm.so+0x91adf0], sa_mask[0]=11111111011111111101111111111110, sa_flags=SA_RESTART|SA_SIGINFO
SIGINT: [libjvm.so+0x91adf0], sa_mask[0]=11111111011111111101111111111110, sa_flags=SA_RESTART|SA_SIGINFO
SIGTERM: [libjvm.so+0x91adf0], sa_mask[0]=11111111011111111101111111111110, sa_flags=SA_RESTART|SA_SIGINFO
SIGQUIT: [libjvm.so+0x91adf0], sa_mask[0]=11111111011111111101111111111110, sa_flags=SA_RESTART|SA_SIGINFO


---------------  S Y S T E M  ---------------

OS:DISTRIB_ID=Ubuntu
DISTRIB_RELEASE=14.04
DISTRIB_CODENAME=trusty
DISTRIB_DESCRIPTION="Ubuntu 14.04.1 LTS"

uname:Linux 3.13.0-32-generic #57-Ubuntu SMP Tue Jul 15 03:51:08 UTC 2014 x86_64
libc:glibc 2.19 NPTL 2.19 
rlimit: STACK 8192k, CORE 0k, NPROC 127849, NOFILE 4096, AS infinity
load average:0.22 0.32 1.21

/proc/meminfo:
MemTotal:       16386316 kB
MemFree:        10035908 kB
Buffers:          836052 kB
Cached:          2302920 kB
SwapCached:            0 kB
Active:          4163352 kB
Inactive:        1503828 kB
Active(anon):    2530756 kB
Inactive(anon):   117340 kB
Active(file):    1632596 kB
Inactive(file):  1386488 kB
Unevictable:         184 kB
Mlocked:             184 kB
SwapTotal:      45958132 kB
SwapFree:       45958132 kB
Dirty:              3352 kB
Writeback:             0 kB
AnonPages:       2528592 kB
Mapped:           516840 kB
Shmem:            119764 kB
Slab:             379408 kB
SReclaimable:     315120 kB
SUnreclaim:        64288 kB
KernelStack:        7072 kB
PageTables:        58120 kB
NFS_Unstable:          0 kB
Bounce:                0 kB
WritebackTmp:          0 kB
CommitLimit:    54151288 kB
Committed_AS:   10447580 kB
VmallocTotal:   34359738367 kB
VmallocUsed:      395456 kB
VmallocChunk:   34359335932 kB
HardwareCorrupted:     0 kB
AnonHugePages:    679936 kB
HugePages_Total:       0
HugePages_Free:        0
HugePages_Rsvd:        0
HugePages_Surp:        0
Hugepagesize:       2048 kB
DirectMap4k:      298960 kB
DirectMap2M:    10139648 kB
DirectMap1G:     6291456 kB


CPU:total 12 (6 cores per cpu, 2 threads per core) family 6 model 45 stepping 7, cmov, cx8, fxsr, mmx, sse, sse2, sse3, ssse3, sse4.1, sse4.2, popcnt, avx, aes, clmul, ht, tsc, tscinvbit, tscinv

/proc/cpuinfo:
processor	: 0
vendor_id	: GenuineIntel
cpu family	: 6
model		: 45
model name	: Intel(R) Core(TM) i7-3930K CPU @ 3.20GHz
stepping	: 7
microcode	: 0x70b
cpu MHz		: 1800.000
cache size	: 12288 KB
physical id	: 0
siblings	: 12
core id		: 0
cpu cores	: 6
apicid		: 0
initial apicid	: 0
fpu		: yes
fpu_exception	: yes
cpuid level	: 13
wp		: yes
flags		: fpu vme de pse tsc msr pae mce cx8 apic sep mtrr pge mca cmov pat pse36 clflush dts acpi mmx fxsr sse sse2 ss ht tm pbe syscall nx pdpe1gb rdtscp lm constant_tsc arch_perfmon pebs bts rep_good nopl xtopology nonstop_tsc aperfmperf eagerfpu pni pclmulqdq dtes64 monitor ds_cpl vmx est tm2 ssse3 cx16 xtpr pdcm pcid dca sse4_1 sse4_2 x2apic popcnt tsc_deadline_timer aes xsave avx lahf_lm ida arat xsaveopt pln pts dtherm tpr_shadow vnmi flexpriority ept vpid
bogomips	: 6400.64
clflush size	: 64
cache_alignment	: 64
address sizes	: 46 bits physical, 48 bits virtual
power management:

processor	: 1
vendor_id	: GenuineIntel
cpu family	: 6
model		: 45
model name	: Intel(R) Core(TM) i7-3930K CPU @ 3.20GHz
stepping	: 7
microcode	: 0x70b
cpu MHz		: 3201.000
cache size	: 12288 KB
physical id	: 0
siblings	: 12
core id		: 1
cpu cores	: 6
apicid		: 2
initial apicid	: 2
fpu		: yes
fpu_exception	: yes
cpuid level	: 13
wp		: yes
flags		: fpu vme de pse tsc msr pae mce cx8 apic sep mtrr pge mca cmov pat pse36 clflush dts acpi mmx fxsr sse sse2 ss ht tm pbe syscall nx pdpe1gb rdtscp lm constant_tsc arch_perfmon pebs bts rep_good nopl xtopology nonstop_tsc aperfmperf eagerfpu pni pclmulqdq dtes64 monitor ds_cpl vmx est tm2 ssse3 cx16 xtpr pdcm pcid dca sse4_1 sse4_2 x2apic popcnt tsc_deadline_timer aes xsave avx lahf_lm ida arat xsaveopt pln pts dtherm tpr_shadow vnmi flexpriority ept vpid
bogomips	: 6400.64
clflush size	: 64
cache_alignment	: 64
address sizes	: 46 bits physical, 48 bits virtual
power management:

processor	: 2
vendor_id	: GenuineIntel
cpu family	: 6
model		: 45
model name	: Intel(R) Core(TM) i7-3930K CPU @ 3.20GHz
stepping	: 7
microcode	: 0x70b
cpu MHz		: 1200.000
cache size	: 12288 KB
physical id	: 0
siblings	: 12
core id		: 2
cpu cores	: 6
apicid		: 4
initial apicid	: 4
fpu		: yes
fpu_exception	: yes
cpuid level	: 13
wp		: yes
flags		: fpu vme de pse tsc msr pae mce cx8 apic sep mtrr pge mca cmov pat pse36 clflush dts acpi mmx fxsr sse sse2 ss ht tm pbe syscall nx pdpe1gb rdtscp lm constant_tsc arch_perfmon pebs bts rep_good nopl xtopology nonstop_tsc aperfmperf eagerfpu pni pclmulqdq dtes64 monitor ds_cpl vmx est tm2 ssse3 cx16 xtpr pdcm pcid dca sse4_1 sse4_2 x2apic popcnt tsc_deadline_timer aes xsave avx lahf_lm ida arat xsaveopt pln pts dtherm tpr_shadow vnmi flexpriority ept vpid
bogomips	: 6400.64
clflush size	: 64
cache_alignment	: 64
address sizes	: 46 bits physical, 48 bits virtual
power management:

processor	: 3
vendor_id	: GenuineIntel
cpu family	: 6
model		: 45
model name	: Intel(R) Core(TM) i7-3930K CPU @ 3.20GHz
stepping	: 7
microcode	: 0x70b
cpu MHz		: 3201.000
cache size	: 12288 KB
physical id	: 0
siblings	: 12
core id		: 3
cpu cores	: 6
apicid		: 6
initial apicid	: 6
fpu		: yes
fpu_exception	: yes
cpuid level	: 13
wp		: yes
flags		: fpu vme de pse tsc msr pae mce cx8 apic sep mtrr pge mca cmov pat pse36 clflush dts acpi mmx fxsr sse sse2 ss ht tm pbe syscall nx pdpe1gb rdtscp lm constant_tsc arch_perfmon pebs bts rep_good nopl xtopology nonstop_tsc aperfmperf eagerfpu pni pclmulqdq dtes64 monitor ds_cpl vmx est tm2 ssse3 cx16 xtpr pdcm pcid dca sse4_1 sse4_2 x2apic popcnt tsc_deadline_timer aes xsave avx lahf_lm ida arat xsaveopt pln pts dtherm tpr_shadow vnmi flexpriority ept vpid
bogomips	: 6400.64
clflush size	: 64
cache_alignment	: 64
address sizes	: 46 bits physical, 48 bits virtual
power management:

processor	: 4
vendor_id	: GenuineIntel
cpu family	: 6
model		: 45
model name	: Intel(R) Core(TM) i7-3930K CPU @ 3.20GHz
stepping	: 7
microcode	: 0x70b
cpu MHz		: 3201.000
cache size	: 12288 KB
physical id	: 0
siblings	: 12
core id		: 4
cpu cores	: 6
apicid		: 8
initial apicid	: 8
fpu		: yes
fpu_exception	: yes
cpuid level	: 13
wp		: yes
flags		: fpu vme de pse tsc msr pae mce cx8 apic sep mtrr pge mca cmov pat pse36 clflush dts acpi mmx fxsr sse sse2 ss ht tm pbe syscall nx pdpe1gb rdtscp lm constant_tsc arch_perfmon pebs bts rep_good nopl xtopology nonstop_tsc aperfmperf eagerfpu pni pclmulqdq dtes64 monitor ds_cpl vmx est tm2 ssse3 cx16 xtpr pdcm pcid dca sse4_1 sse4_2 x2apic popcnt tsc_deadline_timer aes xsave avx lahf_lm ida arat xsaveopt pln pts dtherm tpr_shadow vnmi flexpriority ept vpid
bogomips	: 6400.64
clflush size	: 64
cache_alignment	: 64
address sizes	: 46 bits physical, 48 bits virtual
power management:

processor	: 5
vendor_id	: GenuineIntel
cpu family	: 6
model		: 45
model name	: Intel(R) Core(TM) i7-3930K CPU @ 3.20GHz
stepping	: 7
microcode	: 0x70b
cpu MHz		: 3201.000
cache size	: 12288 KB
physical id	: 0
siblings	: 12
core id		: 5
cpu cores	: 6
apicid		: 10
initial apicid	: 10
fpu		: yes
fpu_exception	: yes
cpuid level	: 13
wp		: yes
flags		: fpu vme de pse tsc msr pae mce cx8 apic sep mtrr pge mca cmov pat pse36 clflush dts acpi mmx fxsr sse sse2 ss ht tm pbe syscall nx pdpe1gb rdtscp lm constant_tsc arch_perfmon pebs bts rep_good nopl xtopology nonstop_tsc aperfmperf eagerfpu pni pclmulqdq dtes64 monitor ds_cpl vmx est tm2 ssse3 cx16 xtpr pdcm pcid dca sse4_1 sse4_2 x2apic popcnt tsc_deadline_timer aes xsave avx lahf_lm ida arat xsaveopt pln pts dtherm tpr_shadow vnmi flexpriority ept vpid
bogomips	: 6400.64
clflush size	: 64
cache_alignment	: 64
address sizes	: 46 bits physical, 48 bits virtual
power management:

processor	: 6
vendor_id	: GenuineIntel
cpu family	: 6
model		: 45
model name	: Intel(R) Core(TM) i7-3930K CPU @ 3.20GHz
stepping	: 7
microcode	: 0x70b
cpu MHz		: 1200.000
cache size	: 12288 KB
physical id	: 0
siblings	: 12
core id		: 0
cpu cores	: 6
apicid		: 1
initial apicid	: 1
fpu		: yes
fpu_exception	: yes
cpuid level	: 13
wp		: yes
flags		: fpu vme de pse tsc msr pae mce cx8 apic sep mtrr pge mca cmov pat pse36 clflush dts acpi mmx fxsr sse sse2 ss ht tm pbe syscall nx pdpe1gb rdtscp lm constant_tsc arch_perfmon pebs bts rep_good nopl xtopology nonstop_tsc aperfmperf eagerfpu pni pclmulqdq dtes64 monitor ds_cpl vmx est tm2 ssse3 cx16 xtpr pdcm pcid dca sse4_1 sse4_2 x2apic popcnt tsc_deadline_timer aes xsave avx lahf_lm ida arat xsaveopt pln pts dtherm tpr_shadow vnmi flexpriority ept vpid
bogomips	: 6400.64
clflush size	: 64
cache_alignment	: 64
address sizes	: 46 bits physical, 48 bits virtual
power management:

processor	: 7
vendor_id	: GenuineIntel
cpu family	: 6
model		: 45
model name	: Intel(R) Core(TM) i7-3930K CPU @ 3.20GHz
stepping	: 7
microcode	: 0x70b
cpu MHz		: 1200.000
cache size	: 12288 KB
physical id	: 0
siblings	: 12
core id		: 1
cpu cores	: 6
apicid		: 3
initial apicid	: 3
fpu		: yes
fpu_exception	: yes
cpuid level	: 13
wp		: yes
flags		: fpu vme de pse tsc msr pae mce cx8 apic sep mtrr pge mca cmov pat pse36 clflush dts acpi mmx fxsr sse sse2 ss ht tm pbe syscall nx pdpe1gb rdtscp lm constant_tsc arch_perfmon pebs bts rep_good nopl xtopology nonstop_tsc aperfmperf eagerfpu pni pclmulqdq dtes64 monitor ds_cpl vmx est tm2 ssse3 cx16 xtpr pdcm pcid dca sse4_1 sse4_2 x2apic popcnt tsc_deadline_timer aes xsave avx lahf_lm ida arat xsaveopt pln pts dtherm tpr_shadow vnmi flexpriority ept vpid
bogomips	: 6400.64
clflush size	: 64
cache_alignment	: 64
address sizes	: 46 bits physical, 48 bits virtual
power management:

processor	: 8
vendor_id	: GenuineIntel
cpu family	: 6
model		: 45
model name	: Intel(R) Core(TM) i7-3930K CPU @ 3.20GHz
stepping	: 7
microcode	: 0x70b
cpu MHz		: 1500.000
cache size	: 12288 KB
physical id	: 0
siblings	: 12
core id		: 2
cpu cores	: 6
apicid		: 5
initial apicid	: 5
fpu		: yes
fpu_exception	: yes
cpuid level	: 13
wp		: yes
flags		: fpu vme de pse tsc msr pae mce cx8 apic sep mtrr pge mca cmov pat pse36 clflush dts acpi mmx fxsr sse sse2 ss ht tm pbe syscall nx pdpe1gb rdtscp lm constant_tsc arch_perfmon pebs bts rep_good nopl xtopology nonstop_tsc aperfmperf eagerfpu pni pclmulqdq dtes64 monitor ds_cpl vmx est tm2 ssse3 cx16 xtpr pdcm pcid dca sse4_1 sse4_2 x2apic popcnt tsc_deadline_timer aes xsave avx lahf_lm ida arat xsaveopt pln pts dtherm tpr_shadow vnmi flexpriority ept vpid
bogomips	: 6400.64
clflush size	: 64
cache_alignment	: 64
address sizes	: 46 bits physical, 48 bits virtual
power management:

processor	: 9
vendor_id	: GenuineIntel
cpu family	: 6
model		: 45
model name	: Intel(R) Core(TM) i7-3930K CPU @ 3.20GHz
stepping	: 7
microcode	: 0x70b
cpu MHz		: 1200.000
cache size	: 12288 KB
physical id	: 0
siblings	: 12
core id		: 3
cpu cores	: 6
apicid		: 7
initial apicid	: 7
fpu		: yes
fpu_exception	: yes
cpuid level	: 13
wp		: yes
flags		: fpu vme de pse tsc msr pae mce cx8 apic sep mtrr pge mca cmov pat pse36 clflush dts acpi mmx fxsr sse sse2 ss ht tm pbe syscall nx pdpe1gb rdtscp lm constant_tsc arch_perfmon pebs bts rep_good nopl xtopology nonstop_tsc aperfmperf eagerfpu pni pclmulqdq dtes64 monitor ds_cpl vmx est tm2 ssse3 cx16 xtpr pdcm pcid dca sse4_1 sse4_2 x2apic popcnt tsc_deadline_timer aes xsave avx lahf_lm ida arat xsaveopt pln pts dtherm tpr_shadow vnmi flexpriority ept vpid
bogomips	: 6400.64
clflush size	: 64
cache_alignment	: 64
address sizes	: 46 bits physical, 48 bits virtual
power management:

processor	: 10
vendor_id	: GenuineIntel
cpu family	: 6
model		: 45
model name	: Intel(R) Core(TM) i7-3930K CPU @ 3.20GHz
stepping	: 7
microcode	: 0x70b
cpu MHz		: 3201.000
cache size	: 12288 KB
physical id	: 0
siblings	: 12
core id		: 4
cpu cores	: 6
apicid		: 9
initial apicid	: 9
fpu		: yes
fpu_exception	: yes
cpuid level	: 13
wp		: yes
flags		: fpu vme de pse tsc msr pae mce cx8 apic sep mtrr pge mca cmov pat pse36 clflush dts acpi mmx fxsr sse sse2 ss ht tm pbe syscall nx pdpe1gb rdtscp lm constant_tsc arch_perfmon pebs bts rep_good nopl xtopology nonstop_tsc aperfmperf eagerfpu pni pclmulqdq dtes64 monitor ds_cpl vmx est tm2 ssse3 cx16 xtpr pdcm pcid dca sse4_1 sse4_2 x2apic popcnt tsc_deadline_timer aes xsave avx lahf_lm ida arat xsaveopt pln pts dtherm tpr_shadow vnmi flexpriority ept vpid
bogomips	: 6400.64
clflush size	: 64
cache_alignment	: 64
address sizes	: 46 bits physical, 48 bits virtual
power management:

processor	: 11
vendor_id	: GenuineIntel
cpu family	: 6
model		: 45
model name	: Intel(R) Core(TM) i7-3930K CPU @ 3.20GHz
stepping	: 7
microcode	: 0x70b
cpu MHz		: 1200.000
cache size	: 12288 KB
physical id	: 0
siblings	: 12
core id		: 5
cpu cores	: 6
apicid		: 11
initial apicid	: 11
fpu		: yes
fpu_exception	: yes
cpuid level	: 13
wp		: yes
flags		: fpu vme de pse tsc msr pae mce cx8 apic sep mtrr pge mca cmov pat pse36 clflush dts acpi mmx fxsr sse sse2 ss ht tm pbe syscall nx pdpe1gb rdtscp lm constant_tsc arch_perfmon pebs bts rep_good nopl xtopology nonstop_tsc aperfmperf eagerfpu pni pclmulqdq dtes64 monitor ds_cpl vmx est tm2 ssse3 cx16 xtpr pdcm pcid dca sse4_1 sse4_2 x2apic popcnt tsc_deadline_timer aes xsave avx lahf_lm ida arat xsaveopt pln pts dtherm tpr_shadow vnmi flexpriority ept vpid
bogomips	: 6400.64
clflush size	: 64
cache_alignment	: 64
address sizes	: 46 bits physical, 48 bits virtual
power management:



Memory: 4k page, physical 16386316k(10035908k free), swap 45958132k(45958132k free)

vm_info: Java HotSpot(TM) 64-Bit Server VM (25.73-b02) for linux-amd64 JRE (1.8.0_73-b02), built on Jan 29 2016 17:39:45 by "java_re" with gcc 4.3.0 20080428 (Red Hat 4.3.0-8)

time: Wed Apr 13 21:01:06 2016
elapsed time: 1 seconds (0d 0h 0m 1s)

