#
# A fatal error has been detected by the Java Runtime Environment:
#
#  SIGSEGV (0xb) at pc=0x00007f2d50d64d2f, pid=1535, tid=139830186895104
#
# JRE version: Java(TM) SE Runtime Environment (8.0_73-b02) (build 1.8.0_73-b02)
# Java VM: Java HotSpot(TM) 64-Bit Server VM (25.73-b02 mixed mode linux-amd64 compressed oops)
# Problematic frame:
# C  [device=1+0x2bd2f]  stringRemoveDelimiter(char, char const*)+0x2b
#
# Core dump written. Default location: /home/make/finaljc/core or core.1535
#
# If you would like to submit a bug report, please visit:
#   http://bugreport.java.com/bugreport/crash.jsp
# The crash happened outside the Java Virtual Machine in native code.
# See problematic frame for where to report the bug.
#

---------------  T H R E A D  ---------------

Current thread (0x00007f2d0807a000):  JavaThread "Executor task launch worker-0" daemon [_thread_in_native, id=1677, stack(0x00007f2cc08e6000,0x00007f2cc09e7000)]

siginfo: si_signo: 11 (SIGSEGV), si_code: 1 (SEGV_MAPERR), si_addr: 0x0000000000000000

Registers:
RAX=0x0000000000000000, RBX=0x00007f2d8cad4908, RCX=0x0000000000000817, RDX=0x0000000000000000
RSP=0x00007f2cc09e4680, RBP=0x00007f2cc09e46a0, RSI=0x0000000000000000, RDI=0x000000000000002d
R8 =0x00007f2d910a4dc0, R9 =0x0000000000000000, R10=0x00007f2cc09e4470, R11=0x00007f2d90fb4e50
R12=0x0000000000000000, R13=0x00007f2d8cad4908, R14=0x00007f2cc09e4d80, R15=0x00007f2d0807a000
RIP=0x00007f2d50d64d2f, EFLAGS=0x0000000000010246, CSGSFS=0x0000000000000033, ERR=0x0000000000000004
  TRAPNO=0x000000000000000e

Top of Stack: (sp=0x00007f2cc09e4680)
0x00007f2cc09e4680:   0000000000000000 00007f2d910a4dc0
0x00007f2cc09e4690:   0000000000000000 00000000883ce910
0x00007f2cc09e46a0:   00007f2cc09e4700 00007f2d50d64da8
0x00007f2cc09e46b0:   0000000000000000 00007f2d50e97817
0x00007f2cc09e46c0:   00007f2d883ce910 00000310883ce910
0x00007f2cc09e46d0:   00007f2d50e97817 00007f2d883ce910
0x00007f2cc09e46e0:   0000000000000006 0000000400000000
0x00007f2cc09e46f0:   00007f2d883ce910 0000000000000000
0x00007f2cc09e4700:   00007f2cc09e4c50 00007f2d50d63a22
0x00007f2cc09e4710:   00007f2d79010c00 00007f2d0000000b
0x00007f2cc09e4720:   00007f2d0807a000 00007f2d883ce910
0x00007f2cc09e4730:   000003108c3fa6d0 00007f2c74019880
0x00007f2cc09e4740:   00007f2cc09e4d00 0000000000000000
0x00007f2cc09e4750:   00007f2d50ada3d8 00007f2cc09e4a40
0x00007f2cc09e4760:   00007f2d0807a000 00007f2d0807a7e0
0x00007f2cc09e4770:   00007f2d08077fe0 00007f2d08078008
0x00007f2cc09e4780:   00007f2d080780c8 00000000000000d8
0x00007f2cc09e4790:   00007f2cc09e5a90 00007f2cc09e4800
0x00007f2cc09e47a0:   00007f2d8c3fa6d0 00007f2d0807a000
0x00007f2cc09e47b0:   0000000000000000 00007f2d0807a000
0x00007f2cc09e47c0:   00007f2d8c3fa6d0 00007f2d0807a000
0x00007f2cc09e47d0:   00007f2d0807a000 00007f2d0807a000
0x00007f2cc09e47e0:   00007f2cc09e4810 00007f2d8c38c6e0
0x00007f2cc09e47f0:   00007f2d8c3fa6d0 00007f2d0807a000
0x00007f2cc09e4800:   00007f2d8c3fa6d0 00007f2d0807a000
0x00007f2cc09e4810:   00007f2d8c3fa6d0 00007f2d0807a000
0x00007f2cc09e4820:   0000000000000000 00007f2d080780d0
0x00007f2cc09e4830:   00007f2d2c1d1d70 00007f2d0807a000
0x00007f2cc09e4840:   00007f2cc09e4a40 00007f2cc09e4940
0x00007f2cc09e4850:   00007f2cc09e4930 00007f2d905db5e9
0x00007f2cc09e4860:   0000000000000001 00007f2d0807a000
0x00007f2cc09e4870:   0000000100122028 00007f2d0807a000 

Instructions: (pc=0x00007f2d50d64d2f)
0x00007f2d50d64d0f:   89 75 e0 88 45 ec c7 45 fc 00 00 00 00 eb 04 83
0x00007f2d50d64d1f:   45 fc 01 8b 45 fc 48 63 d0 48 8b 45 e0 48 01 d0
0x00007f2d50d64d2f:   0f b6 00 3a 45 ec 74 e7 48 8b 45 e0 48 89 c7 e8
0x00007f2d50d64d3f:   cd 7b ff ff 83 e8 01 3b 45 fc 7f 07 b8 00 00 00 

Register to memory mapping:

RAX=0x0000000000000000 is an unknown value
RBX={method} {0x00007f2d8cad4908} 'imgDNN' '([I)[D' in 'TestJNIPrimitiveArray'
RCX=0x0000000000000817 is an unknown value
RDX=0x0000000000000000 is an unknown value
RSP=0x00007f2cc09e4680 is pointing into the stack for thread: 0x00007f2d0807a000
RBP=0x00007f2cc09e46a0 is pointing into the stack for thread: 0x00007f2d0807a000
RSI=0x0000000000000000 is an unknown value
RDI=0x000000000000002d is an unknown value
R8 =0x00007f2d910a4dc0: _itoa_lower_digits+0 in /lib/x86_64-linux-gnu/libc.so.6 at 0x00007f2d90f2e000
R9 =0x0000000000000000 is an unknown value
R10=0x00007f2cc09e4470 is pointing into the stack for thread: 0x00007f2d0807a000
R11=0x00007f2d90fb4e50: <offset 0x86e50> in /lib/x86_64-linux-gnu/libc.so.6 at 0x00007f2d90f2e000
R12=0x0000000000000000 is an unknown value
R13={method} {0x00007f2d8cad4908} 'imgDNN' '([I)[D' in 'TestJNIPrimitiveArray'
R14=0x00007f2cc09e4d80 is pointing into the stack for thread: 0x00007f2d0807a000
R15=0x00007f2d0807a000 is a thread


Stack: [0x00007f2cc08e6000,0x00007f2cc09e7000],  sp=0x00007f2cc09e4680,  free space=1017k
Native frames: (J=compiled Java code, j=interpreted, Vv=VM code, C=native code)
C  [device=1+0x2bd2f]  stringRemoveDelimiter(char, char const*)+0x2b
C  [device=1+0x2bda8]  checkCmdLineFlag(int, char const**, char const*)+0x51
C  [device=1+0x2aa22]  main_ext(int*, int, char const**)+0x66
C  [device=1+0x2b00b]  sendimg+0x36
C  [device=1+0x37af7]  Java_TestJNIPrimitiveArray_imgDNN+0xb0
j  TestJNIPrimitiveArray.imgDNN([I)[D+0
j  TestJNIPrimitiveArray.imgSend([I)D+8
j  TestJNIPrimitiveArray$1.call([Ljava/lang/Integer;)Ljava/lang/Integer;+29
j  TestJNIPrimitiveArray$1.call(Ljava/lang/Object;)Ljava/lang/Object;+5
j  org.apache.spark.api.java.JavaPairRDD$$anonfun$toScalaFunction$1.apply(Ljava/lang/Object;)Ljava/lang/Object;+5
j  scala.collection.Iterator$$anon$11.next()Ljava/lang/Object;+13
j  scala.collection.Iterator$class.foreach(Lscala/collection/Iterator;Lscala/Function1;)V+11
j  scala.collection.AbstractIterator.foreach(Lscala/Function1;)V+2
J 1463 C1 scala.collection.generic.Growable$class.$plus$plus$eq(Lscala/collection/generic/Growable;Lscala/collection/TraversableOnce;)Lscala/collection/generic/Growable; (21 bytes) @ 0x00007f2d794955cc [0x00007f2d79495280+0x34c]
j  scala.collection.mutable.ArrayBuffer.$plus$plus$eq(Lscala/collection/TraversableOnce;)Lscala/collection/mutable/ArrayBuffer;+62
j  scala.collection.mutable.ArrayBuffer.$plus$plus$eq(Lscala/collection/TraversableOnce;)Lscala/collection/generic/Growable;+2
j  scala.collection.TraversableOnce$class.to(Lscala/collection/TraversableOnce;Lscala/collection/generic/CanBuildFrom;)Ljava/lang/Object;+14
j  scala.collection.AbstractIterator.to(Lscala/collection/generic/CanBuildFrom;)Ljava/lang/Object;+2
j  scala.collection.TraversableOnce$class.toBuffer(Lscala/collection/TraversableOnce;)Lscala/collection/mutable/Buffer;+7
j  scala.collection.AbstractIterator.toBuffer()Lscala/collection/mutable/Buffer;+1
j  scala.collection.TraversableOnce$class.toArray(Lscala/collection/TraversableOnce;Lscala/reflect/ClassTag;)Ljava/lang/Object;+35
j  scala.collection.AbstractIterator.toArray(Lscala/reflect/ClassTag;)Ljava/lang/Object;+2
j  org.apache.spark.rdd.RDD$$anonfun$17.apply(Lscala/collection/Iterator;)Ljava/lang/Object;+8
j  org.apache.spark.rdd.RDD$$anonfun$17.apply(Ljava/lang/Object;)Ljava/lang/Object;+5
j  org.apache.spark.SparkContext$$anonfun$runJob$5.apply(Lorg/apache/spark/TaskContext;Lscala/collection/Iterator;)Ljava/lang/Object;+5
j  org.apache.spark.SparkContext$$anonfun$runJob$5.apply(Ljava/lang/Object;Ljava/lang/Object;)Ljava/lang/Object;+9
j  org.apache.spark.scheduler.ResultTask.runTask(Lorg/apache/spark/TaskContext;)Ljava/lang/Object;+135
j  org.apache.spark.scheduler.Task.run(JI)Ljava/lang/Object;+78
j  org.apache.spark.executor.Executor$TaskRunner.run()V+312
j  java.util.concurrent.ThreadPoolExecutor.runWorker(Ljava/util/concurrent/ThreadPoolExecutor$Worker;)V+95
j  java.util.concurrent.ThreadPoolExecutor$Worker.run()V+5
j  java.lang.Thread.run()V+11
v  ~StubRoutines::call_stub
V  [libjvm.so+0x68c656]  JavaCalls::call_helper(JavaValue*, methodHandle*, JavaCallArguments*, Thread*)+0x1056
V  [libjvm.so+0x68cb61]  JavaCalls::call_virtual(JavaValue*, KlassHandle, Symbol*, Symbol*, JavaCallArguments*, Thread*)+0x321
V  [libjvm.so+0x68d007]  JavaCalls::call_virtual(JavaValue*, Handle, KlassHandle, Symbol*, Symbol*, Thread*)+0x47
V  [libjvm.so+0x723dc0]  thread_entry(JavaThread*, Thread*)+0xa0
V  [libjvm.so+0xa69cff]  JavaThread::thread_main_inner()+0xdf
V  [libjvm.so+0xa69e2c]  JavaThread::run()+0x11c
V  [libjvm.so+0x91d918]  java_start(Thread*)+0x108
C  [libpthread.so.0+0x8182]  start_thread+0xc2

Java frames: (J=compiled Java code, j=interpreted, Vv=VM code)
j  TestJNIPrimitiveArray.imgDNN([I)[D+0
j  TestJNIPrimitiveArray.imgSend([I)D+8
j  TestJNIPrimitiveArray$1.call([Ljava/lang/Integer;)Ljava/lang/Integer;+29
j  TestJNIPrimitiveArray$1.call(Ljava/lang/Object;)Ljava/lang/Object;+5
j  org.apache.spark.api.java.JavaPairRDD$$anonfun$toScalaFunction$1.apply(Ljava/lang/Object;)Ljava/lang/Object;+5
j  scala.collection.Iterator$$anon$11.next()Ljava/lang/Object;+13
j  scala.collection.Iterator$class.foreach(Lscala/collection/Iterator;Lscala/Function1;)V+11
j  scala.collection.AbstractIterator.foreach(Lscala/Function1;)V+2
J 1463 C1 scala.collection.generic.Growable$class.$plus$plus$eq(Lscala/collection/generic/Growable;Lscala/collection/TraversableOnce;)Lscala/collection/generic/Growable; (21 bytes) @ 0x00007f2d794955cc [0x00007f2d79495280+0x34c]
j  scala.collection.mutable.ArrayBuffer.$plus$plus$eq(Lscala/collection/TraversableOnce;)Lscala/collection/mutable/ArrayBuffer;+62
j  scala.collection.mutable.ArrayBuffer.$plus$plus$eq(Lscala/collection/TraversableOnce;)Lscala/collection/generic/Growable;+2
j  scala.collection.TraversableOnce$class.to(Lscala/collection/TraversableOnce;Lscala/collection/generic/CanBuildFrom;)Ljava/lang/Object;+14
j  scala.collection.AbstractIterator.to(Lscala/collection/generic/CanBuildFrom;)Ljava/lang/Object;+2
j  scala.collection.TraversableOnce$class.toBuffer(Lscala/collection/TraversableOnce;)Lscala/collection/mutable/Buffer;+7
j  scala.collection.AbstractIterator.toBuffer()Lscala/collection/mutable/Buffer;+1
j  scala.collection.TraversableOnce$class.toArray(Lscala/collection/TraversableOnce;Lscala/reflect/ClassTag;)Ljava/lang/Object;+35
j  scala.collection.AbstractIterator.toArray(Lscala/reflect/ClassTag;)Ljava/lang/Object;+2
j  org.apache.spark.rdd.RDD$$anonfun$17.apply(Lscala/collection/Iterator;)Ljava/lang/Object;+8
j  org.apache.spark.rdd.RDD$$anonfun$17.apply(Ljava/lang/Object;)Ljava/lang/Object;+5
j  org.apache.spark.SparkContext$$anonfun$runJob$5.apply(Lorg/apache/spark/TaskContext;Lscala/collection/Iterator;)Ljava/lang/Object;+5
j  org.apache.spark.SparkContext$$anonfun$runJob$5.apply(Ljava/lang/Object;Ljava/lang/Object;)Ljava/lang/Object;+9
j  org.apache.spark.scheduler.ResultTask.runTask(Lorg/apache/spark/TaskContext;)Ljava/lang/Object;+135
j  org.apache.spark.scheduler.Task.run(JI)Ljava/lang/Object;+78
j  org.apache.spark.executor.Executor$TaskRunner.run()V+312
j  java.util.concurrent.ThreadPoolExecutor.runWorker(Ljava/util/concurrent/ThreadPoolExecutor$Worker;)V+95
j  java.util.concurrent.ThreadPoolExecutor$Worker.run()V+5
j  java.lang.Thread.run()V+11
v  ~StubRoutines::call_stub

---------------  P R O C E S S  ---------------

Java Threads: ( => current thread )
  0x00007f2c7400f000 JavaThread "Keep-Alive-Timer" daemon [_thread_blocked, id=1678, stack(0x00007f2cc07e5000,0x00007f2cc08e6000)]
=>0x00007f2d0807a000 JavaThread "Executor task launch worker-0" daemon [_thread_in_native, id=1677, stack(0x00007f2cc08e6000,0x00007f2cc09e7000)]
  0x00007f2d8919a800 JavaThread "Java2D Disposer" daemon [_thread_blocked, id=1676, stack(0x00007f2cc104b000,0x00007f2cc114c000)]
  0x00007f2d89098000 JavaThread "SparkListenerBus" daemon [_thread_blocked, id=1675, stack(0x00007f2cc2807000,0x00007f2cc2908000)]
  0x00007f2d89096800 JavaThread "Spark Context Cleaner" daemon [_thread_blocked, id=1674, stack(0x00007f2cc2908000,0x00007f2cc2a09000)]
  0x00007f2d88ddf800 JavaThread "shuffle-server-0" daemon [_thread_in_native, id=1673, stack(0x00007f2cc2c09000,0x00007f2cc2d0a000)]
  0x00007f2d08019800 JavaThread "Driver Heartbeater" daemon [_thread_blocked, id=1670, stack(0x00007f2cc30f3000,0x00007f2cc31f4000)]
  0x00007f2d88b6a000 JavaThread "dag-scheduler-event-loop" daemon [_thread_blocked, id=1669, stack(0x00007f2cc2f0a000,0x00007f2cc300b000)]
  0x00007f2d88b54800 JavaThread "Timer-0" daemon [_thread_blocked, id=1668, stack(0x00007f2cc31f4000,0x00007f2cc32f5000)]
  0x00007f2d88b14000 JavaThread "qtp803893384-50" daemon [_thread_blocked, id=1667, stack(0x00007f2cc32f5000,0x00007f2cc33f6000)]
  0x00007f2d88b12800 JavaThread "qtp803893384-49" daemon [_thread_blocked, id=1666, stack(0x00007f2cc33f6000,0x00007f2cc34f7000)]
  0x00007f2d88b10800 JavaThread "qtp803893384-48 Acceptor2 SelectChannelConnector@0.0.0.0:4040" daemon [_thread_blocked, id=1665, stack(0x00007f2cc34f7000,0x00007f2cc35f8000)]
  0x00007f2d88b0f000 JavaThread "qtp803893384-47 Acceptor1 SelectChannelConnector@0.0.0.0:4040" daemon [_thread_in_native, id=1664, stack(0x00007f2cc35f8000,0x00007f2cc36f9000)]
  0x00007f2d88b0d000 JavaThread "qtp803893384-46 Acceptor0 SelectChannelConnector@0.0.0.0:4040" daemon [_thread_blocked, id=1663, stack(0x00007f2cc36f9000,0x00007f2cc37fa000)]
  0x00007f2d88b0b800 JavaThread "qtp803893384-45 Selector2" daemon [_thread_in_native, id=1662, stack(0x00007f2cc37fa000,0x00007f2cc38fb000)]
  0x00007f2d88b0a000 JavaThread "qtp803893384-44 Selector1" daemon [_thread_in_native, id=1661, stack(0x00007f2cc38fb000,0x00007f2cc39fc000)]
  0x00007f2d88b06800 JavaThread "qtp803893384-43 Selector0" daemon [_thread_in_native, id=1660, stack(0x00007f2cc39fc000,0x00007f2cc3afd000)]
  0x00007f2d88ab1800 JavaThread "SPARK_CONTEXT cleanup timer" daemon [_thread_blocked, id=1659, stack(0x00007f2cc3afd000,0x00007f2cc3bfe000)]
  0x00007f2d88a41800 JavaThread "qtp1161148117-40" daemon [_thread_blocked, id=1658, stack(0x00007f2cc3dfe000,0x00007f2cc3eff000)]
  0x00007f2d88a3f800 JavaThread "qtp1161148117-39" daemon [_thread_blocked, id=1657, stack(0x00007f2cc3eff000,0x00007f2cc4000000)]
  0x00007f2d88a3e000 JavaThread "qtp1161148117-38" daemon [_thread_blocked, id=1656, stack(0x00007f2d180b0000,0x00007f2d181b1000)]
  0x00007f2d88a3c000 JavaThread "qtp1161148117-37" daemon [_thread_blocked, id=1655, stack(0x00007f2d181b1000,0x00007f2d182b2000)]
  0x00007f2d88a3a800 JavaThread "qtp1161148117-36" daemon [_thread_blocked, id=1654, stack(0x00007f2d182b2000,0x00007f2d183b3000)]
  0x00007f2d88a38800 JavaThread "qtp1161148117-35" daemon [_thread_blocked, id=1653, stack(0x00007f2d183b3000,0x00007f2d184b4000)]
  0x00007f2d88a37000 JavaThread "qtp1161148117-34" daemon [_thread_in_native, id=1652, stack(0x00007f2d184b4000,0x00007f2d185b5000)]
  0x00007f2d88a36000 JavaThread "qtp1161148117-33 Acceptor0 SocketConnector@0.0.0.0:57564" daemon [_thread_in_native, id=1651, stack(0x00007f2d185b5000,0x00007f2d186b6000)]
  0x00007f2d88948800 JavaThread "BROADCAST_VARS cleanup timer" daemon [_thread_blocked, id=1650, stack(0x00007f2d186b6000,0x00007f2d187b7000)]
  0x00007f2d88947000 JavaThread "BLOCK_MANAGER cleanup timer" daemon [_thread_blocked, id=1649, stack(0x00007f2d187b7000,0x00007f2d188b8000)]
  0x00007f2d8890f000 JavaThread "MAP_OUTPUT_TRACKER cleanup timer" daemon [_thread_blocked, id=1648, stack(0x00007f2d188b8000,0x00007f2d189b9000)]
  0x00007f2cfc092800 JavaThread "New I/O server boss #6" daemon [_thread_in_native, id=1647, stack(0x00007f2d18bb9000,0x00007f2d18cba000)]
  0x00007f2cfc091800 JavaThread "New I/O worker #5" daemon [_thread_in_native, id=1646, stack(0x00007f2d18cba000,0x00007f2d18dbb000)]
  0x00007f2cfc08d000 JavaThread "New I/O worker #4" daemon [_thread_in_native, id=1645, stack(0x00007f2d18dbb000,0x00007f2d18ebc000)]
  0x00007f2cfc034000 JavaThread "New I/O boss #3" daemon [_thread_in_native, id=1644, stack(0x00007f2d18ebc000,0x00007f2d18fbd000)]
  0x00007f2cfc03f000 JavaThread "New I/O worker #2" daemon [_thread_in_native, id=1643, stack(0x00007f2d18fbd000,0x00007f2d190be000)]
  0x00007f2cfc031800 JavaThread "New I/O worker #1" daemon [_thread_in_native, id=1642, stack(0x00007f2d190be000,0x00007f2d191bf000)]
  0x00007f2d888f0000 JavaThread "sparkDriver-akka.remote.default-remote-dispatcher-6" daemon [_thread_blocked, id=1641, stack(0x00007f2d193d0000,0x00007f2d194d1000)]
  0x00007f2d08003800 JavaThread "sparkDriver-akka.remote.default-remote-dispatcher-5" daemon [_thread_blocked, id=1640, stack(0x00007f2d196d1000,0x00007f2d197d2000)]
  0x00007f2d04001000 JavaThread "sparkDriver-akka.actor.default-dispatcher-4" daemon [_thread_blocked, id=1639, stack(0x00007f2d197d2000,0x00007f2d198d3000)]
  0x00007f2d888c7800 JavaThread "sparkDriver-akka.actor.default-dispatcher-3" daemon [_thread_blocked, id=1638, stack(0x00007f2d198d3000,0x00007f2d199d4000)]
  0x00007f2d888c0800 JavaThread "sparkDriver-akka.actor.default-dispatcher-2" daemon [_thread_blocked, id=1637, stack(0x00007f2d199d4000,0x00007f2d19ad5000)]
  0x00007f2d88838000 JavaThread "sparkDriver-scheduler-1" daemon [_thread_blocked, id=1636, stack(0x00007f2d50057000,0x00007f2d50158000)]
  0x00007f2d887af000 JavaThread "process reaper" daemon [_thread_blocked, id=1634, stack(0x00007f2d78006000,0x00007f2d7803f000)]
  0x00007f2d880ce800 JavaThread "Service Thread" daemon [_thread_blocked, id=1631, stack(0x00007f2d51e03000,0x00007f2d51f04000)]
  0x00007f2d880cb000 JavaThread "C1 CompilerThread3" daemon [_thread_blocked, id=1630, stack(0x00007f2d51f04000,0x00007f2d52005000)]
  0x00007f2d880c9800 JavaThread "C2 CompilerThread2" daemon [_thread_in_native, id=1629, stack(0x00007f2d52005000,0x00007f2d52106000)]
  0x00007f2d880c7800 JavaThread "C2 CompilerThread1" daemon [_thread_in_native, id=1628, stack(0x00007f2d52106000,0x00007f2d52207000)]
  0x00007f2d880c4800 JavaThread "C2 CompilerThread0" daemon [_thread_in_native, id=1627, stack(0x00007f2d52207000,0x00007f2d52308000)]
  0x00007f2d880c3000 JavaThread "Signal Dispatcher" daemon [_thread_blocked, id=1626, stack(0x00007f2d52308000,0x00007f2d52409000)]
  0x00007f2d8808b000 JavaThread "Finalizer" daemon [_thread_blocked, id=1625, stack(0x00007f2d52aeb000,0x00007f2d52bec000)]
  0x00007f2d88089000 JavaThread "Reference Handler" daemon [_thread_blocked, id=1624, stack(0x00007f2d52bec000,0x00007f2d52ced000)]
  0x00007f2d8800a000 JavaThread "main" [_thread_blocked, id=1612, stack(0x00007f2d91a24000,0x00007f2d91b25000)]

Other Threads:
  0x00007f2d88084000 VMThread [stack: 0x00007f2d52ced000,0x00007f2d52dee000] [id=1623]
  0x00007f2d880d1800 WatcherThread [stack: 0x00007f2d51d02000,0x00007f2d51e03000] [id=1632]

VM state:not at safepoint (normal execution)

VM Mutex/Monitor currently owned by a thread: None

Heap:
 PSYoungGen      total 153088K, used 3521K [0x00000000f5580000, 0x0000000100000000, 0x0000000100000000)
  eden space 131584K, 2% used [0x00000000f5580000,0x00000000f58f06f8,0x00000000fd600000)
  from space 21504K, 0% used [0x00000000feb00000,0x00000000feb00000,0x0000000100000000)
  to   space 21504K, 0% used [0x00000000fd600000,0x00000000fd600000,0x00000000feb00000)
 ParOldGen       total 349696K, used 16421K [0x00000000e0000000, 0x00000000f5580000, 0x00000000f5580000)
  object space 349696K, 4% used [0x00000000e0000000,0x00000000e10094e0,0x00000000f5580000)
 Metaspace       used 35338K, capacity 35624K, committed 35800K, reserved 1079296K
  class space    used 5444K, capacity 5548K, committed 5632K, reserved 1048576K

Card table byte_map: [0x00007f2d8e6ed000,0x00007f2d8e7ee000] byte_map_base: 0x00007f2d8dfed000

Marking Bits: (ParMarkBitMap*) 0x00007f2d90f03100
 Begin Bits: [0x00007f2d8cce3000, 0x00007f2d8d4e3000)
 End Bits:   [0x00007f2d8d4e3000, 0x00007f2d8dce3000)

Polling page: 0x00007f2d91b4a000

CodeCache: size=245760Kb used=6455Kb max_used=6471Kb free=239304Kb
 bounds [0x00007f2d79000000, 0x00007f2d79660000, 0x00007f2d88000000]
 total_blobs=2471 nmethods=2000 adapters=384
 compilation: enabled

Compilation events (10 events):
Event: 1.997 Thread 0x00007f2d880cb000 1990       3       java.io.ObjectStreamClass::isInstantiable (17 bytes)
Event: 1.997 Thread 0x00007f2d880cb000 nmethod 1990 0x00007f2d7964e550 code [0x00007f2d7964e6e0, 0x00007f2d7964ea08]
Event: 1.997 Thread 0x00007f2d880cb000 1991   !   3       java.io.ObjectStreamClass::newInstance (41 bytes)
Event: 1.997 Thread 0x00007f2d880cb000 nmethod 1991 0x00007f2d7964eb50 code [0x00007f2d7964ed20, 0x00007f2d7964f2f8]
Event: 1.997 Thread 0x00007f2d880cb000 2002       3       java.security.SecureClassLoader::defineClass (16 bytes)
Event: 1.997 Thread 0x00007f2d880cb000 nmethod 2002 0x00007f2d7964f5d0 code [0x00007f2d7964f740, 0x00007f2d7964f9b8]
Event: 1.997 Thread 0x00007f2d880cb000 2001       3       java.lang.AbstractStringBuilder::append (40 bytes)
Event: 1.998 Thread 0x00007f2d880cb000 nmethod 2001 0x00007f2d7964fa90 code [0x00007f2d7964fc20, 0x00007f2d79650018]
Event: 1.998 Thread 0x00007f2d880cb000 1998       1       akka.actor.LightArrayRevolverScheduler::akka$actor$LightArrayRevolverScheduler$$wheelMask (5 bytes)
Event: 1.998 Thread 0x00007f2d880cb000 nmethod 1998 0x00007f2d79650150 code [0x00007f2d796502a0, 0x00007f2d796503b0]

GC Heap History (8 events):
Event: 1.018 GC heap before
{Heap before GC invocations=1 (full 0):
 PSYoungGen      total 153088K, used 100179K [0x00000000f5580000, 0x0000000100000000, 0x0000000100000000)
  eden space 131584K, 76% used [0x00000000f5580000,0x00000000fb754ea8,0x00000000fd600000)
  from space 21504K, 0% used [0x00000000feb00000,0x00000000feb00000,0x0000000100000000)
  to   space 21504K, 0% used [0x00000000fd600000,0x00000000fd600000,0x00000000feb00000)
 ParOldGen       total 349696K, used 0K [0x00000000e0000000, 0x00000000f5580000, 0x00000000f5580000)
  object space 349696K, 0% used [0x00000000e0000000,0x00000000e0000000,0x00000000f5580000)
 Metaspace       used 20985K, capacity 21158K, committed 21248K, reserved 1067008K
  class space    used 3220K, capacity 3300K, committed 3328K, reserved 1048576K
Event: 1.027 GC heap after
Heap after GC invocations=1 (full 0):
 PSYoungGen      total 153088K, used 15613K [0x00000000f5580000, 0x0000000100000000, 0x0000000100000000)
  eden space 131584K, 0% used [0x00000000f5580000,0x00000000f5580000,0x00000000fd600000)
  from space 21504K, 72% used [0x00000000fd600000,0x00000000fe53f5d0,0x00000000feb00000)
  to   space 21504K, 0% used [0x00000000feb00000,0x00000000feb00000,0x0000000100000000)
 ParOldGen       total 349696K, used 80K [0x00000000e0000000, 0x00000000f5580000, 0x00000000f5580000)
  object space 349696K, 0% used [0x00000000e0000000,0x00000000e0014010,0x00000000f5580000)
 Metaspace       used 20985K, capacity 21158K, committed 21248K, reserved 1067008K
  class space    used 3220K, capacity 3300K, committed 3328K, reserved 1048576K
}
Event: 1.027 GC heap before
{Heap before GC invocations=2 (full 1):
 PSYoungGen      total 153088K, used 15613K [0x00000000f5580000, 0x0000000100000000, 0x0000000100000000)
  eden space 131584K, 0% used [0x00000000f5580000,0x00000000f5580000,0x00000000fd600000)
  from space 21504K, 72% used [0x00000000fd600000,0x00000000fe53f5d0,0x00000000feb00000)
  to   space 21504K, 0% used [0x00000000feb00000,0x00000000feb00000,0x0000000100000000)
 ParOldGen       total 349696K, used 80K [0x00000000e0000000, 0x00000000f5580000, 0x00000000f5580000)
  object space 349696K, 0% used [0x00000000e0000000,0x00000000e0014010,0x00000000f5580000)
 Metaspace       used 20985K, capacity 21158K, committed 21248K, reserved 1067008K
  class space    used 3220K, capacity 3300K, committed 3328K, reserved 1048576K
Event: 1.044 GC heap after
Heap after GC invocations=2 (full 1):
 PSYoungGen      total 153088K, used 0K [0x00000000f5580000, 0x0000000100000000, 0x0000000100000000)
  eden space 131584K, 0% used [0x00000000f5580000,0x00000000f5580000,0x00000000fd600000)
  from space 21504K, 0% used [0x00000000fd600000,0x00000000fd600000,0x00000000feb00000)
  to   space 21504K, 0% used [0x00000000feb00000,0x00000000feb00000,0x0000000100000000)
 ParOldGen       total 349696K, used 14816K [0x00000000e0000000, 0x00000000f5580000, 0x00000000f5580000)
  object space 349696K, 4% used [0x00000000e0000000,0x00000000e0e78348,0x00000000f5580000)
 Metaspace       used 20985K, capacity 21158K, committed 21248K, reserved 1067008K
  class space    used 3220K, capacity 3300K, committed 3328K, reserved 1048576K
}
Event: 1.932 GC heap before
{Heap before GC invocations=3 (full 1):
 PSYoungGen      total 153088K, used 73039K [0x00000000f5580000, 0x0000000100000000, 0x0000000100000000)
  eden space 131584K, 55% used [0x00000000f5580000,0x00000000f9cd3e40,0x00000000fd600000)
  from space 21504K, 0% used [0x00000000fd600000,0x00000000fd600000,0x00000000feb00000)
  to   space 21504K, 0% used [0x00000000feb00000,0x00000000feb00000,0x0000000100000000)
 ParOldGen       total 349696K, used 14816K [0x00000000e0000000, 0x00000000f5580000, 0x00000000f5580000)
  object space 349696K, 4% used [0x00000000e0000000,0x00000000e0e78348,0x00000000f5580000)
 Metaspace       used 35118K, capacity 35368K, committed 35416K, reserved 1079296K
  class space    used 5420K, capacity 5484K, committed 5504K, reserved 1048576K
Event: 1.944 GC heap after
Heap after GC invocations=3 (full 1):
 PSYoungGen      total 153088K, used 13473K [0x00000000f5580000, 0x0000000100000000, 0x0000000100000000)
  eden space 131584K, 0% used [0x00000000f5580000,0x00000000f5580000,0x00000000fd600000)
  from space 21504K, 62% used [0x00000000feb00000,0x00000000ff8286c0,0x0000000100000000)
  to   space 21504K, 0% used [0x00000000fd600000,0x00000000fd600000,0x00000000feb00000)
 ParOldGen       total 349696K, used 14824K [0x00000000e0000000, 0x00000000f5580000, 0x00000000f5580000)
  object space 349696K, 4% used [0x00000000e0000000,0x00000000e0e7a348,0x00000000f5580000)
 Metaspace       used 35118K, capacity 35368K, committed 35416K, reserved 1079296K
  class space    used 5420K, capacity 5484K, committed 5504K, reserved 1048576K
}
Event: 1.944 GC heap before
{Heap before GC invocations=4 (full 2):
 PSYoungGen      total 153088K, used 13473K [0x00000000f5580000, 0x0000000100000000, 0x0000000100000000)
  eden space 131584K, 0% used [0x00000000f5580000,0x00000000f5580000,0x00000000fd600000)
  from space 21504K, 62% used [0x00000000feb00000,0x00000000ff8286c0,0x0000000100000000)
  to   space 21504K, 0% used [0x00000000fd600000,0x00000000fd600000,0x00000000feb00000)
 ParOldGen       total 349696K, used 14824K [0x00000000e0000000, 0x00000000f5580000, 0x00000000f5580000)
  object space 349696K, 4% used [0x00000000e0000000,0x00000000e0e7a348,0x00000000f5580000)
 Metaspace       used 35118K, capacity 35368K, committed 35416K, reserved 1079296K
  class space    used 5420K, capacity 5484K, committed 5504K, reserved 1048576K
Event: 1.969 GC heap after
Heap after GC invocations=4 (full 2):
 PSYoungGen      total 153088K, used 0K [0x00000000f5580000, 0x0000000100000000, 0x0000000100000000)
  eden space 131584K, 0% used [0x00000000f5580000,0x00000000f5580000,0x00000000fd600000)
  from space 21504K, 0% used [0x00000000feb00000,0x00000000feb00000,0x0000000100000000)
  to   space 21504K, 0% used [0x00000000fd600000,0x00000000fd600000,0x00000000feb00000)
 ParOldGen       total 349696K, used 16421K [0x00000000e0000000, 0x00000000f5580000, 0x00000000f5580000)
  object space 349696K, 4% used [0x00000000e0000000,0x00000000e10094e0,0x00000000f5580000)
 Metaspace       used 35118K, capacity 35368K, committed 35416K, reserved 1079296K
  class space    used 5420K, capacity 5484K, committed 5504K, reserved 1048576K
}

Deoptimization events (10 events):
Event: 1.187 Thread 0x00007f2d8800a000 Uncommon trap: reason=unstable_if action=reinterpret pc=0x00007f2d79272218 method=java.lang.ClassLoader.checkName(Ljava/lang/String;)Z @ 20
Event: 1.195 Thread 0x00007f2d8800a000 Uncommon trap: reason=unstable_if action=reinterpret pc=0x00007f2d793a813c method=java.net.URL.<init>(Ljava/net/URL;Ljava/lang/String;Ljava/net/URLStreamHandler;)V @ 347
Event: 1.195 Thread 0x00007f2d8800a000 Uncommon trap: reason=unstable_if action=reinterpret pc=0x00007f2d792277d8 method=java.io.UnixFileSystem.normalize(Ljava/lang/String;)Ljava/lang/String; @ 60
Event: 1.600 Thread 0x00007f2d8800a000 Uncommon trap: reason=unstable_if action=reinterpret pc=0x00007f2d79410a00 method=sun.misc.MetaIndex.mayContain(Ljava/lang/String;)Z @ 38
Event: 1.600 Thread 0x00007f2d8800a000 Uncommon trap: reason=unstable_if action=reinterpret pc=0x00007f2d791fc4d8 method=sun.misc.MetaIndex.mayContain(Ljava/lang/String;)Z @ 38
Event: 1.627 Thread 0x00007f2d8800a000 Uncommon trap: reason=class_check action=maybe_recompile pc=0x00007f2d7942c028 method=java.util.zip.InflaterInputStream.read([BII)I @ 100
Event: 1.763 Thread 0x00007f2d88b6a000 Uncommon trap: reason=unstable_if action=reinterpret pc=0x00007f2d7955b99c method=org.xerial.snappy.SnappyLoader.contentsEquals(Ljava/io/InputStream;Ljava/io/InputStream;)Z @ 39
Event: 1.929 Thread 0x00007f2d0807a000 Uncommon trap: reason=unstable_if action=reinterpret pc=0x00007f2d79270b5c method=java.lang.String.regionMatches(ZILjava/lang/String;II)Z @ 123
Event: 1.930 Thread 0x00007f2d0807a000 Uncommon trap: reason=unstable_if action=reinterpret pc=0x00007f2d79388f6c method=java.lang.String.regionMatches(ZILjava/lang/String;II)Z @ 123
Event: 1.971 Thread 0x00007f2d8808b000 Uncommon trap: reason=unstable_if action=reinterpret pc=0x00007f2d794e062c method=java.util.WeakHashMap.eq(Ljava/lang/Object;Ljava/lang/Object;)Z @ 2

Internal exceptions (10 events):
Event: 1.854 Thread 0x00007f2d04001000 Exception <a 'java/lang/NoSuchMethodError': <clinit>> (0x00000000f75ce418) thrown at [/HUDSON3/workspace/8-2-build-linux-amd64/jdk8u73/6086/hotspot/src/share/vm/prims/jni.cpp, line 1591]
Event: 1.854 Thread 0x00007f2d04001000 Exception <a 'java/lang/NoSuchMethodError': <clinit>> (0x00000000f75d26b8) thrown at [/HUDSON3/workspace/8-2-build-linux-amd64/jdk8u73/6086/hotspot/src/share/vm/prims/jni.cpp, line 1591]
Event: 1.855 Thread 0x00007f2d04001000 Exception <a 'java/lang/NoSuchMethodError': <clinit>> (0x00000000f75e0378) thrown at [/HUDSON3/workspace/8-2-build-linux-amd64/jdk8u73/6086/hotspot/src/share/vm/prims/jni.cpp, line 1591]
Event: 1.860 Thread 0x00007f2d04001000 Exception <a 'java/lang/NoSuchMethodError': <clinit>> (0x00000000f977ed88) thrown at [/HUDSON3/workspace/8-2-build-linux-amd64/jdk8u73/6086/hotspot/src/share/vm/prims/jni.cpp, line 1591]
Event: 1.860 Thread 0x00007f2d04001000 Exception <a 'java/lang/NoSuchMethodError': <clinit>> (0x00000000f9782380) thrown at [/HUDSON3/workspace/8-2-build-linux-amd64/jdk8u73/6086/hotspot/src/share/vm/prims/jni.cpp, line 1591]
Event: 1.860 Thread 0x00007f2d04001000 Exception <a 'java/lang/NoSuchMethodError': <clinit>> (0x00000000f97830d8) thrown at [/HUDSON3/workspace/8-2-build-linux-amd64/jdk8u73/6086/hotspot/src/share/vm/prims/jni.cpp, line 1591]
Event: 1.871 Thread 0x00007f2d04001000 Exception <a 'java/lang/NoSuchMethodError': <clinit>> (0x00000000f97d50b8) thrown at [/HUDSON3/workspace/8-2-build-linux-amd64/jdk8u73/6086/hotspot/src/share/vm/prims/jni.cpp, line 1591]
Event: 1.871 Thread 0x00007f2d04001000 Exception <a 'java/lang/NoSuchMethodError': <clinit>> (0x00000000f97ddb28) thrown at [/HUDSON3/workspace/8-2-build-linux-amd64/jdk8u73/6086/hotspot/src/share/vm/prims/jni.cpp, line 1591]
Event: 1.873 Thread 0x00007f2d04001000 Exception <a 'java/lang/NoSuchMethodError': <clinit>> (0x00000000f97f3998) thrown at [/HUDSON3/workspace/8-2-build-linux-amd64/jdk8u73/6086/hotspot/src/share/vm/prims/jni.cpp, line 1591]
Event: 1.873 Thread 0x00007f2d04001000 Exception <a 'java/lang/NoSuchMethodError': <clinit>> (0x00000000f98013a0) thrown at [/HUDSON3/workspace/8-2-build-linux-amd64/jdk8u73/6086/hotspot/src/share/vm/prims/jni.cpp, line 1591]

Events (10 events):
Event: 1.994 loading class org/apache/spark/executor/DataReadMethod$
Event: 1.994 loading class org/apache/spark/executor/DataReadMethod$ done
Event: 1.994 loading class org/apache/spark/executor/InputMetrics
Event: 1.994 loading class org/apache/spark/executor/InputMetrics done
Event: 1.995 loading class org/apache/spark/broadcast/TorrentBroadcast$$anonfun$readBroadcastBlock$1$$anonfun$3
Event: 1.995 loading class org/apache/spark/broadcast/TorrentBroadcast$$anonfun$readBroadcastBlock$1$$anonfun$3 done
Event: 1.996 loading class org/apache/spark/storage/StorageLevel$$anonfun$readExternal$1
Event: 1.996 loading class org/apache/spark/storage/StorageLevel$$anonfun$readExternal$1 done
Event: 1.997 loading class org/apache/spark/rdd/RDD$$anonfun$isCheckpointed$1
Event: 1.997 loading class org/apache/spark/rdd/RDD$$anonfun$isCheckpointed$1 done


Dynamic libraries:
00400000-00401000 r-xp 00000000 08:02 132646356                          /usr/java/jdk1.8.0_73/bin/java
00600000-00601000 rw-p 00000000 08:02 132646356                          /usr/java/jdk1.8.0_73/bin/java
01165000-01186000 rw-p 00000000 00:00 0                                  [heap]
e0000000-100580000 rw-p 00000000 00:00 0 
100580000-140000000 ---p 00000000 00:00 0 
7f2c68000000-7f2c68021000 rw-p 00000000 00:00 0 
7f2c68021000-7f2c6c000000 ---p 00000000 00:00 0 
7f2c6c000000-7f2c6c021000 rw-p 00000000 00:00 0 
7f2c6c021000-7f2c70000000 ---p 00000000 00:00 0 
7f2c70000000-7f2c70021000 rw-p 00000000 00:00 0 
7f2c70021000-7f2c74000000 ---p 00000000 00:00 0 
7f2c74000000-7f2c742b7000 rw-p 00000000 00:00 0 
7f2c742b7000-7f2c78000000 ---p 00000000 00:00 0 
7f2c78000000-7f2c78021000 rw-p 00000000 00:00 0 
7f2c78021000-7f2c7c000000 ---p 00000000 00:00 0 
7f2c7c000000-7f2c7c0d8000 rw-p 00000000 00:00 0 
7f2c7c0d8000-7f2c80000000 ---p 00000000 00:00 0 
7f2c80000000-7f2c80021000 rw-p 00000000 00:00 0 
7f2c80021000-7f2c84000000 ---p 00000000 00:00 0 
7f2c84000000-7f2c84021000 rw-p 00000000 00:00 0 
7f2c84021000-7f2c88000000 ---p 00000000 00:00 0 
7f2c88000000-7f2c88021000 rw-p 00000000 00:00 0 
7f2c88021000-7f2c8c000000 ---p 00000000 00:00 0 
7f2c8c000000-7f2c8c236000 rw-p 00000000 00:00 0 
7f2c8c236000-7f2c90000000 ---p 00000000 00:00 0 
7f2c90000000-7f2c90021000 rw-p 00000000 00:00 0 
7f2c90021000-7f2c94000000 ---p 00000000 00:00 0 
7f2c94000000-7f2c94021000 rw-p 00000000 00:00 0 
7f2c94021000-7f2c98000000 ---p 00000000 00:00 0 
7f2c98000000-7f2c98021000 rw-p 00000000 00:00 0 
7f2c98021000-7f2c9c000000 ---p 00000000 00:00 0 
7f2c9c000000-7f2c9c021000 rw-p 00000000 00:00 0 
7f2c9c021000-7f2ca0000000 ---p 00000000 00:00 0 
7f2ca0000000-7f2ca0021000 rw-p 00000000 00:00 0 
7f2ca0021000-7f2ca4000000 ---p 00000000 00:00 0 
7f2ca4000000-7f2ca4021000 rw-p 00000000 00:00 0 
7f2ca4021000-7f2ca8000000 ---p 00000000 00:00 0 
7f2ca8000000-7f2ca8021000 rw-p 00000000 00:00 0 
7f2ca8021000-7f2cac000000 ---p 00000000 00:00 0 
7f2cac000000-7f2cac021000 rw-p 00000000 00:00 0 
7f2cac021000-7f2cb0000000 ---p 00000000 00:00 0 
7f2cb0000000-7f2cb0021000 rw-p 00000000 00:00 0 
7f2cb0021000-7f2cb4000000 ---p 00000000 00:00 0 
7f2cb4000000-7f2cb4021000 rw-p 00000000 00:00 0 
7f2cb4021000-7f2cb8000000 ---p 00000000 00:00 0 
7f2cb8000000-7f2cb8021000 rw-p 00000000 00:00 0 
7f2cb8021000-7f2cbc000000 ---p 00000000 00:00 0 
7f2cbc000000-7f2cbc021000 rw-p 00000000 00:00 0 
7f2cbc021000-7f2cc0000000 ---p 00000000 00:00 0 
7f2cc02e5000-7f2cc0322000 r-xp 00000000 08:02 102760613                  /tmp/snappy-unknown-b1b9d61b-d0a1-424b-8a10-6c629d6900bf-libsnappyjava.so
7f2cc0322000-7f2cc0522000 ---p 0003d000 08:02 102760613                  /tmp/snappy-unknown-b1b9d61b-d0a1-424b-8a10-6c629d6900bf-libsnappyjava.so
7f2cc0522000-7f2cc0525000 rw-p 0003d000 08:02 102760613                  /tmp/snappy-unknown-b1b9d61b-d0a1-424b-8a10-6c629d6900bf-libsnappyjava.so
7f2cc0525000-7f2cc0537000 rw-p 00000000 00:00 0 
7f2cc06e4000-7f2cc06e7000 ---p 00000000 00:00 0 
7f2cc06e7000-7f2cc07e5000 rw-p 00000000 00:00 0 
7f2cc07e5000-7f2cc07e8000 ---p 00000000 00:00 0 
7f2cc07e8000-7f2cc08e6000 rw-p 00000000 00:00 0                          [stack:1678]
7f2cc08e6000-7f2cc08e9000 ---p 00000000 00:00 0 
7f2cc08e9000-7f2cc0be7000 rw-p 00000000 00:00 0                          [stack:1677]
7f2cc0c10000-7f2cc0d86000 rw-p 00000000 00:00 0 
7f2cc0d86000-7f2cc0e10000 ---p 00000000 00:00 0 
7f2cc0e10000-7f2cc0e4a000 r-xp 00000000 08:02 132646436                  /usr/java/jdk1.8.0_73/jre/lib/amd64/libjpeg.so
7f2cc0e4a000-7f2cc104a000 ---p 0003a000 08:02 132646436                  /usr/java/jdk1.8.0_73/jre/lib/amd64/libjpeg.so
7f2cc104a000-7f2cc104b000 rw-p 0003a000 08:02 132646436                  /usr/java/jdk1.8.0_73/jre/lib/amd64/libjpeg.so
7f2cc104b000-7f2cc104e000 ---p 00000000 00:00 0 
7f2cc104e000-7f2cc114c000 rw-p 00000000 00:00 0                          [stack:1676]
7f2cc114c000-7f2cc1151000 r-xp 00000000 08:02 128851335                  /usr/lib/x86_64-linux-gnu/libXdmcp.so.6.0.0
7f2cc1151000-7f2cc1350000 ---p 00005000 08:02 128851335                  /usr/lib/x86_64-linux-gnu/libXdmcp.so.6.0.0
7f2cc1350000-7f2cc1351000 r--p 00004000 08:02 128851335                  /usr/lib/x86_64-linux-gnu/libXdmcp.so.6.0.0
7f2cc1351000-7f2cc1352000 rw-p 00005000 08:02 128851335                  /usr/lib/x86_64-linux-gnu/libXdmcp.so.6.0.0
7f2cc1352000-7f2cc1354000 r-xp 00000000 08:02 128851324                  /usr/lib/x86_64-linux-gnu/libXau.so.6.0.0
7f2cc1354000-7f2cc1554000 ---p 00002000 08:02 128851324                  /usr/lib/x86_64-linux-gnu/libXau.so.6.0.0
7f2cc1554000-7f2cc1555000 r--p 00002000 08:02 128851324                  /usr/lib/x86_64-linux-gnu/libXau.so.6.0.0
7f2cc1555000-7f2cc1556000 rw-p 00003000 08:02 128851324                  /usr/lib/x86_64-linux-gnu/libXau.so.6.0.0
7f2cc1556000-7f2cc1573000 r-xp 00000000 08:02 128852394                  /usr/lib/x86_64-linux-gnu/libxcb.so.1.1.0
7f2cc1573000-7f2cc1773000 ---p 0001d000 08:02 128852394                  /usr/lib/x86_64-linux-gnu/libxcb.so.1.1.0
7f2cc1773000-7f2cc1774000 r--p 0001d000 08:02 128852394                  /usr/lib/x86_64-linux-gnu/libxcb.so.1.1.0
7f2cc1774000-7f2cc1775000 rw-p 0001e000 08:02 128852394                  /usr/lib/x86_64-linux-gnu/libxcb.so.1.1.0
7f2cc1775000-7f2cc1784000 r-xp 00000000 08:02 128849896                  /usr/lib/x86_64-linux-gnu/libXi.so.6.1.0
7f2cc1784000-7f2cc1983000 ---p 0000f000 08:02 128849896                  /usr/lib/x86_64-linux-gnu/libXi.so.6.1.0
7f2cc1983000-7f2cc1984000 r--p 0000e000 08:02 128849896                  /usr/lib/x86_64-linux-gnu/libXi.so.6.1.0
7f2cc1984000-7f2cc1985000 rw-p 0000f000 08:02 128849896                  /usr/lib/x86_64-linux-gnu/libXi.so.6.1.0
7f2cc1985000-7f2cc198a000 r-xp 00000000 08:02 128851365                  /usr/lib/x86_64-linux-gnu/libXtst.so.6.1.0
7f2cc198a000-7f2cc1b89000 ---p 00005000 08:02 128851365                  /usr/lib/x86_64-linux-gnu/libXtst.so.6.1.0
7f2cc1b89000-7f2cc1b8a000 r--p 00004000 08:02 128851365                  /usr/lib/x86_64-linux-gnu/libXtst.so.6.1.0
7f2cc1b8a000-7f2cc1b8b000 rw-p 00005000 08:02 128851365                  /usr/lib/x86_64-linux-gnu/libXtst.so.6.1.0
7f2cc1b8b000-7f2cc1b94000 r-xp 00000000 08:02 128849836                  /usr/lib/x86_64-linux-gnu/libXrender.so.1.3.0
7f2cc1b94000-7f2cc1d93000 ---p 00009000 08:02 128849836                  /usr/lib/x86_64-linux-gnu/libXrender.so.1.3.0
7f2cc1d93000-7f2cc1d94000 r--p 00008000 08:02 128849836                  /usr/lib/x86_64-linux-gnu/libXrender.so.1.3.0
7f2cc1d94000-7f2cc1d95000 rw-p 00009000 08:02 128849836                  /usr/lib/x86_64-linux-gnu/libXrender.so.1.3.0
7f2cc1d95000-7f2cc1ec5000 r-xp 00000000 08:02 128851320                  /usr/lib/x86_64-linux-gnu/libX11.so.6.3.0
7f2cc1ec5000-7f2cc20c5000 ---p 00130000 08:02 128851320                  /usr/lib/x86_64-linux-gnu/libX11.so.6.3.0
7f2cc20c5000-7f2cc20c6000 r--p 00130000 08:02 128851320                  /usr/lib/x86_64-linux-gnu/libX11.so.6.3.0
7f2cc20c6000-7f2cc20ca000 rw-p 00131000 08:02 128851320                  /usr/lib/x86_64-linux-gnu/libX11.so.6.3.0
7f2cc20ca000-7f2cc20db000 r-xp 00000000 08:02 128844231                  /usr/lib/x86_64-linux-gnu/libXext.so.6.4.0
7f2cc20db000-7f2cc22da000 ---p 00011000 08:02 128844231                  /usr/lib/x86_64-linux-gnu/libXext.so.6.4.0
7f2cc22da000-7f2cc22db000 r--p 00010000 08:02 128844231                  /usr/lib/x86_64-linux-gnu/libXext.so.6.4.0
7f2cc22db000-7f2cc22dc000 rw-p 00011000 08:02 128844231                  /usr/lib/x86_64-linux-gnu/libXext.so.6.4.0
7f2cc22dc000-7f2cc2330000 r-xp 00000000 08:02 132646465                  /usr/java/jdk1.8.0_73/jre/lib/amd64/libawt_xawt.so
7f2cc2330000-7f2cc2530000 ---p 00054000 08:02 132646465                  /usr/java/jdk1.8.0_73/jre/lib/amd64/libawt_xawt.so
7f2cc2530000-7f2cc2534000 rw-p 00054000 08:02 132646465                  /usr/java/jdk1.8.0_73/jre/lib/amd64/libawt_xawt.so
7f2cc2534000-7f2cc2535000 rw-p 00000000 00:00 0 
7f2cc2535000-7f2cc25d7000 r-xp 00000000 08:02 132646497                  /usr/java/jdk1.8.0_73/jre/lib/amd64/libawt.so
7f2cc25d7000-7f2cc27d7000 ---p 000a2000 08:02 132646497                  /usr/java/jdk1.8.0_73/jre/lib/amd64/libawt.so
7f2cc27d7000-7f2cc27e3000 rw-p 000a2000 08:02 132646497                  /usr/java/jdk1.8.0_73/jre/lib/amd64/libawt.so
7f2cc27e3000-7f2cc2807000 rw-p 00000000 00:00 0 
7f2cc2807000-7f2cc280a000 ---p 00000000 00:00 0 
7f2cc280a000-7f2cc2908000 rw-p 00000000 00:00 0                          [stack:1675]
7f2cc2908000-7f2cc290b000 ---p 00000000 00:00 0 
7f2cc290b000-7f2cc2c09000 rw-p 00000000 00:00 0                          [stack:1674]
7f2cc2c09000-7f2cc2c0c000 ---p 00000000 00:00 0 
7f2cc2c0c000-7f2cc2f0a000 rw-p 00000000 00:00 0                          [stack:1673]
7f2cc2f0a000-7f2cc2f0d000 ---p 00000000 00:00 0 
7f2cc2f0d000-7f2cc300b000 rw-p 00000000 00:00 0                          [stack:1669]
7f2cc30f3000-7f2cc30f6000 ---p 00000000 00:00 0 
7f2cc30f6000-7f2cc31f4000 rw-p 00000000 00:00 0                          [stack:1670]
7f2cc31f4000-7f2cc31f7000 ---p 00000000 00:00 0 
7f2cc31f7000-7f2cc32f5000 rw-p 00000000 00:00 0                          [stack:1668]
7f2cc32f5000-7f2cc32f8000 ---p 00000000 00:00 0 
7f2cc32f8000-7f2cc33f6000 rw-p 00000000 00:00 0                          [stack:1667]
7f2cc33f6000-7f2cc33f9000 ---p 00000000 00:00 0 
7f2cc33f9000-7f2cc34f7000 rw-p 00000000 00:00 0                          [stack:1666]
7f2cc34f7000-7f2cc34fa000 ---p 00000000 00:00 0 
7f2cc34fa000-7f2cc35f8000 rw-p 00000000 00:00 0                          [stack:1665]
7f2cc35f8000-7f2cc35fb000 ---p 00000000 00:00 0 
7f2cc35fb000-7f2cc36f9000 rw-p 00000000 00:00 0                          [stack:1664]
7f2cc36f9000-7f2cc36fc000 ---p 00000000 00:00 0 
7f2cc36fc000-7f2cc37fa000 rw-p 00000000 00:00 0                          [stack:1663]
7f2cc37fa000-7f2cc37fd000 ---p 00000000 00:00 0 
7f2cc37fd000-7f2cc38fb000 rw-p 00000000 00:00 0                          [stack:1662]
7f2cc38fb000-7f2cc38fe000 ---p 00000000 00:00 0 
7f2cc38fe000-7f2cc39fc000 rw-p 00000000 00:00 0                          [stack:1661]
7f2cc39fc000-7f2cc39ff000 ---p 00000000 00:00 0 
7f2cc39ff000-7f2cc3afd000 rw-p 00000000 00:00 0                          [stack:1660]
7f2cc3afd000-7f2cc3b00000 ---p 00000000 00:00 0 
7f2cc3b00000-7f2cc3dfe000 rw-p 00000000 00:00 0                          [stack:1659]
7f2cc3dfe000-7f2cc3e01000 ---p 00000000 00:00 0 
7f2cc3e01000-7f2cc3eff000 rw-p 00000000 00:00 0                          [stack:1658]
7f2cc3eff000-7f2cc3f02000 ---p 00000000 00:00 0 
7f2cc3f02000-7f2cc4000000 rw-p 00000000 00:00 0                          [stack:1657]
7f2cc4000000-7f2cc4021000 rw-p 00000000 00:00 0 
7f2cc4021000-7f2cc8000000 ---p 00000000 00:00 0 
7f2cc8000000-7f2cc8021000 rw-p 00000000 00:00 0 
7f2cc8021000-7f2ccc000000 ---p 00000000 00:00 0 
7f2ccc000000-7f2ccc021000 rw-p 00000000 00:00 0 
7f2ccc021000-7f2cd0000000 ---p 00000000 00:00 0 
7f2cd0000000-7f2cd0021000 rw-p 00000000 00:00 0 
7f2cd0021000-7f2cd4000000 ---p 00000000 00:00 0 
7f2cd4000000-7f2cd4021000 rw-p 00000000 00:00 0 
7f2cd4021000-7f2cd8000000 ---p 00000000 00:00 0 
7f2cd8000000-7f2cd8021000 rw-p 00000000 00:00 0 
7f2cd8021000-7f2cdc000000 ---p 00000000 00:00 0 
7f2cdc000000-7f2cdc021000 rw-p 00000000 00:00 0 
7f2cdc021000-7f2ce0000000 ---p 00000000 00:00 0 
7f2ce0000000-7f2ce0021000 rw-p 00000000 00:00 0 
7f2ce0021000-7f2ce4000000 ---p 00000000 00:00 0 
7f2ce4000000-7f2ce4021000 rw-p 00000000 00:00 0 
7f2ce4021000-7f2ce8000000 ---p 00000000 00:00 0 
7f2ce8000000-7f2ce8021000 rw-p 00000000 00:00 0 
7f2ce8021000-7f2cec000000 ---p 00000000 00:00 0 
7f2cec000000-7f2cec021000 rw-p 00000000 00:00 0 
7f2cec021000-7f2cf0000000 ---p 00000000 00:00 0 
7f2cf0000000-7f2cf0021000 rw-p 00000000 00:00 0 
7f2cf0021000-7f2cf4000000 ---p 00000000 00:00 0 
7f2cf4000000-7f2cf4021000 rw-p 00000000 00:00 0 
7f2cf4021000-7f2cf8000000 ---p 00000000 00:00 0 
7f2cf8000000-7f2cf8021000 rw-p 00000000 00:00 0 
7f2cf8021000-7f2cfc000000 ---p 00000000 00:00 0 
7f2cfc000000-7f2cfc169000 rw-p 00000000 00:00 0 
7f2cfc169000-7f2d00000000 ---p 00000000 00:00 0 
7f2d00000000-7f2d00021000 rw-p 00000000 00:00 0 
7f2d00021000-7f2d04000000 ---p 00000000 00:00 0 
7f2d04000000-7f2d04021000 rw-p 00000000 00:00 0 
7f2d04021000-7f2d08000000 ---p 00000000 00:00 0 
7f2d08000000-7f2d08087000 rw-p 00000000 00:00 0 
7f2d08087000-7f2d0c000000 ---p 00000000 00:00 0 
7f2d0c000000-7f2d0c021000 rw-p 00000000 00:00 0 
7f2d0c021000-7f2d10000000 ---p 00000000 00:00 0 
7f2d10000000-7f2d10021000 rw-p 00000000 00:00 0 
7f2d10021000-7f2d14000000 ---p 00000000 00:00 0 
7f2d14000000-7f2d14021000 rw-p 00000000 00:00 0 
7f2d14021000-7f2d18000000 ---p 00000000 00:00 0 
7f2d180b0000-7f2d180b3000 ---p 00000000 00:00 0 
7f2d180b3000-7f2d181b1000 rw-p 00000000 00:00 0                          [stack:1656]
7f2d181b1000-7f2d181b4000 ---p 00000000 00:00 0 
7f2d181b4000-7f2d182b2000 rw-p 00000000 00:00 0                          [stack:1655]
7f2d182b2000-7f2d182b5000 ---p 00000000 00:00 0 
7f2d182b5000-7f2d183b3000 rw-p 00000000 00:00 0                          [stack:1654]
7f2d183b3000-7f2d183b6000 ---p 00000000 00:00 0 
7f2d183b6000-7f2d184b4000 rw-p 00000000 00:00 0                          [stack:1653]
7f2d184b4000-7f2d184b7000 ---p 00000000 00:00 0 
7f2d184b7000-7f2d185b5000 rw-p 00000000 00:00 0                          [stack:1652]
7f2d185b5000-7f2d185b8000 ---p 00000000 00:00 0 
7f2d185b8000-7f2d186b6000 rw-p 00000000 00:00 0                          [stack:1651]
7f2d186b6000-7f2d186b9000 ---p 00000000 00:00 0 
7f2d186b9000-7f2d187b7000 rw-p 00000000 00:00 0                          [stack:1650]
7f2d187b7000-7f2d187ba000 ---p 00000000 00:00 0 
7f2d187ba000-7f2d188b8000 rw-p 00000000 00:00 0                          [stack:1649]
7f2d188b8000-7f2d188bb000 ---p 00000000 00:00 0 
7f2d188bb000-7f2d18bb9000 rw-p 00000000 00:00 0                          [stack:1648]
7f2d18bb9000-7f2d18bbc000 ---p 00000000 00:00 0 
7f2d18bbc000-7f2d18cba000 rw-p 00000000 00:00 0                          [stack:1647]
7f2d18cba000-7f2d18cbd000 ---p 00000000 00:00 0 
7f2d18cbd000-7f2d18dbb000 rw-p 00000000 00:00 0                          [stack:1646]
7f2d18dbb000-7f2d18dbe000 ---p 00000000 00:00 0 
7f2d18dbe000-7f2d18ebc000 rw-p 00000000 00:00 0                          [stack:1645]
7f2d18ebc000-7f2d18ebf000 ---p 00000000 00:00 0 
7f2d18ebf000-7f2d18fbd000 rw-p 00000000 00:00 0                          [stack:1644]
7f2d18fbd000-7f2d18fc0000 ---p 00000000 00:00 0 
7f2d18fc0000-7f2d190be000 rw-p 00000000 00:00 0                          [stack:1643]
7f2d190be000-7f2d190c1000 ---p 00000000 00:00 0 
7f2d190c1000-7f2d191bf000 rw-p 00000000 00:00 0                          [stack:1642]
7f2d191bf000-7f2d191d0000 r-xp 00000000 08:02 132646463                  /usr/java/jdk1.8.0_73/jre/lib/amd64/libnio.so
7f2d191d0000-7f2d193cf000 ---p 00011000 08:02 132646463                  /usr/java/jdk1.8.0_73/jre/lib/amd64/libnio.so
7f2d193cf000-7f2d193d0000 rw-p 00010000 08:02 132646463                  /usr/java/jdk1.8.0_73/jre/lib/amd64/libnio.so
7f2d193d0000-7f2d193d3000 ---p 00000000 00:00 0 
7f2d193d3000-7f2d196d1000 rw-p 00000000 00:00 0                          [stack:1641]
7f2d196d1000-7f2d196d4000 ---p 00000000 00:00 0 
7f2d196d4000-7f2d197d2000 rw-p 00000000 00:00 0                          [stack:1640]
7f2d197d2000-7f2d197d5000 ---p 00000000 00:00 0 
7f2d197d5000-7f2d198d3000 rw-p 00000000 00:00 0                          [stack:1639]
7f2d198d3000-7f2d198d6000 ---p 00000000 00:00 0 
7f2d198d6000-7f2d199d4000 rw-p 00000000 00:00 0                          [stack:1638]
7f2d199d4000-7f2d199d7000 ---p 00000000 00:00 0 
7f2d199d7000-7f2d19cd5000 rw-p 00000000 00:00 0                          [stack:1637]
7f2d19cd5000-7f2d19cd6000 r-xp 00000000 08:02 132646496                  /usr/java/jdk1.8.0_73/jre/lib/amd64/libjaas_unix.so
7f2d19cd6000-7f2d19ed5000 ---p 00001000 08:02 132646496                  /usr/java/jdk1.8.0_73/jre/lib/amd64/libjaas_unix.so
7f2d19ed5000-7f2d19ed6000 rw-p 00000000 08:02 132646496                  /usr/java/jdk1.8.0_73/jre/lib/amd64/libjaas_unix.so
7f2d19ed6000-7f2d1a0d6000 rw-p 00000000 00:00 0 
7f2d1a0d6000-7f2d1a2d6000 rw-p 00000000 00:00 0 
7f2d1a2d6000-7f2d1a2de000 r-xp 00000000 08:02 132646474                  /usr/java/jdk1.8.0_73/jre/lib/amd64/libmanagement.so
7f2d1a2de000-7f2d1a4de000 ---p 00008000 08:02 132646474                  /usr/java/jdk1.8.0_73/jre/lib/amd64/libmanagement.so
7f2d1a4de000-7f2d1a4df000 rw-p 00008000 08:02 132646474                  /usr/java/jdk1.8.0_73/jre/lib/amd64/libmanagement.so
7f2d1a4df000-7f2d1a4f6000 r-xp 00000000 08:02 119276529                  /lib/x86_64-linux-gnu/libresolv-2.19.so
7f2d1a4f6000-7f2d1a6f6000 ---p 00017000 08:02 119276529                  /lib/x86_64-linux-gnu/libresolv-2.19.so
7f2d1a6f6000-7f2d1a6f7000 r--p 00017000 08:02 119276529                  /lib/x86_64-linux-gnu/libresolv-2.19.so
7f2d1a6f7000-7f2d1a6f8000 rw-p 00018000 08:02 119276529                  /lib/x86_64-linux-gnu/libresolv-2.19.so
7f2d1a6f8000-7f2d1a6fa000 rw-p 00000000 00:00 0 
7f2d1a6fa000-7f2d1a6ff000 r-xp 00000000 08:02 119279452                  /lib/x86_64-linux-gnu/libnss_dns-2.19.so
7f2d1a6ff000-7f2d1a8fe000 ---p 00005000 08:02 119279452                  /lib/x86_64-linux-gnu/libnss_dns-2.19.so
7f2d1a8fe000-7f2d1a8ff000 r--p 00004000 08:02 119279452                  /lib/x86_64-linux-gnu/libnss_dns-2.19.so
7f2d1a8ff000-7f2d1a900000 rw-p 00005000 08:02 119279452                  /lib/x86_64-linux-gnu/libnss_dns-2.19.so
7f2d1a900000-7f2d1a902000 r-xp 00000000 08:02 119279563                  /lib/x86_64-linux-gnu/libnss_mdns4_minimal.so.2
7f2d1a902000-7f2d1ab01000 ---p 00002000 08:02 119279563                  /lib/x86_64-linux-gnu/libnss_mdns4_minimal.so.2
7f2d1ab01000-7f2d1ab02000 r--p 00001000 08:02 119279563                  /lib/x86_64-linux-gnu/libnss_mdns4_minimal.so.2
7f2d1ab02000-7f2d1ab03000 rw-p 00002000 08:02 119279563                  /lib/x86_64-linux-gnu/libnss_mdns4_minimal.so.2
7f2d1ab03000-7f2d1ab19000 r-xp 00000000 08:02 132646440                  /usr/java/jdk1.8.0_73/jre/lib/amd64/libnet.so
7f2d1ab19000-7f2d1ad19000 ---p 00016000 08:02 132646440                  /usr/java/jdk1.8.0_73/jre/lib/amd64/libnet.so
7f2d1ad19000-7f2d1ad1a000 rw-p 00016000 08:02 132646440                  /usr/java/jdk1.8.0_73/jre/lib/amd64/libnet.so
7f2d1ad1a000-7f2d1e616000 r-xp 00000000 08:02 130942681                  /usr/local/cuda-7.5/lib64/libcudnn.so.5.0.4
7f2d1e616000-7f2d1e816000 ---p 038fc000 08:02 130942681                  /usr/local/cuda-7.5/lib64/libcudnn.so.5.0.4
7f2d1e816000-7f2d1e827000 rw-p 038fc000 08:02 130942681                  /usr/local/cuda-7.5/lib64/libcudnn.so.5.0.4
7f2d1e827000-7f2d1e850000 rw-p 00000000 00:00 0 
7f2d1e850000-7f2d1ff19000 r-xp 00000000 08:02 130945229                  /usr/local/cuda-7.5/lib64/libcublas.so.7.5.18
7f2d1ff19000-7f2d20118000 ---p 016c9000 08:02 130945229                  /usr/local/cuda-7.5/lib64/libcublas.so.7.5.18
7f2d20118000-7f2d20124000 rw-p 016c8000 08:02 130945229                  /usr/local/cuda-7.5/lib64/libcublas.so.7.5.18
7f2d20124000-7f2d2012f000 rw-p 00000000 00:00 0 
7f2d2012f000-7f2d23daf000 r-xp 00000000 08:02 130945223                  /usr/local/cuda-7.5/lib64/libnppi.so.7.5.18
7f2d23daf000-7f2d23faf000 ---p 03c80000 08:02 130945223                  /usr/local/cuda-7.5/lib64/libnppi.so.7.5.18
7f2d23faf000-7f2d23fc2000 rw-p 03c80000 08:02 130945223                  /usr/local/cuda-7.5/lib64/libnppi.so.7.5.18
7f2d23fc2000-7f2d24000000 rw-p 00000000 00:00 0 
7f2d24000000-7f2d24021000 rw-p 00000000 00:00 0 
7f2d24021000-7f2d28000000 ---p 00000000 00:00 0 
7f2d28000000-7f2d28021000 rw-p 00000000 00:00 0 
7f2d28021000-7f2d2c000000 ---p 00000000 00:00 0 
7f2d2c000000-7f2d2cb39000 rw-p 00000000 00:00 0 
7f2d2cb39000-7f2d30000000 ---p 00000000 00:00 0 
7f2d30000000-7f2d307d1000 rw-p 00000000 00:00 0 
7f2d307d1000-7f2d34000000 ---p 00000000 00:00 0 
7f2d34000000-7f2d35a6e000 rw-p 00000000 00:00 0 
7f2d35a6e000-7f2d38000000 ---p 00000000 00:00 0 
7f2d38000000-7f2d39ad5000 rw-p 00000000 00:00 0 
7f2d39ad5000-7f2d3c000000 ---p 00000000 00:00 0 
7f2d3c000000-7f2d3c021000 rw-p 00000000 00:00 0 
7f2d3c021000-7f2d40000000 ---p 00000000 00:00 0 
7f2d40000000-7f2d40021000 rw-p 00000000 00:00 0 
7f2d40021000-7f2d44000000 ---p 00000000 00:00 0 
7f2d44000000-7f2d44021000 rw-p 00000000 00:00 0 
7f2d44021000-7f2d48000000 ---p 00000000 00:00 0 
7f2d48000000-7f2d48021000 rw-p 00000000 00:00 0 
7f2d48021000-7f2d4c000000 ---p 00000000 00:00 0 
7f2d4c000000-7f2d4c021000 rw-p 00000000 00:00 0 
7f2d4c021000-7f2d50000000 ---p 00000000 00:00 0 
7f2d50031000-7f2d5004d000 r--s 00393000 08:02 132646520                  /usr/java/jdk1.8.0_73/jre/lib/ext/cldrdata.jar
7f2d5004d000-7f2d50057000 r--s 00116000 08:02 132646517                  /usr/java/jdk1.8.0_73/jre/lib/ext/localedata.jar
7f2d50057000-7f2d5005a000 ---p 00000000 00:00 0 
7f2d5005a000-7f2d50358000 rw-p 00000000 00:00 0                          [stack:1636]
7f2d50358000-7f2d503bd000 r-xp 00000000 08:02 130945246                  /usr/local/cuda-7.5/lib64/libnppc.so.7.5.18
7f2d503bd000-7f2d505bd000 ---p 00065000 08:02 130945246                  /usr/local/cuda-7.5/lib64/libnppc.so.7.5.18
7f2d505bd000-7f2d505c0000 rw-p 00065000 08:02 130945246                  /usr/local/cuda-7.5/lib64/libnppc.so.7.5.18
7f2d505c0000-7f2d505c1000 rw-p 00000000 00:00 0 
7f2d505c1000-7f2d505d7000 r-xp 00000000 08:02 119276525                  /lib/x86_64-linux-gnu/libgcc_s.so.1
7f2d505d7000-7f2d507d6000 ---p 00016000 08:02 119276525                  /lib/x86_64-linux-gnu/libgcc_s.so.1
7f2d507d6000-7f2d507d7000 rw-p 00015000 08:02 119276525                  /lib/x86_64-linux-gnu/libgcc_s.so.1
7f2d507d7000-7f2d508bd000 r-xp 00000000 08:02 128848021                  /usr/lib/x86_64-linux-gnu/libstdc++.so.6.0.19
7f2d508bd000-7f2d50abc000 ---p 000e6000 08:02 128848021                  /usr/lib/x86_64-linux-gnu/libstdc++.so.6.0.19
7f2d50abc000-7f2d50ac4000 r--p 000e5000 08:02 128848021                  /usr/lib/x86_64-linux-gnu/libstdc++.so.6.0.19
7f2d50ac4000-7f2d50ac6000 rw-p 000ed000 08:02 128848021                  /usr/lib/x86_64-linux-gnu/libstdc++.so.6.0.19
7f2d50ac6000-7f2d50adb000 rw-p 00000000 00:00 0 
7f2d50adb000-7f2d50b36000 r-xp 00000000 08:02 130945239                  /usr/local/cuda-7.5/lib64/libcudart.so.7.5.18
7f2d50b36000-7f2d50d35000 ---p 0005b000 08:02 130945239                  /usr/local/cuda-7.5/lib64/libcudart.so.7.5.18
7f2d50d35000-7f2d50d39000 rw-p 0005a000 08:02 130945239                  /usr/local/cuda-7.5/lib64/libcudart.so.7.5.18
7f2d50d39000-7f2d50f81000 r-xp 00000000 08:02 171068909                  /home/make/finaljc/mnist/mnistCUDNN.so
7f2d50f81000-7f2d51180000 ---p 00248000 08:02 171068909                  /home/make/finaljc/mnist/mnistCUDNN.so
7f2d51180000-7f2d51183000 r--p 00247000 08:02 171068909                  /home/make/finaljc/mnist/mnistCUDNN.so
7f2d51183000-7f2d51194000 rw-p 0024a000 08:02 171068909                  /home/make/finaljc/mnist/mnistCUDNN.so
7f2d51194000-7f2d51313000 rw-p 00000000 00:00 0 
7f2d51313000-7f2d51d02000 r--s 09375000 08:02 174063921                  /usr/local/spark/lib/spark-assembly-1.3.1-hadoop2.6.0.jar
7f2d51d02000-7f2d51d03000 ---p 00000000 00:00 0 
7f2d51d03000-7f2d51e03000 rw-p 00000000 00:00 0                          [stack:1632]
7f2d51e03000-7f2d51e06000 ---p 00000000 00:00 0 
7f2d51e06000-7f2d51f04000 rw-p 00000000 00:00 0                          [stack:1631]
7f2d51f04000-7f2d51f07000 ---p 00000000 00:00 0 
7f2d51f07000-7f2d52005000 rw-p 00000000 00:00 0                          [stack:1630]
7f2d52005000-7f2d52008000 ---p 00000000 00:00 0 
7f2d52008000-7f2d52106000 rw-p 00000000 00:00 0                          [stack:1629]
7f2d52106000-7f2d52109000 ---p 00000000 00:00 0 
7f2d52109000-7f2d52207000 rw-p 00000000 00:00 0                          [stack:1628]
7f2d52207000-7f2d5220a000 ---p 00000000 00:00 0 
7f2d5220a000-7f2d52308000 rw-p 00000000 00:00 0                          [stack:1627]
7f2d52308000-7f2d5230b000 ---p 00000000 00:00 0 
7f2d5230b000-7f2d52409000 rw-p 00000000 00:00 0                          [stack:1626]
7f2d52409000-7f2d52aeb000 r--p 00000000 08:02 128850431                  /usr/lib/locale/locale-archive
7f2d52aeb000-7f2d52aee000 ---p 00000000 00:00 0 
7f2d52aee000-7f2d52bec000 rw-p 00000000 00:00 0                          [stack:1625]
7f2d52bec000-7f2d52bef000 ---p 00000000 00:00 0 
7f2d52bef000-7f2d52ced000 rw-p 00000000 00:00 0                          [stack:1624]
7f2d52ced000-7f2d52cee000 ---p 00000000 00:00 0 
7f2d52cee000-7f2d54000000 rw-p 00000000 00:00 0                          [stack:1623]
7f2d54000000-7f2d54021000 rw-p 00000000 00:00 0 
7f2d54021000-7f2d58000000 ---p 00000000 00:00 0 
7f2d58000000-7f2d58021000 rw-p 00000000 00:00 0 
7f2d58021000-7f2d5c000000 ---p 00000000 00:00 0 
7f2d5c000000-7f2d5c021000 rw-p 00000000 00:00 0 
7f2d5c021000-7f2d60000000 ---p 00000000 00:00 0 
7f2d60000000-7f2d60021000 rw-p 00000000 00:00 0 
7f2d60021000-7f2d64000000 ---p 00000000 00:00 0 
7f2d64000000-7f2d64021000 rw-p 00000000 00:00 0 
7f2d64021000-7f2d68000000 ---p 00000000 00:00 0 
7f2d68000000-7f2d68021000 rw-p 00000000 00:00 0 
7f2d68021000-7f2d6c000000 ---p 00000000 00:00 0 
7f2d6c000000-7f2d6c021000 rw-p 00000000 00:00 0 
7f2d6c021000-7f2d70000000 ---p 00000000 00:00 0 
7f2d70000000-7f2d70021000 rw-p 00000000 00:00 0 
7f2d70021000-7f2d74000000 ---p 00000000 00:00 0 
7f2d74000000-7f2d74021000 rw-p 00000000 00:00 0 
7f2d74021000-7f2d78000000 ---p 00000000 00:00 0 
7f2d78000000-7f2d78006000 r--s 002f8000 08:02 132646385                  /usr/java/jdk1.8.0_73/jre/lib/charsets.jar
7f2d78006000-7f2d78009000 ---p 00000000 00:00 0 
7f2d78009000-7f2d7803f000 rw-p 00000000 00:00 0                          [stack:1634]
7f2d7803f000-7f2d78055000 r--s 001a4000 08:02 174063919                  /usr/local/spark/lib/datanucleus-rdbms-3.2.9.jar
7f2d78055000-7f2d7806d000 r--s 001b6000 08:02 174063918                  /usr/local/spark/lib/datanucleus-core-3.2.10.jar
7f2d7806d000-7f2d79000000 rw-p 00000000 00:00 0 
7f2d79000000-7f2d79660000 rwxp 00000000 00:00 0 
7f2d79660000-7f2d88000000 ---p 00000000 00:00 0 
7f2d88000000-7f2d89362000 rw-p 00000000 00:00 0 
7f2d89362000-7f2d8c000000 ---p 00000000 00:00 0 
7f2d8c004000-7f2d8c13a000 rw-p 00000000 00:00 0 
7f2d8c13a000-7f2d8c312000 r--s 03d23000 08:02 132646432                  /usr/java/jdk1.8.0_73/jre/lib/rt.jar
7f2d8c312000-7f2d8dce3000 rw-p 00000000 00:00 0 
7f2d8dce3000-7f2d8dce4000 ---p 00000000 00:00 0 
7f2d8dce4000-7f2d8dde4000 rw-p 00000000 00:00 0                          [stack:1622]
7f2d8dde4000-7f2d8dde5000 ---p 00000000 00:00 0 
7f2d8dde5000-7f2d8dee5000 rw-p 00000000 00:00 0                          [stack:1621]
7f2d8dee5000-7f2d8dee6000 ---p 00000000 00:00 0 
7f2d8dee6000-7f2d8dfe6000 rw-p 00000000 00:00 0                          [stack:1620]
7f2d8dfe6000-7f2d8dfe7000 ---p 00000000 00:00 0 
7f2d8dfe7000-7f2d8e0e7000 rw-p 00000000 00:00 0                          [stack:1619]
7f2d8e0e7000-7f2d8e0e8000 ---p 00000000 00:00 0 
7f2d8e0e8000-7f2d8e1e8000 rw-p 00000000 00:00 0                          [stack:1618]
7f2d8e1e8000-7f2d8e1e9000 ---p 00000000 00:00 0 
7f2d8e1e9000-7f2d8e2e9000 rw-p 00000000 00:00 0                          [stack:1617]
7f2d8e2e9000-7f2d8e2ea000 ---p 00000000 00:00 0 
7f2d8e2ea000-7f2d8e3ea000 rw-p 00000000 00:00 0                          [stack:1616]
7f2d8e3ea000-7f2d8e3eb000 ---p 00000000 00:00 0 
7f2d8e3eb000-7f2d8e4eb000 rw-p 00000000 00:00 0                          [stack:1615]
7f2d8e4eb000-7f2d8e4ec000 ---p 00000000 00:00 0 
7f2d8e4ec000-7f2d8e5ec000 rw-p 00000000 00:00 0                          [stack:1614]
7f2d8e5ec000-7f2d8e5ed000 ---p 00000000 00:00 0 
7f2d8e5ed000-7f2d8e808000 rw-p 00000000 00:00 0                          [stack:1613]
7f2d8e808000-7f2d8ebae000 ---p 00000000 00:00 0 
7f2d8ebae000-7f2d8ebc8000 r-xp 00000000 08:02 132646461                  /usr/java/jdk1.8.0_73/jre/lib/amd64/libzip.so
7f2d8ebc8000-7f2d8edc8000 ---p 0001a000 08:02 132646461                  /usr/java/jdk1.8.0_73/jre/lib/amd64/libzip.so
7f2d8edc8000-7f2d8edc9000 rw-p 0001a000 08:02 132646461                  /usr/java/jdk1.8.0_73/jre/lib/amd64/libzip.so
7f2d8edc9000-7f2d8edd4000 r-xp 00000000 08:02 119276531                  /lib/x86_64-linux-gnu/libnss_files-2.19.so
7f2d8edd4000-7f2d8efd3000 ---p 0000b000 08:02 119276531                  /lib/x86_64-linux-gnu/libnss_files-2.19.so
7f2d8efd3000-7f2d8efd4000 r--p 0000a000 08:02 119276531                  /lib/x86_64-linux-gnu/libnss_files-2.19.so
7f2d8efd4000-7f2d8efd5000 rw-p 0000b000 08:02 119276531                  /lib/x86_64-linux-gnu/libnss_files-2.19.so
7f2d8efd5000-7f2d8efe0000 r-xp 00000000 08:02 119279765                  /lib/x86_64-linux-gnu/libnss_nis-2.19.so
7f2d8efe0000-7f2d8f1df000 ---p 0000b000 08:02 119279765                  /lib/x86_64-linux-gnu/libnss_nis-2.19.so
7f2d8f1df000-7f2d8f1e0000 r--p 0000a000 08:02 119279765                  /lib/x86_64-linux-gnu/libnss_nis-2.19.so
7f2d8f1e0000-7f2d8f1e1000 rw-p 0000b000 08:02 119279765                  /lib/x86_64-linux-gnu/libnss_nis-2.19.so
7f2d8f1e1000-7f2d8f1f8000 r-xp 00000000 08:02 119279596                  /lib/x86_64-linux-gnu/libnsl-2.19.so
7f2d8f1f8000-7f2d8f3f7000 ---p 00017000 08:02 119279596                  /lib/x86_64-linux-gnu/libnsl-2.19.so
7f2d8f3f7000-7f2d8f3f8000 r--p 00016000 08:02 119279596                  /lib/x86_64-linux-gnu/libnsl-2.19.so
7f2d8f3f8000-7f2d8f3f9000 rw-p 00017000 08:02 119279596                  /lib/x86_64-linux-gnu/libnsl-2.19.so
7f2d8f3f9000-7f2d8f3fb000 rw-p 00000000 00:00 0 
7f2d8f3fb000-7f2d8f404000 r-xp 00000000 08:02 119279584                  /lib/x86_64-linux-gnu/libnss_compat-2.19.so
7f2d8f404000-7f2d8f603000 ---p 00009000 08:02 119279584                  /lib/x86_64-linux-gnu/libnss_compat-2.19.so
7f2d8f603000-7f2d8f604000 r--p 00008000 08:02 119279584                  /lib/x86_64-linux-gnu/libnss_compat-2.19.so
7f2d8f604000-7f2d8f605000 rw-p 00009000 08:02 119279584                  /lib/x86_64-linux-gnu/libnss_compat-2.19.so
7f2d8f605000-7f2d8f62f000 r-xp 00000000 08:02 132646487                  /usr/java/jdk1.8.0_73/jre/lib/amd64/libjava.so
7f2d8f62f000-7f2d8f82f000 ---p 0002a000 08:02 132646487                  /usr/java/jdk1.8.0_73/jre/lib/amd64/libjava.so
7f2d8f82f000-7f2d8f831000 rw-p 0002a000 08:02 132646487                  /usr/java/jdk1.8.0_73/jre/lib/amd64/libjava.so
7f2d8f831000-7f2d8f83e000 r-xp 00000000 08:02 132646441                  /usr/java/jdk1.8.0_73/jre/lib/amd64/libverify.so
7f2d8f83e000-7f2d8fa3e000 ---p 0000d000 08:02 132646441                  /usr/java/jdk1.8.0_73/jre/lib/amd64/libverify.so
7f2d8fa3e000-7f2d8fa40000 rw-p 0000d000 08:02 132646441                  /usr/java/jdk1.8.0_73/jre/lib/amd64/libverify.so
7f2d8fa40000-7f2d8fa47000 r-xp 00000000 08:02 119279762                  /lib/x86_64-linux-gnu/librt-2.19.so
7f2d8fa47000-7f2d8fc46000 ---p 00007000 08:02 119279762                  /lib/x86_64-linux-gnu/librt-2.19.so
7f2d8fc46000-7f2d8fc47000 r--p 00006000 08:02 119279762                  /lib/x86_64-linux-gnu/librt-2.19.so
7f2d8fc47000-7f2d8fc48000 rw-p 00007000 08:02 119279762                  /lib/x86_64-linux-gnu/librt-2.19.so
7f2d8fc48000-7f2d8fd4d000 r-xp 00000000 08:02 119276530                  /lib/x86_64-linux-gnu/libm-2.19.so
7f2d8fd4d000-7f2d8ff4c000 ---p 00105000 08:02 119276530                  /lib/x86_64-linux-gnu/libm-2.19.so
7f2d8ff4c000-7f2d8ff4d000 r--p 00104000 08:02 119276530                  /lib/x86_64-linux-gnu/libm-2.19.so
7f2d8ff4d000-7f2d8ff4e000 rw-p 00105000 08:02 119276530                  /lib/x86_64-linux-gnu/libm-2.19.so
7f2d8ff4e000-7f2d90c0d000 r-xp 00000000 08:02 132646491                  /usr/java/jdk1.8.0_73/jre/lib/amd64/server/libjvm.so
7f2d90c0d000-7f2d90e0c000 ---p 00cbf000 08:02 132646491                  /usr/java/jdk1.8.0_73/jre/lib/amd64/server/libjvm.so
7f2d90e0c000-7f2d90ee5000 rw-p 00cbe000 08:02 132646491                  /usr/java/jdk1.8.0_73/jre/lib/amd64/server/libjvm.so
7f2d90ee5000-7f2d90f2e000 rw-p 00000000 00:00 0 
7f2d90f2e000-7f2d910e9000 r-xp 00000000 08:02 119279759                  /lib/x86_64-linux-gnu/libc-2.19.so
7f2d910e9000-7f2d912e8000 ---p 001bb000 08:02 119279759                  /lib/x86_64-linux-gnu/libc-2.19.so
7f2d912e8000-7f2d912ec000 r--p 001ba000 08:02 119279759                  /lib/x86_64-linux-gnu/libc-2.19.so
7f2d912ec000-7f2d912ee000 rw-p 001be000 08:02 119279759                  /lib/x86_64-linux-gnu/libc-2.19.so
7f2d912ee000-7f2d912f3000 rw-p 00000000 00:00 0 
7f2d912f3000-7f2d912f6000 r-xp 00000000 08:02 119279490                  /lib/x86_64-linux-gnu/libdl-2.19.so
7f2d912f6000-7f2d914f5000 ---p 00003000 08:02 119279490                  /lib/x86_64-linux-gnu/libdl-2.19.so
7f2d914f5000-7f2d914f6000 r--p 00002000 08:02 119279490                  /lib/x86_64-linux-gnu/libdl-2.19.so
7f2d914f6000-7f2d914f7000 rw-p 00003000 08:02 119279490                  /lib/x86_64-linux-gnu/libdl-2.19.so
7f2d914f7000-7f2d9150c000 r-xp 00000000 08:02 132645575                  /usr/java/jdk1.8.0_73/lib/amd64/jli/libjli.so
7f2d9150c000-7f2d9170c000 ---p 00015000 08:02 132645575                  /usr/java/jdk1.8.0_73/lib/amd64/jli/libjli.so
7f2d9170c000-7f2d9170d000 rw-p 00015000 08:02 132645575                  /usr/java/jdk1.8.0_73/lib/amd64/jli/libjli.so
7f2d9170d000-7f2d91726000 r-xp 00000000 08:02 119279760                  /lib/x86_64-linux-gnu/libpthread-2.19.so
7f2d91726000-7f2d91925000 ---p 00019000 08:02 119279760                  /lib/x86_64-linux-gnu/libpthread-2.19.so
7f2d91925000-7f2d91926000 r--p 00018000 08:02 119279760                  /lib/x86_64-linux-gnu/libpthread-2.19.so
7f2d91926000-7f2d91927000 rw-p 00019000 08:02 119279760                  /lib/x86_64-linux-gnu/libpthread-2.19.so
7f2d91927000-7f2d9192b000 rw-p 00000000 00:00 0 
7f2d9192b000-7f2d9194e000 r-xp 00000000 08:02 119279756                  /lib/x86_64-linux-gnu/ld-2.19.so
7f2d9194e000-7f2d91a24000 rw-p 00000000 00:00 0 
7f2d91a24000-7f2d91a27000 ---p 00000000 00:00 0 
7f2d91a27000-7f2d91b29000 rw-p 00000000 00:00 0                          [stack:1612]
7f2d91b29000-7f2d91b2c000 r--s 0001a000 08:02 132646691                  /usr/java/jdk1.8.0_73/jre/lib/jce.jar
7f2d91b2c000-7f2d91b30000 r--s 00097000 08:02 132646384                  /usr/java/jdk1.8.0_73/jre/lib/jsse.jar
7f2d91b30000-7f2d91b32000 r--s 00000000 08:02 171068978                  /home/make/finaljc/target/mycudnn-1.0.jar
7f2d91b32000-7f2d91b37000 r--s 0004e000 08:02 174063920                  /usr/local/spark/lib/datanucleus-api-jdo-3.2.6.jar
7f2d91b37000-7f2d91b41000 rw-p 00000000 00:00 0 
7f2d91b41000-7f2d91b49000 rw-s 00000000 08:02 102760484                  /tmp/hsperfdata_make/1535
7f2d91b49000-7f2d91b4a000 rw-p 00000000 00:00 0 
7f2d91b4a000-7f2d91b4b000 r--p 00000000 00:00 0 
7f2d91b4b000-7f2d91b4d000 rw-p 00000000 00:00 0 
7f2d91b4d000-7f2d91b4e000 r--p 00022000 08:02 119279756                  /lib/x86_64-linux-gnu/ld-2.19.so
7f2d91b4e000-7f2d91b4f000 rw-p 00023000 08:02 119279756                  /lib/x86_64-linux-gnu/ld-2.19.so
7f2d91b4f000-7f2d91b50000 rw-p 00000000 00:00 0 
7fffe1776000-7fffe1798000 rw-p 00000000 00:00 0                          [stack]
7fffe17fe000-7fffe1800000 r-xp 00000000 00:00 0                          [vdso]
ffffffffff600000-ffffffffff601000 r-xp 00000000 00:00 0                  [vsyscall]

VM Arguments:
jvm_args: -Xms512m -Xmx512m 
java_command: org.apache.spark.deploy.SparkSubmit --class TestJNIPrimitiveArray --master local[1] target/mycudnn-1.0.jar ulimit -c unlimit
java_class_path (initial): /usr/local/spark/conf:/usr/local/spark/lib/spark-assembly-1.3.1-hadoop2.6.0.jar:/usr/local/spark/lib/datanucleus-core-3.2.10.jar:/usr/local/spark/lib/datanucleus-rdbms-3.2.9.jar:/usr/local/spark/lib/datanucleus-api-jdo-3.2.6.jar
Launcher Type: SUN_STANDARD

Environment Variables:
JAVA_HOME=/usr/java/jdk1.8.0_73
CLASSPATH=/usr/local/spark/conf:/usr/local/spark/lib/spark-assembly-1.3.1-hadoop2.6.0.jar:/usr/local/spark/lib/datanucleus-core-3.2.10.jar:/usr/local/spark/lib/datanucleus-rdbms-3.2.9.jar:/usr/local/spark/lib/datanucleus-api-jdo-3.2.6.jar
PATH=/home/make/.rbenv/plugins/ruby-build/bin:/home/make/.rbenv/shims:/home/make/.rbenv/bin:/usr/local/heroku/bin:/home/make/.rbenv/shims:/home/make/.rbenv/bin:/opt/intel/bin:/home/make/bin:/usr/local/bin:/home/make/bin:/usr/local/bin:/home/make/bin:/usr/local/bin:/usr/local/sbin:/usr/local/bin:/usr/sbin:/usr/bin:/sbin:/bin:/usr/games:/usr/local/games:/usr/local/cuda/bin:/usr/local/cuda/bin:/home/make/.rvm/bin:/usr/local/cuda/bin:/usr/local/scala/bin:/usr/local/spark/bin:/usr/java/jdk1.8.0_73/bin:/home/make/.rvm/bin
LD_LIBRARY_PATH=:/usr/local/cuda/lib64:/usr/local/compilers_and_libraries/linux/lib/intel64:/usr/local/mkl/lib/intel64:/usr/local/lib:/usr/local/cuda/lib64:/usr/local/compilers_and_libraries/linux/lib/intel64:/usr/local/mkl/lib/intel64:/usr/local/lib:/usr/local/cuda/lib64:/usr/local/compilers_and_libraries/linux/lib/intel64:/opt/intel/compilers_and_libraries/linux/lib/intel64:/usr/local/lib:/usr/local/lib64:/usr/local/lib64/digilent/adept:/home/make/javacpp/another
SHELL=/bin/zsh
DISPLAY=:0

Signal Handlers:
SIGSEGV: [libjvm.so+0xabafa0], sa_mask[0]=11111111011111111101111111111110, sa_flags=SA_RESTART|SA_SIGINFO
SIGBUS: [libjvm.so+0xabafa0], sa_mask[0]=11111111011111111101111111111110, sa_flags=SA_RESTART|SA_SIGINFO
SIGFPE: [libjvm.so+0x9183c0], sa_mask[0]=11111111011111111101111111111110, sa_flags=SA_RESTART|SA_SIGINFO
SIGPIPE: [libjvm.so+0x9183c0], sa_mask[0]=11111111011111111101111111111110, sa_flags=SA_RESTART|SA_SIGINFO
SIGXFSZ: [libjvm.so+0x9183c0], sa_mask[0]=11111111011111111101111111111110, sa_flags=SA_RESTART|SA_SIGINFO
SIGILL: [libjvm.so+0x9183c0], sa_mask[0]=11111111011111111101111111111110, sa_flags=SA_RESTART|SA_SIGINFO
SIGUSR1: SIG_DFL, sa_mask[0]=00000000000000000000000000000000, sa_flags=none
SIGUSR2: [libjvm.so+0x9199f0], sa_mask[0]=00000000000000000000000000000000, sa_flags=SA_RESTART|SA_SIGINFO
SIGHUP: [libjvm.so+0x91adf0], sa_mask[0]=11111111011111111101111111111110, sa_flags=SA_RESTART|SA_SIGINFO
SIGINT: [libjvm.so+0x91adf0], sa_mask[0]=11111111011111111101111111111110, sa_flags=SA_RESTART|SA_SIGINFO
SIGTERM: [libjvm.so+0x91adf0], sa_mask[0]=11111111011111111101111111111110, sa_flags=SA_RESTART|SA_SIGINFO
SIGQUIT: [libjvm.so+0x91adf0], sa_mask[0]=11111111011111111101111111111110, sa_flags=SA_RESTART|SA_SIGINFO


---------------  S Y S T E M  ---------------

OS:DISTRIB_ID=Ubuntu
DISTRIB_RELEASE=14.04
DISTRIB_CODENAME=trusty
DISTRIB_DESCRIPTION="Ubuntu 14.04.1 LTS"

uname:Linux 3.13.0-32-generic #57-Ubuntu SMP Tue Jul 15 03:51:08 UTC 2014 x86_64
libc:glibc 2.19 NPTL 2.19 
rlimit: STACK 8192k, CORE infinity, NPROC 127849, NOFILE 4096, AS infinity
load average:0.39 2.48 2.70

/proc/meminfo:
MemTotal:       16386316 kB
MemFree:        10076088 kB
Buffers:          835308 kB
Cached:          2292808 kB
SwapCached:            0 kB
Active:          4127884 kB
Inactive:        1501152 kB
Active(anon):    2503352 kB
Inactive(anon):   116808 kB
Active(file):    1624532 kB
Inactive(file):  1384344 kB
Unevictable:         184 kB
Mlocked:             184 kB
SwapTotal:      45958132 kB
SwapFree:       45958132 kB
Dirty:               936 kB
Writeback:             0 kB
AnonPages:       2503308 kB
Mapped:           518188 kB
Shmem:            119236 kB
Slab:             378904 kB
SReclaimable:     314632 kB
SUnreclaim:        64272 kB
KernelStack:        7320 kB
PageTables:        58364 kB
NFS_Unstable:          0 kB
Bounce:                0 kB
WritebackTmp:          0 kB
CommitLimit:    54151288 kB
Committed_AS:   10419788 kB
VmallocTotal:   34359738367 kB
VmallocUsed:      395456 kB
VmallocChunk:   34359335932 kB
HardwareCorrupted:     0 kB
AnonHugePages:    684032 kB
HugePages_Total:       0
HugePages_Free:        0
HugePages_Rsvd:        0
HugePages_Surp:        0
Hugepagesize:       2048 kB
DirectMap4k:      294864 kB
DirectMap2M:     9095168 kB
DirectMap1G:     7340032 kB


CPU:total 12 (6 cores per cpu, 2 threads per core) family 6 model 45 stepping 7, cmov, cx8, fxsr, mmx, sse, sse2, sse3, ssse3, sse4.1, sse4.2, popcnt, avx, aes, clmul, ht, tsc, tscinvbit, tscinv

/proc/cpuinfo:
processor	: 0
vendor_id	: GenuineIntel
cpu family	: 6
model		: 45
model name	: Intel(R) Core(TM) i7-3930K CPU @ 3.20GHz
stepping	: 7
microcode	: 0x70b
cpu MHz		: 3201.000
cache size	: 12288 KB
physical id	: 0
siblings	: 12
core id		: 0
cpu cores	: 6
apicid		: 0
initial apicid	: 0
fpu		: yes
fpu_exception	: yes
cpuid level	: 13
wp		: yes
flags		: fpu vme de pse tsc msr pae mce cx8 apic sep mtrr pge mca cmov pat pse36 clflush dts acpi mmx fxsr sse sse2 ss ht tm pbe syscall nx pdpe1gb rdtscp lm constant_tsc arch_perfmon pebs bts rep_good nopl xtopology nonstop_tsc aperfmperf eagerfpu pni pclmulqdq dtes64 monitor ds_cpl vmx est tm2 ssse3 cx16 xtpr pdcm pcid dca sse4_1 sse4_2 x2apic popcnt tsc_deadline_timer aes xsave avx lahf_lm ida arat xsaveopt pln pts dtherm tpr_shadow vnmi flexpriority ept vpid
bogomips	: 6400.64
clflush size	: 64
cache_alignment	: 64
address sizes	: 46 bits physical, 48 bits virtual
power management:

processor	: 1
vendor_id	: GenuineIntel
cpu family	: 6
model		: 45
model name	: Intel(R) Core(TM) i7-3930K CPU @ 3.20GHz
stepping	: 7
microcode	: 0x70b
cpu MHz		: 1200.000
cache size	: 12288 KB
physical id	: 0
siblings	: 12
core id		: 1
cpu cores	: 6
apicid		: 2
initial apicid	: 2
fpu		: yes
fpu_exception	: yes
cpuid level	: 13
wp		: yes
flags		: fpu vme de pse tsc msr pae mce cx8 apic sep mtrr pge mca cmov pat pse36 clflush dts acpi mmx fxsr sse sse2 ss ht tm pbe syscall nx pdpe1gb rdtscp lm constant_tsc arch_perfmon pebs bts rep_good nopl xtopology nonstop_tsc aperfmperf eagerfpu pni pclmulqdq dtes64 monitor ds_cpl vmx est tm2 ssse3 cx16 xtpr pdcm pcid dca sse4_1 sse4_2 x2apic popcnt tsc_deadline_timer aes xsave avx lahf_lm ida arat xsaveopt pln pts dtherm tpr_shadow vnmi flexpriority ept vpid
bogomips	: 6400.64
clflush size	: 64
cache_alignment	: 64
address sizes	: 46 bits physical, 48 bits virtual
power management:

processor	: 2
vendor_id	: GenuineIntel
cpu family	: 6
model		: 45
model name	: Intel(R) Core(TM) i7-3930K CPU @ 3.20GHz
stepping	: 7
microcode	: 0x70b
cpu MHz		: 3201.000
cache size	: 12288 KB
physical id	: 0
siblings	: 12
core id		: 2
cpu cores	: 6
apicid		: 4
initial apicid	: 4
fpu		: yes
fpu_exception	: yes
cpuid level	: 13
wp		: yes
flags		: fpu vme de pse tsc msr pae mce cx8 apic sep mtrr pge mca cmov pat pse36 clflush dts acpi mmx fxsr sse sse2 ss ht tm pbe syscall nx pdpe1gb rdtscp lm constant_tsc arch_perfmon pebs bts rep_good nopl xtopology nonstop_tsc aperfmperf eagerfpu pni pclmulqdq dtes64 monitor ds_cpl vmx est tm2 ssse3 cx16 xtpr pdcm pcid dca sse4_1 sse4_2 x2apic popcnt tsc_deadline_timer aes xsave avx lahf_lm ida arat xsaveopt pln pts dtherm tpr_shadow vnmi flexpriority ept vpid
bogomips	: 6400.64
clflush size	: 64
cache_alignment	: 64
address sizes	: 46 bits physical, 48 bits virtual
power management:

processor	: 3
vendor_id	: GenuineIntel
cpu family	: 6
model		: 45
model name	: Intel(R) Core(TM) i7-3930K CPU @ 3.20GHz
stepping	: 7
microcode	: 0x70b
cpu MHz		: 1200.000
cache size	: 12288 KB
physical id	: 0
siblings	: 12
core id		: 3
cpu cores	: 6
apicid		: 6
initial apicid	: 6
fpu		: yes
fpu_exception	: yes
cpuid level	: 13
wp		: yes
flags		: fpu vme de pse tsc msr pae mce cx8 apic sep mtrr pge mca cmov pat pse36 clflush dts acpi mmx fxsr sse sse2 ss ht tm pbe syscall nx pdpe1gb rdtscp lm constant_tsc arch_perfmon pebs bts rep_good nopl xtopology nonstop_tsc aperfmperf eagerfpu pni pclmulqdq dtes64 monitor ds_cpl vmx est tm2 ssse3 cx16 xtpr pdcm pcid dca sse4_1 sse4_2 x2apic popcnt tsc_deadline_timer aes xsave avx lahf_lm ida arat xsaveopt pln pts dtherm tpr_shadow vnmi flexpriority ept vpid
bogomips	: 6400.64
clflush size	: 64
cache_alignment	: 64
address sizes	: 46 bits physical, 48 bits virtual
power management:

processor	: 4
vendor_id	: GenuineIntel
cpu family	: 6
model		: 45
model name	: Intel(R) Core(TM) i7-3930K CPU @ 3.20GHz
stepping	: 7
microcode	: 0x70b
cpu MHz		: 3201.000
cache size	: 12288 KB
physical id	: 0
siblings	: 12
core id		: 4
cpu cores	: 6
apicid		: 8
initial apicid	: 8
fpu		: yes
fpu_exception	: yes
cpuid level	: 13
wp		: yes
flags		: fpu vme de pse tsc msr pae mce cx8 apic sep mtrr pge mca cmov pat pse36 clflush dts acpi mmx fxsr sse sse2 ss ht tm pbe syscall nx pdpe1gb rdtscp lm constant_tsc arch_perfmon pebs bts rep_good nopl xtopology nonstop_tsc aperfmperf eagerfpu pni pclmulqdq dtes64 monitor ds_cpl vmx est tm2 ssse3 cx16 xtpr pdcm pcid dca sse4_1 sse4_2 x2apic popcnt tsc_deadline_timer aes xsave avx lahf_lm ida arat xsaveopt pln pts dtherm tpr_shadow vnmi flexpriority ept vpid
bogomips	: 6400.64
clflush size	: 64
cache_alignment	: 64
address sizes	: 46 bits physical, 48 bits virtual
power management:

processor	: 5
vendor_id	: GenuineIntel
cpu family	: 6
model		: 45
model name	: Intel(R) Core(TM) i7-3930K CPU @ 3.20GHz
stepping	: 7
microcode	: 0x70b
cpu MHz		: 3201.000
cache size	: 12288 KB
physical id	: 0
siblings	: 12
core id		: 5
cpu cores	: 6
apicid		: 10
initial apicid	: 10
fpu		: yes
fpu_exception	: yes
cpuid level	: 13
wp		: yes
flags		: fpu vme de pse tsc msr pae mce cx8 apic sep mtrr pge mca cmov pat pse36 clflush dts acpi mmx fxsr sse sse2 ss ht tm pbe syscall nx pdpe1gb rdtscp lm constant_tsc arch_perfmon pebs bts rep_good nopl xtopology nonstop_tsc aperfmperf eagerfpu pni pclmulqdq dtes64 monitor ds_cpl vmx est tm2 ssse3 cx16 xtpr pdcm pcid dca sse4_1 sse4_2 x2apic popcnt tsc_deadline_timer aes xsave avx lahf_lm ida arat xsaveopt pln pts dtherm tpr_shadow vnmi flexpriority ept vpid
bogomips	: 6400.64
clflush size	: 64
cache_alignment	: 64
address sizes	: 46 bits physical, 48 bits virtual
power management:

processor	: 6
vendor_id	: GenuineIntel
cpu family	: 6
model		: 45
model name	: Intel(R) Core(TM) i7-3930K CPU @ 3.20GHz
stepping	: 7
microcode	: 0x70b
cpu MHz		: 1200.000
cache size	: 12288 KB
physical id	: 0
siblings	: 12
core id		: 0
cpu cores	: 6
apicid		: 1
initial apicid	: 1
fpu		: yes
fpu_exception	: yes
cpuid level	: 13
wp		: yes
flags		: fpu vme de pse tsc msr pae mce cx8 apic sep mtrr pge mca cmov pat pse36 clflush dts acpi mmx fxsr sse sse2 ss ht tm pbe syscall nx pdpe1gb rdtscp lm constant_tsc arch_perfmon pebs bts rep_good nopl xtopology nonstop_tsc aperfmperf eagerfpu pni pclmulqdq dtes64 monitor ds_cpl vmx est tm2 ssse3 cx16 xtpr pdcm pcid dca sse4_1 sse4_2 x2apic popcnt tsc_deadline_timer aes xsave avx lahf_lm ida arat xsaveopt pln pts dtherm tpr_shadow vnmi flexpriority ept vpid
bogomips	: 6400.64
clflush size	: 64
cache_alignment	: 64
address sizes	: 46 bits physical, 48 bits virtual
power management:

processor	: 7
vendor_id	: GenuineIntel
cpu family	: 6
model		: 45
model name	: Intel(R) Core(TM) i7-3930K CPU @ 3.20GHz
stepping	: 7
microcode	: 0x70b
cpu MHz		: 3201.000
cache size	: 12288 KB
physical id	: 0
siblings	: 12
core id		: 1
cpu cores	: 6
apicid		: 3
initial apicid	: 3
fpu		: yes
fpu_exception	: yes
cpuid level	: 13
wp		: yes
flags		: fpu vme de pse tsc msr pae mce cx8 apic sep mtrr pge mca cmov pat pse36 clflush dts acpi mmx fxsr sse sse2 ss ht tm pbe syscall nx pdpe1gb rdtscp lm constant_tsc arch_perfmon pebs bts rep_good nopl xtopology nonstop_tsc aperfmperf eagerfpu pni pclmulqdq dtes64 monitor ds_cpl vmx est tm2 ssse3 cx16 xtpr pdcm pcid dca sse4_1 sse4_2 x2apic popcnt tsc_deadline_timer aes xsave avx lahf_lm ida arat xsaveopt pln pts dtherm tpr_shadow vnmi flexpriority ept vpid
bogomips	: 6400.64
clflush size	: 64
cache_alignment	: 64
address sizes	: 46 bits physical, 48 bits virtual
power management:

processor	: 8
vendor_id	: GenuineIntel
cpu family	: 6
model		: 45
model name	: Intel(R) Core(TM) i7-3930K CPU @ 3.20GHz
stepping	: 7
microcode	: 0x70b
cpu MHz		: 2600.000
cache size	: 12288 KB
physical id	: 0
siblings	: 12
core id		: 2
cpu cores	: 6
apicid		: 5
initial apicid	: 5
fpu		: yes
fpu_exception	: yes
cpuid level	: 13
wp		: yes
flags		: fpu vme de pse tsc msr pae mce cx8 apic sep mtrr pge mca cmov pat pse36 clflush dts acpi mmx fxsr sse sse2 ss ht tm pbe syscall nx pdpe1gb rdtscp lm constant_tsc arch_perfmon pebs bts rep_good nopl xtopology nonstop_tsc aperfmperf eagerfpu pni pclmulqdq dtes64 monitor ds_cpl vmx est tm2 ssse3 cx16 xtpr pdcm pcid dca sse4_1 sse4_2 x2apic popcnt tsc_deadline_timer aes xsave avx lahf_lm ida arat xsaveopt pln pts dtherm tpr_shadow vnmi flexpriority ept vpid
bogomips	: 6400.64
clflush size	: 64
cache_alignment	: 64
address sizes	: 46 bits physical, 48 bits virtual
power management:

processor	: 9
vendor_id	: GenuineIntel
cpu family	: 6
model		: 45
model name	: Intel(R) Core(TM) i7-3930K CPU @ 3.20GHz
stepping	: 7
microcode	: 0x70b
cpu MHz		: 1200.000
cache size	: 12288 KB
physical id	: 0
siblings	: 12
core id		: 3
cpu cores	: 6
apicid		: 7
initial apicid	: 7
fpu		: yes
fpu_exception	: yes
cpuid level	: 13
wp		: yes
flags		: fpu vme de pse tsc msr pae mce cx8 apic sep mtrr pge mca cmov pat pse36 clflush dts acpi mmx fxsr sse sse2 ss ht tm pbe syscall nx pdpe1gb rdtscp lm constant_tsc arch_perfmon pebs bts rep_good nopl xtopology nonstop_tsc aperfmperf eagerfpu pni pclmulqdq dtes64 monitor ds_cpl vmx est tm2 ssse3 cx16 xtpr pdcm pcid dca sse4_1 sse4_2 x2apic popcnt tsc_deadline_timer aes xsave avx lahf_lm ida arat xsaveopt pln pts dtherm tpr_shadow vnmi flexpriority ept vpid
bogomips	: 6400.64
clflush size	: 64
cache_alignment	: 64
address sizes	: 46 bits physical, 48 bits virtual
power management:

processor	: 10
vendor_id	: GenuineIntel
cpu family	: 6
model		: 45
model name	: Intel(R) Core(TM) i7-3930K CPU @ 3.20GHz
stepping	: 7
microcode	: 0x70b
cpu MHz		: 2100.000
cache size	: 12288 KB
physical id	: 0
siblings	: 12
core id		: 4
cpu cores	: 6
apicid		: 9
initial apicid	: 9
fpu		: yes
fpu_exception	: yes
cpuid level	: 13
wp		: yes
flags		: fpu vme de pse tsc msr pae mce cx8 apic sep mtrr pge mca cmov pat pse36 clflush dts acpi mmx fxsr sse sse2 ss ht tm pbe syscall nx pdpe1gb rdtscp lm constant_tsc arch_perfmon pebs bts rep_good nopl xtopology nonstop_tsc aperfmperf eagerfpu pni pclmulqdq dtes64 monitor ds_cpl vmx est tm2 ssse3 cx16 xtpr pdcm pcid dca sse4_1 sse4_2 x2apic popcnt tsc_deadline_timer aes xsave avx lahf_lm ida arat xsaveopt pln pts dtherm tpr_shadow vnmi flexpriority ept vpid
bogomips	: 6400.64
clflush size	: 64
cache_alignment	: 64
address sizes	: 46 bits physical, 48 bits virtual
power management:

processor	: 11
vendor_id	: GenuineIntel
cpu family	: 6
model		: 45
model name	: Intel(R) Core(TM) i7-3930K CPU @ 3.20GHz
stepping	: 7
microcode	: 0x70b
cpu MHz		: 1200.000
cache size	: 12288 KB
physical id	: 0
siblings	: 12
core id		: 5
cpu cores	: 6
apicid		: 11
initial apicid	: 11
fpu		: yes
fpu_exception	: yes
cpuid level	: 13
wp		: yes
flags		: fpu vme de pse tsc msr pae mce cx8 apic sep mtrr pge mca cmov pat pse36 clflush dts acpi mmx fxsr sse sse2 ss ht tm pbe syscall nx pdpe1gb rdtscp lm constant_tsc arch_perfmon pebs bts rep_good nopl xtopology nonstop_tsc aperfmperf eagerfpu pni pclmulqdq dtes64 monitor ds_cpl vmx est tm2 ssse3 cx16 xtpr pdcm pcid dca sse4_1 sse4_2 x2apic popcnt tsc_deadline_timer aes xsave avx lahf_lm ida arat xsaveopt pln pts dtherm tpr_shadow vnmi flexpriority ept vpid
bogomips	: 6400.64
clflush size	: 64
cache_alignment	: 64
address sizes	: 46 bits physical, 48 bits virtual
power management:



Memory: 4k page, physical 16386316k(10076088k free), swap 45958132k(45958132k free)

vm_info: Java HotSpot(TM) 64-Bit Server VM (25.73-b02) for linux-amd64 JRE (1.8.0_73-b02), built on Jan 29 2016 17:39:45 by "java_re" with gcc 4.3.0 20080428 (Red Hat 4.3.0-8)

time: Wed Apr 13 20:47:09 2016
elapsed time: 2 seconds (0d 0h 0m 2s)

