#
# A fatal error has been detected by the Java Runtime Environment:
#
#  SIGSEGV (0xb) at pc=0x00007f3b483ecd2f, pid=883, tid=139892052780800
#
# JRE version: Java(TM) SE Runtime Environment (8.0_73-b02) (build 1.8.0_73-b02)
# Java VM: Java HotSpot(TM) 64-Bit Server VM (25.73-b02 mixed mode linux-amd64 compressed oops)
# Problematic frame:
# C  [device=1+0x2bd2f]  stringRemoveDelimiter(char, char const*)+0x2b
#
# Failed to write core dump. Core dumps have been disabled. To enable core dumping, try "ulimit -c unlimited" before starting Java again
#
# If you would like to submit a bug report, please visit:
#   http://bugreport.java.com/bugreport/crash.jsp
# The crash happened outside the Java Virtual Machine in native code.
# See problematic frame for where to report the bug.
#

---------------  T H R E A D  ---------------

Current thread (0x00007f3acc07b000):  JavaThread "Executor task launch worker-1" daemon [_thread_in_native, id=1043, stack(0x00007f3b280ce000,0x00007f3b281cf000)]

siginfo: si_signo: 11 (SIGSEGV), si_code: 1 (SEGV_MAPERR), si_addr: 0x0000000000000000

Registers:
RAX=0x0000000000000000, RBX=0x00007f3b6472b908, RCX=0x0000000000000817, RDX=0x0000000000000000
RSP=0x00007f3b281cc500, RBP=0x00007f3b281cc520, RSI=0x0000000000000000, RDI=0x000000000000002d
R8 =0x00007f3b67cfbdc0, R9 =0x00007f3b67cd5e00, R10=0x00007f3b67f426a0, R11=0x0000000000000202
R12=0x0000000000000000, R13=0x00007f3b6472b908, R14=0x00007f3b281ccc00, R15=0x00007f3acc07b000
RIP=0x00007f3b483ecd2f, EFLAGS=0x0000000000010246, CSGSFS=0x0000000000000033, ERR=0x0000000000000004
  TRAPNO=0x000000000000000e

Top of Stack: (sp=0x00007f3b281cc500)
0x00007f3b281cc500:   0000000000000000 0000002d00000000
0x00007f3b281cc510:   00007f3acc07b000 0000000067b8c508
0x00007f3b281cc520:   00007f3b281cc580 00007f3b483ecda8
0x00007f3b281cc530:   0000000000000000 00007f3b4851f817
0x00007f3b281cc540:   00007f3b6034e320 0000031000000310
0x00007f3b281cc550:   00007f3b6034e320 0000000000000310
0x00007f3b281cc560:   0000000000000006 0000000400000000
0x00007f3b281cc570:   00007f3b6034e320 0000000000000000
0x00007f3b281cc580:   00007f3b281ccad0 00007f3b483eba22
0x00007f3b281cc590:   00007f3b51010c00 00007f3a0000000b
0x00007f3b281cc5a0:   00007f3acc07b000 00007f3b6034e320
0x00007f3b281cc5b0:   00000310640516d0 00007f3a340097a0
0x00007f3b281cc5c0:   00007f3b281ccb80 0000000000000000
0x00007f3b281cc5d0:   00007f3b41d313d8 00007f3b281cc8c0
0x00007f3b281cc5e0:   00007f3acc07b000 00007f3acc07bc50
0x00007f3b281cc5f0:   00007f3acc07bc90 00007f3acc07bcb8
0x00007f3b281cc600:   00007f3acc07bd78 00000000000000d8
0x00007f3b281cc610:   00007f3b281cd910 00007f3b281cc680
0x00007f3b281cc620:   00007f3b640516d0 00007f3acc07b000
0x00007f3b281cc630:   0000000000000000 00007f3acc07b000
0x00007f3b281cc640:   00007f3b640516d0 00007f3acc07b000
0x00007f3b281cc650:   00007f3acc07b000 00007f3acc07b000
0x00007f3b281cc660:   00007f3b281cc690 00007f3b4bfa96e0
0x00007f3b281cc670:   00007f3b640516d0 00007f3acc07b000
0x00007f3b281cc680:   00007f3b640516d0 00007f3acc07b000
0x00007f3b281cc690:   00007f3b640516d0 00007f3acc07b000
0x00007f3b281cc6a0:   0000000000000000 00007f3acc074b20
0x00007f3b281cc6b0:   00007f3acc07baa0 00007f3acc07b000
0x00007f3b281cc6c0:   00007f3b281cc8c0 00007f3b281cc7c0
0x00007f3b281cc6d0:   00007f3b281cc7b0 00007f3b672325e9
0x00007f3b281cc6e0:   0000000000000001 00007f3acc07b000
0x00007f3b281cc6f0:   0000000100122028 00007f3acc07b000 

Instructions: (pc=0x00007f3b483ecd2f)
0x00007f3b483ecd0f:   89 75 e0 88 45 ec c7 45 fc 00 00 00 00 eb 04 83
0x00007f3b483ecd1f:   45 fc 01 8b 45 fc 48 63 d0 48 8b 45 e0 48 01 d0
0x00007f3b483ecd2f:   0f b6 00 3a 45 ec 74 e7 48 8b 45 e0 48 89 c7 e8
0x00007f3b483ecd3f:   cd 7b ff ff 83 e8 01 3b 45 fc 7f 07 b8 00 00 00 

Register to memory mapping:

RAX=0x0000000000000000 is an unknown value
RBX={method} {0x00007f3b6472b908} 'imgDNN' '([I)[D' in 'TestJNIPrimitiveArray'
RCX=0x0000000000000817 is an unknown value
RDX=0x0000000000000000 is an unknown value
RSP=0x00007f3b281cc500 is pointing into the stack for thread: 0x00007f3acc07b000
RBP=0x00007f3b281cc520 is pointing into the stack for thread: 0x00007f3acc07b000
RSI=0x0000000000000000 is an unknown value
RDI=0x000000000000002d is an unknown value
R8 =0x00007f3b67cfbdc0: _itoa_lower_digits+0 in /lib/x86_64-linux-gnu/libc.so.6 at 0x00007f3b67b85000
R9 =0x00007f3b67cd5e00: <offset 0x150e00> in /lib/x86_64-linux-gnu/libc.so.6 at 0x00007f3b67b85000
R10=0x00007f3b67f426a0: _IO_file_jumps+0 in /lib/x86_64-linux-gnu/libc.so.6 at 0x00007f3b67b85000
R11=0x0000000000000202 is an unknown value
R12=0x0000000000000000 is an unknown value
R13={method} {0x00007f3b6472b908} 'imgDNN' '([I)[D' in 'TestJNIPrimitiveArray'
R14=0x00007f3b281ccc00 is pointing into the stack for thread: 0x00007f3acc07b000
R15=0x00007f3acc07b000 is a thread


Stack: [0x00007f3b280ce000,0x00007f3b281cf000],  sp=0x00007f3b281cc500,  free space=1017k
Native frames: (J=compiled Java code, j=interpreted, Vv=VM code, C=native code)
C  [device=1+0x2bd2f]  stringRemoveDelimiter(char, char const*)+0x2b
C  [device=1+0x2bda8]  checkCmdLineFlag(int, char const**, char const*)+0x51
C  [device=1+0x2aa22]  main_ext(int*, int, char const**)+0x66
C  [device=1+0x2b00b]  sendimg+0x36
C  [device=1+0x37af7]  Java_TestJNIPrimitiveArray_imgDNN+0xb0
j  TestJNIPrimitiveArray.imgDNN([I)[D+0
j  TestJNIPrimitiveArray.imgSend([I)D+8
j  TestJNIPrimitiveArray$1.call([Ljava/lang/Integer;)Ljava/lang/Integer;+29
j  TestJNIPrimitiveArray$1.call(Ljava/lang/Object;)Ljava/lang/Object;+5
j  org.apache.spark.api.java.JavaPairRDD$$anonfun$toScalaFunction$1.apply(Ljava/lang/Object;)Ljava/lang/Object;+5
j  scala.collection.Iterator$$anon$11.next()Ljava/lang/Object;+13
j  scala.collection.Iterator$class.foreach(Lscala/collection/Iterator;Lscala/Function1;)V+11
j  scala.collection.AbstractIterator.foreach(Lscala/Function1;)V+2
J 1452 C1 scala.collection.generic.Growable$class.$plus$plus$eq(Lscala/collection/generic/Growable;Lscala/collection/TraversableOnce;)Lscala/collection/generic/Growable; (21 bytes) @ 0x00007f3b5148964c [0x00007f3b51489300+0x34c]
j  scala.collection.mutable.ArrayBuffer.$plus$plus$eq(Lscala/collection/TraversableOnce;)Lscala/collection/mutable/ArrayBuffer;+62
j  scala.collection.mutable.ArrayBuffer.$plus$plus$eq(Lscala/collection/TraversableOnce;)Lscala/collection/generic/Growable;+2
j  scala.collection.TraversableOnce$class.to(Lscala/collection/TraversableOnce;Lscala/collection/generic/CanBuildFrom;)Ljava/lang/Object;+14
j  scala.collection.AbstractIterator.to(Lscala/collection/generic/CanBuildFrom;)Ljava/lang/Object;+2
j  scala.collection.TraversableOnce$class.toBuffer(Lscala/collection/TraversableOnce;)Lscala/collection/mutable/Buffer;+7
j  scala.collection.AbstractIterator.toBuffer()Lscala/collection/mutable/Buffer;+1
j  scala.collection.TraversableOnce$class.toArray(Lscala/collection/TraversableOnce;Lscala/reflect/ClassTag;)Ljava/lang/Object;+35
j  scala.collection.AbstractIterator.toArray(Lscala/reflect/ClassTag;)Ljava/lang/Object;+2
j  org.apache.spark.rdd.RDD$$anonfun$17.apply(Lscala/collection/Iterator;)Ljava/lang/Object;+8
j  org.apache.spark.rdd.RDD$$anonfun$17.apply(Ljava/lang/Object;)Ljava/lang/Object;+5
j  org.apache.spark.SparkContext$$anonfun$runJob$5.apply(Lorg/apache/spark/TaskContext;Lscala/collection/Iterator;)Ljava/lang/Object;+5
j  org.apache.spark.SparkContext$$anonfun$runJob$5.apply(Ljava/lang/Object;Ljava/lang/Object;)Ljava/lang/Object;+9
j  org.apache.spark.scheduler.ResultTask.runTask(Lorg/apache/spark/TaskContext;)Ljava/lang/Object;+135
j  org.apache.spark.scheduler.Task.run(JI)Ljava/lang/Object;+78
j  org.apache.spark.executor.Executor$TaskRunner.run()V+312
j  java.util.concurrent.ThreadPoolExecutor.runWorker(Ljava/util/concurrent/ThreadPoolExecutor$Worker;)V+95
j  java.util.concurrent.ThreadPoolExecutor$Worker.run()V+5
j  java.lang.Thread.run()V+11
v  ~StubRoutines::call_stub
V  [libjvm.so+0x68c656]  JavaCalls::call_helper(JavaValue*, methodHandle*, JavaCallArguments*, Thread*)+0x1056
V  [libjvm.so+0x68cb61]  JavaCalls::call_virtual(JavaValue*, KlassHandle, Symbol*, Symbol*, JavaCallArguments*, Thread*)+0x321
V  [libjvm.so+0x68d007]  JavaCalls::call_virtual(JavaValue*, Handle, KlassHandle, Symbol*, Symbol*, Thread*)+0x47
V  [libjvm.so+0x723dc0]  thread_entry(JavaThread*, Thread*)+0xa0
V  [libjvm.so+0xa69cff]  JavaThread::thread_main_inner()+0xdf
V  [libjvm.so+0xa69e2c]  JavaThread::run()+0x11c
V  [libjvm.so+0x91d918]  java_start(Thread*)+0x108
C  [libpthread.so.0+0x8182]  start_thread+0xc2

Java frames: (J=compiled Java code, j=interpreted, Vv=VM code)
j  TestJNIPrimitiveArray.imgDNN([I)[D+0
j  TestJNIPrimitiveArray.imgSend([I)D+8
j  TestJNIPrimitiveArray$1.call([Ljava/lang/Integer;)Ljava/lang/Integer;+29
j  TestJNIPrimitiveArray$1.call(Ljava/lang/Object;)Ljava/lang/Object;+5
j  org.apache.spark.api.java.JavaPairRDD$$anonfun$toScalaFunction$1.apply(Ljava/lang/Object;)Ljava/lang/Object;+5
j  scala.collection.Iterator$$anon$11.next()Ljava/lang/Object;+13
j  scala.collection.Iterator$class.foreach(Lscala/collection/Iterator;Lscala/Function1;)V+11
j  scala.collection.AbstractIterator.foreach(Lscala/Function1;)V+2
J 1452 C1 scala.collection.generic.Growable$class.$plus$plus$eq(Lscala/collection/generic/Growable;Lscala/collection/TraversableOnce;)Lscala/collection/generic/Growable; (21 bytes) @ 0x00007f3b5148964c [0x00007f3b51489300+0x34c]
j  scala.collection.mutable.ArrayBuffer.$plus$plus$eq(Lscala/collection/TraversableOnce;)Lscala/collection/mutable/ArrayBuffer;+62
j  scala.collection.mutable.ArrayBuffer.$plus$plus$eq(Lscala/collection/TraversableOnce;)Lscala/collection/generic/Growable;+2
j  scala.collection.TraversableOnce$class.to(Lscala/collection/TraversableOnce;Lscala/collection/generic/CanBuildFrom;)Ljava/lang/Object;+14
j  scala.collection.AbstractIterator.to(Lscala/collection/generic/CanBuildFrom;)Ljava/lang/Object;+2
j  scala.collection.TraversableOnce$class.toBuffer(Lscala/collection/TraversableOnce;)Lscala/collection/mutable/Buffer;+7
j  scala.collection.AbstractIterator.toBuffer()Lscala/collection/mutable/Buffer;+1
j  scala.collection.TraversableOnce$class.toArray(Lscala/collection/TraversableOnce;Lscala/reflect/ClassTag;)Ljava/lang/Object;+35
j  scala.collection.AbstractIterator.toArray(Lscala/reflect/ClassTag;)Ljava/lang/Object;+2
j  org.apache.spark.rdd.RDD$$anonfun$17.apply(Lscala/collection/Iterator;)Ljava/lang/Object;+8
j  org.apache.spark.rdd.RDD$$anonfun$17.apply(Ljava/lang/Object;)Ljava/lang/Object;+5
j  org.apache.spark.SparkContext$$anonfun$runJob$5.apply(Lorg/apache/spark/TaskContext;Lscala/collection/Iterator;)Ljava/lang/Object;+5
j  org.apache.spark.SparkContext$$anonfun$runJob$5.apply(Ljava/lang/Object;Ljava/lang/Object;)Ljava/lang/Object;+9
j  org.apache.spark.scheduler.ResultTask.runTask(Lorg/apache/spark/TaskContext;)Ljava/lang/Object;+135
j  org.apache.spark.scheduler.Task.run(JI)Ljava/lang/Object;+78
j  org.apache.spark.executor.Executor$TaskRunner.run()V+312
j  java.util.concurrent.ThreadPoolExecutor.runWorker(Ljava/util/concurrent/ThreadPoolExecutor$Worker;)V+95
j  java.util.concurrent.ThreadPoolExecutor$Worker.run()V+5
j  java.lang.Thread.run()V+11
v  ~StubRoutines::call_stub

---------------  P R O C E S S  ---------------

Java Threads: ( => current thread )
  0x00007f3a4000d000 JavaThread "Keep-Alive-Timer" daemon [_thread_blocked, id=1045, stack(0x00007f3b2308b000,0x00007f3b2318c000)]
=>0x00007f3acc07b000 JavaThread "Executor task launch worker-1" daemon [_thread_in_native, id=1043, stack(0x00007f3b280ce000,0x00007f3b281cf000)]
  0x00007f3acc07a000 JavaThread "Executor task launch worker-0" daemon [_thread_in_native, id=1042, stack(0x00007f3b284c6000,0x00007f3b285c7000)]
  0x00007f3b60e71000 JavaThread "Java2D Disposer" daemon [_thread_blocked, id=1041, stack(0x00007f3b29419000,0x00007f3b2951a000)]
  0x00007f3b60e1e000 JavaThread "SparkListenerBus" daemon [_thread_blocked, id=1040, stack(0x00007f3b29243000,0x00007f3b29344000)]
  0x00007f3b60e1c800 JavaThread "Spark Context Cleaner" daemon [_thread_blocked, id=1039, stack(0x00007f3b297cf000,0x00007f3b298d0000)]
  0x00007f3b60ba8000 JavaThread "shuffle-server-0" daemon [_thread_in_native, id=1038, stack(0x00007f3b298d0000,0x00007f3b299d1000)]
  0x00007f3acc026800 JavaThread "Driver Heartbeater" daemon [_thread_blocked, id=1036, stack(0x00007f3b29bd1000,0x00007f3b29cd2000)]
  0x00007f3b60a7a000 JavaThread "dag-scheduler-event-loop" daemon [_thread_blocked, id=1034, stack(0x00007f3b29cd2000,0x00007f3b29dd3000)]
  0x00007f3b60a64800 JavaThread "Timer-0" daemon [_thread_blocked, id=1033, stack(0x00007f3b29dd3000,0x00007f3b29ed4000)]
  0x00007f3b60a24000 JavaThread "qtp803893384-50" daemon [_thread_blocked, id=1032, stack(0x00007f3b29ed4000,0x00007f3b29fd5000)]
  0x00007f3b60a22000 JavaThread "qtp803893384-49" daemon [_thread_blocked, id=1031, stack(0x00007f3b29fd5000,0x00007f3b2a0d6000)]
  0x00007f3b60a20800 JavaThread "qtp803893384-48 Acceptor2 SelectChannelConnector@0.0.0.0:4040" daemon [_thread_blocked, id=1030, stack(0x00007f3b2a0d6000,0x00007f3b2a1d7000)]
  0x00007f3b60a1e800 JavaThread "qtp803893384-47 Acceptor1 SelectChannelConnector@0.0.0.0:4040" daemon [_thread_in_native, id=1029, stack(0x00007f3b2a1d7000,0x00007f3b2a2d8000)]
  0x00007f3b60a1d000 JavaThread "qtp803893384-46 Acceptor0 SelectChannelConnector@0.0.0.0:4040" daemon [_thread_blocked, id=1028, stack(0x00007f3b2a2d8000,0x00007f3b2a3d9000)]
  0x00007f3b60a1b800 JavaThread "qtp803893384-45 Selector2" daemon [_thread_in_native, id=1027, stack(0x00007f3b2a3d9000,0x00007f3b2a4da000)]
  0x00007f3b60a19800 JavaThread "qtp803893384-44 Selector1" daemon [_thread_in_native, id=1026, stack(0x00007f3b2a4da000,0x00007f3b2a5db000)]
  0x00007f3b60a16800 JavaThread "qtp803893384-43 Selector0" daemon [_thread_in_native, id=1025, stack(0x00007f3b2a5db000,0x00007f3b2a6dc000)]
  0x00007f3b609c1800 JavaThread "SPARK_CONTEXT cleanup timer" daemon [_thread_blocked, id=1023, stack(0x00007f3b2a6dc000,0x00007f3b2a7dd000)]
  0x00007f3b609b1800 JavaThread "qtp1161148117-40" daemon [_thread_blocked, id=1022, stack(0x00007f3b2a9dd000,0x00007f3b2aade000)]
  0x00007f3b609b0000 JavaThread "qtp1161148117-39" daemon [_thread_blocked, id=1021, stack(0x00007f3b2aade000,0x00007f3b2abdf000)]
  0x00007f3b609ae000 JavaThread "qtp1161148117-38" daemon [_thread_blocked, id=1020, stack(0x00007f3b2abdf000,0x00007f3b2ace0000)]
  0x00007f3b609ac800 JavaThread "qtp1161148117-37" daemon [_thread_blocked, id=1019, stack(0x00007f3b2ace0000,0x00007f3b2ade1000)]
  0x00007f3b609aa800 JavaThread "qtp1161148117-36" daemon [_thread_blocked, id=1018, stack(0x00007f3b2ade1000,0x00007f3b2aee2000)]
  0x00007f3b609a9000 JavaThread "qtp1161148117-35" daemon [_thread_blocked, id=1017, stack(0x00007f3b2aee2000,0x00007f3b2afe3000)]
  0x00007f3b609a7000 JavaThread "qtp1161148117-34" daemon [_thread_in_native, id=1016, stack(0x00007f3b2afe3000,0x00007f3b2b0e4000)]
  0x00007f3b609a6800 JavaThread "qtp1161148117-33 Acceptor0 SocketConnector@0.0.0.0:42238" daemon [_thread_in_native, id=1015, stack(0x00007f3b2b0e4000,0x00007f3b2b1e5000)]
  0x00007f3b60930800 JavaThread "BROADCAST_VARS cleanup timer" daemon [_thread_blocked, id=1014, stack(0x00007f3b2b1e5000,0x00007f3b2b2e6000)]
  0x00007f3b6092e800 JavaThread "BLOCK_MANAGER cleanup timer" daemon [_thread_blocked, id=1012, stack(0x00007f3b2b2e6000,0x00007f3b2b3e7000)]
  0x00007f3b608f5000 JavaThread "MAP_OUTPUT_TRACKER cleanup timer" daemon [_thread_blocked, id=1011, stack(0x00007f3b2b3e7000,0x00007f3b2b4e8000)]
  0x00007f3ac40c5800 JavaThread "New I/O server boss #6" daemon [_thread_in_native, id=1008, stack(0x00007f3b2b6e8000,0x00007f3b2b7e9000)]
  0x00007f3ac403d800 JavaThread "New I/O worker #5" daemon [_thread_in_native, id=1007, stack(0x00007f3b2b7e9000,0x00007f3b2b8ea000)]
  0x00007f3ac403b800 JavaThread "New I/O worker #4" daemon [_thread_in_native, id=1006, stack(0x00007f3b2b8ea000,0x00007f3b2b9eb000)]
  0x00007f3ac4035800 JavaThread "New I/O boss #3" daemon [_thread_in_native, id=1005, stack(0x00007f3b2b9eb000,0x00007f3b2baec000)]
  0x00007f3ac402c000 JavaThread "New I/O worker #2" daemon [_thread_in_native, id=1004, stack(0x00007f3b2baec000,0x00007f3b2bbed000)]
  0x00007f3ac4030800 JavaThread "New I/O worker #1" daemon [_thread_in_native, id=1003, stack(0x00007f3b2bbed000,0x00007f3b2bcee000)]
  0x00007f3b608d7800 JavaThread "sparkDriver-akka.remote.default-remote-dispatcher-6" daemon [_thread_blocked, id=1002, stack(0x00007f3b2beff000,0x00007f3b2c000000)]
  0x00007f3acc005800 JavaThread "sparkDriver-akka.remote.default-remote-dispatcher-5" daemon [_thread_blocked, id=1001, stack(0x00007f3b302c8000,0x00007f3b303c9000)]
  0x00007f3acc001000 JavaThread "sparkDriver-akka.actor.default-dispatcher-4" daemon [_thread_blocked, id=1000, stack(0x00007f3b303c9000,0x00007f3b304ca000)]
  0x00007f3b608af800 JavaThread "sparkDriver-akka.actor.default-dispatcher-3" daemon [_thread_blocked, id=999, stack(0x00007f3b3802e000,0x00007f3b3812f000)]
  0x00007f3b608a8000 JavaThread "sparkDriver-akka.actor.default-dispatcher-2" daemon [_thread_blocked, id=997, stack(0x00007f3b40069000,0x00007f3b4016a000)]
  0x00007f3b60820000 JavaThread "sparkDriver-scheduler-1" daemon [_thread_blocked, id=996, stack(0x00007f3b48029000,0x00007f3b4812a000)]
  0x00007f3b60757000 JavaThread "process reaper" daemon [_thread_blocked, id=993, stack(0x00007f3b4812a000,0x00007f3b48163000)]
  0x00007f3b600ce000 JavaThread "Service Thread" daemon [_thread_blocked, id=990, stack(0x00007f3b48ab2000,0x00007f3b48bb3000)]
  0x00007f3b600cb000 JavaThread "C1 CompilerThread3" daemon [_thread_blocked, id=989, stack(0x00007f3b48bb3000,0x00007f3b48cb4000)]
  0x00007f3b600c9000 JavaThread "C2 CompilerThread2" daemon [_thread_in_native, id=988, stack(0x00007f3b48cb4000,0x00007f3b48db5000)]
  0x00007f3b600c7800 JavaThread "C2 CompilerThread1" daemon [_thread_in_native, id=987, stack(0x00007f3b48db5000,0x00007f3b48eb6000)]
  0x00007f3b600c4800 JavaThread "C2 CompilerThread0" daemon [_thread_in_vm, id=986, stack(0x00007f3b48eb6000,0x00007f3b48fb7000)]
  0x00007f3b600c3000 JavaThread "Signal Dispatcher" daemon [_thread_blocked, id=985, stack(0x00007f3b48fb7000,0x00007f3b490b8000)]
  0x00007f3b6008b000 JavaThread "Finalizer" daemon [_thread_blocked, id=984, stack(0x00007f3b4979a000,0x00007f3b4989b000)]
  0x00007f3b60089000 JavaThread "Reference Handler" daemon [_thread_blocked, id=983, stack(0x00007f3b4989b000,0x00007f3b4999c000)]
  0x00007f3b6000a000 JavaThread "main" [_thread_blocked, id=971, stack(0x00007f3b6867b000,0x00007f3b6877c000)]

Other Threads:
  0x00007f3b60084000 VMThread [stack: 0x00007f3b4999c000,0x00007f3b49a9d000] [id=982]
  0x00007f3b600d1000 WatcherThread [stack: 0x00007f3b489b1000,0x00007f3b48ab2000] [id=991]

VM state:not at safepoint (normal execution)

VM Mutex/Monitor currently owned by a thread: None

Heap:
 PSYoungGen      total 153088K, used 3615K [0x00000000f5580000, 0x0000000100000000, 0x0000000100000000)
  eden space 131584K, 2% used [0x00000000f5580000,0x00000000f5907c38,0x00000000fd600000)
  from space 21504K, 0% used [0x00000000feb00000,0x00000000feb00000,0x0000000100000000)
  to   space 21504K, 0% used [0x00000000fd600000,0x00000000fd600000,0x00000000feb00000)
 ParOldGen       total 349696K, used 16696K [0x00000000e0000000, 0x00000000f5580000, 0x00000000f5580000)
  object space 349696K, 4% used [0x00000000e0000000,0x00000000e104e280,0x00000000f5580000)
 Metaspace       used 35332K, capacity 35624K, committed 35800K, reserved 1079296K
  class space    used 5444K, capacity 5548K, committed 5632K, reserved 1048576K

Card table byte_map: [0x00007f3b65344000,0x00007f3b65445000] byte_map_base: 0x00007f3b64c44000

Marking Bits: (ParMarkBitMap*) 0x00007f3b67b5a100
 Begin Bits: [0x00007f3b50000000, 0x00007f3b50800000)
 End Bits:   [0x00007f3b50800000, 0x00007f3b51000000)

Polling page: 0x00007f3b687a1000

CodeCache: size=245760Kb used=6459Kb max_used=6474Kb free=239300Kb
 bounds [0x00007f3b51000000, 0x00007f3b51660000, 0x00007f3b60000000]
 total_blobs=2464 nmethods=1993 adapters=384
 compilation: enabled

Compilation events (10 events):
Event: 1.969 Thread 0x00007f3b600cb000 1992       3       java.io.ObjectInputStream::checkResolve (48 bytes)
Event: 1.969 Thread 0x00007f3b600cb000 nmethod 1992 0x00007f3b51651290 code [0x00007f3b51651420, 0x00007f3b51651930]
Event: 1.969 Thread 0x00007f3b600cb000 1998       1       java.io.ObjectStreamClass$FieldReflectorKey::hashCode (5 bytes)
Event: 1.969 Thread 0x00007f3b600cb000 nmethod 1998 0x00007f3b51651b90 code [0x00007f3b51651ce0, 0x00007f3b51651df0]
Event: 1.969 Thread 0x00007f3b600cb000 1989       1       akka.actor.LightArrayRevolverScheduler::akka$actor$LightArrayRevolverScheduler$$wheelMask (5 bytes)
Event: 1.969 Thread 0x00007f3b600c7800 nmethod 1929 0x00007f3b51651e50 code [0x00007f3b51652100, 0x00007f3b51653720]
Event: 1.969 Thread 0x00007f3b600cb000 nmethod 1989 0x00007f3b5164a750 code [0x00007f3b5164a8a0, 0x00007f3b5164a9b0]
Event: 1.969 Thread 0x00007f3b600cb000 1996       1       scala.collection.mutable.HashMap::threshold (5 bytes)
Event: 1.970 Thread 0x00007f3b600c7800 1994  s!   4       sun.misc.URLClassPath::getLoader (197 bytes)
Event: 1.970 Thread 0x00007f3b600cb000 nmethod 1996 0x00007f3b5164a490 code [0x00007f3b5164a5e0, 0x00007f3b5164a6f0]

GC Heap History (8 events):
Event: 0.993 GC heap before
{Heap before GC invocations=1 (full 0):
 PSYoungGen      total 153088K, used 100179K [0x00000000f5580000, 0x0000000100000000, 0x0000000100000000)
  eden space 131584K, 76% used [0x00000000f5580000,0x00000000fb754fd0,0x00000000fd600000)
  from space 21504K, 0% used [0x00000000feb00000,0x00000000feb00000,0x0000000100000000)
  to   space 21504K, 0% used [0x00000000fd600000,0x00000000fd600000,0x00000000feb00000)
 ParOldGen       total 349696K, used 0K [0x00000000e0000000, 0x00000000f5580000, 0x00000000f5580000)
  object space 349696K, 0% used [0x00000000e0000000,0x00000000e0000000,0x00000000f5580000)
 Metaspace       used 20986K, capacity 21158K, committed 21248K, reserved 1067008K
  class space    used 3220K, capacity 3300K, committed 3328K, reserved 1048576K
Event: 1.001 GC heap after
Heap after GC invocations=1 (full 0):
 PSYoungGen      total 153088K, used 15714K [0x00000000f5580000, 0x0000000100000000, 0x0000000100000000)
  eden space 131584K, 0% used [0x00000000f5580000,0x00000000f5580000,0x00000000fd600000)
  from space 21504K, 73% used [0x00000000fd600000,0x00000000fe558940,0x00000000feb00000)
  to   space 21504K, 0% used [0x00000000feb00000,0x00000000feb00000,0x0000000100000000)
 ParOldGen       total 349696K, used 80K [0x00000000e0000000, 0x00000000f5580000, 0x00000000f5580000)
  object space 349696K, 0% used [0x00000000e0000000,0x00000000e0014010,0x00000000f5580000)
 Metaspace       used 20986K, capacity 21158K, committed 21248K, reserved 1067008K
  class space    used 3220K, capacity 3300K, committed 3328K, reserved 1048576K
}
Event: 1.001 GC heap before
{Heap before GC invocations=2 (full 1):
 PSYoungGen      total 153088K, used 15714K [0x00000000f5580000, 0x0000000100000000, 0x0000000100000000)
  eden space 131584K, 0% used [0x00000000f5580000,0x00000000f5580000,0x00000000fd600000)
  from space 21504K, 73% used [0x00000000fd600000,0x00000000fe558940,0x00000000feb00000)
  to   space 21504K, 0% used [0x00000000feb00000,0x00000000feb00000,0x0000000100000000)
 ParOldGen       total 349696K, used 80K [0x00000000e0000000, 0x00000000f5580000, 0x00000000f5580000)
  object space 349696K, 0% used [0x00000000e0000000,0x00000000e0014010,0x00000000f5580000)
 Metaspace       used 20986K, capacity 21158K, committed 21248K, reserved 1067008K
  class space    used 3220K, capacity 3300K, committed 3328K, reserved 1048576K
Event: 1.018 GC heap after
Heap after GC invocations=2 (full 1):
 PSYoungGen      total 153088K, used 0K [0x00000000f5580000, 0x0000000100000000, 0x0000000100000000)
  eden space 131584K, 0% used [0x00000000f5580000,0x00000000f5580000,0x00000000fd600000)
  from space 21504K, 0% used [0x00000000fd600000,0x00000000fd600000,0x00000000feb00000)
  to   space 21504K, 0% used [0x00000000feb00000,0x00000000feb00000,0x0000000100000000)
 ParOldGen       total 349696K, used 14880K [0x00000000e0000000, 0x00000000f5580000, 0x00000000f5580000)
  object space 349696K, 4% used [0x00000000e0000000,0x00000000e0e883f0,0x00000000f5580000)
 Metaspace       used 20986K, capacity 21158K, committed 21248K, reserved 1067008K
  class space    used 3220K, capacity 3300K, committed 3328K, reserved 1048576K
}
Event: 1.913 GC heap before
{Heap before GC invocations=3 (full 1):
 PSYoungGen      total 153088K, used 74620K [0x00000000f5580000, 0x0000000100000000, 0x0000000100000000)
  eden space 131584K, 56% used [0x00000000f5580000,0x00000000f9e5f000,0x00000000fd600000)
  from space 21504K, 0% used [0x00000000fd600000,0x00000000fd600000,0x00000000feb00000)
  to   space 21504K, 0% used [0x00000000feb00000,0x00000000feb00000,0x0000000100000000)
 ParOldGen       total 349696K, used 14880K [0x00000000e0000000, 0x00000000f5580000, 0x00000000f5580000)
  object space 349696K, 4% used [0x00000000e0000000,0x00000000e0e883f0,0x00000000f5580000)
 Metaspace       used 35113K, capacity 35368K, committed 35416K, reserved 1079296K
  class space    used 5420K, capacity 5484K, committed 5504K, reserved 1048576K
Event: 1.921 GC heap after
Heap after GC invocations=3 (full 1):
 PSYoungGen      total 153088K, used 13456K [0x00000000f5580000, 0x0000000100000000, 0x0000000100000000)
  eden space 131584K, 0% used [0x00000000f5580000,0x00000000f5580000,0x00000000fd600000)
  from space 21504K, 62% used [0x00000000feb00000,0x00000000ff8243e0,0x0000000100000000)
  to   space 21504K, 0% used [0x00000000fd600000,0x00000000fd600000,0x00000000feb00000)
 ParOldGen       total 349696K, used 14888K [0x00000000e0000000, 0x00000000f5580000, 0x00000000f5580000)
  object space 349696K, 4% used [0x00000000e0000000,0x00000000e0e8a3f0,0x00000000f5580000)
 Metaspace       used 35113K, capacity 35368K, committed 35416K, reserved 1079296K
  class space    used 5420K, capacity 5484K, committed 5504K, reserved 1048576K
}
Event: 1.921 GC heap before
{Heap before GC invocations=4 (full 2):
 PSYoungGen      total 153088K, used 13456K [0x00000000f5580000, 0x0000000100000000, 0x0000000100000000)
  eden space 131584K, 0% used [0x00000000f5580000,0x00000000f5580000,0x00000000fd600000)
  from space 21504K, 62% used [0x00000000feb00000,0x00000000ff8243e0,0x0000000100000000)
  to   space 21504K, 0% used [0x00000000fd600000,0x00000000fd600000,0x00000000feb00000)
 ParOldGen       total 349696K, used 14888K [0x00000000e0000000, 0x00000000f5580000, 0x00000000f5580000)
  object space 349696K, 4% used [0x00000000e0000000,0x00000000e0e8a3f0,0x00000000f5580000)
 Metaspace       used 35113K, capacity 35368K, committed 35416K, reserved 1079296K
  class space    used 5420K, capacity 5484K, committed 5504K, reserved 1048576K
Event: 1.942 GC heap after
Heap after GC invocations=4 (full 2):
 PSYoungGen      total 153088K, used 0K [0x00000000f5580000, 0x0000000100000000, 0x0000000100000000)
  eden space 131584K, 0% used [0x00000000f5580000,0x00000000f5580000,0x00000000fd600000)
  from space 21504K, 0% used [0x00000000feb00000,0x00000000feb00000,0x0000000100000000)
  to   space 21504K, 0% used [0x00000000fd600000,0x00000000fd600000,0x00000000feb00000)
 ParOldGen       total 349696K, used 16696K [0x00000000e0000000, 0x00000000f5580000, 0x00000000f5580000)
  object space 349696K, 4% used [0x00000000e0000000,0x00000000e104e280,0x00000000f5580000)
 Metaspace       used 35113K, capacity 35368K, committed 35416K, reserved 1079296K
  class space    used 5420K, capacity 5484K, committed 5504K, reserved 1048576K
}

Deoptimization events (10 events):
Event: 1.154 Thread 0x00007f3b6000a000 Uncommon trap: reason=unstable_if action=reinterpret pc=0x00007f3b513f9f84 method=java.net.URL.<init>(Ljava/net/URL;Ljava/lang/String;Ljava/net/URLStreamHandler;)V @ 347
Event: 1.154 Thread 0x00007f3b6000a000 Uncommon trap: reason=unstable_if action=reinterpret pc=0x00007f3b51225118 method=java.io.UnixFileSystem.normalize(Ljava/lang/String;)Ljava/lang/String; @ 60
Event: 1.451 Thread 0x00007f3b6000a000 Uncommon trap: reason=unstable_if action=reinterpret pc=0x00007f3b5140e110 method=sun.misc.MetaIndex.mayContain(Ljava/lang/String;)Z @ 38
Event: 1.451 Thread 0x00007f3b6000a000 Uncommon trap: reason=unstable_if action=reinterpret pc=0x00007f3b512140d8 method=sun.misc.MetaIndex.mayContain(Ljava/lang/String;)Z @ 38
Event: 1.472 Thread 0x00007f3b6000a000 Uncommon trap: reason=class_check action=maybe_recompile pc=0x00007f3b5142e9a8 method=java.util.zip.InflaterInputStream.read([BII)I @ 100
Event: 1.651 Thread 0x00007f3b60a7a000 Uncommon trap: reason=unstable_if action=reinterpret pc=0x00007f3b5156199c method=org.xerial.snappy.SnappyLoader.contentsEquals(Ljava/io/InputStream;Ljava/io/InputStream;)Z @ 39
Event: 1.909 Thread 0x00007f3acc07a000 Uncommon trap: reason=unstable_if action=reinterpret pc=0x00007f3b5126e7dc method=java.lang.String.regionMatches(ZILjava/lang/String;II)Z @ 123
Event: 1.911 Thread 0x00007f3acc07a000 Uncommon trap: reason=unstable_if action=reinterpret pc=0x00007f3b513872ec method=java.lang.String.regionMatches(ZILjava/lang/String;II)Z @ 123
Event: 1.944 Thread 0x00007f3b6008b000 Uncommon trap: reason=unstable_if action=reinterpret pc=0x00007f3b514e8c2c method=java.util.WeakHashMap.eq(Ljava/lang/Object;Ljava/lang/Object;)Z @ 2
Event: 1.961 Thread 0x00007f3acc07b000 Uncommon trap: reason=unstable_if action=reinterpret pc=0x00007f3b5138c5cc method=java.util.concurrent.ConcurrentHashMap.putVal(Ljava/lang/Object;Ljava/lang/Object;Z)Ljava/lang/Object; @ 98

Internal exceptions (10 events):
Event: 1.812 Thread 0x00007f3b608af800 Exception <a 'java/lang/NoSuchMethodError': <clinit>> (0x00000000f771b758) thrown at [/HUDSON3/workspace/8-2-build-linux-amd64/jdk8u73/6086/hotspot/src/share/vm/prims/jni.cpp, line 1591]
Event: 1.812 Thread 0x00007f3b608af800 Exception <a 'java/lang/NoSuchMethodError': <clinit>> (0x00000000f771f9f8) thrown at [/HUDSON3/workspace/8-2-build-linux-amd64/jdk8u73/6086/hotspot/src/share/vm/prims/jni.cpp, line 1591]
Event: 1.813 Thread 0x00007f3b608af800 Exception <a 'java/lang/NoSuchMethodError': <clinit>> (0x00000000f772d6b8) thrown at [/HUDSON3/workspace/8-2-build-linux-amd64/jdk8u73/6086/hotspot/src/share/vm/prims/jni.cpp, line 1591]
Event: 1.836 Thread 0x00007f3b608af800 Exception <a 'java/lang/NoSuchMethodError': <clinit>> (0x00000000f98d7548) thrown at [/HUDSON3/workspace/8-2-build-linux-amd64/jdk8u73/6086/hotspot/src/share/vm/prims/jni.cpp, line 1591]
Event: 1.836 Thread 0x00007f3b608af800 Exception <a 'java/lang/NoSuchMethodError': <clinit>> (0x00000000f98dab40) thrown at [/HUDSON3/workspace/8-2-build-linux-amd64/jdk8u73/6086/hotspot/src/share/vm/prims/jni.cpp, line 1591]
Event: 1.836 Thread 0x00007f3b608af800 Exception <a 'java/lang/NoSuchMethodError': <clinit>> (0x00000000f98db898) thrown at [/HUDSON3/workspace/8-2-build-linux-amd64/jdk8u73/6086/hotspot/src/share/vm/prims/jni.cpp, line 1591]
Event: 1.843 Thread 0x00007f3b608af800 Exception <a 'java/lang/NoSuchMethodError': <clinit>> (0x00000000f9915f98) thrown at [/HUDSON3/workspace/8-2-build-linux-amd64/jdk8u73/6086/hotspot/src/share/vm/prims/jni.cpp, line 1591]
Event: 1.843 Thread 0x00007f3b608af800 Exception <a 'java/lang/NoSuchMethodError': <clinit>> (0x00000000f991ea08) thrown at [/HUDSON3/workspace/8-2-build-linux-amd64/jdk8u73/6086/hotspot/src/share/vm/prims/jni.cpp, line 1591]
Event: 1.844 Thread 0x00007f3b608af800 Exception <a 'java/lang/NoSuchMethodError': <clinit>> (0x00000000f9934860) thrown at [/HUDSON3/workspace/8-2-build-linux-amd64/jdk8u73/6086/hotspot/src/share/vm/prims/jni.cpp, line 1591]
Event: 1.845 Thread 0x00007f3b608af800 Exception <a 'java/lang/NoSuchMethodError': <clinit>> (0x00000000f9942268) thrown at [/HUDSON3/workspace/8-2-build-linux-amd64/jdk8u73/6086/hotspot/src/share/vm/prims/jni.cpp, line 1591]

Events (10 events):
Event: 1.965 loading class org/apache/spark/executor/DataReadMethod$
Event: 1.965 loading class org/apache/spark/executor/DataReadMethod$ done
Event: 1.966 loading class org/apache/spark/executor/InputMetrics
Event: 1.966 loading class org/apache/spark/executor/InputMetrics done
Event: 1.966 loading class org/apache/spark/broadcast/TorrentBroadcast$$anonfun$readBroadcastBlock$1$$anonfun$3
Event: 1.966 loading class org/apache/spark/broadcast/TorrentBroadcast$$anonfun$readBroadcastBlock$1$$anonfun$3 done
Event: 1.968 loading class org/apache/spark/storage/StorageLevel$$anonfun$readExternal$1
Event: 1.968 loading class org/apache/spark/storage/StorageLevel$$anonfun$readExternal$1 done
Event: 1.969 loading class org/apache/spark/rdd/RDD$$anonfun$isCheckpointed$1
Event: 1.969 loading class org/apache/spark/rdd/RDD$$anonfun$isCheckpointed$1 done


Dynamic libraries:
00400000-00401000 r-xp 00000000 08:02 132646356                          /usr/java/jdk1.8.0_73/bin/java
00600000-00601000 rw-p 00000000 08:02 132646356                          /usr/java/jdk1.8.0_73/bin/java
011dc000-011fd000 rw-p 00000000 00:00 0                                  [heap]
e0000000-100580000 rw-p 00000000 00:00 0 
100580000-140000000 ---p 00000000 00:00 0 
7f3a2c000000-7f3a2c021000 rw-p 00000000 00:00 0 
7f3a2c021000-7f3a30000000 ---p 00000000 00:00 0 
7f3a34000000-7f3a342a2000 rw-p 00000000 00:00 0 
7f3a342a2000-7f3a38000000 ---p 00000000 00:00 0 
7f3a38000000-7f3a38021000 rw-p 00000000 00:00 0 
7f3a38021000-7f3a3c000000 ---p 00000000 00:00 0 
7f3a3c000000-7f3a3c021000 rw-p 00000000 00:00 0 
7f3a3c021000-7f3a40000000 ---p 00000000 00:00 0 
7f3a40000000-7f3a40021000 rw-p 00000000 00:00 0 
7f3a40021000-7f3a44000000 ---p 00000000 00:00 0 
7f3a44000000-7f3a44021000 rw-p 00000000 00:00 0 
7f3a44021000-7f3a48000000 ---p 00000000 00:00 0 
7f3a48000000-7f3a480d7000 rw-p 00000000 00:00 0 
7f3a480d7000-7f3a4c000000 ---p 00000000 00:00 0 
7f3a4c000000-7f3a4c021000 rw-p 00000000 00:00 0 
7f3a4c021000-7f3a50000000 ---p 00000000 00:00 0 
7f3a50000000-7f3a5002b000 rw-p 00000000 00:00 0 
7f3a5002b000-7f3a54000000 ---p 00000000 00:00 0 
7f3a54000000-7f3a54021000 rw-p 00000000 00:00 0 
7f3a54021000-7f3a58000000 ---p 00000000 00:00 0 
7f3a58000000-7f3a5838e000 rw-p 00000000 00:00 0 
7f3a5838e000-7f3a5c000000 ---p 00000000 00:00 0 
7f3a5c000000-7f3a5c021000 rw-p 00000000 00:00 0 
7f3a5c021000-7f3a60000000 ---p 00000000 00:00 0 
7f3a60000000-7f3a60021000 rw-p 00000000 00:00 0 
7f3a60021000-7f3a64000000 ---p 00000000 00:00 0 
7f3a64000000-7f3a64021000 rw-p 00000000 00:00 0 
7f3a64021000-7f3a68000000 ---p 00000000 00:00 0 
7f3a68000000-7f3a68021000 rw-p 00000000 00:00 0 
7f3a68021000-7f3a6c000000 ---p 00000000 00:00 0 
7f3a6c000000-7f3a6c021000 rw-p 00000000 00:00 0 
7f3a6c021000-7f3a70000000 ---p 00000000 00:00 0 
7f3a70000000-7f3a70021000 rw-p 00000000 00:00 0 
7f3a70021000-7f3a74000000 ---p 00000000 00:00 0 
7f3a74000000-7f3a74021000 rw-p 00000000 00:00 0 
7f3a74021000-7f3a78000000 ---p 00000000 00:00 0 
7f3a78000000-7f3a78021000 rw-p 00000000 00:00 0 
7f3a78021000-7f3a7c000000 ---p 00000000 00:00 0 
7f3a7c000000-7f3a7c021000 rw-p 00000000 00:00 0 
7f3a7c021000-7f3a80000000 ---p 00000000 00:00 0 
7f3a80000000-7f3a80021000 rw-p 00000000 00:00 0 
7f3a80021000-7f3a84000000 ---p 00000000 00:00 0 
7f3a84000000-7f3a84021000 rw-p 00000000 00:00 0 
7f3a84021000-7f3a88000000 ---p 00000000 00:00 0 
7f3a88000000-7f3a88021000 rw-p 00000000 00:00 0 
7f3a88021000-7f3a8c000000 ---p 00000000 00:00 0 
7f3a8c000000-7f3a8c021000 rw-p 00000000 00:00 0 
7f3a8c021000-7f3a90000000 ---p 00000000 00:00 0 
7f3a90000000-7f3a90021000 rw-p 00000000 00:00 0 
7f3a90021000-7f3a94000000 ---p 00000000 00:00 0 
7f3a94000000-7f3a94021000 rw-p 00000000 00:00 0 
7f3a94021000-7f3a98000000 ---p 00000000 00:00 0 
7f3a98000000-7f3a98021000 rw-p 00000000 00:00 0 
7f3a98021000-7f3a9c000000 ---p 00000000 00:00 0 
7f3a9c000000-7f3a9c021000 rw-p 00000000 00:00 0 
7f3a9c021000-7f3aa0000000 ---p 00000000 00:00 0 
7f3aa0000000-7f3aa0021000 rw-p 00000000 00:00 0 
7f3aa0021000-7f3aa4000000 ---p 00000000 00:00 0 
7f3aa4000000-7f3aa4021000 rw-p 00000000 00:00 0 
7f3aa4021000-7f3aa8000000 ---p 00000000 00:00 0 
7f3aa8000000-7f3aa8021000 rw-p 00000000 00:00 0 
7f3aa8021000-7f3aac000000 ---p 00000000 00:00 0 
7f3aac000000-7f3aac021000 rw-p 00000000 00:00 0 
7f3aac021000-7f3ab0000000 ---p 00000000 00:00 0 
7f3ab0000000-7f3ab0021000 rw-p 00000000 00:00 0 
7f3ab0021000-7f3ab4000000 ---p 00000000 00:00 0 
7f3ab4000000-7f3ab4021000 rw-p 00000000 00:00 0 
7f3ab4021000-7f3ab8000000 ---p 00000000 00:00 0 
7f3ab8000000-7f3ab8021000 rw-p 00000000 00:00 0 
7f3ab8021000-7f3abc000000 ---p 00000000 00:00 0 
7f3abc000000-7f3abc021000 rw-p 00000000 00:00 0 
7f3abc021000-7f3ac0000000 ---p 00000000 00:00 0 
7f3ac0000000-7f3ac0021000 rw-p 00000000 00:00 0 
7f3ac0021000-7f3ac4000000 ---p 00000000 00:00 0 
7f3ac4000000-7f3ac4151000 rw-p 00000000 00:00 0 
7f3ac4151000-7f3ac8000000 ---p 00000000 00:00 0 
7f3ac8000000-7f3ac8021000 rw-p 00000000 00:00 0 
7f3ac8021000-7f3acc000000 ---p 00000000 00:00 0 
7f3acc000000-7f3acc08c000 rw-p 00000000 00:00 0 
7f3acc08c000-7f3ad0000000 ---p 00000000 00:00 0 
7f3ad0000000-7f3ad0021000 rw-p 00000000 00:00 0 
7f3ad0021000-7f3ad4000000 ---p 00000000 00:00 0 
7f3ad4000000-7f3ad4021000 rw-p 00000000 00:00 0 
7f3ad4021000-7f3ad8000000 ---p 00000000 00:00 0 
7f3ad8000000-7f3ad8021000 rw-p 00000000 00:00 0 
7f3ad8021000-7f3adc000000 ---p 00000000 00:00 0 
7f3adc000000-7f3adc021000 rw-p 00000000 00:00 0 
7f3adc021000-7f3ae0000000 ---p 00000000 00:00 0 
7f3ae0000000-7f3ae0021000 rw-p 00000000 00:00 0 
7f3ae0021000-7f3ae4000000 ---p 00000000 00:00 0 
7f3ae4000000-7f3ae48ca000 rw-p 00000000 00:00 0 
7f3ae48ca000-7f3ae8000000 ---p 00000000 00:00 0 
7f3ae8000000-7f3ae8021000 rw-p 00000000 00:00 0 
7f3ae8021000-7f3aec000000 ---p 00000000 00:00 0 
7f3aec000000-7f3aed9a8000 rw-p 00000000 00:00 0 
7f3aed9a8000-7f3af0000000 ---p 00000000 00:00 0 
7f3af0000000-7f3af0900000 rw-p 00000000 00:00 0 
7f3af0900000-7f3af4000000 ---p 00000000 00:00 0 
7f3af4000000-7f3af4021000 rw-p 00000000 00:00 0 
7f3af4021000-7f3af8000000 ---p 00000000 00:00 0 
7f3af8000000-7f3af9fb7000 rw-p 00000000 00:00 0 
7f3af9fb7000-7f3afc000000 ---p 00000000 00:00 0 
7f3afc000000-7f3afc021000 rw-p 00000000 00:00 0 
7f3afc021000-7f3b00000000 ---p 00000000 00:00 0 
7f3b00000000-7f3b00021000 rw-p 00000000 00:00 0 
7f3b00021000-7f3b04000000 ---p 00000000 00:00 0 
7f3b04000000-7f3b04021000 rw-p 00000000 00:00 0 
7f3b04021000-7f3b08000000 ---p 00000000 00:00 0 
7f3b08000000-7f3b08021000 rw-p 00000000 00:00 0 
7f3b08021000-7f3b0c000000 ---p 00000000 00:00 0 
7f3b0c000000-7f3b0c021000 rw-p 00000000 00:00 0 
7f3b0c021000-7f3b10000000 ---p 00000000 00:00 0 
7f3b14000000-7f3b14021000 rw-p 00000000 00:00 0 
7f3b14021000-7f3b18000000 ---p 00000000 00:00 0 
7f3b1c000000-7f3b1c021000 rw-p 00000000 00:00 0 
7f3b1c021000-7f3b20000000 ---p 00000000 00:00 0 
7f3b22d0a000-7f3b22d47000 r-xp 00000000 08:02 102760574                  /tmp/snappy-unknown-473745e7-3450-46fd-8c31-60d12c894e39-libsnappyjava.so
7f3b22d47000-7f3b22f47000 ---p 0003d000 08:02 102760574                  /tmp/snappy-unknown-473745e7-3450-46fd-8c31-60d12c894e39-libsnappyjava.so
7f3b22f47000-7f3b22f4a000 rw-p 0003d000 08:02 102760574                  /tmp/snappy-unknown-473745e7-3450-46fd-8c31-60d12c894e39-libsnappyjava.so
7f3b22f4a000-7f3b22f5c000 rw-p 00000000 00:00 0 
7f3b22f8a000-7f3b22f8d000 ---p 00000000 00:00 0 
7f3b22f8d000-7f3b2308b000 rw-p 00000000 00:00 0 
7f3b2308b000-7f3b2308e000 ---p 00000000 00:00 0 
7f3b2308e000-7f3b23302000 rw-p 00000000 00:00 0                          [stack:1045]
7f3b23302000-7f3b2338c000 ---p 00000000 00:00 0 
7f3b2338c000-7f3b2358c000 rw-p 00000000 00:00 0 
7f3b2358c000-7f3b235c6000 r-xp 00000000 08:02 132646436                  /usr/java/jdk1.8.0_73/jre/lib/amd64/libjpeg.so
7f3b235c6000-7f3b237c6000 ---p 0003a000 08:02 132646436                  /usr/java/jdk1.8.0_73/jre/lib/amd64/libjpeg.so
7f3b237c6000-7f3b237c7000 rw-p 0003a000 08:02 132646436                  /usr/java/jdk1.8.0_73/jre/lib/amd64/libjpeg.so
7f3b237c7000-7f3b237cc000 r-xp 00000000 08:02 128851335                  /usr/lib/x86_64-linux-gnu/libXdmcp.so.6.0.0
7f3b237cc000-7f3b239cb000 ---p 00005000 08:02 128851335                  /usr/lib/x86_64-linux-gnu/libXdmcp.so.6.0.0
7f3b239cb000-7f3b239cc000 r--p 00004000 08:02 128851335                  /usr/lib/x86_64-linux-gnu/libXdmcp.so.6.0.0
7f3b239cc000-7f3b239cd000 rw-p 00005000 08:02 128851335                  /usr/lib/x86_64-linux-gnu/libXdmcp.so.6.0.0
7f3b239cd000-7f3b239cf000 r-xp 00000000 08:02 128851324                  /usr/lib/x86_64-linux-gnu/libXau.so.6.0.0
7f3b239cf000-7f3b23bcf000 ---p 00002000 08:02 128851324                  /usr/lib/x86_64-linux-gnu/libXau.so.6.0.0
7f3b23bcf000-7f3b23bd0000 r--p 00002000 08:02 128851324                  /usr/lib/x86_64-linux-gnu/libXau.so.6.0.0
7f3b23bd0000-7f3b23bd1000 rw-p 00003000 08:02 128851324                  /usr/lib/x86_64-linux-gnu/libXau.so.6.0.0
7f3b23bd1000-7f3b23bee000 r-xp 00000000 08:02 128852394                  /usr/lib/x86_64-linux-gnu/libxcb.so.1.1.0
7f3b23bee000-7f3b23dee000 ---p 0001d000 08:02 128852394                  /usr/lib/x86_64-linux-gnu/libxcb.so.1.1.0
7f3b23dee000-7f3b23def000 r--p 0001d000 08:02 128852394                  /usr/lib/x86_64-linux-gnu/libxcb.so.1.1.0
7f3b23def000-7f3b23df0000 rw-p 0001e000 08:02 128852394                  /usr/lib/x86_64-linux-gnu/libxcb.so.1.1.0
7f3b23df0000-7f3b23dff000 r-xp 00000000 08:02 128849896                  /usr/lib/x86_64-linux-gnu/libXi.so.6.1.0
7f3b23dff000-7f3b23ffe000 ---p 0000f000 08:02 128849896                  /usr/lib/x86_64-linux-gnu/libXi.so.6.1.0
7f3b23ffe000-7f3b23fff000 r--p 0000e000 08:02 128849896                  /usr/lib/x86_64-linux-gnu/libXi.so.6.1.0
7f3b23fff000-7f3b24000000 rw-p 0000f000 08:02 128849896                  /usr/lib/x86_64-linux-gnu/libXi.so.6.1.0
7f3b24000000-7f3b24021000 rw-p 00000000 00:00 0 
7f3b24021000-7f3b28000000 ---p 00000000 00:00 0 
7f3b280ce000-7f3b280d1000 ---p 00000000 00:00 0 
7f3b280d1000-7f3b281cf000 rw-p 00000000 00:00 0                          [stack:1043]
7f3b281cf000-7f3b281d4000 r-xp 00000000 08:02 128851365                  /usr/lib/x86_64-linux-gnu/libXtst.so.6.1.0
7f3b281d4000-7f3b283d3000 ---p 00005000 08:02 128851365                  /usr/lib/x86_64-linux-gnu/libXtst.so.6.1.0
7f3b283d3000-7f3b283d4000 r--p 00004000 08:02 128851365                  /usr/lib/x86_64-linux-gnu/libXtst.so.6.1.0
7f3b283d4000-7f3b283d5000 rw-p 00005000 08:02 128851365                  /usr/lib/x86_64-linux-gnu/libXtst.so.6.1.0
7f3b284c6000-7f3b284c9000 ---p 00000000 00:00 0 
7f3b284c9000-7f3b285c7000 rw-p 00000000 00:00 0                          [stack:1042]
7f3b285c7000-7f3b285d0000 r-xp 00000000 08:02 128849836                  /usr/lib/x86_64-linux-gnu/libXrender.so.1.3.0
7f3b285d0000-7f3b287cf000 ---p 00009000 08:02 128849836                  /usr/lib/x86_64-linux-gnu/libXrender.so.1.3.0
7f3b287cf000-7f3b287d0000 r--p 00008000 08:02 128849836                  /usr/lib/x86_64-linux-gnu/libXrender.so.1.3.0
7f3b287d0000-7f3b287d1000 rw-p 00009000 08:02 128849836                  /usr/lib/x86_64-linux-gnu/libXrender.so.1.3.0
7f3b287d1000-7f3b28901000 r-xp 00000000 08:02 128851320                  /usr/lib/x86_64-linux-gnu/libX11.so.6.3.0
7f3b28901000-7f3b28b01000 ---p 00130000 08:02 128851320                  /usr/lib/x86_64-linux-gnu/libX11.so.6.3.0
7f3b28b01000-7f3b28b02000 r--p 00130000 08:02 128851320                  /usr/lib/x86_64-linux-gnu/libX11.so.6.3.0
7f3b28b02000-7f3b28b06000 rw-p 00131000 08:02 128851320                  /usr/lib/x86_64-linux-gnu/libX11.so.6.3.0
7f3b28b06000-7f3b28b17000 r-xp 00000000 08:02 128844231                  /usr/lib/x86_64-linux-gnu/libXext.so.6.4.0
7f3b28b17000-7f3b28d16000 ---p 00011000 08:02 128844231                  /usr/lib/x86_64-linux-gnu/libXext.so.6.4.0
7f3b28d16000-7f3b28d17000 r--p 00010000 08:02 128844231                  /usr/lib/x86_64-linux-gnu/libXext.so.6.4.0
7f3b28d17000-7f3b28d18000 rw-p 00011000 08:02 128844231                  /usr/lib/x86_64-linux-gnu/libXext.so.6.4.0
7f3b28d18000-7f3b28d6c000 r-xp 00000000 08:02 132646465                  /usr/java/jdk1.8.0_73/jre/lib/amd64/libawt_xawt.so
7f3b28d6c000-7f3b28f6c000 ---p 00054000 08:02 132646465                  /usr/java/jdk1.8.0_73/jre/lib/amd64/libawt_xawt.so
7f3b28f6c000-7f3b28f70000 rw-p 00054000 08:02 132646465                  /usr/java/jdk1.8.0_73/jre/lib/amd64/libawt_xawt.so
7f3b28f70000-7f3b28f71000 rw-p 00000000 00:00 0 
7f3b28f71000-7f3b29013000 r-xp 00000000 08:02 132646497                  /usr/java/jdk1.8.0_73/jre/lib/amd64/libawt.so
7f3b29013000-7f3b29213000 ---p 000a2000 08:02 132646497                  /usr/java/jdk1.8.0_73/jre/lib/amd64/libawt.so
7f3b29213000-7f3b2921f000 rw-p 000a2000 08:02 132646497                  /usr/java/jdk1.8.0_73/jre/lib/amd64/libawt.so
7f3b2921f000-7f3b29243000 rw-p 00000000 00:00 0 
7f3b29243000-7f3b29246000 ---p 00000000 00:00 0 
7f3b29246000-7f3b29344000 rw-p 00000000 00:00 0                          [stack:1040]
7f3b29419000-7f3b2941c000 ---p 00000000 00:00 0 
7f3b2941c000-7f3b2971a000 rw-p 00000000 00:00 0                          [stack:1041]
7f3b297cf000-7f3b297d2000 ---p 00000000 00:00 0 
7f3b297d2000-7f3b298d0000 rw-p 00000000 00:00 0                          [stack:1039]
7f3b298d0000-7f3b298d3000 ---p 00000000 00:00 0 
7f3b298d3000-7f3b29bd1000 rw-p 00000000 00:00 0                          [stack:1038]
7f3b29bd1000-7f3b29bd4000 ---p 00000000 00:00 0 
7f3b29bd4000-7f3b29cd2000 rw-p 00000000 00:00 0                          [stack:1036]
7f3b29cd2000-7f3b29cd5000 ---p 00000000 00:00 0 
7f3b29cd5000-7f3b29dd3000 rw-p 00000000 00:00 0                          [stack:1034]
7f3b29dd3000-7f3b29dd6000 ---p 00000000 00:00 0 
7f3b29dd6000-7f3b29ed4000 rw-p 00000000 00:00 0                          [stack:1033]
7f3b29ed4000-7f3b29ed7000 ---p 00000000 00:00 0 
7f3b29ed7000-7f3b29fd5000 rw-p 00000000 00:00 0                          [stack:1032]
7f3b29fd5000-7f3b29fd8000 ---p 00000000 00:00 0 
7f3b29fd8000-7f3b2a0d6000 rw-p 00000000 00:00 0                          [stack:1031]
7f3b2a0d6000-7f3b2a0d9000 ---p 00000000 00:00 0 
7f3b2a0d9000-7f3b2a1d7000 rw-p 00000000 00:00 0                          [stack:1030]
7f3b2a1d7000-7f3b2a1da000 ---p 00000000 00:00 0 
7f3b2a1da000-7f3b2a2d8000 rw-p 00000000 00:00 0                          [stack:1029]
7f3b2a2d8000-7f3b2a2db000 ---p 00000000 00:00 0 
7f3b2a2db000-7f3b2a3d9000 rw-p 00000000 00:00 0                          [stack:1028]
7f3b2a3d9000-7f3b2a3dc000 ---p 00000000 00:00 0 
7f3b2a3dc000-7f3b2a4da000 rw-p 00000000 00:00 0                          [stack:1027]
7f3b2a4da000-7f3b2a4dd000 ---p 00000000 00:00 0 
7f3b2a4dd000-7f3b2a5db000 rw-p 00000000 00:00 0                          [stack:1026]
7f3b2a5db000-7f3b2a5de000 ---p 00000000 00:00 0 
7f3b2a5de000-7f3b2a6dc000 rw-p 00000000 00:00 0                          [stack:1025]
7f3b2a6dc000-7f3b2a6df000 ---p 00000000 00:00 0 
7f3b2a6df000-7f3b2a9dd000 rw-p 00000000 00:00 0                          [stack:1023]
7f3b2a9dd000-7f3b2a9e0000 ---p 00000000 00:00 0 
7f3b2a9e0000-7f3b2aade000 rw-p 00000000 00:00 0                          [stack:1022]
7f3b2aade000-7f3b2aae1000 ---p 00000000 00:00 0 
7f3b2aae1000-7f3b2abdf000 rw-p 00000000 00:00 0                          [stack:1021]
7f3b2abdf000-7f3b2abe2000 ---p 00000000 00:00 0 
7f3b2abe2000-7f3b2ace0000 rw-p 00000000 00:00 0                          [stack:1020]
7f3b2ace0000-7f3b2ace3000 ---p 00000000 00:00 0 
7f3b2ace3000-7f3b2ade1000 rw-p 00000000 00:00 0                          [stack:1019]
7f3b2ade1000-7f3b2ade4000 ---p 00000000 00:00 0 
7f3b2ade4000-7f3b2aee2000 rw-p 00000000 00:00 0                          [stack:1018]
7f3b2aee2000-7f3b2aee5000 ---p 00000000 00:00 0 
7f3b2aee5000-7f3b2afe3000 rw-p 00000000 00:00 0                          [stack:1017]
7f3b2afe3000-7f3b2afe6000 ---p 00000000 00:00 0 
7f3b2afe6000-7f3b2b0e4000 rw-p 00000000 00:00 0                          [stack:1016]
7f3b2b0e4000-7f3b2b0e7000 ---p 00000000 00:00 0 
7f3b2b0e7000-7f3b2b1e5000 rw-p 00000000 00:00 0                          [stack:1015]
7f3b2b1e5000-7f3b2b1e8000 ---p 00000000 00:00 0 
7f3b2b1e8000-7f3b2b2e6000 rw-p 00000000 00:00 0                          [stack:1014]
7f3b2b2e6000-7f3b2b2e9000 ---p 00000000 00:00 0 
7f3b2b2e9000-7f3b2b3e7000 rw-p 00000000 00:00 0                          [stack:1012]
7f3b2b3e7000-7f3b2b3ea000 ---p 00000000 00:00 0 
7f3b2b3ea000-7f3b2b6e8000 rw-p 00000000 00:00 0                          [stack:1011]
7f3b2b6e8000-7f3b2b6eb000 ---p 00000000 00:00 0 
7f3b2b6eb000-7f3b2b7e9000 rw-p 00000000 00:00 0                          [stack:1008]
7f3b2b7e9000-7f3b2b7ec000 ---p 00000000 00:00 0 
7f3b2b7ec000-7f3b2b8ea000 rw-p 00000000 00:00 0                          [stack:1007]
7f3b2b8ea000-7f3b2b8ed000 ---p 00000000 00:00 0 
7f3b2b8ed000-7f3b2b9eb000 rw-p 00000000 00:00 0                          [stack:1006]
7f3b2b9eb000-7f3b2b9ee000 ---p 00000000 00:00 0 
7f3b2b9ee000-7f3b2baec000 rw-p 00000000 00:00 0                          [stack:1005]
7f3b2baec000-7f3b2baef000 ---p 00000000 00:00 0 
7f3b2baef000-7f3b2bbed000 rw-p 00000000 00:00 0                          [stack:1004]
7f3b2bbed000-7f3b2bbf0000 ---p 00000000 00:00 0 
7f3b2bbf0000-7f3b2bcee000 rw-p 00000000 00:00 0                          [stack:1003]
7f3b2bcee000-7f3b2bcff000 r-xp 00000000 08:02 132646463                  /usr/java/jdk1.8.0_73/jre/lib/amd64/libnio.so
7f3b2bcff000-7f3b2befe000 ---p 00011000 08:02 132646463                  /usr/java/jdk1.8.0_73/jre/lib/amd64/libnio.so
7f3b2befe000-7f3b2beff000 rw-p 00010000 08:02 132646463                  /usr/java/jdk1.8.0_73/jre/lib/amd64/libnio.so
7f3b2beff000-7f3b2bf02000 ---p 00000000 00:00 0 
7f3b2bf02000-7f3b2c000000 rw-p 00000000 00:00 0                          [stack:1002]
7f3b2c000000-7f3b2c021000 rw-p 00000000 00:00 0 
7f3b2c021000-7f3b30000000 ---p 00000000 00:00 0 
7f3b300c8000-7f3b302c8000 rw-p 00000000 00:00 0 
7f3b302c8000-7f3b302cb000 ---p 00000000 00:00 0 
7f3b302cb000-7f3b303c9000 rw-p 00000000 00:00 0                          [stack:1001]
7f3b303c9000-7f3b303cc000 ---p 00000000 00:00 0 
7f3b303cc000-7f3b304ca000 rw-p 00000000 00:00 0                          [stack:1000]
7f3b304ca000-7f3b33dc6000 r-xp 00000000 08:02 130942681                  /usr/local/cuda-7.5/lib64/libcudnn.so.5.0.4
7f3b33dc6000-7f3b33fc6000 ---p 038fc000 08:02 130942681                  /usr/local/cuda-7.5/lib64/libcudnn.so.5.0.4
7f3b33fc6000-7f3b33fd7000 rw-p 038fc000 08:02 130942681                  /usr/local/cuda-7.5/lib64/libcudnn.so.5.0.4
7f3b33fd7000-7f3b34000000 rw-p 00000000 00:00 0 
7f3b34000000-7f3b34021000 rw-p 00000000 00:00 0 
7f3b34021000-7f3b38000000 ---p 00000000 00:00 0 
7f3b3802e000-7f3b38031000 ---p 00000000 00:00 0 
7f3b38031000-7f3b3812f000 rw-p 00000000 00:00 0                          [stack:999]
7f3b3812f000-7f3b3bdaf000 r-xp 00000000 08:02 130945223                  /usr/local/cuda-7.5/lib64/libnppi.so.7.5.18
7f3b3bdaf000-7f3b3bfaf000 ---p 03c80000 08:02 130945223                  /usr/local/cuda-7.5/lib64/libnppi.so.7.5.18
7f3b3bfaf000-7f3b3bfc2000 rw-p 03c80000 08:02 130945223                  /usr/local/cuda-7.5/lib64/libnppi.so.7.5.18
7f3b3bfc2000-7f3b3c000000 rw-p 00000000 00:00 0 
7f3b3c000000-7f3b3c021000 rw-p 00000000 00:00 0 
7f3b3c021000-7f3b40000000 ---p 00000000 00:00 0 
7f3b40063000-7f3b40069000 r--s 002f8000 08:02 132646385                  /usr/java/jdk1.8.0_73/jre/lib/charsets.jar
7f3b40069000-7f3b4006c000 ---p 00000000 00:00 0 
7f3b4006c000-7f3b4036a000 rw-p 00000000 00:00 0                          [stack:997]
7f3b4036a000-7f3b4036b000 r-xp 00000000 08:02 132646496                  /usr/java/jdk1.8.0_73/jre/lib/amd64/libjaas_unix.so
7f3b4036b000-7f3b4056a000 ---p 00001000 08:02 132646496                  /usr/java/jdk1.8.0_73/jre/lib/amd64/libjaas_unix.so
7f3b4056a000-7f3b4056b000 rw-p 00000000 08:02 132646496                  /usr/java/jdk1.8.0_73/jre/lib/amd64/libjaas_unix.so
7f3b4056b000-7f3b4076b000 rw-p 00000000 00:00 0 
7f3b4076b000-7f3b4096b000 rw-p 00000000 00:00 0 
7f3b4096b000-7f3b40973000 r-xp 00000000 08:02 132646474                  /usr/java/jdk1.8.0_73/jre/lib/amd64/libmanagement.so
7f3b40973000-7f3b40b73000 ---p 00008000 08:02 132646474                  /usr/java/jdk1.8.0_73/jre/lib/amd64/libmanagement.so
7f3b40b73000-7f3b40b74000 rw-p 00008000 08:02 132646474                  /usr/java/jdk1.8.0_73/jre/lib/amd64/libmanagement.so
7f3b40b74000-7f3b40b8b000 r-xp 00000000 08:02 119276529                  /lib/x86_64-linux-gnu/libresolv-2.19.so
7f3b40b8b000-7f3b40d8b000 ---p 00017000 08:02 119276529                  /lib/x86_64-linux-gnu/libresolv-2.19.so
7f3b40d8b000-7f3b40d8c000 r--p 00017000 08:02 119276529                  /lib/x86_64-linux-gnu/libresolv-2.19.so
7f3b40d8c000-7f3b40d8d000 rw-p 00018000 08:02 119276529                  /lib/x86_64-linux-gnu/libresolv-2.19.so
7f3b40d8d000-7f3b40d8f000 rw-p 00000000 00:00 0 
7f3b40d8f000-7f3b40d94000 r-xp 00000000 08:02 119279452                  /lib/x86_64-linux-gnu/libnss_dns-2.19.so
7f3b40d94000-7f3b40f93000 ---p 00005000 08:02 119279452                  /lib/x86_64-linux-gnu/libnss_dns-2.19.so
7f3b40f93000-7f3b40f94000 r--p 00004000 08:02 119279452                  /lib/x86_64-linux-gnu/libnss_dns-2.19.so
7f3b40f94000-7f3b40f95000 rw-p 00005000 08:02 119279452                  /lib/x86_64-linux-gnu/libnss_dns-2.19.so
7f3b40f95000-7f3b40f97000 r-xp 00000000 08:02 119279563                  /lib/x86_64-linux-gnu/libnss_mdns4_minimal.so.2
7f3b40f97000-7f3b41196000 ---p 00002000 08:02 119279563                  /lib/x86_64-linux-gnu/libnss_mdns4_minimal.so.2
7f3b41196000-7f3b41197000 r--p 00001000 08:02 119279563                  /lib/x86_64-linux-gnu/libnss_mdns4_minimal.so.2
7f3b41197000-7f3b41198000 rw-p 00002000 08:02 119279563                  /lib/x86_64-linux-gnu/libnss_mdns4_minimal.so.2
7f3b41198000-7f3b411ae000 r-xp 00000000 08:02 132646440                  /usr/java/jdk1.8.0_73/jre/lib/amd64/libnet.so
7f3b411ae000-7f3b413ae000 ---p 00016000 08:02 132646440                  /usr/java/jdk1.8.0_73/jre/lib/amd64/libnet.so
7f3b413ae000-7f3b413af000 rw-p 00016000 08:02 132646440                  /usr/java/jdk1.8.0_73/jre/lib/amd64/libnet.so
7f3b413af000-7f3b415af000 rw-p 00000000 00:00 0 
7f3b415af000-7f3b41614000 r-xp 00000000 08:02 130945246                  /usr/local/cuda-7.5/lib64/libnppc.so.7.5.18
7f3b41614000-7f3b41814000 ---p 00065000 08:02 130945246                  /usr/local/cuda-7.5/lib64/libnppc.so.7.5.18
7f3b41814000-7f3b41817000 rw-p 00065000 08:02 130945246                  /usr/local/cuda-7.5/lib64/libnppc.so.7.5.18
7f3b41817000-7f3b41818000 rw-p 00000000 00:00 0 
7f3b41818000-7f3b4182e000 r-xp 00000000 08:02 119276525                  /lib/x86_64-linux-gnu/libgcc_s.so.1
7f3b4182e000-7f3b41a2d000 ---p 00016000 08:02 119276525                  /lib/x86_64-linux-gnu/libgcc_s.so.1
7f3b41a2d000-7f3b41a2e000 rw-p 00015000 08:02 119276525                  /lib/x86_64-linux-gnu/libgcc_s.so.1
7f3b41a2e000-7f3b41b14000 r-xp 00000000 08:02 128848021                  /usr/lib/x86_64-linux-gnu/libstdc++.so.6.0.19
7f3b41b14000-7f3b41d13000 ---p 000e6000 08:02 128848021                  /usr/lib/x86_64-linux-gnu/libstdc++.so.6.0.19
7f3b41d13000-7f3b41d1b000 r--p 000e5000 08:02 128848021                  /usr/lib/x86_64-linux-gnu/libstdc++.so.6.0.19
7f3b41d1b000-7f3b41d1d000 rw-p 000ed000 08:02 128848021                  /usr/lib/x86_64-linux-gnu/libstdc++.so.6.0.19
7f3b41d1d000-7f3b41d32000 rw-p 00000000 00:00 0 
7f3b41d32000-7f3b433fb000 r-xp 00000000 08:02 130945229                  /usr/local/cuda-7.5/lib64/libcublas.so.7.5.18
7f3b433fb000-7f3b435fa000 ---p 016c9000 08:02 130945229                  /usr/local/cuda-7.5/lib64/libcublas.so.7.5.18
7f3b435fa000-7f3b43606000 rw-p 016c8000 08:02 130945229                  /usr/local/cuda-7.5/lib64/libcublas.so.7.5.18
7f3b43606000-7f3b43611000 rw-p 00000000 00:00 0 
7f3b43611000-7f3b44000000 r--s 09375000 08:02 174063921                  /usr/local/spark/lib/spark-assembly-1.3.1-hadoop2.6.0.jar
7f3b44000000-7f3b44021000 rw-p 00000000 00:00 0 
7f3b44021000-7f3b48000000 ---p 00000000 00:00 0 
7f3b48003000-7f3b4801f000 r--s 00393000 08:02 132646520                  /usr/java/jdk1.8.0_73/jre/lib/ext/cldrdata.jar
7f3b4801f000-7f3b48029000 r--s 00116000 08:02 132646517                  /usr/java/jdk1.8.0_73/jre/lib/ext/localedata.jar
7f3b48029000-7f3b4802c000 ---p 00000000 00:00 0 
7f3b4802c000-7f3b4812a000 rw-p 00000000 00:00 0                          [stack:996]
7f3b4812a000-7f3b4812d000 ---p 00000000 00:00 0 
7f3b4812d000-7f3b48163000 rw-p 00000000 00:00 0                          [stack:993]
7f3b48163000-7f3b481be000 r-xp 00000000 08:02 130945239                  /usr/local/cuda-7.5/lib64/libcudart.so.7.5.18
7f3b481be000-7f3b483bd000 ---p 0005b000 08:02 130945239                  /usr/local/cuda-7.5/lib64/libcudart.so.7.5.18
7f3b483bd000-7f3b483c1000 rw-p 0005a000 08:02 130945239                  /usr/local/cuda-7.5/lib64/libcudart.so.7.5.18
7f3b483c1000-7f3b48609000 r-xp 00000000 08:02 171068909                  /home/make/finaljc/mnist/mnistCUDNN.so
7f3b48609000-7f3b48808000 ---p 00248000 08:02 171068909                  /home/make/finaljc/mnist/mnistCUDNN.so
7f3b48808000-7f3b4880b000 r--p 00247000 08:02 171068909                  /home/make/finaljc/mnist/mnistCUDNN.so
7f3b4880b000-7f3b4881c000 rw-p 0024a000 08:02 171068909                  /home/make/finaljc/mnist/mnistCUDNN.so
7f3b4881c000-7f3b4881d000 rw-p 00000000 00:00 0 
7f3b4881d000-7f3b48833000 r--s 001a4000 08:02 174063919                  /usr/local/spark/lib/datanucleus-rdbms-3.2.9.jar
7f3b48833000-7f3b489b1000 rw-p 00000000 00:00 0 
7f3b489b1000-7f3b489b2000 ---p 00000000 00:00 0 
7f3b489b2000-7f3b48ab2000 rw-p 00000000 00:00 0                          [stack:991]
7f3b48ab2000-7f3b48ab5000 ---p 00000000 00:00 0 
7f3b48ab5000-7f3b48bb3000 rw-p 00000000 00:00 0                          [stack:990]
7f3b48bb3000-7f3b48bb6000 ---p 00000000 00:00 0 
7f3b48bb6000-7f3b48cb4000 rw-p 00000000 00:00 0                          [stack:989]
7f3b48cb4000-7f3b48cb7000 ---p 00000000 00:00 0 
7f3b48cb7000-7f3b48db5000 rw-p 00000000 00:00 0                          [stack:988]
7f3b48db5000-7f3b48db8000 ---p 00000000 00:00 0 
7f3b48db8000-7f3b48eb6000 rw-p 00000000 00:00 0                          [stack:987]
7f3b48eb6000-7f3b48eb9000 ---p 00000000 00:00 0 
7f3b48eb9000-7f3b48fb7000 rw-p 00000000 00:00 0                          [stack:986]
7f3b48fb7000-7f3b48fba000 ---p 00000000 00:00 0 
7f3b48fba000-7f3b490b8000 rw-p 00000000 00:00 0                          [stack:985]
7f3b490b8000-7f3b4979a000 r--p 00000000 08:02 128850431                  /usr/lib/locale/locale-archive
7f3b4979a000-7f3b4979d000 ---p 00000000 00:00 0 
7f3b4979d000-7f3b4989b000 rw-p 00000000 00:00 0                          [stack:984]
7f3b4989b000-7f3b4989e000 ---p 00000000 00:00 0 
7f3b4989e000-7f3b4999c000 rw-p 00000000 00:00 0                          [stack:983]
7f3b4999c000-7f3b4999d000 ---p 00000000 00:00 0 
7f3b4999d000-7f3b4bd57000 rw-p 00000000 00:00 0                          [stack:982]
7f3b4bd57000-7f3b4bf2f000 r--s 03d23000 08:02 132646432                  /usr/java/jdk1.8.0_73/jre/lib/rt.jar
7f3b4bf2f000-7f3b4c000000 rw-p 00000000 00:00 0 
7f3b4c000000-7f3b4c021000 rw-p 00000000 00:00 0 
7f3b4c021000-7f3b50000000 ---p 00000000 00:00 0 
7f3b50000000-7f3b51000000 rw-p 00000000 00:00 0 
7f3b51000000-7f3b51660000 rwxp 00000000 00:00 0 
7f3b51660000-7f3b60000000 ---p 00000000 00:00 0 
7f3b60000000-7f3b61005000 rw-p 00000000 00:00 0 
7f3b61005000-7f3b64000000 ---p 00000000 00:00 0 
7f3b64001000-7f3b64019000 r--s 001b6000 08:02 174063918                  /usr/local/spark/lib/datanucleus-core-3.2.10.jar
7f3b64019000-7f3b6493a000 rw-p 00000000 00:00 0 
7f3b6493a000-7f3b6493b000 ---p 00000000 00:00 0 
7f3b6493b000-7f3b64a3b000 rw-p 00000000 00:00 0                          [stack:981]
7f3b64a3b000-7f3b64a3c000 ---p 00000000 00:00 0 
7f3b64a3c000-7f3b64b3c000 rw-p 00000000 00:00 0                          [stack:980]
7f3b64b3c000-7f3b64b3d000 ---p 00000000 00:00 0 
7f3b64b3d000-7f3b64c3d000 rw-p 00000000 00:00 0                          [stack:979]
7f3b64c3d000-7f3b64c3e000 ---p 00000000 00:00 0 
7f3b64c3e000-7f3b64d3e000 rw-p 00000000 00:00 0                          [stack:978]
7f3b64d3e000-7f3b64d3f000 ---p 00000000 00:00 0 
7f3b64d3f000-7f3b64e3f000 rw-p 00000000 00:00 0                          [stack:977]
7f3b64e3f000-7f3b64e40000 ---p 00000000 00:00 0 
7f3b64e40000-7f3b64f40000 rw-p 00000000 00:00 0                          [stack:976]
7f3b64f40000-7f3b64f41000 ---p 00000000 00:00 0 
7f3b64f41000-7f3b65041000 rw-p 00000000 00:00 0                          [stack:975]
7f3b65041000-7f3b65042000 ---p 00000000 00:00 0 
7f3b65042000-7f3b65142000 rw-p 00000000 00:00 0                          [stack:974]
7f3b65142000-7f3b65143000 ---p 00000000 00:00 0 
7f3b65143000-7f3b65243000 rw-p 00000000 00:00 0                          [stack:973]
7f3b65243000-7f3b65244000 ---p 00000000 00:00 0 
7f3b65244000-7f3b6545f000 rw-p 00000000 00:00 0                          [stack:972]
7f3b6545f000-7f3b65805000 ---p 00000000 00:00 0 
7f3b65805000-7f3b6581f000 r-xp 00000000 08:02 132646461                  /usr/java/jdk1.8.0_73/jre/lib/amd64/libzip.so
7f3b6581f000-7f3b65a1f000 ---p 0001a000 08:02 132646461                  /usr/java/jdk1.8.0_73/jre/lib/amd64/libzip.so
7f3b65a1f000-7f3b65a20000 rw-p 0001a000 08:02 132646461                  /usr/java/jdk1.8.0_73/jre/lib/amd64/libzip.so
7f3b65a20000-7f3b65a2b000 r-xp 00000000 08:02 119276531                  /lib/x86_64-linux-gnu/libnss_files-2.19.so
7f3b65a2b000-7f3b65c2a000 ---p 0000b000 08:02 119276531                  /lib/x86_64-linux-gnu/libnss_files-2.19.so
7f3b65c2a000-7f3b65c2b000 r--p 0000a000 08:02 119276531                  /lib/x86_64-linux-gnu/libnss_files-2.19.so
7f3b65c2b000-7f3b65c2c000 rw-p 0000b000 08:02 119276531                  /lib/x86_64-linux-gnu/libnss_files-2.19.so
7f3b65c2c000-7f3b65c37000 r-xp 00000000 08:02 119279765                  /lib/x86_64-linux-gnu/libnss_nis-2.19.so
7f3b65c37000-7f3b65e36000 ---p 0000b000 08:02 119279765                  /lib/x86_64-linux-gnu/libnss_nis-2.19.so
7f3b65e36000-7f3b65e37000 r--p 0000a000 08:02 119279765                  /lib/x86_64-linux-gnu/libnss_nis-2.19.so
7f3b65e37000-7f3b65e38000 rw-p 0000b000 08:02 119279765                  /lib/x86_64-linux-gnu/libnss_nis-2.19.so
7f3b65e38000-7f3b65e4f000 r-xp 00000000 08:02 119279596                  /lib/x86_64-linux-gnu/libnsl-2.19.so
7f3b65e4f000-7f3b6604e000 ---p 00017000 08:02 119279596                  /lib/x86_64-linux-gnu/libnsl-2.19.so
7f3b6604e000-7f3b6604f000 r--p 00016000 08:02 119279596                  /lib/x86_64-linux-gnu/libnsl-2.19.so
7f3b6604f000-7f3b66050000 rw-p 00017000 08:02 119279596                  /lib/x86_64-linux-gnu/libnsl-2.19.so
7f3b66050000-7f3b66052000 rw-p 00000000 00:00 0 
7f3b66052000-7f3b6605b000 r-xp 00000000 08:02 119279584                  /lib/x86_64-linux-gnu/libnss_compat-2.19.so
7f3b6605b000-7f3b6625a000 ---p 00009000 08:02 119279584                  /lib/x86_64-linux-gnu/libnss_compat-2.19.so
7f3b6625a000-7f3b6625b000 r--p 00008000 08:02 119279584                  /lib/x86_64-linux-gnu/libnss_compat-2.19.so
7f3b6625b000-7f3b6625c000 rw-p 00009000 08:02 119279584                  /lib/x86_64-linux-gnu/libnss_compat-2.19.so
7f3b6625c000-7f3b66286000 r-xp 00000000 08:02 132646487                  /usr/java/jdk1.8.0_73/jre/lib/amd64/libjava.so
7f3b66286000-7f3b66486000 ---p 0002a000 08:02 132646487                  /usr/java/jdk1.8.0_73/jre/lib/amd64/libjava.so
7f3b66486000-7f3b66488000 rw-p 0002a000 08:02 132646487                  /usr/java/jdk1.8.0_73/jre/lib/amd64/libjava.so
7f3b66488000-7f3b66495000 r-xp 00000000 08:02 132646441                  /usr/java/jdk1.8.0_73/jre/lib/amd64/libverify.so
7f3b66495000-7f3b66695000 ---p 0000d000 08:02 132646441                  /usr/java/jdk1.8.0_73/jre/lib/amd64/libverify.so
7f3b66695000-7f3b66697000 rw-p 0000d000 08:02 132646441                  /usr/java/jdk1.8.0_73/jre/lib/amd64/libverify.so
7f3b66697000-7f3b6669e000 r-xp 00000000 08:02 119279762                  /lib/x86_64-linux-gnu/librt-2.19.so
7f3b6669e000-7f3b6689d000 ---p 00007000 08:02 119279762                  /lib/x86_64-linux-gnu/librt-2.19.so
7f3b6689d000-7f3b6689e000 r--p 00006000 08:02 119279762                  /lib/x86_64-linux-gnu/librt-2.19.so
7f3b6689e000-7f3b6689f000 rw-p 00007000 08:02 119279762                  /lib/x86_64-linux-gnu/librt-2.19.so
7f3b6689f000-7f3b669a4000 r-xp 00000000 08:02 119276530                  /lib/x86_64-linux-gnu/libm-2.19.so
7f3b669a4000-7f3b66ba3000 ---p 00105000 08:02 119276530                  /lib/x86_64-linux-gnu/libm-2.19.so
7f3b66ba3000-7f3b66ba4000 r--p 00104000 08:02 119276530                  /lib/x86_64-linux-gnu/libm-2.19.so
7f3b66ba4000-7f3b66ba5000 rw-p 00105000 08:02 119276530                  /lib/x86_64-linux-gnu/libm-2.19.so
7f3b66ba5000-7f3b67864000 r-xp 00000000 08:02 132646491                  /usr/java/jdk1.8.0_73/jre/lib/amd64/server/libjvm.so
7f3b67864000-7f3b67a63000 ---p 00cbf000 08:02 132646491                  /usr/java/jdk1.8.0_73/jre/lib/amd64/server/libjvm.so
7f3b67a63000-7f3b67b3c000 rw-p 00cbe000 08:02 132646491                  /usr/java/jdk1.8.0_73/jre/lib/amd64/server/libjvm.so
7f3b67b3c000-7f3b67b85000 rw-p 00000000 00:00 0 
7f3b67b85000-7f3b67d40000 r-xp 00000000 08:02 119279759                  /lib/x86_64-linux-gnu/libc-2.19.so
7f3b67d40000-7f3b67f3f000 ---p 001bb000 08:02 119279759                  /lib/x86_64-linux-gnu/libc-2.19.so
7f3b67f3f000-7f3b67f43000 r--p 001ba000 08:02 119279759                  /lib/x86_64-linux-gnu/libc-2.19.so
7f3b67f43000-7f3b67f45000 rw-p 001be000 08:02 119279759                  /lib/x86_64-linux-gnu/libc-2.19.so
7f3b67f45000-7f3b67f4a000 rw-p 00000000 00:00 0 
7f3b67f4a000-7f3b67f4d000 r-xp 00000000 08:02 119279490                  /lib/x86_64-linux-gnu/libdl-2.19.so
7f3b67f4d000-7f3b6814c000 ---p 00003000 08:02 119279490                  /lib/x86_64-linux-gnu/libdl-2.19.so
7f3b6814c000-7f3b6814d000 r--p 00002000 08:02 119279490                  /lib/x86_64-linux-gnu/libdl-2.19.so
7f3b6814d000-7f3b6814e000 rw-p 00003000 08:02 119279490                  /lib/x86_64-linux-gnu/libdl-2.19.so
7f3b6814e000-7f3b68163000 r-xp 00000000 08:02 132645575                  /usr/java/jdk1.8.0_73/lib/amd64/jli/libjli.so
7f3b68163000-7f3b68363000 ---p 00015000 08:02 132645575                  /usr/java/jdk1.8.0_73/lib/amd64/jli/libjli.so
7f3b68363000-7f3b68364000 rw-p 00015000 08:02 132645575                  /usr/java/jdk1.8.0_73/lib/amd64/jli/libjli.so
7f3b68364000-7f3b6837d000 r-xp 00000000 08:02 119279760                  /lib/x86_64-linux-gnu/libpthread-2.19.so
7f3b6837d000-7f3b6857c000 ---p 00019000 08:02 119279760                  /lib/x86_64-linux-gnu/libpthread-2.19.so
7f3b6857c000-7f3b6857d000 r--p 00018000 08:02 119279760                  /lib/x86_64-linux-gnu/libpthread-2.19.so
7f3b6857d000-7f3b6857e000 rw-p 00019000 08:02 119279760                  /lib/x86_64-linux-gnu/libpthread-2.19.so
7f3b6857e000-7f3b68582000 rw-p 00000000 00:00 0 
7f3b68582000-7f3b685a5000 r-xp 00000000 08:02 119279756                  /lib/x86_64-linux-gnu/ld-2.19.so
7f3b685a5000-7f3b6867b000 rw-p 00000000 00:00 0 
7f3b6867b000-7f3b6867e000 ---p 00000000 00:00 0 
7f3b6867e000-7f3b68780000 rw-p 00000000 00:00 0                          [stack:971]
7f3b68780000-7f3b68783000 r--s 0001a000 08:02 132646691                  /usr/java/jdk1.8.0_73/jre/lib/jce.jar
7f3b68783000-7f3b68787000 r--s 00097000 08:02 132646384                  /usr/java/jdk1.8.0_73/jre/lib/jsse.jar
7f3b68787000-7f3b68789000 r--s 00000000 08:02 171068978                  /home/make/finaljc/target/mycudnn-1.0.jar
7f3b68789000-7f3b6878e000 r--s 0004e000 08:02 174063920                  /usr/local/spark/lib/datanucleus-api-jdo-3.2.6.jar
7f3b6878e000-7f3b68798000 rw-p 00000000 00:00 0 
7f3b68798000-7f3b687a0000 rw-s 00000000 08:02 102760484                  /tmp/hsperfdata_make/883
7f3b687a0000-7f3b687a1000 rw-p 00000000 00:00 0 
7f3b687a1000-7f3b687a2000 r--p 00000000 00:00 0 
7f3b687a2000-7f3b687a4000 rw-p 00000000 00:00 0 
7f3b687a4000-7f3b687a5000 r--p 00022000 08:02 119279756                  /lib/x86_64-linux-gnu/ld-2.19.so
7f3b687a5000-7f3b687a6000 rw-p 00023000 08:02 119279756                  /lib/x86_64-linux-gnu/ld-2.19.so
7f3b687a6000-7f3b687a7000 rw-p 00000000 00:00 0 
7fffa053a000-7fffa055c000 rw-p 00000000 00:00 0                          [stack]
7fffa05d8000-7fffa05da000 r-xp 00000000 00:00 0                          [vdso]
ffffffffff600000-ffffffffff601000 r-xp 00000000 00:00 0                  [vsyscall]

VM Arguments:
jvm_args: -Xms512m -Xmx512m 
java_command: org.apache.spark.deploy.SparkSubmit --class TestJNIPrimitiveArray --master local[2] target/mycudnn-1.0.jar
java_class_path (initial): /usr/local/spark/conf:/usr/local/spark/lib/spark-assembly-1.3.1-hadoop2.6.0.jar:/usr/local/spark/lib/datanucleus-core-3.2.10.jar:/usr/local/spark/lib/datanucleus-rdbms-3.2.9.jar:/usr/local/spark/lib/datanucleus-api-jdo-3.2.6.jar
Launcher Type: SUN_STANDARD

Environment Variables:
JAVA_HOME=/usr/java/jdk1.8.0_73
CLASSPATH=/usr/local/spark/conf:/usr/local/spark/lib/spark-assembly-1.3.1-hadoop2.6.0.jar:/usr/local/spark/lib/datanucleus-core-3.2.10.jar:/usr/local/spark/lib/datanucleus-rdbms-3.2.9.jar:/usr/local/spark/lib/datanucleus-api-jdo-3.2.6.jar
PATH=/home/make/.rbenv/plugins/ruby-build/bin:/home/make/.rbenv/shims:/home/make/.rbenv/bin:/usr/local/heroku/bin:/home/make/.rbenv/shims:/home/make/.rbenv/bin:/opt/intel/bin:/home/make/bin:/usr/local/bin:/home/make/bin:/usr/local/bin:/home/make/bin:/usr/local/bin:/usr/local/sbin:/usr/local/bin:/usr/sbin:/usr/bin:/sbin:/bin:/usr/games:/usr/local/games:/usr/local/cuda/bin:/usr/local/cuda/bin:/home/make/.rvm/bin:/usr/local/cuda/bin:/usr/local/scala/bin:/usr/local/spark/bin:/usr/java/jdk1.8.0_73/bin:/home/make/.rvm/bin
LD_LIBRARY_PATH=:/usr/local/cuda/lib64:/usr/local/compilers_and_libraries/linux/lib/intel64:/usr/local/mkl/lib/intel64:/usr/local/lib:/usr/local/cuda/lib64:/usr/local/compilers_and_libraries/linux/lib/intel64:/usr/local/mkl/lib/intel64:/usr/local/lib:/usr/local/cuda/lib64:/usr/local/compilers_and_libraries/linux/lib/intel64:/opt/intel/compilers_and_libraries/linux/lib/intel64:/usr/local/lib:/usr/local/lib64:/usr/local/lib64/digilent/adept:/home/make/javacpp/another
SHELL=/bin/zsh
DISPLAY=:0

Signal Handlers:
SIGSEGV: [libjvm.so+0xabafa0], sa_mask[0]=11111111011111111101111111111110, sa_flags=SA_RESTART|SA_SIGINFO
SIGBUS: [libjvm.so+0xabafa0], sa_mask[0]=11111111011111111101111111111110, sa_flags=SA_RESTART|SA_SIGINFO
SIGFPE: [libjvm.so+0x9183c0], sa_mask[0]=11111111011111111101111111111110, sa_flags=SA_RESTART|SA_SIGINFO
SIGPIPE: [libjvm.so+0x9183c0], sa_mask[0]=11111111011111111101111111111110, sa_flags=SA_RESTART|SA_SIGINFO
SIGXFSZ: [libjvm.so+0x9183c0], sa_mask[0]=11111111011111111101111111111110, sa_flags=SA_RESTART|SA_SIGINFO
SIGILL: [libjvm.so+0x9183c0], sa_mask[0]=11111111011111111101111111111110, sa_flags=SA_RESTART|SA_SIGINFO
SIGUSR1: SIG_DFL, sa_mask[0]=00000000000000000000000000000000, sa_flags=none
SIGUSR2: [libjvm.so+0x9199f0], sa_mask[0]=00000000000000000000000000000000, sa_flags=SA_RESTART|SA_SIGINFO
SIGHUP: [libjvm.so+0x91adf0], sa_mask[0]=11111111011111111101111111111110, sa_flags=SA_RESTART|SA_SIGINFO
SIGINT: [libjvm.so+0x91adf0], sa_mask[0]=11111111011111111101111111111110, sa_flags=SA_RESTART|SA_SIGINFO
SIGTERM: [libjvm.so+0x91adf0], sa_mask[0]=11111111011111111101111111111110, sa_flags=SA_RESTART|SA_SIGINFO
SIGQUIT: [libjvm.so+0x91adf0], sa_mask[0]=11111111011111111101111111111110, sa_flags=SA_RESTART|SA_SIGINFO


---------------  S Y S T E M  ---------------

OS:DISTRIB_ID=Ubuntu
DISTRIB_RELEASE=14.04
DISTRIB_CODENAME=trusty
DISTRIB_DESCRIPTION="Ubuntu 14.04.1 LTS"

uname:Linux 3.13.0-32-generic #57-Ubuntu SMP Tue Jul 15 03:51:08 UTC 2014 x86_64
libc:glibc 2.19 NPTL 2.19 
rlimit: STACK 8192k, CORE 0k, NPROC 127849, NOFILE 4096, AS infinity
load average:0.63 0.31 0.20

/proc/meminfo:
MemTotal:       16386316 kB
MemFree:        10317884 kB
Buffers:          834728 kB
Cached:          2189620 kB
SwapCached:            0 kB
Active:          3989048 kB
Inactive:        1405276 kB
Active(anon):    2372776 kB
Inactive(anon):   101132 kB
Active(file):    1616272 kB
Inactive(file):  1304144 kB
Unevictable:         184 kB
Mlocked:             184 kB
SwapTotal:      45958132 kB
SwapFree:       45958132 kB
Dirty:               672 kB
Writeback:             0 kB
AnonPages:       2375072 kB
Mapped:           497112 kB
Shmem:            103552 kB
Slab:             374296 kB
SReclaimable:     310636 kB
SUnreclaim:        63660 kB
KernelStack:        7192 kB
PageTables:        56512 kB
NFS_Unstable:          0 kB
Bounce:                0 kB
WritebackTmp:          0 kB
CommitLimit:    54151288 kB
Committed_AS:   10011520 kB
VmallocTotal:   34359738367 kB
VmallocUsed:      395456 kB
VmallocChunk:   34359335932 kB
HardwareCorrupted:     0 kB
AnonHugePages:    567296 kB
HugePages_Total:       0
HugePages_Free:        0
HugePages_Rsvd:        0
HugePages_Surp:        0
Hugepagesize:       2048 kB
DirectMap4k:      294864 kB
DirectMap2M:     9095168 kB
DirectMap1G:     7340032 kB


CPU:total 12 (6 cores per cpu, 2 threads per core) family 6 model 45 stepping 7, cmov, cx8, fxsr, mmx, sse, sse2, sse3, ssse3, sse4.1, sse4.2, popcnt, avx, aes, clmul, ht, tsc, tscinvbit, tscinv

/proc/cpuinfo:
processor	: 0
vendor_id	: GenuineIntel
cpu family	: 6
model		: 45
model name	: Intel(R) Core(TM) i7-3930K CPU @ 3.20GHz
stepping	: 7
microcode	: 0x70b
cpu MHz		: 3200.000
cache size	: 12288 KB
physical id	: 0
siblings	: 12
core id		: 0
cpu cores	: 6
apicid		: 0
initial apicid	: 0
fpu		: yes
fpu_exception	: yes
cpuid level	: 13
wp		: yes
flags		: fpu vme de pse tsc msr pae mce cx8 apic sep mtrr pge mca cmov pat pse36 clflush dts acpi mmx fxsr sse sse2 ss ht tm pbe syscall nx pdpe1gb rdtscp lm constant_tsc arch_perfmon pebs bts rep_good nopl xtopology nonstop_tsc aperfmperf eagerfpu pni pclmulqdq dtes64 monitor ds_cpl vmx est tm2 ssse3 cx16 xtpr pdcm pcid dca sse4_1 sse4_2 x2apic popcnt tsc_deadline_timer aes xsave avx lahf_lm ida arat xsaveopt pln pts dtherm tpr_shadow vnmi flexpriority ept vpid
bogomips	: 6400.64
clflush size	: 64
cache_alignment	: 64
address sizes	: 46 bits physical, 48 bits virtual
power management:

processor	: 1
vendor_id	: GenuineIntel
cpu family	: 6
model		: 45
model name	: Intel(R) Core(TM) i7-3930K CPU @ 3.20GHz
stepping	: 7
microcode	: 0x70b
cpu MHz		: 3201.000
cache size	: 12288 KB
physical id	: 0
siblings	: 12
core id		: 1
cpu cores	: 6
apicid		: 2
initial apicid	: 2
fpu		: yes
fpu_exception	: yes
cpuid level	: 13
wp		: yes
flags		: fpu vme de pse tsc msr pae mce cx8 apic sep mtrr pge mca cmov pat pse36 clflush dts acpi mmx fxsr sse sse2 ss ht tm pbe syscall nx pdpe1gb rdtscp lm constant_tsc arch_perfmon pebs bts rep_good nopl xtopology nonstop_tsc aperfmperf eagerfpu pni pclmulqdq dtes64 monitor ds_cpl vmx est tm2 ssse3 cx16 xtpr pdcm pcid dca sse4_1 sse4_2 x2apic popcnt tsc_deadline_timer aes xsave avx lahf_lm ida arat xsaveopt pln pts dtherm tpr_shadow vnmi flexpriority ept vpid
bogomips	: 6400.64
clflush size	: 64
cache_alignment	: 64
address sizes	: 46 bits physical, 48 bits virtual
power management:

processor	: 2
vendor_id	: GenuineIntel
cpu family	: 6
model		: 45
model name	: Intel(R) Core(TM) i7-3930K CPU @ 3.20GHz
stepping	: 7
microcode	: 0x70b
cpu MHz		: 1200.000
cache size	: 12288 KB
physical id	: 0
siblings	: 12
core id		: 2
cpu cores	: 6
apicid		: 4
initial apicid	: 4
fpu		: yes
fpu_exception	: yes
cpuid level	: 13
wp		: yes
flags		: fpu vme de pse tsc msr pae mce cx8 apic sep mtrr pge mca cmov pat pse36 clflush dts acpi mmx fxsr sse sse2 ss ht tm pbe syscall nx pdpe1gb rdtscp lm constant_tsc arch_perfmon pebs bts rep_good nopl xtopology nonstop_tsc aperfmperf eagerfpu pni pclmulqdq dtes64 monitor ds_cpl vmx est tm2 ssse3 cx16 xtpr pdcm pcid dca sse4_1 sse4_2 x2apic popcnt tsc_deadline_timer aes xsave avx lahf_lm ida arat xsaveopt pln pts dtherm tpr_shadow vnmi flexpriority ept vpid
bogomips	: 6400.64
clflush size	: 64
cache_alignment	: 64
address sizes	: 46 bits physical, 48 bits virtual
power management:

processor	: 3
vendor_id	: GenuineIntel
cpu family	: 6
model		: 45
model name	: Intel(R) Core(TM) i7-3930K CPU @ 3.20GHz
stepping	: 7
microcode	: 0x70b
cpu MHz		: 3201.000
cache size	: 12288 KB
physical id	: 0
siblings	: 12
core id		: 3
cpu cores	: 6
apicid		: 6
initial apicid	: 6
fpu		: yes
fpu_exception	: yes
cpuid level	: 13
wp		: yes
flags		: fpu vme de pse tsc msr pae mce cx8 apic sep mtrr pge mca cmov pat pse36 clflush dts acpi mmx fxsr sse sse2 ss ht tm pbe syscall nx pdpe1gb rdtscp lm constant_tsc arch_perfmon pebs bts rep_good nopl xtopology nonstop_tsc aperfmperf eagerfpu pni pclmulqdq dtes64 monitor ds_cpl vmx est tm2 ssse3 cx16 xtpr pdcm pcid dca sse4_1 sse4_2 x2apic popcnt tsc_deadline_timer aes xsave avx lahf_lm ida arat xsaveopt pln pts dtherm tpr_shadow vnmi flexpriority ept vpid
bogomips	: 6400.64
clflush size	: 64
cache_alignment	: 64
address sizes	: 46 bits physical, 48 bits virtual
power management:

processor	: 4
vendor_id	: GenuineIntel
cpu family	: 6
model		: 45
model name	: Intel(R) Core(TM) i7-3930K CPU @ 3.20GHz
stepping	: 7
microcode	: 0x70b
cpu MHz		: 3200.000
cache size	: 12288 KB
physical id	: 0
siblings	: 12
core id		: 4
cpu cores	: 6
apicid		: 8
initial apicid	: 8
fpu		: yes
fpu_exception	: yes
cpuid level	: 13
wp		: yes
flags		: fpu vme de pse tsc msr pae mce cx8 apic sep mtrr pge mca cmov pat pse36 clflush dts acpi mmx fxsr sse sse2 ss ht tm pbe syscall nx pdpe1gb rdtscp lm constant_tsc arch_perfmon pebs bts rep_good nopl xtopology nonstop_tsc aperfmperf eagerfpu pni pclmulqdq dtes64 monitor ds_cpl vmx est tm2 ssse3 cx16 xtpr pdcm pcid dca sse4_1 sse4_2 x2apic popcnt tsc_deadline_timer aes xsave avx lahf_lm ida arat xsaveopt pln pts dtherm tpr_shadow vnmi flexpriority ept vpid
bogomips	: 6400.64
clflush size	: 64
cache_alignment	: 64
address sizes	: 46 bits physical, 48 bits virtual
power management:

processor	: 5
vendor_id	: GenuineIntel
cpu family	: 6
model		: 45
model name	: Intel(R) Core(TM) i7-3930K CPU @ 3.20GHz
stepping	: 7
microcode	: 0x70b
cpu MHz		: 3201.000
cache size	: 12288 KB
physical id	: 0
siblings	: 12
core id		: 5
cpu cores	: 6
apicid		: 10
initial apicid	: 10
fpu		: yes
fpu_exception	: yes
cpuid level	: 13
wp		: yes
flags		: fpu vme de pse tsc msr pae mce cx8 apic sep mtrr pge mca cmov pat pse36 clflush dts acpi mmx fxsr sse sse2 ss ht tm pbe syscall nx pdpe1gb rdtscp lm constant_tsc arch_perfmon pebs bts rep_good nopl xtopology nonstop_tsc aperfmperf eagerfpu pni pclmulqdq dtes64 monitor ds_cpl vmx est tm2 ssse3 cx16 xtpr pdcm pcid dca sse4_1 sse4_2 x2apic popcnt tsc_deadline_timer aes xsave avx lahf_lm ida arat xsaveopt pln pts dtherm tpr_shadow vnmi flexpriority ept vpid
bogomips	: 6400.64
clflush size	: 64
cache_alignment	: 64
address sizes	: 46 bits physical, 48 bits virtual
power management:

processor	: 6
vendor_id	: GenuineIntel
cpu family	: 6
model		: 45
model name	: Intel(R) Core(TM) i7-3930K CPU @ 3.20GHz
stepping	: 7
microcode	: 0x70b
cpu MHz		: 1200.000
cache size	: 12288 KB
physical id	: 0
siblings	: 12
core id		: 0
cpu cores	: 6
apicid		: 1
initial apicid	: 1
fpu		: yes
fpu_exception	: yes
cpuid level	: 13
wp		: yes
flags		: fpu vme de pse tsc msr pae mce cx8 apic sep mtrr pge mca cmov pat pse36 clflush dts acpi mmx fxsr sse sse2 ss ht tm pbe syscall nx pdpe1gb rdtscp lm constant_tsc arch_perfmon pebs bts rep_good nopl xtopology nonstop_tsc aperfmperf eagerfpu pni pclmulqdq dtes64 monitor ds_cpl vmx est tm2 ssse3 cx16 xtpr pdcm pcid dca sse4_1 sse4_2 x2apic popcnt tsc_deadline_timer aes xsave avx lahf_lm ida arat xsaveopt pln pts dtherm tpr_shadow vnmi flexpriority ept vpid
bogomips	: 6400.64
clflush size	: 64
cache_alignment	: 64
address sizes	: 46 bits physical, 48 bits virtual
power management:

processor	: 7
vendor_id	: GenuineIntel
cpu family	: 6
model		: 45
model name	: Intel(R) Core(TM) i7-3930K CPU @ 3.20GHz
stepping	: 7
microcode	: 0x70b
cpu MHz		: 1200.000
cache size	: 12288 KB
physical id	: 0
siblings	: 12
core id		: 1
cpu cores	: 6
apicid		: 3
initial apicid	: 3
fpu		: yes
fpu_exception	: yes
cpuid level	: 13
wp		: yes
flags		: fpu vme de pse tsc msr pae mce cx8 apic sep mtrr pge mca cmov pat pse36 clflush dts acpi mmx fxsr sse sse2 ss ht tm pbe syscall nx pdpe1gb rdtscp lm constant_tsc arch_perfmon pebs bts rep_good nopl xtopology nonstop_tsc aperfmperf eagerfpu pni pclmulqdq dtes64 monitor ds_cpl vmx est tm2 ssse3 cx16 xtpr pdcm pcid dca sse4_1 sse4_2 x2apic popcnt tsc_deadline_timer aes xsave avx lahf_lm ida arat xsaveopt pln pts dtherm tpr_shadow vnmi flexpriority ept vpid
bogomips	: 6400.64
clflush size	: 64
cache_alignment	: 64
address sizes	: 46 bits physical, 48 bits virtual
power management:

processor	: 8
vendor_id	: GenuineIntel
cpu family	: 6
model		: 45
model name	: Intel(R) Core(TM) i7-3930K CPU @ 3.20GHz
stepping	: 7
microcode	: 0x70b
cpu MHz		: 1200.000
cache size	: 12288 KB
physical id	: 0
siblings	: 12
core id		: 2
cpu cores	: 6
apicid		: 5
initial apicid	: 5
fpu		: yes
fpu_exception	: yes
cpuid level	: 13
wp		: yes
flags		: fpu vme de pse tsc msr pae mce cx8 apic sep mtrr pge mca cmov pat pse36 clflush dts acpi mmx fxsr sse sse2 ss ht tm pbe syscall nx pdpe1gb rdtscp lm constant_tsc arch_perfmon pebs bts rep_good nopl xtopology nonstop_tsc aperfmperf eagerfpu pni pclmulqdq dtes64 monitor ds_cpl vmx est tm2 ssse3 cx16 xtpr pdcm pcid dca sse4_1 sse4_2 x2apic popcnt tsc_deadline_timer aes xsave avx lahf_lm ida arat xsaveopt pln pts dtherm tpr_shadow vnmi flexpriority ept vpid
bogomips	: 6400.64
clflush size	: 64
cache_alignment	: 64
address sizes	: 46 bits physical, 48 bits virtual
power management:

processor	: 9
vendor_id	: GenuineIntel
cpu family	: 6
model		: 45
model name	: Intel(R) Core(TM) i7-3930K CPU @ 3.20GHz
stepping	: 7
microcode	: 0x70b
cpu MHz		: 3201.000
cache size	: 12288 KB
physical id	: 0
siblings	: 12
core id		: 3
cpu cores	: 6
apicid		: 7
initial apicid	: 7
fpu		: yes
fpu_exception	: yes
cpuid level	: 13
wp		: yes
flags		: fpu vme de pse tsc msr pae mce cx8 apic sep mtrr pge mca cmov pat pse36 clflush dts acpi mmx fxsr sse sse2 ss ht tm pbe syscall nx pdpe1gb rdtscp lm constant_tsc arch_perfmon pebs bts rep_good nopl xtopology nonstop_tsc aperfmperf eagerfpu pni pclmulqdq dtes64 monitor ds_cpl vmx est tm2 ssse3 cx16 xtpr pdcm pcid dca sse4_1 sse4_2 x2apic popcnt tsc_deadline_timer aes xsave avx lahf_lm ida arat xsaveopt pln pts dtherm tpr_shadow vnmi flexpriority ept vpid
bogomips	: 6400.64
clflush size	: 64
cache_alignment	: 64
address sizes	: 46 bits physical, 48 bits virtual
power management:

processor	: 10
vendor_id	: GenuineIntel
cpu family	: 6
model		: 45
model name	: Intel(R) Core(TM) i7-3930K CPU @ 3.20GHz
stepping	: 7
microcode	: 0x70b
cpu MHz		: 1200.000
cache size	: 12288 KB
physical id	: 0
siblings	: 12
core id		: 4
cpu cores	: 6
apicid		: 9
initial apicid	: 9
fpu		: yes
fpu_exception	: yes
cpuid level	: 13
wp		: yes
flags		: fpu vme de pse tsc msr pae mce cx8 apic sep mtrr pge mca cmov pat pse36 clflush dts acpi mmx fxsr sse sse2 ss ht tm pbe syscall nx pdpe1gb rdtscp lm constant_tsc arch_perfmon pebs bts rep_good nopl xtopology nonstop_tsc aperfmperf eagerfpu pni pclmulqdq dtes64 monitor ds_cpl vmx est tm2 ssse3 cx16 xtpr pdcm pcid dca sse4_1 sse4_2 x2apic popcnt tsc_deadline_timer aes xsave avx lahf_lm ida arat xsaveopt pln pts dtherm tpr_shadow vnmi flexpriority ept vpid
bogomips	: 6400.64
clflush size	: 64
cache_alignment	: 64
address sizes	: 46 bits physical, 48 bits virtual
power management:

processor	: 11
vendor_id	: GenuineIntel
cpu family	: 6
model		: 45
model name	: Intel(R) Core(TM) i7-3930K CPU @ 3.20GHz
stepping	: 7
microcode	: 0x70b
cpu MHz		: 1200.000
cache size	: 12288 KB
physical id	: 0
siblings	: 12
core id		: 5
cpu cores	: 6
apicid		: 11
initial apicid	: 11
fpu		: yes
fpu_exception	: yes
cpuid level	: 13
wp		: yes
flags		: fpu vme de pse tsc msr pae mce cx8 apic sep mtrr pge mca cmov pat pse36 clflush dts acpi mmx fxsr sse sse2 ss ht tm pbe syscall nx pdpe1gb rdtscp lm constant_tsc arch_perfmon pebs bts rep_good nopl xtopology nonstop_tsc aperfmperf eagerfpu pni pclmulqdq dtes64 monitor ds_cpl vmx est tm2 ssse3 cx16 xtpr pdcm pcid dca sse4_1 sse4_2 x2apic popcnt tsc_deadline_timer aes xsave avx lahf_lm ida arat xsaveopt pln pts dtherm tpr_shadow vnmi flexpriority ept vpid
bogomips	: 6400.64
clflush size	: 64
cache_alignment	: 64
address sizes	: 46 bits physical, 48 bits virtual
power management:



Memory: 4k page, physical 16386316k(10317884k free), swap 45958132k(45958132k free)

vm_info: Java HotSpot(TM) 64-Bit Server VM (25.73-b02) for linux-amd64 JRE (1.8.0_73-b02), built on Jan 29 2016 17:39:45 by "java_re" with gcc 4.3.0 20080428 (Red Hat 4.3.0-8)

time: Wed Apr 13 20:37:18 2016
elapsed time: 1 seconds (0d 0h 0m 1s)

