#
# A fatal error has been detected by the Java Runtime Environment:
#
#  SIGSEGV (0xb) at pc=0x00007f4caaf61d97, pid=2309, tid=139966140131072
#
# JRE version: Java(TM) SE Runtime Environment (8.0_73-b02) (build 1.8.0_73-b02)
# Java VM: Java HotSpot(TM) 64-Bit Server VM (25.73-b02 mixed mode linux-amd64 compressed oops)
# Problematic frame:
# C  [device=1+0x2bd97]  stringRemoveDelimiter(char, char const*)+0x2b
#
# Failed to write core dump. Core dumps have been disabled. To enable core dumping, try "ulimit -c unlimited" before starting Java again
#
# If you would like to submit a bug report, please visit:
#   http://bugreport.java.com/bugreport/crash.jsp
# The crash happened outside the Java Virtual Machine in native code.
# See problematic frame for where to report the bug.
#

---------------  T H R E A D  ---------------

Current thread (0x00007f4c5c05f000):  JavaThread "Executor task launch worker-0" daemon [_thread_in_native, id=2454, stack(0x00007f4c68002000,0x00007f4c68103000)]

siginfo: si_signo: 11 (SIGSEGV), si_code: 1 (SEGV_MAPERR), si_addr: 0x0000000000000000

Registers:
RAX=0x0000000000000000, RBX=0x00007f4cd0cf0908, RCX=0x0000000000000875, RDX=0x0000000000000000
RSP=0x00007f4c68100580, RBP=0x00007f4c681005a0, RSI=0x0000000000000000, RDI=0x000000000000002d
R8 =0x00007f4ce7340dc0, R9 =0x0000000000000000, R10=0x00007f4c68100370, R11=0x00007f4ce7250e50
R12=0x0000000000000000, R13=0x00007f4cd0cf0908, R14=0x00007f4c68100c80, R15=0x00007f4c5c05f000
RIP=0x00007f4caaf61d97, EFLAGS=0x0000000000010246, CSGSFS=0x0000000000000033, ERR=0x0000000000000004
  TRAPNO=0x000000000000000e

Top of Stack: (sp=0x00007f4c68100580)
0x00007f4c68100580:   0000000000000000 00007f2de7340dc0
0x00007f4c68100590:   0000000000000000 00000000e03b6b40
0x00007f4c681005a0:   00007f4c68100600 00007f4caaf61e10
0x00007f4c681005b0:   0000000000000000 00007f4cab094875
0x00007f4c681005c0:   00007f4ce03b6b40 00000310e03b6b40
0x00007f4c681005d0:   00007f4cab094875 00007f4ce03b6b40
0x00007f4c681005e0:   0000000000000006 0000000400000000
0x00007f4c681005f0:   00007f4ce03b6b40 0000000000000000
0x00007f4c68100600:   00007f4c68100b50 00007f4caaf60a22
0x00007f4c68100610:   00007f4cd1010c00 00007f4c0000000b
0x00007f4c68100620:   00007f4c5c05f000 00007f4ce03b6b40
0x00007f4c68100630:   00000310d06166d0 00007f4bc009fb70
0x00007f4c68100640:   00007f4c68100c00 0000000000000000
0x00007f4c68100650:   00007f4ca93f83d8 00007f4c68100940
0x00007f4c68100660:   00007f4c5c05f000 00007f4c5c05bc90
0x00007f4c68100670:   00007f4c5c059a90 00007f4c5c059ab8
0x00007f4c68100680:   00007f4c5c059b78 00000000000000d8
0x00007f4c68100690:   00007f4c68101990 00007f4c68100700
0x00007f4c681006a0:   00007f4cd06166d0 00007f4c5c05f000
0x00007f4c681006b0:   0000000000000000 00007f4c5c05f000
0x00007f4c681006c0:   00007f4cd06166d0 00007f4c5c05f000
0x00007f4c681006d0:   00007f4c5c05f000 00007f4c5c05f000
0x00007f4c681006e0:   00007f4c68100710 00007f4ce40296e0
0x00007f4c681006f0:   00007f4cd06166d0 00007f4c5c05f000
0x00007f4c68100700:   00007f4cd06166d0 00007f4c5c05f000
0x00007f4c68100710:   00007f4cd06166d0 00007f4c5c05f000
0x00007f4c68100720:   0000000000000000 00007f4c5c059b80
0x00007f4c68100730:   00007f4c803bc700 00007f4c5c05f000
0x00007f4c68100740:   00007f4c68100940 00007f4c68100840
0x00007f4c68100750:   00007f4c68100830 00007f4ce68775e9
0x00007f4c68100760:   0000000000000001 00007f4c5c05f000
0x00007f4c68100770:   0000000100122028 00007f4c5c05f000 

Instructions: (pc=0x00007f4caaf61d97)
0x00007f4caaf61d77:   89 75 e0 88 45 ec c7 45 fc 00 00 00 00 eb 04 83
0x00007f4caaf61d87:   45 fc 01 8b 45 fc 48 63 d0 48 8b 45 e0 48 01 d0
0x00007f4caaf61d97:   0f b6 00 3a 45 ec 74 e7 48 8b 45 e0 48 89 c7 e8
0x00007f4caaf61da7:   65 7b ff ff 83 e8 01 3b 45 fc 7f 07 b8 00 00 00 

Register to memory mapping:

RAX=0x0000000000000000 is an unknown value
RBX={method} {0x00007f4cd0cf0908} 'imgDNN' '([I)[D' in 'TestJNIPrimitiveArray'
RCX=0x0000000000000875 is an unknown value
RDX=0x0000000000000000 is an unknown value
RSP=0x00007f4c68100580 is pointing into the stack for thread: 0x00007f4c5c05f000
RBP=0x00007f4c681005a0 is pointing into the stack for thread: 0x00007f4c5c05f000
RSI=0x0000000000000000 is an unknown value
RDI=0x000000000000002d is an unknown value
R8 =0x00007f4ce7340dc0: _itoa_lower_digits+0 in /lib/x86_64-linux-gnu/libc.so.6 at 0x00007f4ce71ca000
R9 =0x0000000000000000 is an unknown value
R10=0x00007f4c68100370 is pointing into the stack for thread: 0x00007f4c5c05f000
R11=0x00007f4ce7250e50: <offset 0x86e50> in /lib/x86_64-linux-gnu/libc.so.6 at 0x00007f4ce71ca000
R12=0x0000000000000000 is an unknown value
R13={method} {0x00007f4cd0cf0908} 'imgDNN' '([I)[D' in 'TestJNIPrimitiveArray'
R14=0x00007f4c68100c80 is pointing into the stack for thread: 0x00007f4c5c05f000
R15=0x00007f4c5c05f000 is a thread


Stack: [0x00007f4c68002000,0x00007f4c68103000],  sp=0x00007f4c68100580,  free space=1017k
Native frames: (J=compiled Java code, j=interpreted, Vv=VM code, C=native code)
C  [device=1+0x2bd97]  stringRemoveDelimiter(char, char const*)+0x2b
C  [device=1+0x2be10]  checkCmdLineFlag(int, char const**, char const*)+0x51
C  [device=1+0x2aa22]  main_ext(int*, int, char const**)+0x66
C  [device=1+0x2b072]  sendimg+0x36
C  [device=1+0x37b5f]  Java_TestJNIPrimitiveArray_imgDNN+0xb0
j  TestJNIPrimitiveArray.imgDNN([I)[D+0
j  TestJNIPrimitiveArray.imgSend([I)D+8
j  TestJNIPrimitiveArray$1.call([Ljava/lang/Integer;)Ljava/lang/Integer;+29
j  TestJNIPrimitiveArray$1.call(Ljava/lang/Object;)Ljava/lang/Object;+5
j  org.apache.spark.api.java.JavaPairRDD$$anonfun$toScalaFunction$1.apply(Ljava/lang/Object;)Ljava/lang/Object;+5
j  scala.collection.Iterator$$anon$11.next()Ljava/lang/Object;+13
j  scala.collection.Iterator$class.foreach(Lscala/collection/Iterator;Lscala/Function1;)V+11
j  scala.collection.AbstractIterator.foreach(Lscala/Function1;)V+2
J 1445 C1 scala.collection.generic.Growable$class.$plus$plus$eq(Lscala/collection/generic/Growable;Lscala/collection/TraversableOnce;)Lscala/collection/generic/Growable; (21 bytes) @ 0x00007f4cd148640c [0x00007f4cd14860c0+0x34c]
j  scala.collection.mutable.ArrayBuffer.$plus$plus$eq(Lscala/collection/TraversableOnce;)Lscala/collection/mutable/ArrayBuffer;+62
j  scala.collection.mutable.ArrayBuffer.$plus$plus$eq(Lscala/collection/TraversableOnce;)Lscala/collection/generic/Growable;+2
j  scala.collection.TraversableOnce$class.to(Lscala/collection/TraversableOnce;Lscala/collection/generic/CanBuildFrom;)Ljava/lang/Object;+14
j  scala.collection.AbstractIterator.to(Lscala/collection/generic/CanBuildFrom;)Ljava/lang/Object;+2
j  scala.collection.TraversableOnce$class.toBuffer(Lscala/collection/TraversableOnce;)Lscala/collection/mutable/Buffer;+7
j  scala.collection.AbstractIterator.toBuffer()Lscala/collection/mutable/Buffer;+1
j  scala.collection.TraversableOnce$class.toArray(Lscala/collection/TraversableOnce;Lscala/reflect/ClassTag;)Ljava/lang/Object;+35
j  scala.collection.AbstractIterator.toArray(Lscala/reflect/ClassTag;)Ljava/lang/Object;+2
j  org.apache.spark.rdd.RDD$$anonfun$17.apply(Lscala/collection/Iterator;)Ljava/lang/Object;+8
j  org.apache.spark.rdd.RDD$$anonfun$17.apply(Ljava/lang/Object;)Ljava/lang/Object;+5
j  org.apache.spark.SparkContext$$anonfun$runJob$5.apply(Lorg/apache/spark/TaskContext;Lscala/collection/Iterator;)Ljava/lang/Object;+5
j  org.apache.spark.SparkContext$$anonfun$runJob$5.apply(Ljava/lang/Object;Ljava/lang/Object;)Ljava/lang/Object;+9
j  org.apache.spark.scheduler.ResultTask.runTask(Lorg/apache/spark/TaskContext;)Ljava/lang/Object;+135
j  org.apache.spark.scheduler.Task.run(JI)Ljava/lang/Object;+78
j  org.apache.spark.executor.Executor$TaskRunner.run()V+312
j  java.util.concurrent.ThreadPoolExecutor.runWorker(Ljava/util/concurrent/ThreadPoolExecutor$Worker;)V+95
j  java.util.concurrent.ThreadPoolExecutor$Worker.run()V+5
j  java.lang.Thread.run()V+11
v  ~StubRoutines::call_stub
V  [libjvm.so+0x68c656]  JavaCalls::call_helper(JavaValue*, methodHandle*, JavaCallArguments*, Thread*)+0x1056
V  [libjvm.so+0x68cb61]  JavaCalls::call_virtual(JavaValue*, KlassHandle, Symbol*, Symbol*, JavaCallArguments*, Thread*)+0x321
V  [libjvm.so+0x68d007]  JavaCalls::call_virtual(JavaValue*, Handle, KlassHandle, Symbol*, Symbol*, Thread*)+0x47
V  [libjvm.so+0x723dc0]  thread_entry(JavaThread*, Thread*)+0xa0
V  [libjvm.so+0xa69cff]  JavaThread::thread_main_inner()+0xdf
V  [libjvm.so+0xa69e2c]  JavaThread::run()+0x11c
V  [libjvm.so+0x91d918]  java_start(Thread*)+0x108
C  [libpthread.so.0+0x8182]  start_thread+0xc2

Java frames: (J=compiled Java code, j=interpreted, Vv=VM code)
j  TestJNIPrimitiveArray.imgDNN([I)[D+0
j  TestJNIPrimitiveArray.imgSend([I)D+8
j  TestJNIPrimitiveArray$1.call([Ljava/lang/Integer;)Ljava/lang/Integer;+29
j  TestJNIPrimitiveArray$1.call(Ljava/lang/Object;)Ljava/lang/Object;+5
j  org.apache.spark.api.java.JavaPairRDD$$anonfun$toScalaFunction$1.apply(Ljava/lang/Object;)Ljava/lang/Object;+5
j  scala.collection.Iterator$$anon$11.next()Ljava/lang/Object;+13
j  scala.collection.Iterator$class.foreach(Lscala/collection/Iterator;Lscala/Function1;)V+11
j  scala.collection.AbstractIterator.foreach(Lscala/Function1;)V+2
J 1445 C1 scala.collection.generic.Growable$class.$plus$plus$eq(Lscala/collection/generic/Growable;Lscala/collection/TraversableOnce;)Lscala/collection/generic/Growable; (21 bytes) @ 0x00007f4cd148640c [0x00007f4cd14860c0+0x34c]
j  scala.collection.mutable.ArrayBuffer.$plus$plus$eq(Lscala/collection/TraversableOnce;)Lscala/collection/mutable/ArrayBuffer;+62
j  scala.collection.mutable.ArrayBuffer.$plus$plus$eq(Lscala/collection/TraversableOnce;)Lscala/collection/generic/Growable;+2
j  scala.collection.TraversableOnce$class.to(Lscala/collection/TraversableOnce;Lscala/collection/generic/CanBuildFrom;)Ljava/lang/Object;+14
j  scala.collection.AbstractIterator.to(Lscala/collection/generic/CanBuildFrom;)Ljava/lang/Object;+2
j  scala.collection.TraversableOnce$class.toBuffer(Lscala/collection/TraversableOnce;)Lscala/collection/mutable/Buffer;+7
j  scala.collection.AbstractIterator.toBuffer()Lscala/collection/mutable/Buffer;+1
j  scala.collection.TraversableOnce$class.toArray(Lscala/collection/TraversableOnce;Lscala/reflect/ClassTag;)Ljava/lang/Object;+35
j  scala.collection.AbstractIterator.toArray(Lscala/reflect/ClassTag;)Ljava/lang/Object;+2
j  org.apache.spark.rdd.RDD$$anonfun$17.apply(Lscala/collection/Iterator;)Ljava/lang/Object;+8
j  org.apache.spark.rdd.RDD$$anonfun$17.apply(Ljava/lang/Object;)Ljava/lang/Object;+5
j  org.apache.spark.SparkContext$$anonfun$runJob$5.apply(Lorg/apache/spark/TaskContext;Lscala/collection/Iterator;)Ljava/lang/Object;+5
j  org.apache.spark.SparkContext$$anonfun$runJob$5.apply(Ljava/lang/Object;Ljava/lang/Object;)Ljava/lang/Object;+9
j  org.apache.spark.scheduler.ResultTask.runTask(Lorg/apache/spark/TaskContext;)Ljava/lang/Object;+135
j  org.apache.spark.scheduler.Task.run(JI)Ljava/lang/Object;+78
j  org.apache.spark.executor.Executor$TaskRunner.run()V+312
j  java.util.concurrent.ThreadPoolExecutor.runWorker(Ljava/util/concurrent/ThreadPoolExecutor$Worker;)V+95
j  java.util.concurrent.ThreadPoolExecutor$Worker.run()V+5
j  java.lang.Thread.run()V+11
v  ~StubRoutines::call_stub

---------------  P R O C E S S  ---------------

Java Threads: ( => current thread )
  0x00007f4bc0075000 JavaThread "Keep-Alive-Timer" daemon [_thread_blocked, id=2455, stack(0x00007f4bce91d000,0x00007f4bcea1e000)]
=>0x00007f4c5c05f000 JavaThread "Executor task launch worker-0" daemon [_thread_in_native, id=2454, stack(0x00007f4c68002000,0x00007f4c68103000)]
  0x00007f4ce0fc5800 JavaThread "Java2D Disposer" daemon [_thread_blocked, id=2453, stack(0x00007f4c68625000,0x00007f4c68726000)]
  0x00007f4ce0f82800 JavaThread "SparkListenerBus" daemon [_thread_blocked, id=2452, stack(0x00007f4c68bca000,0x00007f4c68ccb000)]
  0x00007f4ce0f81000 JavaThread "Spark Context Cleaner" daemon [_thread_blocked, id=2451, stack(0x00007f4c689f8000,0x00007f4c68af9000)]
  0x00007f4ce0c8c800 JavaThread "shuffle-server-0" daemon [_thread_in_native, id=2450, stack(0x00007f4c68ecb000,0x00007f4c68fcc000)]
  0x00007f4c5c010000 JavaThread "Driver Heartbeater" daemon [_thread_blocked, id=2447, stack(0x00007f4c691cc000,0x00007f4c692cd000)]
  0x00007f4ce0b62800 JavaThread "dag-scheduler-event-loop" daemon [_thread_blocked, id=2445, stack(0x00007f4c692cd000,0x00007f4c693ce000)]
  0x00007f4ce0b4d000 JavaThread "Timer-0" daemon [_thread_blocked, id=2444, stack(0x00007f4c693ce000,0x00007f4c694cf000)]
  0x00007f4ce0b0c800 JavaThread "qtp803893384-50" daemon [_thread_blocked, id=2442, stack(0x00007f4c694cf000,0x00007f4c695d0000)]
  0x00007f4ce0b0b000 JavaThread "qtp803893384-49" daemon [_thread_blocked, id=2441, stack(0x00007f4c695d0000,0x00007f4c696d1000)]
  0x00007f4ce0b09000 JavaThread "qtp803893384-48 Acceptor2 SelectChannelConnector@0.0.0.0:4040" daemon [_thread_blocked, id=2440, stack(0x00007f4c696d1000,0x00007f4c697d2000)]
  0x00007f4ce0b07800 JavaThread "qtp803893384-47 Acceptor1 SelectChannelConnector@0.0.0.0:4040" daemon [_thread_blocked, id=2439, stack(0x00007f4c697d2000,0x00007f4c698d3000)]
  0x00007f4ce0b05800 JavaThread "qtp803893384-46 Acceptor0 SelectChannelConnector@0.0.0.0:4040" daemon [_thread_in_native, id=2438, stack(0x00007f4c698d3000,0x00007f4c699d4000)]
  0x00007f4ce0b04000 JavaThread "qtp803893384-45 Selector2" daemon [_thread_in_native, id=2437, stack(0x00007f4c699d4000,0x00007f4c69ad5000)]
  0x00007f4ce0b02800 JavaThread "qtp803893384-44 Selector1" daemon [_thread_in_native, id=2436, stack(0x00007f4c69ad5000,0x00007f4c69bd6000)]
  0x00007f4ce0aff000 JavaThread "qtp803893384-43 Selector0" daemon [_thread_in_native, id=2435, stack(0x00007f4c69bd6000,0x00007f4c69cd7000)]
  0x00007f4ce0aaa000 JavaThread "SPARK_CONTEXT cleanup timer" daemon [_thread_blocked, id=2434, stack(0x00007f4c69cd7000,0x00007f4c69dd8000)]
  0x00007f4ce0a9a000 JavaThread "qtp1161148117-40" daemon [_thread_blocked, id=2433, stack(0x00007f4c69fd8000,0x00007f4c6a0d9000)]
  0x00007f4ce0a98000 JavaThread "qtp1161148117-39" daemon [_thread_blocked, id=2432, stack(0x00007f4c6a0d9000,0x00007f4c6a1da000)]
  0x00007f4ce0a96800 JavaThread "qtp1161148117-38" daemon [_thread_blocked, id=2431, stack(0x00007f4c6a1da000,0x00007f4c6a2db000)]
  0x00007f4ce0a94000 JavaThread "qtp1161148117-37" daemon [_thread_blocked, id=2430, stack(0x00007f4c6a2db000,0x00007f4c6a3dc000)]
  0x00007f4ce0a92000 JavaThread "qtp1161148117-36" daemon [_thread_blocked, id=2429, stack(0x00007f4c6a3dc000,0x00007f4c6a4dd000)]
  0x00007f4ce0a90800 JavaThread "qtp1161148117-35" daemon [_thread_blocked, id=2428, stack(0x00007f4c6a4dd000,0x00007f4c6a5de000)]
  0x00007f4ce0a8e800 JavaThread "qtp1161148117-34" daemon [_thread_in_native, id=2427, stack(0x00007f4c6a5de000,0x00007f4c6a6df000)]
  0x00007f4ce0a8e000 JavaThread "qtp1161148117-33 Acceptor0 SocketConnector@0.0.0.0:37059" daemon [_thread_in_native, id=2426, stack(0x00007f4c6a6df000,0x00007f4c6a7e0000)]
  0x00007f4ce09f9000 JavaThread "BROADCAST_VARS cleanup timer" daemon [_thread_blocked, id=2425, stack(0x00007f4c6a7e0000,0x00007f4c6a8e1000)]
  0x00007f4ce09f7000 JavaThread "BLOCK_MANAGER cleanup timer" daemon [_thread_blocked, id=2424, stack(0x00007f4c6a8e1000,0x00007f4c6a9e2000)]
  0x00007f4ce09bf800 JavaThread "MAP_OUTPUT_TRACKER cleanup timer" daemon [_thread_blocked, id=2423, stack(0x00007f4c6a9e2000,0x00007f4c6aae3000)]
  0x00007f4c500d1800 JavaThread "New I/O server boss #6" daemon [_thread_in_native, id=2422, stack(0x00007f4c6ace3000,0x00007f4c6ade4000)]
  0x00007f4c500bd800 JavaThread "New I/O worker #5" daemon [_thread_in_native, id=2421, stack(0x00007f4c6ade4000,0x00007f4c6aee5000)]
  0x00007f4c5003f800 JavaThread "New I/O worker #4" daemon [_thread_in_native, id=2420, stack(0x00007f4c6aee5000,0x00007f4c6afe6000)]
  0x00007f4c50039800 JavaThread "New I/O boss #3" daemon [_thread_in_native, id=2419, stack(0x00007f4c6afe6000,0x00007f4c6b0e7000)]
  0x00007f4c5002e000 JavaThread "New I/O worker #2" daemon [_thread_in_native, id=2418, stack(0x00007f4c6b0e7000,0x00007f4c6b1e8000)]
  0x00007f4c50043800 JavaThread "New I/O worker #1" daemon [_thread_in_native, id=2417, stack(0x00007f4c6b1e8000,0x00007f4c6b2e9000)]
  0x00007f4ce09a0800 JavaThread "sparkDriver-akka.remote.default-remote-dispatcher-6" daemon [_thread_blocked, id=2416, stack(0x00007f4c6b4fa000,0x00007f4c6b5fb000)]
  0x00007f4c5800a800 JavaThread "sparkDriver-akka.remote.default-remote-dispatcher-5" daemon [_thread_blocked, id=2415, stack(0x00007f4c6b7fb000,0x00007f4c6b8fc000)]
  0x00007f4c58001000 JavaThread "sparkDriver-akka.actor.default-dispatcher-4" daemon [_thread_blocked, id=2414, stack(0x00007f4c6b8fc000,0x00007f4c6b9fd000)]
  0x00007f4ce0978000 JavaThread "sparkDriver-akka.actor.default-dispatcher-3" daemon [_thread_blocked, id=2413, stack(0x00007f4c6b9fd000,0x00007f4c6bafe000)]
  0x00007f4ce0971000 JavaThread "sparkDriver-akka.actor.default-dispatcher-2" daemon [_thread_blocked, id=2412, stack(0x00007f4c6bafe000,0x00007f4c6bbff000)]
  0x00007f4ce08d8800 JavaThread "sparkDriver-scheduler-1" daemon [_thread_blocked, id=2411, stack(0x00007f4ca002e000,0x00007f4ca012f000)]
  0x00007f4ce07ff800 JavaThread "process reaper" daemon [_thread_blocked, id=2409, stack(0x00007f4cb00a0000,0x00007f4cb00d9000)]
  0x00007f4ce00d6800 JavaThread "Service Thread" daemon [_thread_blocked, id=2406, stack(0x00007f4cb00ef000,0x00007f4cb01f0000)]
  0x00007f4ce00cb800 JavaThread "C1 CompilerThread3" daemon [_thread_in_vm, id=2405, stack(0x00007f4cb01f0000,0x00007f4cb02f1000)]
  0x00007f4ce00c9800 JavaThread "C2 CompilerThread2" daemon [_thread_in_native, id=2404, stack(0x00007f4cb02f1000,0x00007f4cb03f2000)]
  0x00007f4ce00c7800 JavaThread "C2 CompilerThread1" daemon [_thread_in_native, id=2403, stack(0x00007f4cb03f2000,0x00007f4cb04f3000)]
  0x00007f4ce00c4800 JavaThread "C2 CompilerThread0" daemon [_thread_in_native, id=2402, stack(0x00007f4cb04f3000,0x00007f4cb05f4000)]
  0x00007f4ce00c3000 JavaThread "Signal Dispatcher" daemon [_thread_blocked, id=2401, stack(0x00007f4cb05f4000,0x00007f4cb06f5000)]
  0x00007f4ce008b000 JavaThread "Finalizer" daemon [_thread_blocked, id=2400, stack(0x00007f4cb0dd7000,0x00007f4cb0ed8000)]
  0x00007f4ce0089000 JavaThread "Reference Handler" daemon [_thread_blocked, id=2399, stack(0x00007f4cb0ed8000,0x00007f4cb0fd9000)]
  0x00007f4ce000a000 JavaThread "main" [_thread_blocked, id=2387, stack(0x00007f4ce7cc0000,0x00007f4ce7dc1000)]

Other Threads:
  0x00007f4ce0084000 VMThread [stack: 0x00007f4cb0fd9000,0x00007f4cb10da000] [id=2398]
  0x00007f4ce00d9800 WatcherThread [stack: 0x00007f4cabeff000,0x00007f4cac000000] [id=2407]

VM state:not at safepoint (normal execution)

VM Mutex/Monitor currently owned by a thread: None

Heap:
 PSYoungGen      total 153088K, used 2518K [0x00000000f5580000, 0x0000000100000000, 0x0000000100000000)
  eden space 131584K, 1% used [0x00000000f5580000,0x00000000f57f59f0,0x00000000fd600000)
  from space 21504K, 0% used [0x00000000feb00000,0x00000000feb00000,0x0000000100000000)
  to   space 21504K, 0% used [0x00000000fd600000,0x00000000fd600000,0x00000000feb00000)
 ParOldGen       total 349696K, used 16458K [0x00000000e0000000, 0x00000000f5580000, 0x00000000f5580000)
  object space 349696K, 4% used [0x00000000e0000000,0x00000000e10129e0,0x00000000f5580000)
 Metaspace       used 35307K, capacity 35624K, committed 35800K, reserved 1079296K
  class space    used 5444K, capacity 5548K, committed 5632K, reserved 1048576K

Card table byte_map: [0x00007f4ce4989000,0x00007f4ce4a8a000] byte_map_base: 0x00007f4ce4289000

Marking Bits: (ParMarkBitMap*) 0x00007f4ce719f100
 Begin Bits: [0x00007f4cb3000000, 0x00007f4cb3800000)
 End Bits:   [0x00007f4cb3800000, 0x00007f4cb4000000)

Polling page: 0x00007f4ce7de6000

CodeCache: size=245760Kb used=6039Kb max_used=6039Kb free=239720Kb
 bounds [0x00007f4cd1000000, 0x00007f4cd15f0000, 0x00007f4ce0000000]
 total_blobs=2414 nmethods=1941 adapters=384
 compilation: enabled

Compilation events (10 events):
Event: 1.818 Thread 0x00007f4ce00cb800 nmethod 1954 0x00007f4cd15db250 code [0x00007f4cd15db400, 0x00007f4cd15db9a8]
Event: 1.818 Thread 0x00007f4ce00cb800 1937       3       java.io.ObjectInputStream$HandleTable::markDependency (171 bytes)
Event: 1.819 Thread 0x00007f4ce00cb800 nmethod 1937 0x00007f4cd15dbd50 code [0x00007f4cd15dbf60, 0x00007f4cd15dc8a8]
Event: 1.819 Thread 0x00007f4ce00cb800 1941       3       java.io.ObjectInputStream$HandleTable::assign (48 bytes)
Event: 1.819 Thread 0x00007f4ce00cb800 nmethod 1941 0x00007f4cd15dcd90 code [0x00007f4cd15dcf20, 0x00007f4cd15dd288]
Event: 1.819 Thread 0x00007f4ce00cb800 1936   !   3       java.io.ObjectInputStream::readObject0 (554 bytes)
Event: 1.822 Thread 0x00007f4ce00cb800 nmethod 1936 0x00007f4cd15dd450 code [0x00007f4cd15ddaa0, 0x00007f4cd15e02a8]
Event: 1.822 Thread 0x00007f4ce00cb800 1951   !   3       sun.reflect.GeneratedSerializationConstructorAccessor28::newInstance (49 bytes)
Event: 1.823 Thread 0x00007f4ce00cb800 nmethod 1951 0x00007f4cd15e2ad0 code [0x00007f4cd15e2c80, 0x00007f4cd15e30a8]
Event: 1.823 Thread 0x00007f4ce00cb800 1943       3       java.io.ObjectInputStream::readClassDesc (105 bytes)

GC Heap History (8 events):
Event: 0.995 GC heap before
{Heap before GC invocations=1 (full 0):
 PSYoungGen      total 153088K, used 100179K [0x00000000f5580000, 0x0000000100000000, 0x0000000100000000)
  eden space 131584K, 76% used [0x00000000f5580000,0x00000000fb754f40,0x00000000fd600000)
  from space 21504K, 0% used [0x00000000feb00000,0x00000000feb00000,0x0000000100000000)
  to   space 21504K, 0% used [0x00000000fd600000,0x00000000fd600000,0x00000000feb00000)
 ParOldGen       total 349696K, used 0K [0x00000000e0000000, 0x00000000f5580000, 0x00000000f5580000)
  object space 349696K, 0% used [0x00000000e0000000,0x00000000e0000000,0x00000000f5580000)
 Metaspace       used 20972K, capacity 21158K, committed 21248K, reserved 1067008K
  class space    used 3220K, capacity 3300K, committed 3328K, reserved 1048576K
Event: 1.004 GC heap after
Heap after GC invocations=1 (full 0):
 PSYoungGen      total 153088K, used 15767K [0x00000000f5580000, 0x0000000100000000, 0x0000000100000000)
  eden space 131584K, 0% used [0x00000000f5580000,0x00000000f5580000,0x00000000fd600000)
  from space 21504K, 73% used [0x00000000fd600000,0x00000000fe565f28,0x00000000feb00000)
  to   space 21504K, 0% used [0x00000000feb00000,0x00000000feb00000,0x0000000100000000)
 ParOldGen       total 349696K, used 8K [0x00000000e0000000, 0x00000000f5580000, 0x00000000f5580000)
  object space 349696K, 0% used [0x00000000e0000000,0x00000000e0002000,0x00000000f5580000)
 Metaspace       used 20972K, capacity 21158K, committed 21248K, reserved 1067008K
  class space    used 3220K, capacity 3300K, committed 3328K, reserved 1048576K
}
Event: 1.004 GC heap before
{Heap before GC invocations=2 (full 1):
 PSYoungGen      total 153088K, used 15767K [0x00000000f5580000, 0x0000000100000000, 0x0000000100000000)
  eden space 131584K, 0% used [0x00000000f5580000,0x00000000f5580000,0x00000000fd600000)
  from space 21504K, 73% used [0x00000000fd600000,0x00000000fe565f28,0x00000000feb00000)
  to   space 21504K, 0% used [0x00000000feb00000,0x00000000feb00000,0x0000000100000000)
 ParOldGen       total 349696K, used 8K [0x00000000e0000000, 0x00000000f5580000, 0x00000000f5580000)
  object space 349696K, 0% used [0x00000000e0000000,0x00000000e0002000,0x00000000f5580000)
 Metaspace       used 20972K, capacity 21158K, committed 21248K, reserved 1067008K
  class space    used 3220K, capacity 3300K, committed 3328K, reserved 1048576K
Event: 1.025 GC heap after
Heap after GC invocations=2 (full 1):
 PSYoungGen      total 153088K, used 0K [0x00000000f5580000, 0x0000000100000000, 0x0000000100000000)
  eden space 131584K, 0% used [0x00000000f5580000,0x00000000f5580000,0x00000000fd600000)
  from space 21504K, 0% used [0x00000000fd600000,0x00000000fd600000,0x00000000feb00000)
  to   space 21504K, 0% used [0x00000000feb00000,0x00000000feb00000,0x0000000100000000)
 ParOldGen       total 349696K, used 14878K [0x00000000e0000000, 0x00000000f5580000, 0x00000000f5580000)
  object space 349696K, 4% used [0x00000000e0000000,0x00000000e0e87b08,0x00000000f5580000)
 Metaspace       used 20972K, capacity 21158K, committed 21248K, reserved 1067008K
  class space    used 3220K, capacity 3300K, committed 3328K, reserved 1048576K
}
Event: 1.769 GC heap before
{Heap before GC invocations=3 (full 1):
 PSYoungGen      total 153088K, used 74589K [0x00000000f5580000, 0x0000000100000000, 0x0000000100000000)
  eden space 131584K, 56% used [0x00000000f5580000,0x00000000f9e57520,0x00000000fd600000)
  from space 21504K, 0% used [0x00000000fd600000,0x00000000fd600000,0x00000000feb00000)
  to   space 21504K, 0% used [0x00000000feb00000,0x00000000feb00000,0x0000000100000000)
 ParOldGen       total 349696K, used 14878K [0x00000000e0000000, 0x00000000f5580000, 0x00000000f5580000)
  object space 349696K, 4% used [0x00000000e0000000,0x00000000e0e87b08,0x00000000f5580000)
 Metaspace       used 35128K, capacity 35368K, committed 35416K, reserved 1079296K
  class space    used 5420K, capacity 5484K, committed 5504K, reserved 1048576K
Event: 1.777 GC heap after
Heap after GC invocations=3 (full 1):
 PSYoungGen      total 153088K, used 13406K [0x00000000f5580000, 0x0000000100000000, 0x0000000100000000)
  eden space 131584K, 0% used [0x00000000f5580000,0x00000000f5580000,0x00000000fd600000)
  from space 21504K, 62% used [0x00000000feb00000,0x00000000ff817be8,0x0000000100000000)
  to   space 21504K, 0% used [0x00000000fd600000,0x00000000fd600000,0x00000000feb00000)
 ParOldGen       total 349696K, used 14886K [0x00000000e0000000, 0x00000000f5580000, 0x00000000f5580000)
  object space 349696K, 4% used [0x00000000e0000000,0x00000000e0e89b08,0x00000000f5580000)
 Metaspace       used 35128K, capacity 35368K, committed 35416K, reserved 1079296K
  class space    used 5420K, capacity 5484K, committed 5504K, reserved 1048576K
}
Event: 1.777 GC heap before
{Heap before GC invocations=4 (full 2):
 PSYoungGen      total 153088K, used 13406K [0x00000000f5580000, 0x0000000100000000, 0x0000000100000000)
  eden space 131584K, 0% used [0x00000000f5580000,0x00000000f5580000,0x00000000fd600000)
  from space 21504K, 62% used [0x00000000feb00000,0x00000000ff817be8,0x0000000100000000)
  to   space 21504K, 0% used [0x00000000fd600000,0x00000000fd600000,0x00000000feb00000)
 ParOldGen       total 349696K, used 14886K [0x00000000e0000000, 0x00000000f5580000, 0x00000000f5580000)
  object space 349696K, 4% used [0x00000000e0000000,0x00000000e0e89b08,0x00000000f5580000)
 Metaspace       used 35128K, capacity 35368K, committed 35416K, reserved 1079296K
  class space    used 5420K, capacity 5484K, committed 5504K, reserved 1048576K
Event: 1.797 GC heap after
Heap after GC invocations=4 (full 2):
 PSYoungGen      total 153088K, used 0K [0x00000000f5580000, 0x0000000100000000, 0x0000000100000000)
  eden space 131584K, 0% used [0x00000000f5580000,0x00000000f5580000,0x00000000fd600000)
  from space 21504K, 0% used [0x00000000feb00000,0x00000000feb00000,0x0000000100000000)
  to   space 21504K, 0% used [0x00000000fd600000,0x00000000fd600000,0x00000000feb00000)
 ParOldGen       total 349696K, used 16458K [0x00000000e0000000, 0x00000000f5580000, 0x00000000f5580000)
  object space 349696K, 4% used [0x00000000e0000000,0x00000000e10129e0,0x00000000f5580000)
 Metaspace       used 35128K, capacity 35368K, committed 35416K, reserved 1079296K
  class space    used 5420K, capacity 5484K, committed 5504K, reserved 1048576K
}

Deoptimization events (10 events):
Event: 1.155 Thread 0x00007f4ce000a000 Uncommon trap: reason=unstable_if action=reinterpret pc=0x00007f4cd126db18 method=java.lang.ClassLoader.checkName(Ljava/lang/String;)Z @ 20
Event: 1.163 Thread 0x00007f4ce000a000 Uncommon trap: reason=unstable_if action=reinterpret pc=0x00007f4cd13f22c0 method=java.net.URL.<init>(Ljava/net/URL;Ljava/lang/String;Ljava/net/URLStreamHandler;)V @ 347
Event: 1.163 Thread 0x00007f4ce000a000 Uncommon trap: reason=unstable_if action=reinterpret pc=0x00007f4cd1224318 method=java.io.UnixFileSystem.normalize(Ljava/lang/String;)Ljava/lang/String; @ 60
Event: 1.463 Thread 0x00007f4ce000a000 Uncommon trap: reason=unstable_if action=reinterpret pc=0x00007f4cd14019d0 method=sun.misc.MetaIndex.mayContain(Ljava/lang/String;)Z @ 38
Event: 1.463 Thread 0x00007f4ce000a000 Uncommon trap: reason=unstable_if action=reinterpret pc=0x00007f4cd120d298 method=sun.misc.MetaIndex.mayContain(Ljava/lang/String;)Z @ 38
Event: 1.485 Thread 0x00007f4ce000a000 Uncommon trap: reason=class_check action=maybe_recompile pc=0x00007f4cd1421728 method=java.util.zip.InflaterInputStream.read([BII)I @ 100
Event: 1.596 Thread 0x00007f4ce0b62800 Uncommon trap: reason=unstable_if action=reinterpret pc=0x00007f4cd155061c method=org.xerial.snappy.SnappyLoader.contentsEquals(Ljava/io/InputStream;Ljava/io/InputStream;)Z @ 39
Event: 1.764 Thread 0x00007f4c5c05f000 Uncommon trap: reason=unstable_if action=reinterpret pc=0x00007f4cd126c45c method=java.lang.String.regionMatches(ZILjava/lang/String;II)Z @ 123
Event: 1.766 Thread 0x00007f4c5c05f000 Uncommon trap: reason=unstable_if action=reinterpret pc=0x00007f4cd137c8ac method=java.lang.String.regionMatches(ZILjava/lang/String;II)Z @ 123
Event: 1.802 Thread 0x00007f4ce008b000 Uncommon trap: reason=unstable_if action=reinterpret pc=0x00007f4cd14d89ec method=java.util.WeakHashMap.eq(Ljava/lang/Object;Ljava/lang/Object;)Z @ 2

Internal exceptions (10 events):
Event: 1.687 Thread 0x00007f4c58001000 Exception <a 'java/lang/NoSuchMethodError': <clinit>> (0x00000000f97bfa18) thrown at [/HUDSON3/workspace/8-2-build-linux-amd64/jdk8u73/6086/hotspot/src/share/vm/prims/jni.cpp, line 1591]
Event: 1.687 Thread 0x00007f4c58001000 Exception <a 'java/lang/NoSuchMethodError': <clinit>> (0x00000000f97c3cb8) thrown at [/HUDSON3/workspace/8-2-build-linux-amd64/jdk8u73/6086/hotspot/src/share/vm/prims/jni.cpp, line 1591]
Event: 1.688 Thread 0x00007f4c58001000 Exception <a 'java/lang/NoSuchMethodError': <clinit>> (0x00000000f97d1978) thrown at [/HUDSON3/workspace/8-2-build-linux-amd64/jdk8u73/6086/hotspot/src/share/vm/prims/jni.cpp, line 1591]
Event: 1.693 Thread 0x00007f4c58001000 Exception <a 'java/lang/NoSuchMethodError': <clinit>> (0x00000000f986aa20) thrown at [/HUDSON3/workspace/8-2-build-linux-amd64/jdk8u73/6086/hotspot/src/share/vm/prims/jni.cpp, line 1591]
Event: 1.694 Thread 0x00007f4c58001000 Exception <a 'java/lang/NoSuchMethodError': <clinit>> (0x00000000f986e028) thrown at [/HUDSON3/workspace/8-2-build-linux-amd64/jdk8u73/6086/hotspot/src/share/vm/prims/jni.cpp, line 1591]
Event: 1.694 Thread 0x00007f4c58001000 Exception <a 'java/lang/NoSuchMethodError': <clinit>> (0x00000000f986ed80) thrown at [/HUDSON3/workspace/8-2-build-linux-amd64/jdk8u73/6086/hotspot/src/share/vm/prims/jni.cpp, line 1591]
Event: 1.705 Thread 0x00007f4c58001000 Exception <a 'java/lang/NoSuchMethodError': <clinit>> (0x00000000f98c0d60) thrown at [/HUDSON3/workspace/8-2-build-linux-amd64/jdk8u73/6086/hotspot/src/share/vm/prims/jni.cpp, line 1591]
Event: 1.705 Thread 0x00007f4c58001000 Exception <a 'java/lang/NoSuchMethodError': <clinit>> (0x00000000f98c97d0) thrown at [/HUDSON3/workspace/8-2-build-linux-amd64/jdk8u73/6086/hotspot/src/share/vm/prims/jni.cpp, line 1591]
Event: 1.706 Thread 0x00007f4c58001000 Exception <a 'java/lang/NoSuchMethodError': <clinit>> (0x00000000f98df640) thrown at [/HUDSON3/workspace/8-2-build-linux-amd64/jdk8u73/6086/hotspot/src/share/vm/prims/jni.cpp, line 1591]
Event: 1.706 Thread 0x00007f4c58001000 Exception <a 'java/lang/NoSuchMethodError': <clinit>> (0x00000000f98ed048) thrown at [/HUDSON3/workspace/8-2-build-linux-amd64/jdk8u73/6086/hotspot/src/share/vm/prims/jni.cpp, line 1591]

Events (10 events):
Event: 1.820 loading class org/apache/spark/executor/DataReadMethod$
Event: 1.820 loading class org/apache/spark/executor/DataReadMethod$ done
Event: 1.821 loading class org/apache/spark/executor/InputMetrics
Event: 1.821 loading class org/apache/spark/executor/InputMetrics done
Event: 1.821 loading class org/apache/spark/broadcast/TorrentBroadcast$$anonfun$readBroadcastBlock$1$$anonfun$3
Event: 1.821 loading class org/apache/spark/broadcast/TorrentBroadcast$$anonfun$readBroadcastBlock$1$$anonfun$3 done
Event: 1.822 loading class org/apache/spark/storage/StorageLevel$$anonfun$readExternal$1
Event: 1.822 loading class org/apache/spark/storage/StorageLevel$$anonfun$readExternal$1 done
Event: 1.823 loading class org/apache/spark/rdd/RDD$$anonfun$isCheckpointed$1
Event: 1.823 loading class org/apache/spark/rdd/RDD$$anonfun$isCheckpointed$1 done


Dynamic libraries:
00400000-00401000 r-xp 00000000 08:02 132646356                          /usr/java/jdk1.8.0_73/bin/java
00600000-00601000 rw-p 00000000 08:02 132646356                          /usr/java/jdk1.8.0_73/bin/java
00dc0000-00de1000 rw-p 00000000 00:00 0                                  [heap]
e0000000-100580000 rw-p 00000000 00:00 0 
100580000-140000000 ---p 00000000 00:00 0 
7f4bb8000000-7f4bb8021000 rw-p 00000000 00:00 0 
7f4bb8021000-7f4bbc000000 ---p 00000000 00:00 0 
7f4bc0000000-7f4bc037d000 rw-p 00000000 00:00 0 
7f4bc037d000-7f4bc4000000 ---p 00000000 00:00 0 
7f4bc4000000-7f4bc4021000 rw-p 00000000 00:00 0 
7f4bc4021000-7f4bc8000000 ---p 00000000 00:00 0 
7f4bc8000000-7f4bc8021000 rw-p 00000000 00:00 0 
7f4bc8021000-7f4bcc000000 ---p 00000000 00:00 0 
7f4bce606000-7f4bce77c000 rw-p 00000000 00:00 0 
7f4bce77c000-7f4bce806000 ---p 00000000 00:00 0 
7f4bce81c000-7f4bce81f000 ---p 00000000 00:00 0 
7f4bce81f000-7f4bce91d000 rw-p 00000000 00:00 0 
7f4bce91d000-7f4bce920000 ---p 00000000 00:00 0 
7f4bce920000-7f4bcea1e000 rw-p 00000000 00:00 0                          [stack:2455]
7f4bcea1e000-7f4bcea5b000 r-xp 00000000 08:02 102760639                  /tmp/snappy-unknown-b6c218e5-874e-4180-a868-cdd8622272a7-libsnappyjava.so
7f4bcea5b000-7f4bcec5b000 ---p 0003d000 08:02 102760639                  /tmp/snappy-unknown-b6c218e5-874e-4180-a868-cdd8622272a7-libsnappyjava.so
7f4bcec5b000-7f4bcec5e000 rw-p 0003d000 08:02 102760639                  /tmp/snappy-unknown-b6c218e5-874e-4180-a868-cdd8622272a7-libsnappyjava.so
7f4bcec5e000-7f4bcee70000 rw-p 00000000 00:00 0 
7f4bcee70000-7f4bcee75000 r-xp 00000000 08:02 128851335                  /usr/lib/x86_64-linux-gnu/libXdmcp.so.6.0.0
7f4bcee75000-7f4bcf074000 ---p 00005000 08:02 128851335                  /usr/lib/x86_64-linux-gnu/libXdmcp.so.6.0.0
7f4bcf074000-7f4bcf075000 r--p 00004000 08:02 128851335                  /usr/lib/x86_64-linux-gnu/libXdmcp.so.6.0.0
7f4bcf075000-7f4bcf076000 rw-p 00005000 08:02 128851335                  /usr/lib/x86_64-linux-gnu/libXdmcp.so.6.0.0
7f4bcf076000-7f4bcf078000 r-xp 00000000 08:02 128851324                  /usr/lib/x86_64-linux-gnu/libXau.so.6.0.0
7f4bcf078000-7f4bcf278000 ---p 00002000 08:02 128851324                  /usr/lib/x86_64-linux-gnu/libXau.so.6.0.0
7f4bcf278000-7f4bcf279000 r--p 00002000 08:02 128851324                  /usr/lib/x86_64-linux-gnu/libXau.so.6.0.0
7f4bcf279000-7f4bcf27a000 rw-p 00003000 08:02 128851324                  /usr/lib/x86_64-linux-gnu/libXau.so.6.0.0
7f4bcf27a000-7f4bcf297000 r-xp 00000000 08:02 128852394                  /usr/lib/x86_64-linux-gnu/libxcb.so.1.1.0
7f4bcf297000-7f4bcf497000 ---p 0001d000 08:02 128852394                  /usr/lib/x86_64-linux-gnu/libxcb.so.1.1.0
7f4bcf497000-7f4bcf498000 r--p 0001d000 08:02 128852394                  /usr/lib/x86_64-linux-gnu/libxcb.so.1.1.0
7f4bcf498000-7f4bcf499000 rw-p 0001e000 08:02 128852394                  /usr/lib/x86_64-linux-gnu/libxcb.so.1.1.0
7f4bcf499000-7f4bcf4a8000 r-xp 00000000 08:02 128849896                  /usr/lib/x86_64-linux-gnu/libXi.so.6.1.0
7f4bcf4a8000-7f4bcf6a7000 ---p 0000f000 08:02 128849896                  /usr/lib/x86_64-linux-gnu/libXi.so.6.1.0
7f4bcf6a7000-7f4bcf6a8000 r--p 0000e000 08:02 128849896                  /usr/lib/x86_64-linux-gnu/libXi.so.6.1.0
7f4bcf6a8000-7f4bcf6a9000 rw-p 0000f000 08:02 128849896                  /usr/lib/x86_64-linux-gnu/libXi.so.6.1.0
7f4bcf6a9000-7f4bcf6ae000 r-xp 00000000 08:02 128851365                  /usr/lib/x86_64-linux-gnu/libXtst.so.6.1.0
7f4bcf6ae000-7f4bcf8ad000 ---p 00005000 08:02 128851365                  /usr/lib/x86_64-linux-gnu/libXtst.so.6.1.0
7f4bcf8ad000-7f4bcf8ae000 r--p 00004000 08:02 128851365                  /usr/lib/x86_64-linux-gnu/libXtst.so.6.1.0
7f4bcf8ae000-7f4bcf8af000 rw-p 00005000 08:02 128851365                  /usr/lib/x86_64-linux-gnu/libXtst.so.6.1.0
7f4bcf8af000-7f4bcf8b8000 r-xp 00000000 08:02 128849836                  /usr/lib/x86_64-linux-gnu/libXrender.so.1.3.0
7f4bcf8b8000-7f4bcfab7000 ---p 00009000 08:02 128849836                  /usr/lib/x86_64-linux-gnu/libXrender.so.1.3.0
7f4bcfab7000-7f4bcfab8000 r--p 00008000 08:02 128849836                  /usr/lib/x86_64-linux-gnu/libXrender.so.1.3.0
7f4bcfab8000-7f4bcfab9000 rw-p 00009000 08:02 128849836                  /usr/lib/x86_64-linux-gnu/libXrender.so.1.3.0
7f4bcfab9000-7f4bcfbe9000 r-xp 00000000 08:02 128851320                  /usr/lib/x86_64-linux-gnu/libX11.so.6.3.0
7f4bcfbe9000-7f4bcfde9000 ---p 00130000 08:02 128851320                  /usr/lib/x86_64-linux-gnu/libX11.so.6.3.0
7f4bcfde9000-7f4bcfdea000 r--p 00130000 08:02 128851320                  /usr/lib/x86_64-linux-gnu/libX11.so.6.3.0
7f4bcfdea000-7f4bcfdee000 rw-p 00131000 08:02 128851320                  /usr/lib/x86_64-linux-gnu/libX11.so.6.3.0
7f4bcfdee000-7f4bcfdff000 r-xp 00000000 08:02 128844231                  /usr/lib/x86_64-linux-gnu/libXext.so.6.4.0
7f4bcfdff000-7f4bcfffe000 ---p 00011000 08:02 128844231                  /usr/lib/x86_64-linux-gnu/libXext.so.6.4.0
7f4bcfffe000-7f4bcffff000 r--p 00010000 08:02 128844231                  /usr/lib/x86_64-linux-gnu/libXext.so.6.4.0
7f4bcffff000-7f4bd0000000 rw-p 00011000 08:02 128844231                  /usr/lib/x86_64-linux-gnu/libXext.so.6.4.0
7f4bd0000000-7f4bd0021000 rw-p 00000000 00:00 0 
7f4bd0021000-7f4bd4000000 ---p 00000000 00:00 0 
7f4bd4000000-7f4bd4021000 rw-p 00000000 00:00 0 
7f4bd4021000-7f4bd8000000 ---p 00000000 00:00 0 
7f4bd8000000-7f4bd8021000 rw-p 00000000 00:00 0 
7f4bd8021000-7f4bdc000000 ---p 00000000 00:00 0 
7f4bdc000000-7f4bdc021000 rw-p 00000000 00:00 0 
7f4bdc021000-7f4be0000000 ---p 00000000 00:00 0 
7f4be0000000-7f4be0021000 rw-p 00000000 00:00 0 
7f4be0021000-7f4be4000000 ---p 00000000 00:00 0 
7f4be4000000-7f4be4356000 rw-p 00000000 00:00 0 
7f4be4356000-7f4be8000000 ---p 00000000 00:00 0 
7f4be8000000-7f4be8021000 rw-p 00000000 00:00 0 
7f4be8021000-7f4bec000000 ---p 00000000 00:00 0 
7f4bec000000-7f4bec021000 rw-p 00000000 00:00 0 
7f4bec021000-7f4bf0000000 ---p 00000000 00:00 0 
7f4bf0000000-7f4bf0021000 rw-p 00000000 00:00 0 
7f4bf0021000-7f4bf4000000 ---p 00000000 00:00 0 
7f4bf4000000-7f4bf4021000 rw-p 00000000 00:00 0 
7f4bf4021000-7f4bf8000000 ---p 00000000 00:00 0 
7f4bf8000000-7f4bf8021000 rw-p 00000000 00:00 0 
7f4bf8021000-7f4bfc000000 ---p 00000000 00:00 0 
7f4bfc000000-7f4bfc021000 rw-p 00000000 00:00 0 
7f4bfc021000-7f4c00000000 ---p 00000000 00:00 0 
7f4c00000000-7f4c00021000 rw-p 00000000 00:00 0 
7f4c00021000-7f4c04000000 ---p 00000000 00:00 0 
7f4c04000000-7f4c0428c000 rw-p 00000000 00:00 0 
7f4c0428c000-7f4c08000000 ---p 00000000 00:00 0 
7f4c08000000-7f4c08021000 rw-p 00000000 00:00 0 
7f4c08021000-7f4c0c000000 ---p 00000000 00:00 0 
7f4c0c000000-7f4c0c021000 rw-p 00000000 00:00 0 
7f4c0c021000-7f4c10000000 ---p 00000000 00:00 0 
7f4c10000000-7f4c10021000 rw-p 00000000 00:00 0 
7f4c10021000-7f4c14000000 ---p 00000000 00:00 0 
7f4c14000000-7f4c14021000 rw-p 00000000 00:00 0 
7f4c14021000-7f4c18000000 ---p 00000000 00:00 0 
7f4c18000000-7f4c18021000 rw-p 00000000 00:00 0 
7f4c18021000-7f4c1c000000 ---p 00000000 00:00 0 
7f4c1c000000-7f4c1c021000 rw-p 00000000 00:00 0 
7f4c1c021000-7f4c20000000 ---p 00000000 00:00 0 
7f4c20000000-7f4c20021000 rw-p 00000000 00:00 0 
7f4c20021000-7f4c24000000 ---p 00000000 00:00 0 
7f4c24000000-7f4c24021000 rw-p 00000000 00:00 0 
7f4c24021000-7f4c28000000 ---p 00000000 00:00 0 
7f4c28000000-7f4c28021000 rw-p 00000000 00:00 0 
7f4c28021000-7f4c2c000000 ---p 00000000 00:00 0 
7f4c2c000000-7f4c2c021000 rw-p 00000000 00:00 0 
7f4c2c021000-7f4c30000000 ---p 00000000 00:00 0 
7f4c30000000-7f4c30021000 rw-p 00000000 00:00 0 
7f4c30021000-7f4c34000000 ---p 00000000 00:00 0 
7f4c34000000-7f4c34021000 rw-p 00000000 00:00 0 
7f4c34021000-7f4c38000000 ---p 00000000 00:00 0 
7f4c38000000-7f4c38021000 rw-p 00000000 00:00 0 
7f4c38021000-7f4c3c000000 ---p 00000000 00:00 0 
7f4c3c000000-7f4c3c021000 rw-p 00000000 00:00 0 
7f4c3c021000-7f4c40000000 ---p 00000000 00:00 0 
7f4c40000000-7f4c40021000 rw-p 00000000 00:00 0 
7f4c40021000-7f4c44000000 ---p 00000000 00:00 0 
7f4c44000000-7f4c44021000 rw-p 00000000 00:00 0 
7f4c44021000-7f4c48000000 ---p 00000000 00:00 0 
7f4c48000000-7f4c48021000 rw-p 00000000 00:00 0 
7f4c48021000-7f4c4c000000 ---p 00000000 00:00 0 
7f4c4c000000-7f4c4c021000 rw-p 00000000 00:00 0 
7f4c4c021000-7f4c50000000 ---p 00000000 00:00 0 
7f4c50000000-7f4c50159000 rw-p 00000000 00:00 0 
7f4c50159000-7f4c54000000 ---p 00000000 00:00 0 
7f4c54000000-7f4c54021000 rw-p 00000000 00:00 0 
7f4c54021000-7f4c58000000 ---p 00000000 00:00 0 
7f4c58000000-7f4c58023000 rw-p 00000000 00:00 0 
7f4c58023000-7f4c5c000000 ---p 00000000 00:00 0 
7f4c5c000000-7f4c5c09a000 rw-p 00000000 00:00 0 
7f4c5c09a000-7f4c60000000 ---p 00000000 00:00 0 
7f4c60000000-7f4c60021000 rw-p 00000000 00:00 0 
7f4c60021000-7f4c64000000 ---p 00000000 00:00 0 
7f4c64000000-7f4c64021000 rw-p 00000000 00:00 0 
7f4c64021000-7f4c68000000 ---p 00000000 00:00 0 
7f4c68002000-7f4c68005000 ---p 00000000 00:00 0 
7f4c68005000-7f4c68103000 rw-p 00000000 00:00 0                          [stack:2454]
7f4c68103000-7f4c68157000 r-xp 00000000 08:02 132646465                  /usr/java/jdk1.8.0_73/jre/lib/amd64/libawt_xawt.so
7f4c68157000-7f4c68357000 ---p 00054000 08:02 132646465                  /usr/java/jdk1.8.0_73/jre/lib/amd64/libawt_xawt.so
7f4c68357000-7f4c6835b000 rw-p 00054000 08:02 132646465                  /usr/java/jdk1.8.0_73/jre/lib/amd64/libawt_xawt.so
7f4c6835b000-7f4c6835c000 rw-p 00000000 00:00 0 
7f4c683ea000-7f4c68424000 r-xp 00000000 08:02 132646436                  /usr/java/jdk1.8.0_73/jre/lib/amd64/libjpeg.so
7f4c68424000-7f4c68624000 ---p 0003a000 08:02 132646436                  /usr/java/jdk1.8.0_73/jre/lib/amd64/libjpeg.so
7f4c68624000-7f4c68625000 rw-p 0003a000 08:02 132646436                  /usr/java/jdk1.8.0_73/jre/lib/amd64/libjpeg.so
7f4c68625000-7f4c68628000 ---p 00000000 00:00 0 
7f4c68628000-7f4c68726000 rw-p 00000000 00:00 0                          [stack:2453]
7f4c68726000-7f4c687c8000 r-xp 00000000 08:02 132646497                  /usr/java/jdk1.8.0_73/jre/lib/amd64/libawt.so
7f4c687c8000-7f4c689c8000 ---p 000a2000 08:02 132646497                  /usr/java/jdk1.8.0_73/jre/lib/amd64/libawt.so
7f4c689c8000-7f4c689d4000 rw-p 000a2000 08:02 132646497                  /usr/java/jdk1.8.0_73/jre/lib/amd64/libawt.so
7f4c689d4000-7f4c689f8000 rw-p 00000000 00:00 0 
7f4c689f8000-7f4c689fb000 ---p 00000000 00:00 0 
7f4c689fb000-7f4c68af9000 rw-p 00000000 00:00 0                          [stack:2451]
7f4c68bca000-7f4c68bcd000 ---p 00000000 00:00 0 
7f4c68bcd000-7f4c68ecb000 rw-p 00000000 00:00 0                          [stack:2452]
7f4c68ecb000-7f4c68ece000 ---p 00000000 00:00 0 
7f4c68ece000-7f4c691cc000 rw-p 00000000 00:00 0                          [stack:2450]
7f4c691cc000-7f4c691cf000 ---p 00000000 00:00 0 
7f4c691cf000-7f4c692cd000 rw-p 00000000 00:00 0                          [stack:2447]
7f4c692cd000-7f4c692d0000 ---p 00000000 00:00 0 
7f4c692d0000-7f4c693ce000 rw-p 00000000 00:00 0                          [stack:2445]
7f4c693ce000-7f4c693d1000 ---p 00000000 00:00 0 
7f4c693d1000-7f4c694cf000 rw-p 00000000 00:00 0                          [stack:2444]
7f4c694cf000-7f4c694d2000 ---p 00000000 00:00 0 
7f4c694d2000-7f4c695d0000 rw-p 00000000 00:00 0                          [stack:2442]
7f4c695d0000-7f4c695d3000 ---p 00000000 00:00 0 
7f4c695d3000-7f4c696d1000 rw-p 00000000 00:00 0                          [stack:2441]
7f4c696d1000-7f4c696d4000 ---p 00000000 00:00 0 
7f4c696d4000-7f4c697d2000 rw-p 00000000 00:00 0                          [stack:2440]
7f4c697d2000-7f4c697d5000 ---p 00000000 00:00 0 
7f4c697d5000-7f4c698d3000 rw-p 00000000 00:00 0                          [stack:2439]
7f4c698d3000-7f4c698d6000 ---p 00000000 00:00 0 
7f4c698d6000-7f4c699d4000 rw-p 00000000 00:00 0                          [stack:2438]
7f4c699d4000-7f4c699d7000 ---p 00000000 00:00 0 
7f4c699d7000-7f4c69ad5000 rw-p 00000000 00:00 0                          [stack:2437]
7f4c69ad5000-7f4c69ad8000 ---p 00000000 00:00 0 
7f4c69ad8000-7f4c69bd6000 rw-p 00000000 00:00 0                          [stack:2436]
7f4c69bd6000-7f4c69bd9000 ---p 00000000 00:00 0 
7f4c69bd9000-7f4c69cd7000 rw-p 00000000 00:00 0                          [stack:2435]
7f4c69cd7000-7f4c69cda000 ---p 00000000 00:00 0 
7f4c69cda000-7f4c69fd8000 rw-p 00000000 00:00 0                          [stack:2434]
7f4c69fd8000-7f4c69fdb000 ---p 00000000 00:00 0 
7f4c69fdb000-7f4c6a0d9000 rw-p 00000000 00:00 0                          [stack:2433]
7f4c6a0d9000-7f4c6a0dc000 ---p 00000000 00:00 0 
7f4c6a0dc000-7f4c6a1da000 rw-p 00000000 00:00 0                          [stack:2432]
7f4c6a1da000-7f4c6a1dd000 ---p 00000000 00:00 0 
7f4c6a1dd000-7f4c6a2db000 rw-p 00000000 00:00 0                          [stack:2431]
7f4c6a2db000-7f4c6a2de000 ---p 00000000 00:00 0 
7f4c6a2de000-7f4c6a3dc000 rw-p 00000000 00:00 0                          [stack:2430]
7f4c6a3dc000-7f4c6a3df000 ---p 00000000 00:00 0 
7f4c6a3df000-7f4c6a4dd000 rw-p 00000000 00:00 0                          [stack:2429]
7f4c6a4dd000-7f4c6a4e0000 ---p 00000000 00:00 0 
7f4c6a4e0000-7f4c6a5de000 rw-p 00000000 00:00 0                          [stack:2428]
7f4c6a5de000-7f4c6a5e1000 ---p 00000000 00:00 0 
7f4c6a5e1000-7f4c6a6df000 rw-p 00000000 00:00 0                          [stack:2427]
7f4c6a6df000-7f4c6a6e2000 ---p 00000000 00:00 0 
7f4c6a6e2000-7f4c6a7e0000 rw-p 00000000 00:00 0                          [stack:2426]
7f4c6a7e0000-7f4c6a7e3000 ---p 00000000 00:00 0 
7f4c6a7e3000-7f4c6a8e1000 rw-p 00000000 00:00 0                          [stack:2425]
7f4c6a8e1000-7f4c6a8e4000 ---p 00000000 00:00 0 
7f4c6a8e4000-7f4c6a9e2000 rw-p 00000000 00:00 0                          [stack:2424]
7f4c6a9e2000-7f4c6a9e5000 ---p 00000000 00:00 0 
7f4c6a9e5000-7f4c6ace3000 rw-p 00000000 00:00 0                          [stack:2423]
7f4c6ace3000-7f4c6ace6000 ---p 00000000 00:00 0 
7f4c6ace6000-7f4c6ade4000 rw-p 00000000 00:00 0                          [stack:2422]
7f4c6ade4000-7f4c6ade7000 ---p 00000000 00:00 0 
7f4c6ade7000-7f4c6aee5000 rw-p 00000000 00:00 0                          [stack:2421]
7f4c6aee5000-7f4c6aee8000 ---p 00000000 00:00 0 
7f4c6aee8000-7f4c6afe6000 rw-p 00000000 00:00 0                          [stack:2420]
7f4c6afe6000-7f4c6afe9000 ---p 00000000 00:00 0 
7f4c6afe9000-7f4c6b0e7000 rw-p 00000000 00:00 0                          [stack:2419]
7f4c6b0e7000-7f4c6b0ea000 ---p 00000000 00:00 0 
7f4c6b0ea000-7f4c6b1e8000 rw-p 00000000 00:00 0                          [stack:2418]
7f4c6b1e8000-7f4c6b1eb000 ---p 00000000 00:00 0 
7f4c6b1eb000-7f4c6b2e9000 rw-p 00000000 00:00 0                          [stack:2417]
7f4c6b2e9000-7f4c6b2fa000 r-xp 00000000 08:02 132646463                  /usr/java/jdk1.8.0_73/jre/lib/amd64/libnio.so
7f4c6b2fa000-7f4c6b4f9000 ---p 00011000 08:02 132646463                  /usr/java/jdk1.8.0_73/jre/lib/amd64/libnio.so
7f4c6b4f9000-7f4c6b4fa000 rw-p 00010000 08:02 132646463                  /usr/java/jdk1.8.0_73/jre/lib/amd64/libnio.so
7f4c6b4fa000-7f4c6b4fd000 ---p 00000000 00:00 0 
7f4c6b4fd000-7f4c6b7fb000 rw-p 00000000 00:00 0                          [stack:2416]
7f4c6b7fb000-7f4c6b7fe000 ---p 00000000 00:00 0 
7f4c6b7fe000-7f4c6b8fc000 rw-p 00000000 00:00 0                          [stack:2415]
7f4c6b8fc000-7f4c6b8ff000 ---p 00000000 00:00 0 
7f4c6b8ff000-7f4c6b9fd000 rw-p 00000000 00:00 0                          [stack:2414]
7f4c6b9fd000-7f4c6ba00000 ---p 00000000 00:00 0 
7f4c6ba00000-7f4c6bafe000 rw-p 00000000 00:00 0                          [stack:2413]
7f4c6bafe000-7f4c6bb01000 ---p 00000000 00:00 0 
7f4c6bb01000-7f4c6bdff000 rw-p 00000000 00:00 0                          [stack:2412]
7f4c6bdff000-7f4c6be00000 r-xp 00000000 08:02 132646496                  /usr/java/jdk1.8.0_73/jre/lib/amd64/libjaas_unix.so
7f4c6be00000-7f4c6bfff000 ---p 00001000 08:02 132646496                  /usr/java/jdk1.8.0_73/jre/lib/amd64/libjaas_unix.so
7f4c6bfff000-7f4c6c000000 rw-p 00000000 08:02 132646496                  /usr/java/jdk1.8.0_73/jre/lib/amd64/libjaas_unix.so
7f4c6c000000-7f4c6c021000 rw-p 00000000 00:00 0 
7f4c6c021000-7f4c70000000 ---p 00000000 00:00 0 
7f4c700ca000-7f4c702ca000 rw-p 00000000 00:00 0 
7f4c702ca000-7f4c704ca000 rw-p 00000000 00:00 0 
7f4c704ca000-7f4c73dc6000 r-xp 00000000 08:02 130942681                  /usr/local/cuda-7.5/lib64/libcudnn.so.5.0.4
7f4c73dc6000-7f4c73fc6000 ---p 038fc000 08:02 130942681                  /usr/local/cuda-7.5/lib64/libcudnn.so.5.0.4
7f4c73fc6000-7f4c73fd7000 rw-p 038fc000 08:02 130942681                  /usr/local/cuda-7.5/lib64/libcudnn.so.5.0.4
7f4c73fd7000-7f4c74000000 rw-p 00000000 00:00 0 
7f4c74000000-7f4c74021000 rw-p 00000000 00:00 0 
7f4c74021000-7f4c78000000 ---p 00000000 00:00 0 
7f4c78000000-7f4c78021000 rw-p 00000000 00:00 0 
7f4c78021000-7f4c7c000000 ---p 00000000 00:00 0 
7f4c7c000000-7f4c7d93b000 rw-p 00000000 00:00 0 
7f4c7d93b000-7f4c80000000 ---p 00000000 00:00 0 
7f4c80000000-7f4c80c63000 rw-p 00000000 00:00 0 
7f4c80c63000-7f4c84000000 ---p 00000000 00:00 0 
7f4c84000000-7f4c84c71000 rw-p 00000000 00:00 0 
7f4c84c71000-7f4c88000000 ---p 00000000 00:00 0 
7f4c88000000-7f4c897ca000 rw-p 00000000 00:00 0 
7f4c897ca000-7f4c8c000000 ---p 00000000 00:00 0 
7f4c8c000000-7f4c8c021000 rw-p 00000000 00:00 0 
7f4c8c021000-7f4c90000000 ---p 00000000 00:00 0 
7f4c90000000-7f4c90021000 rw-p 00000000 00:00 0 
7f4c90021000-7f4c94000000 ---p 00000000 00:00 0 
7f4c94000000-7f4c94021000 rw-p 00000000 00:00 0 
7f4c94021000-7f4c98000000 ---p 00000000 00:00 0 
7f4c98000000-7f4c98021000 rw-p 00000000 00:00 0 
7f4c98021000-7f4c9c000000 ---p 00000000 00:00 0 
7f4c9c000000-7f4c9c021000 rw-p 00000000 00:00 0 
7f4c9c021000-7f4ca0000000 ---p 00000000 00:00 0 
7f4ca002e000-7f4ca0031000 ---p 00000000 00:00 0 
7f4ca0031000-7f4ca012f000 rw-p 00000000 00:00 0                          [stack:2411]
7f4ca012f000-7f4ca3daf000 r-xp 00000000 08:02 130945223                  /usr/local/cuda-7.5/lib64/libnppi.so.7.5.18
7f4ca3daf000-7f4ca3faf000 ---p 03c80000 08:02 130945223                  /usr/local/cuda-7.5/lib64/libnppi.so.7.5.18
7f4ca3faf000-7f4ca3fc2000 rw-p 03c80000 08:02 130945223                  /usr/local/cuda-7.5/lib64/libnppi.so.7.5.18
7f4ca3fc2000-7f4ca4000000 rw-p 00000000 00:00 0 
7f4ca4000000-7f4ca4021000 rw-p 00000000 00:00 0 
7f4ca4021000-7f4ca8000000 ---p 00000000 00:00 0 
7f4ca8032000-7f4ca803a000 r-xp 00000000 08:02 132646474                  /usr/java/jdk1.8.0_73/jre/lib/amd64/libmanagement.so
7f4ca803a000-7f4ca823a000 ---p 00008000 08:02 132646474                  /usr/java/jdk1.8.0_73/jre/lib/amd64/libmanagement.so
7f4ca823a000-7f4ca823b000 rw-p 00008000 08:02 132646474                  /usr/java/jdk1.8.0_73/jre/lib/amd64/libmanagement.so
7f4ca823b000-7f4ca8252000 r-xp 00000000 08:02 119276529                  /lib/x86_64-linux-gnu/libresolv-2.19.so
7f4ca8252000-7f4ca8452000 ---p 00017000 08:02 119276529                  /lib/x86_64-linux-gnu/libresolv-2.19.so
7f4ca8452000-7f4ca8453000 r--p 00017000 08:02 119276529                  /lib/x86_64-linux-gnu/libresolv-2.19.so
7f4ca8453000-7f4ca8454000 rw-p 00018000 08:02 119276529                  /lib/x86_64-linux-gnu/libresolv-2.19.so
7f4ca8454000-7f4ca8456000 rw-p 00000000 00:00 0 
7f4ca8456000-7f4ca845b000 r-xp 00000000 08:02 119279452                  /lib/x86_64-linux-gnu/libnss_dns-2.19.so
7f4ca845b000-7f4ca865a000 ---p 00005000 08:02 119279452                  /lib/x86_64-linux-gnu/libnss_dns-2.19.so
7f4ca865a000-7f4ca865b000 r--p 00004000 08:02 119279452                  /lib/x86_64-linux-gnu/libnss_dns-2.19.so
7f4ca865b000-7f4ca865c000 rw-p 00005000 08:02 119279452                  /lib/x86_64-linux-gnu/libnss_dns-2.19.so
7f4ca865c000-7f4ca865e000 r-xp 00000000 08:02 119279563                  /lib/x86_64-linux-gnu/libnss_mdns4_minimal.so.2
7f4ca865e000-7f4ca885d000 ---p 00002000 08:02 119279563                  /lib/x86_64-linux-gnu/libnss_mdns4_minimal.so.2
7f4ca885d000-7f4ca885e000 r--p 00001000 08:02 119279563                  /lib/x86_64-linux-gnu/libnss_mdns4_minimal.so.2
7f4ca885e000-7f4ca885f000 rw-p 00002000 08:02 119279563                  /lib/x86_64-linux-gnu/libnss_mdns4_minimal.so.2
7f4ca885f000-7f4ca8875000 r-xp 00000000 08:02 132646440                  /usr/java/jdk1.8.0_73/jre/lib/amd64/libnet.so
7f4ca8875000-7f4ca8a75000 ---p 00016000 08:02 132646440                  /usr/java/jdk1.8.0_73/jre/lib/amd64/libnet.so
7f4ca8a75000-7f4ca8a76000 rw-p 00016000 08:02 132646440                  /usr/java/jdk1.8.0_73/jre/lib/amd64/libnet.so
7f4ca8a76000-7f4ca8c76000 rw-p 00000000 00:00 0 
7f4ca8c76000-7f4ca8cdb000 r-xp 00000000 08:02 130945246                  /usr/local/cuda-7.5/lib64/libnppc.so.7.5.18
7f4ca8cdb000-7f4ca8edb000 ---p 00065000 08:02 130945246                  /usr/local/cuda-7.5/lib64/libnppc.so.7.5.18
7f4ca8edb000-7f4ca8ede000 rw-p 00065000 08:02 130945246                  /usr/local/cuda-7.5/lib64/libnppc.so.7.5.18
7f4ca8ede000-7f4ca8edf000 rw-p 00000000 00:00 0 
7f4ca8edf000-7f4ca8ef5000 r-xp 00000000 08:02 119276525                  /lib/x86_64-linux-gnu/libgcc_s.so.1
7f4ca8ef5000-7f4ca90f4000 ---p 00016000 08:02 119276525                  /lib/x86_64-linux-gnu/libgcc_s.so.1
7f4ca90f4000-7f4ca90f5000 rw-p 00015000 08:02 119276525                  /lib/x86_64-linux-gnu/libgcc_s.so.1
7f4ca90f5000-7f4ca91db000 r-xp 00000000 08:02 128848021                  /usr/lib/x86_64-linux-gnu/libstdc++.so.6.0.19
7f4ca91db000-7f4ca93da000 ---p 000e6000 08:02 128848021                  /usr/lib/x86_64-linux-gnu/libstdc++.so.6.0.19
7f4ca93da000-7f4ca93e2000 r--p 000e5000 08:02 128848021                  /usr/lib/x86_64-linux-gnu/libstdc++.so.6.0.19
7f4ca93e2000-7f4ca93e4000 rw-p 000ed000 08:02 128848021                  /usr/lib/x86_64-linux-gnu/libstdc++.so.6.0.19
7f4ca93e4000-7f4ca93f9000 rw-p 00000000 00:00 0 
7f4ca93f9000-7f4caaac2000 r-xp 00000000 08:02 130945229                  /usr/local/cuda-7.5/lib64/libcublas.so.7.5.18
7f4caaac2000-7f4caacc1000 ---p 016c9000 08:02 130945229                  /usr/local/cuda-7.5/lib64/libcublas.so.7.5.18
7f4caacc1000-7f4caaccd000 rw-p 016c8000 08:02 130945229                  /usr/local/cuda-7.5/lib64/libcublas.so.7.5.18
7f4caaccd000-7f4caacd8000 rw-p 00000000 00:00 0 
7f4caacd8000-7f4caad33000 r-xp 00000000 08:02 130945239                  /usr/local/cuda-7.5/lib64/libcudart.so.7.5.18
7f4caad33000-7f4caaf32000 ---p 0005b000 08:02 130945239                  /usr/local/cuda-7.5/lib64/libcudart.so.7.5.18
7f4caaf32000-7f4caaf36000 rw-p 0005a000 08:02 130945239                  /usr/local/cuda-7.5/lib64/libcudart.so.7.5.18
7f4caaf36000-7f4cab17e000 r-xp 00000000 08:02 171068909                  /home/make/finaljc/mnist/mnistCUDNN.so
7f4cab17e000-7f4cab37d000 ---p 00248000 08:02 171068909                  /home/make/finaljc/mnist/mnistCUDNN.so
7f4cab37d000-7f4cab380000 r--p 00247000 08:02 171068909                  /home/make/finaljc/mnist/mnistCUDNN.so
7f4cab380000-7f4cab391000 rw-p 0024a000 08:02 171068909                  /home/make/finaljc/mnist/mnistCUDNN.so
7f4cab391000-7f4cab510000 rw-p 00000000 00:00 0 
7f4cab510000-7f4cabeff000 r--s 09375000 08:02 174063921                  /usr/local/spark/lib/spark-assembly-1.3.1-hadoop2.6.0.jar
7f4cabeff000-7f4cabf00000 ---p 00000000 00:00 0 
7f4cabf00000-7f4cac000000 rw-p 00000000 00:00 0                          [stack:2407]
7f4cac000000-7f4cac021000 rw-p 00000000 00:00 0 
7f4cac021000-7f4cb0000000 ---p 00000000 00:00 0 
7f4cb0074000-7f4cb007a000 r--s 002f8000 08:02 132646385                  /usr/java/jdk1.8.0_73/jre/lib/charsets.jar
7f4cb007a000-7f4cb0096000 r--s 00393000 08:02 132646520                  /usr/java/jdk1.8.0_73/jre/lib/ext/cldrdata.jar
7f4cb0096000-7f4cb00a0000 r--s 00116000 08:02 132646517                  /usr/java/jdk1.8.0_73/jre/lib/ext/localedata.jar
7f4cb00a0000-7f4cb00a3000 ---p 00000000 00:00 0 
7f4cb00a3000-7f4cb00d9000 rw-p 00000000 00:00 0                          [stack:2409]
7f4cb00d9000-7f4cb00ef000 r--s 001a4000 08:02 174063919                  /usr/local/spark/lib/datanucleus-rdbms-3.2.9.jar
7f4cb00ef000-7f4cb00f2000 ---p 00000000 00:00 0 
7f4cb00f2000-7f4cb01f0000 rw-p 00000000 00:00 0                          [stack:2406]
7f4cb01f0000-7f4cb01f3000 ---p 00000000 00:00 0 
7f4cb01f3000-7f4cb02f1000 rw-p 00000000 00:00 0                          [stack:2405]
7f4cb02f1000-7f4cb02f4000 ---p 00000000 00:00 0 
7f4cb02f4000-7f4cb03f2000 rw-p 00000000 00:00 0                          [stack:2404]
7f4cb03f2000-7f4cb03f5000 ---p 00000000 00:00 0 
7f4cb03f5000-7f4cb04f3000 rw-p 00000000 00:00 0                          [stack:2403]
7f4cb04f3000-7f4cb04f6000 ---p 00000000 00:00 0 
7f4cb04f6000-7f4cb05f4000 rw-p 00000000 00:00 0                          [stack:2402]
7f4cb05f4000-7f4cb05f7000 ---p 00000000 00:00 0 
7f4cb05f7000-7f4cb06f5000 rw-p 00000000 00:00 0                          [stack:2401]
7f4cb06f5000-7f4cb0dd7000 r--p 00000000 08:02 128850431                  /usr/lib/locale/locale-archive
7f4cb0dd7000-7f4cb0dda000 ---p 00000000 00:00 0 
7f4cb0dda000-7f4cb0ed8000 rw-p 00000000 00:00 0                          [stack:2400]
7f4cb0ed8000-7f4cb0edb000 ---p 00000000 00:00 0 
7f4cb0edb000-7f4cb0fd9000 rw-p 00000000 00:00 0                          [stack:2399]
7f4cb0fd9000-7f4cb0fda000 ---p 00000000 00:00 0 
7f4cb0fda000-7f4cb4000000 rw-p 00000000 00:00 0                          [stack:2398]
7f4cb4000000-7f4cb4021000 rw-p 00000000 00:00 0 
7f4cb4021000-7f4cb8000000 ---p 00000000 00:00 0 
7f4cb8000000-7f4cb8021000 rw-p 00000000 00:00 0 
7f4cb8021000-7f4cbc000000 ---p 00000000 00:00 0 
7f4cbc000000-7f4cbc021000 rw-p 00000000 00:00 0 
7f4cbc021000-7f4cc0000000 ---p 00000000 00:00 0 
7f4cc0000000-7f4cc0021000 rw-p 00000000 00:00 0 
7f4cc0021000-7f4cc4000000 ---p 00000000 00:00 0 
7f4cc4000000-7f4cc4021000 rw-p 00000000 00:00 0 
7f4cc4021000-7f4cc8000000 ---p 00000000 00:00 0 
7f4cc8000000-7f4cc8021000 rw-p 00000000 00:00 0 
7f4cc8021000-7f4ccc000000 ---p 00000000 00:00 0 
7f4ccc000000-7f4ccc021000 rw-p 00000000 00:00 0 
7f4ccc021000-7f4cd0000000 ---p 00000000 00:00 0 
7f4cd0005000-7f4cd001d000 r--s 001b6000 08:02 174063918                  /usr/local/spark/lib/datanucleus-core-3.2.10.jar
7f4cd001d000-7f4cd03b1000 rw-p 00000000 00:00 0 
7f4cd03b1000-7f4cd0589000 r--s 03d23000 08:02 132646432                  /usr/java/jdk1.8.0_73/jre/lib/rt.jar
7f4cd0589000-7f4cd0eff000 rw-p 00000000 00:00 0 
7f4cd0eff000-7f4cd0f00000 ---p 00000000 00:00 0 
7f4cd0f00000-7f4cd1000000 rw-p 00000000 00:00 0                          [stack:2397]
7f4cd1000000-7f4cd1600000 rwxp 00000000 00:00 0 
7f4cd1600000-7f4ce0000000 ---p 00000000 00:00 0 
7f4ce0000000-7f4ce11b8000 rw-p 00000000 00:00 0 
7f4ce11b8000-7f4ce4000000 ---p 00000000 00:00 0 
7f4ce4004000-7f4ce4080000 rw-p 00000000 00:00 0 
7f4ce4080000-7f4ce4081000 ---p 00000000 00:00 0 
7f4ce4081000-7f4ce4181000 rw-p 00000000 00:00 0                          [stack:2396]
7f4ce4181000-7f4ce4182000 ---p 00000000 00:00 0 
7f4ce4182000-7f4ce4282000 rw-p 00000000 00:00 0                          [stack:2395]
7f4ce4282000-7f4ce4283000 ---p 00000000 00:00 0 
7f4ce4283000-7f4ce4383000 rw-p 00000000 00:00 0                          [stack:2394]
7f4ce4383000-7f4ce4384000 ---p 00000000 00:00 0 
7f4ce4384000-7f4ce4484000 rw-p 00000000 00:00 0                          [stack:2393]
7f4ce4484000-7f4ce4485000 ---p 00000000 00:00 0 
7f4ce4485000-7f4ce4585000 rw-p 00000000 00:00 0                          [stack:2392]
7f4ce4585000-7f4ce4586000 ---p 00000000 00:00 0 
7f4ce4586000-7f4ce4686000 rw-p 00000000 00:00 0                          [stack:2391]
7f4ce4686000-7f4ce4687000 ---p 00000000 00:00 0 
7f4ce4687000-7f4ce4787000 rw-p 00000000 00:00 0                          [stack:2390]
7f4ce4787000-7f4ce4788000 ---p 00000000 00:00 0 
7f4ce4788000-7f4ce4888000 rw-p 00000000 00:00 0                          [stack:2389]
7f4ce4888000-7f4ce4889000 ---p 00000000 00:00 0 
7f4ce4889000-7f4ce4aa2000 rw-p 00000000 00:00 0                          [stack:2388]
7f4ce4aa2000-7f4ce4e4a000 ---p 00000000 00:00 0 
7f4ce4e4a000-7f4ce4e64000 r-xp 00000000 08:02 132646461                  /usr/java/jdk1.8.0_73/jre/lib/amd64/libzip.so
7f4ce4e64000-7f4ce5064000 ---p 0001a000 08:02 132646461                  /usr/java/jdk1.8.0_73/jre/lib/amd64/libzip.so
7f4ce5064000-7f4ce5065000 rw-p 0001a000 08:02 132646461                  /usr/java/jdk1.8.0_73/jre/lib/amd64/libzip.so
7f4ce5065000-7f4ce5070000 r-xp 00000000 08:02 119276531                  /lib/x86_64-linux-gnu/libnss_files-2.19.so
7f4ce5070000-7f4ce526f000 ---p 0000b000 08:02 119276531                  /lib/x86_64-linux-gnu/libnss_files-2.19.so
7f4ce526f000-7f4ce5270000 r--p 0000a000 08:02 119276531                  /lib/x86_64-linux-gnu/libnss_files-2.19.so
7f4ce5270000-7f4ce5271000 rw-p 0000b000 08:02 119276531                  /lib/x86_64-linux-gnu/libnss_files-2.19.so
7f4ce5271000-7f4ce527c000 r-xp 00000000 08:02 119279765                  /lib/x86_64-linux-gnu/libnss_nis-2.19.so
7f4ce527c000-7f4ce547b000 ---p 0000b000 08:02 119279765                  /lib/x86_64-linux-gnu/libnss_nis-2.19.so
7f4ce547b000-7f4ce547c000 r--p 0000a000 08:02 119279765                  /lib/x86_64-linux-gnu/libnss_nis-2.19.so
7f4ce547c000-7f4ce547d000 rw-p 0000b000 08:02 119279765                  /lib/x86_64-linux-gnu/libnss_nis-2.19.so
7f4ce547d000-7f4ce5494000 r-xp 00000000 08:02 119279596                  /lib/x86_64-linux-gnu/libnsl-2.19.so
7f4ce5494000-7f4ce5693000 ---p 00017000 08:02 119279596                  /lib/x86_64-linux-gnu/libnsl-2.19.so
7f4ce5693000-7f4ce5694000 r--p 00016000 08:02 119279596                  /lib/x86_64-linux-gnu/libnsl-2.19.so
7f4ce5694000-7f4ce5695000 rw-p 00017000 08:02 119279596                  /lib/x86_64-linux-gnu/libnsl-2.19.so
7f4ce5695000-7f4ce5697000 rw-p 00000000 00:00 0 
7f4ce5697000-7f4ce56a0000 r-xp 00000000 08:02 119279584                  /lib/x86_64-linux-gnu/libnss_compat-2.19.so
7f4ce56a0000-7f4ce589f000 ---p 00009000 08:02 119279584                  /lib/x86_64-linux-gnu/libnss_compat-2.19.so
7f4ce589f000-7f4ce58a0000 r--p 00008000 08:02 119279584                  /lib/x86_64-linux-gnu/libnss_compat-2.19.so
7f4ce58a0000-7f4ce58a1000 rw-p 00009000 08:02 119279584                  /lib/x86_64-linux-gnu/libnss_compat-2.19.so
7f4ce58a1000-7f4ce58cb000 r-xp 00000000 08:02 132646487                  /usr/java/jdk1.8.0_73/jre/lib/amd64/libjava.so
7f4ce58cb000-7f4ce5acb000 ---p 0002a000 08:02 132646487                  /usr/java/jdk1.8.0_73/jre/lib/amd64/libjava.so
7f4ce5acb000-7f4ce5acd000 rw-p 0002a000 08:02 132646487                  /usr/java/jdk1.8.0_73/jre/lib/amd64/libjava.so
7f4ce5acd000-7f4ce5ada000 r-xp 00000000 08:02 132646441                  /usr/java/jdk1.8.0_73/jre/lib/amd64/libverify.so
7f4ce5ada000-7f4ce5cda000 ---p 0000d000 08:02 132646441                  /usr/java/jdk1.8.0_73/jre/lib/amd64/libverify.so
7f4ce5cda000-7f4ce5cdc000 rw-p 0000d000 08:02 132646441                  /usr/java/jdk1.8.0_73/jre/lib/amd64/libverify.so
7f4ce5cdc000-7f4ce5ce3000 r-xp 00000000 08:02 119279762                  /lib/x86_64-linux-gnu/librt-2.19.so
7f4ce5ce3000-7f4ce5ee2000 ---p 00007000 08:02 119279762                  /lib/x86_64-linux-gnu/librt-2.19.so
7f4ce5ee2000-7f4ce5ee3000 r--p 00006000 08:02 119279762                  /lib/x86_64-linux-gnu/librt-2.19.so
7f4ce5ee3000-7f4ce5ee4000 rw-p 00007000 08:02 119279762                  /lib/x86_64-linux-gnu/librt-2.19.so
7f4ce5ee4000-7f4ce5fe9000 r-xp 00000000 08:02 119276530                  /lib/x86_64-linux-gnu/libm-2.19.so
7f4ce5fe9000-7f4ce61e8000 ---p 00105000 08:02 119276530                  /lib/x86_64-linux-gnu/libm-2.19.so
7f4ce61e8000-7f4ce61e9000 r--p 00104000 08:02 119276530                  /lib/x86_64-linux-gnu/libm-2.19.so
7f4ce61e9000-7f4ce61ea000 rw-p 00105000 08:02 119276530                  /lib/x86_64-linux-gnu/libm-2.19.so
7f4ce61ea000-7f4ce6ea9000 r-xp 00000000 08:02 132646491                  /usr/java/jdk1.8.0_73/jre/lib/amd64/server/libjvm.so
7f4ce6ea9000-7f4ce70a8000 ---p 00cbf000 08:02 132646491                  /usr/java/jdk1.8.0_73/jre/lib/amd64/server/libjvm.so
7f4ce70a8000-7f4ce7181000 rw-p 00cbe000 08:02 132646491                  /usr/java/jdk1.8.0_73/jre/lib/amd64/server/libjvm.so
7f4ce7181000-7f4ce71ca000 rw-p 00000000 00:00 0 
7f4ce71ca000-7f4ce7385000 r-xp 00000000 08:02 119279759                  /lib/x86_64-linux-gnu/libc-2.19.so
7f4ce7385000-7f4ce7584000 ---p 001bb000 08:02 119279759                  /lib/x86_64-linux-gnu/libc-2.19.so
7f4ce7584000-7f4ce7588000 r--p 001ba000 08:02 119279759                  /lib/x86_64-linux-gnu/libc-2.19.so
7f4ce7588000-7f4ce758a000 rw-p 001be000 08:02 119279759                  /lib/x86_64-linux-gnu/libc-2.19.so
7f4ce758a000-7f4ce758f000 rw-p 00000000 00:00 0 
7f4ce758f000-7f4ce7592000 r-xp 00000000 08:02 119279490                  /lib/x86_64-linux-gnu/libdl-2.19.so
7f4ce7592000-7f4ce7791000 ---p 00003000 08:02 119279490                  /lib/x86_64-linux-gnu/libdl-2.19.so
7f4ce7791000-7f4ce7792000 r--p 00002000 08:02 119279490                  /lib/x86_64-linux-gnu/libdl-2.19.so
7f4ce7792000-7f4ce7793000 rw-p 00003000 08:02 119279490                  /lib/x86_64-linux-gnu/libdl-2.19.so
7f4ce7793000-7f4ce77a8000 r-xp 00000000 08:02 132645575                  /usr/java/jdk1.8.0_73/lib/amd64/jli/libjli.so
7f4ce77a8000-7f4ce79a8000 ---p 00015000 08:02 132645575                  /usr/java/jdk1.8.0_73/lib/amd64/jli/libjli.so
7f4ce79a8000-7f4ce79a9000 rw-p 00015000 08:02 132645575                  /usr/java/jdk1.8.0_73/lib/amd64/jli/libjli.so
7f4ce79a9000-7f4ce79c2000 r-xp 00000000 08:02 119279760                  /lib/x86_64-linux-gnu/libpthread-2.19.so
7f4ce79c2000-7f4ce7bc1000 ---p 00019000 08:02 119279760                  /lib/x86_64-linux-gnu/libpthread-2.19.so
7f4ce7bc1000-7f4ce7bc2000 r--p 00018000 08:02 119279760                  /lib/x86_64-linux-gnu/libpthread-2.19.so
7f4ce7bc2000-7f4ce7bc3000 rw-p 00019000 08:02 119279760                  /lib/x86_64-linux-gnu/libpthread-2.19.so
7f4ce7bc3000-7f4ce7bc7000 rw-p 00000000 00:00 0 
7f4ce7bc7000-7f4ce7bea000 r-xp 00000000 08:02 119279756                  /lib/x86_64-linux-gnu/ld-2.19.so
7f4ce7bea000-7f4ce7cc0000 rw-p 00000000 00:00 0 
7f4ce7cc0000-7f4ce7cc3000 ---p 00000000 00:00 0 
7f4ce7cc3000-7f4ce7dc5000 rw-p 00000000 00:00 0                          [stack:2387]
7f4ce7dc5000-7f4ce7dc8000 r--s 0001a000 08:02 132646691                  /usr/java/jdk1.8.0_73/jre/lib/jce.jar
7f4ce7dc8000-7f4ce7dcc000 r--s 00097000 08:02 132646384                  /usr/java/jdk1.8.0_73/jre/lib/jsse.jar
7f4ce7dcc000-7f4ce7dce000 r--s 00000000 08:02 171068978                  /home/make/finaljc/target/mycudnn-1.0.jar
7f4ce7dce000-7f4ce7dd3000 r--s 0004e000 08:02 174063920                  /usr/local/spark/lib/datanucleus-api-jdo-3.2.6.jar
7f4ce7dd3000-7f4ce7ddd000 rw-p 00000000 00:00 0 
7f4ce7ddd000-7f4ce7de5000 rw-s 00000000 08:02 102760484                  /tmp/hsperfdata_make/2309
7f4ce7de5000-7f4ce7de6000 rw-p 00000000 00:00 0 
7f4ce7de6000-7f4ce7de7000 r--p 00000000 00:00 0 
7f4ce7de7000-7f4ce7de9000 rw-p 00000000 00:00 0 
7f4ce7de9000-7f4ce7dea000 r--p 00022000 08:02 119279756                  /lib/x86_64-linux-gnu/ld-2.19.so
7f4ce7dea000-7f4ce7deb000 rw-p 00023000 08:02 119279756                  /lib/x86_64-linux-gnu/ld-2.19.so
7f4ce7deb000-7f4ce7dec000 rw-p 00000000 00:00 0 
7fff06a41000-7fff06a63000 rw-p 00000000 00:00 0                          [stack]
7fff06adf000-7fff06ae1000 r-xp 00000000 00:00 0                          [vdso]
ffffffffff600000-ffffffffff601000 r-xp 00000000 00:00 0                  [vsyscall]

VM Arguments:
jvm_args: -Xms512m -Xmx512m 
java_command: org.apache.spark.deploy.SparkSubmit --class TestJNIPrimitiveArray --master local[1] target/mycudnn-1.0.jar ulimit -c unlimit
java_class_path (initial): /usr/local/spark/conf:/usr/local/spark/lib/spark-assembly-1.3.1-hadoop2.6.0.jar:/usr/local/spark/lib/datanucleus-core-3.2.10.jar:/usr/local/spark/lib/datanucleus-rdbms-3.2.9.jar:/usr/local/spark/lib/datanucleus-api-jdo-3.2.6.jar
Launcher Type: SUN_STANDARD

Environment Variables:
JAVA_HOME=/usr/java/jdk1.8.0_73
CLASSPATH=/usr/local/spark/conf:/usr/local/spark/lib/spark-assembly-1.3.1-hadoop2.6.0.jar:/usr/local/spark/lib/datanucleus-core-3.2.10.jar:/usr/local/spark/lib/datanucleus-rdbms-3.2.9.jar:/usr/local/spark/lib/datanucleus-api-jdo-3.2.6.jar
PATH=/home/make/.rbenv/plugins/ruby-build/bin:/home/make/.rbenv/shims:/home/make/.rbenv/bin:/usr/local/heroku/bin:/home/make/.rbenv/shims:/home/make/.rbenv/bin:/opt/intel/bin:/home/make/bin:/usr/local/bin:/home/make/bin:/usr/local/bin:/home/make/bin:/usr/local/bin:/usr/local/sbin:/usr/local/bin:/usr/sbin:/usr/bin:/sbin:/bin:/usr/games:/usr/local/games:/usr/local/cuda/bin:/usr/local/cuda/bin:/home/make/.rvm/bin:/usr/local/cuda/bin:/usr/local/scala/bin:/usr/local/spark/bin:/usr/java/jdk1.8.0_73/bin:/home/make/.rvm/bin
LD_LIBRARY_PATH=:/usr/local/cuda/lib64:/usr/local/compilers_and_libraries/linux/lib/intel64:/usr/local/mkl/lib/intel64:/usr/local/lib:/usr/local/cuda/lib64:/usr/local/compilers_and_libraries/linux/lib/intel64:/usr/local/mkl/lib/intel64:/usr/local/lib:/usr/local/cuda/lib64:/usr/local/compilers_and_libraries/linux/lib/intel64:/opt/intel/compilers_and_libraries/linux/lib/intel64:/usr/local/lib:/usr/local/lib64:/usr/local/lib64/digilent/adept:/home/make/javacpp/another
SHELL=/bin/zsh
DISPLAY=:0

Signal Handlers:
SIGSEGV: [libjvm.so+0xabafa0], sa_mask[0]=11111111011111111101111111111110, sa_flags=SA_RESTART|SA_SIGINFO
SIGBUS: [libjvm.so+0xabafa0], sa_mask[0]=11111111011111111101111111111110, sa_flags=SA_RESTART|SA_SIGINFO
SIGFPE: [libjvm.so+0x9183c0], sa_mask[0]=11111111011111111101111111111110, sa_flags=SA_RESTART|SA_SIGINFO
SIGPIPE: [libjvm.so+0x9183c0], sa_mask[0]=11111111011111111101111111111110, sa_flags=SA_RESTART|SA_SIGINFO
SIGXFSZ: [libjvm.so+0x9183c0], sa_mask[0]=11111111011111111101111111111110, sa_flags=SA_RESTART|SA_SIGINFO
SIGILL: [libjvm.so+0x9183c0], sa_mask[0]=11111111011111111101111111111110, sa_flags=SA_RESTART|SA_SIGINFO
SIGUSR1: SIG_DFL, sa_mask[0]=00000000000000000000000000000000, sa_flags=none
SIGUSR2: [libjvm.so+0x9199f0], sa_mask[0]=00000000000000000000000000000000, sa_flags=SA_RESTART|SA_SIGINFO
SIGHUP: [libjvm.so+0x91adf0], sa_mask[0]=11111111011111111101111111111110, sa_flags=SA_RESTART|SA_SIGINFO
SIGINT: [libjvm.so+0x91adf0], sa_mask[0]=11111111011111111101111111111110, sa_flags=SA_RESTART|SA_SIGINFO
SIGTERM: [libjvm.so+0x91adf0], sa_mask[0]=11111111011111111101111111111110, sa_flags=SA_RESTART|SA_SIGINFO
SIGQUIT: [libjvm.so+0x91adf0], sa_mask[0]=11111111011111111101111111111110, sa_flags=SA_RESTART|SA_SIGINFO


---------------  S Y S T E M  ---------------

OS:DISTRIB_ID=Ubuntu
DISTRIB_RELEASE=14.04
DISTRIB_CODENAME=trusty
DISTRIB_DESCRIPTION="Ubuntu 14.04.1 LTS"

uname:Linux 3.13.0-32-generic #57-Ubuntu SMP Tue Jul 15 03:51:08 UTC 2014 x86_64
libc:glibc 2.19 NPTL 2.19 
rlimit: STACK 8192k, CORE 0k, NPROC 127849, NOFILE 4096, AS infinity
load average:0.28 0.80 1.83

/proc/meminfo:
MemTotal:       16386316 kB
MemFree:        10060828 kB
Buffers:          835548 kB
Cached:          2293708 kB
SwapCached:            0 kB
Active:          4139836 kB
Inactive:        1500964 kB
Active(anon):    2514096 kB
Inactive(anon):   116856 kB
Active(file):    1625740 kB
Inactive(file):  1384108 kB
Unevictable:         184 kB
Mlocked:             184 kB
SwapTotal:      45958132 kB
SwapFree:       45958132 kB
Dirty:               616 kB
Writeback:             0 kB
AnonPages:       2518496 kB
Mapped:           514020 kB
Shmem:            119284 kB
Slab:             379404 kB
SReclaimable:     315072 kB
SUnreclaim:        64332 kB
KernelStack:        7272 kB
PageTables:        58408 kB
NFS_Unstable:          0 kB
Bounce:                0 kB
WritebackTmp:          0 kB
CommitLimit:    54151288 kB
Committed_AS:   10433396 kB
VmallocTotal:   34359738367 kB
VmallocUsed:      395456 kB
VmallocChunk:   34359335932 kB
HardwareCorrupted:     0 kB
AnonHugePages:    710656 kB
HugePages_Total:       0
HugePages_Free:        0
HugePages_Rsvd:        0
HugePages_Surp:        0
Hugepagesize:       2048 kB
DirectMap4k:      294864 kB
DirectMap2M:     9095168 kB
DirectMap1G:     7340032 kB


CPU:total 12 (6 cores per cpu, 2 threads per core) family 6 model 45 stepping 7, cmov, cx8, fxsr, mmx, sse, sse2, sse3, ssse3, sse4.1, sse4.2, popcnt, avx, aes, clmul, ht, tsc, tscinvbit, tscinv

/proc/cpuinfo:
processor	: 0
vendor_id	: GenuineIntel
cpu family	: 6
model		: 45
model name	: Intel(R) Core(TM) i7-3930K CPU @ 3.20GHz
stepping	: 7
microcode	: 0x70b
cpu MHz		: 3201.000
cache size	: 12288 KB
physical id	: 0
siblings	: 12
core id		: 0
cpu cores	: 6
apicid		: 0
initial apicid	: 0
fpu		: yes
fpu_exception	: yes
cpuid level	: 13
wp		: yes
flags		: fpu vme de pse tsc msr pae mce cx8 apic sep mtrr pge mca cmov pat pse36 clflush dts acpi mmx fxsr sse sse2 ss ht tm pbe syscall nx pdpe1gb rdtscp lm constant_tsc arch_perfmon pebs bts rep_good nopl xtopology nonstop_tsc aperfmperf eagerfpu pni pclmulqdq dtes64 monitor ds_cpl vmx est tm2 ssse3 cx16 xtpr pdcm pcid dca sse4_1 sse4_2 x2apic popcnt tsc_deadline_timer aes xsave avx lahf_lm ida arat xsaveopt pln pts dtherm tpr_shadow vnmi flexpriority ept vpid
bogomips	: 6400.64
clflush size	: 64
cache_alignment	: 64
address sizes	: 46 bits physical, 48 bits virtual
power management:

processor	: 1
vendor_id	: GenuineIntel
cpu family	: 6
model		: 45
model name	: Intel(R) Core(TM) i7-3930K CPU @ 3.20GHz
stepping	: 7
microcode	: 0x70b
cpu MHz		: 1200.000
cache size	: 12288 KB
physical id	: 0
siblings	: 12
core id		: 1
cpu cores	: 6
apicid		: 2
initial apicid	: 2
fpu		: yes
fpu_exception	: yes
cpuid level	: 13
wp		: yes
flags		: fpu vme de pse tsc msr pae mce cx8 apic sep mtrr pge mca cmov pat pse36 clflush dts acpi mmx fxsr sse sse2 ss ht tm pbe syscall nx pdpe1gb rdtscp lm constant_tsc arch_perfmon pebs bts rep_good nopl xtopology nonstop_tsc aperfmperf eagerfpu pni pclmulqdq dtes64 monitor ds_cpl vmx est tm2 ssse3 cx16 xtpr pdcm pcid dca sse4_1 sse4_2 x2apic popcnt tsc_deadline_timer aes xsave avx lahf_lm ida arat xsaveopt pln pts dtherm tpr_shadow vnmi flexpriority ept vpid
bogomips	: 6400.64
clflush size	: 64
cache_alignment	: 64
address sizes	: 46 bits physical, 48 bits virtual
power management:

processor	: 2
vendor_id	: GenuineIntel
cpu family	: 6
model		: 45
model name	: Intel(R) Core(TM) i7-3930K CPU @ 3.20GHz
stepping	: 7
microcode	: 0x70b
cpu MHz		: 3201.000
cache size	: 12288 KB
physical id	: 0
siblings	: 12
core id		: 2
cpu cores	: 6
apicid		: 4
initial apicid	: 4
fpu		: yes
fpu_exception	: yes
cpuid level	: 13
wp		: yes
flags		: fpu vme de pse tsc msr pae mce cx8 apic sep mtrr pge mca cmov pat pse36 clflush dts acpi mmx fxsr sse sse2 ss ht tm pbe syscall nx pdpe1gb rdtscp lm constant_tsc arch_perfmon pebs bts rep_good nopl xtopology nonstop_tsc aperfmperf eagerfpu pni pclmulqdq dtes64 monitor ds_cpl vmx est tm2 ssse3 cx16 xtpr pdcm pcid dca sse4_1 sse4_2 x2apic popcnt tsc_deadline_timer aes xsave avx lahf_lm ida arat xsaveopt pln pts dtherm tpr_shadow vnmi flexpriority ept vpid
bogomips	: 6400.64
clflush size	: 64
cache_alignment	: 64
address sizes	: 46 bits physical, 48 bits virtual
power management:

processor	: 3
vendor_id	: GenuineIntel
cpu family	: 6
model		: 45
model name	: Intel(R) Core(TM) i7-3930K CPU @ 3.20GHz
stepping	: 7
microcode	: 0x70b
cpu MHz		: 3201.000
cache size	: 12288 KB
physical id	: 0
siblings	: 12
core id		: 3
cpu cores	: 6
apicid		: 6
initial apicid	: 6
fpu		: yes
fpu_exception	: yes
cpuid level	: 13
wp		: yes
flags		: fpu vme de pse tsc msr pae mce cx8 apic sep mtrr pge mca cmov pat pse36 clflush dts acpi mmx fxsr sse sse2 ss ht tm pbe syscall nx pdpe1gb rdtscp lm constant_tsc arch_perfmon pebs bts rep_good nopl xtopology nonstop_tsc aperfmperf eagerfpu pni pclmulqdq dtes64 monitor ds_cpl vmx est tm2 ssse3 cx16 xtpr pdcm pcid dca sse4_1 sse4_2 x2apic popcnt tsc_deadline_timer aes xsave avx lahf_lm ida arat xsaveopt pln pts dtherm tpr_shadow vnmi flexpriority ept vpid
bogomips	: 6400.64
clflush size	: 64
cache_alignment	: 64
address sizes	: 46 bits physical, 48 bits virtual
power management:

processor	: 4
vendor_id	: GenuineIntel
cpu family	: 6
model		: 45
model name	: Intel(R) Core(TM) i7-3930K CPU @ 3.20GHz
stepping	: 7
microcode	: 0x70b
cpu MHz		: 1300.000
cache size	: 12288 KB
physical id	: 0
siblings	: 12
core id		: 4
cpu cores	: 6
apicid		: 8
initial apicid	: 8
fpu		: yes
fpu_exception	: yes
cpuid level	: 13
wp		: yes
flags		: fpu vme de pse tsc msr pae mce cx8 apic sep mtrr pge mca cmov pat pse36 clflush dts acpi mmx fxsr sse sse2 ss ht tm pbe syscall nx pdpe1gb rdtscp lm constant_tsc arch_perfmon pebs bts rep_good nopl xtopology nonstop_tsc aperfmperf eagerfpu pni pclmulqdq dtes64 monitor ds_cpl vmx est tm2 ssse3 cx16 xtpr pdcm pcid dca sse4_1 sse4_2 x2apic popcnt tsc_deadline_timer aes xsave avx lahf_lm ida arat xsaveopt pln pts dtherm tpr_shadow vnmi flexpriority ept vpid
bogomips	: 6400.64
clflush size	: 64
cache_alignment	: 64
address sizes	: 46 bits physical, 48 bits virtual
power management:

processor	: 5
vendor_id	: GenuineIntel
cpu family	: 6
model		: 45
model name	: Intel(R) Core(TM) i7-3930K CPU @ 3.20GHz
stepping	: 7
microcode	: 0x70b
cpu MHz		: 3201.000
cache size	: 12288 KB
physical id	: 0
siblings	: 12
core id		: 5
cpu cores	: 6
apicid		: 10
initial apicid	: 10
fpu		: yes
fpu_exception	: yes
cpuid level	: 13
wp		: yes
flags		: fpu vme de pse tsc msr pae mce cx8 apic sep mtrr pge mca cmov pat pse36 clflush dts acpi mmx fxsr sse sse2 ss ht tm pbe syscall nx pdpe1gb rdtscp lm constant_tsc arch_perfmon pebs bts rep_good nopl xtopology nonstop_tsc aperfmperf eagerfpu pni pclmulqdq dtes64 monitor ds_cpl vmx est tm2 ssse3 cx16 xtpr pdcm pcid dca sse4_1 sse4_2 x2apic popcnt tsc_deadline_timer aes xsave avx lahf_lm ida arat xsaveopt pln pts dtherm tpr_shadow vnmi flexpriority ept vpid
bogomips	: 6400.64
clflush size	: 64
cache_alignment	: 64
address sizes	: 46 bits physical, 48 bits virtual
power management:

processor	: 6
vendor_id	: GenuineIntel
cpu family	: 6
model		: 45
model name	: Intel(R) Core(TM) i7-3930K CPU @ 3.20GHz
stepping	: 7
microcode	: 0x70b
cpu MHz		: 1200.000
cache size	: 12288 KB
physical id	: 0
siblings	: 12
core id		: 0
cpu cores	: 6
apicid		: 1
initial apicid	: 1
fpu		: yes
fpu_exception	: yes
cpuid level	: 13
wp		: yes
flags		: fpu vme de pse tsc msr pae mce cx8 apic sep mtrr pge mca cmov pat pse36 clflush dts acpi mmx fxsr sse sse2 ss ht tm pbe syscall nx pdpe1gb rdtscp lm constant_tsc arch_perfmon pebs bts rep_good nopl xtopology nonstop_tsc aperfmperf eagerfpu pni pclmulqdq dtes64 monitor ds_cpl vmx est tm2 ssse3 cx16 xtpr pdcm pcid dca sse4_1 sse4_2 x2apic popcnt tsc_deadline_timer aes xsave avx lahf_lm ida arat xsaveopt pln pts dtherm tpr_shadow vnmi flexpriority ept vpid
bogomips	: 6400.64
clflush size	: 64
cache_alignment	: 64
address sizes	: 46 bits physical, 48 bits virtual
power management:

processor	: 7
vendor_id	: GenuineIntel
cpu family	: 6
model		: 45
model name	: Intel(R) Core(TM) i7-3930K CPU @ 3.20GHz
stepping	: 7
microcode	: 0x70b
cpu MHz		: 3201.000
cache size	: 12288 KB
physical id	: 0
siblings	: 12
core id		: 1
cpu cores	: 6
apicid		: 3
initial apicid	: 3
fpu		: yes
fpu_exception	: yes
cpuid level	: 13
wp		: yes
flags		: fpu vme de pse tsc msr pae mce cx8 apic sep mtrr pge mca cmov pat pse36 clflush dts acpi mmx fxsr sse sse2 ss ht tm pbe syscall nx pdpe1gb rdtscp lm constant_tsc arch_perfmon pebs bts rep_good nopl xtopology nonstop_tsc aperfmperf eagerfpu pni pclmulqdq dtes64 monitor ds_cpl vmx est tm2 ssse3 cx16 xtpr pdcm pcid dca sse4_1 sse4_2 x2apic popcnt tsc_deadline_timer aes xsave avx lahf_lm ida arat xsaveopt pln pts dtherm tpr_shadow vnmi flexpriority ept vpid
bogomips	: 6400.64
clflush size	: 64
cache_alignment	: 64
address sizes	: 46 bits physical, 48 bits virtual
power management:

processor	: 8
vendor_id	: GenuineIntel
cpu family	: 6
model		: 45
model name	: Intel(R) Core(TM) i7-3930K CPU @ 3.20GHz
stepping	: 7
microcode	: 0x70b
cpu MHz		: 3201.000
cache size	: 12288 KB
physical id	: 0
siblings	: 12
core id		: 2
cpu cores	: 6
apicid		: 5
initial apicid	: 5
fpu		: yes
fpu_exception	: yes
cpuid level	: 13
wp		: yes
flags		: fpu vme de pse tsc msr pae mce cx8 apic sep mtrr pge mca cmov pat pse36 clflush dts acpi mmx fxsr sse sse2 ss ht tm pbe syscall nx pdpe1gb rdtscp lm constant_tsc arch_perfmon pebs bts rep_good nopl xtopology nonstop_tsc aperfmperf eagerfpu pni pclmulqdq dtes64 monitor ds_cpl vmx est tm2 ssse3 cx16 xtpr pdcm pcid dca sse4_1 sse4_2 x2apic popcnt tsc_deadline_timer aes xsave avx lahf_lm ida arat xsaveopt pln pts dtherm tpr_shadow vnmi flexpriority ept vpid
bogomips	: 6400.64
clflush size	: 64
cache_alignment	: 64
address sizes	: 46 bits physical, 48 bits virtual
power management:

processor	: 9
vendor_id	: GenuineIntel
cpu family	: 6
model		: 45
model name	: Intel(R) Core(TM) i7-3930K CPU @ 3.20GHz
stepping	: 7
microcode	: 0x70b
cpu MHz		: 1200.000
cache size	: 12288 KB
physical id	: 0
siblings	: 12
core id		: 3
cpu cores	: 6
apicid		: 7
initial apicid	: 7
fpu		: yes
fpu_exception	: yes
cpuid level	: 13
wp		: yes
flags		: fpu vme de pse tsc msr pae mce cx8 apic sep mtrr pge mca cmov pat pse36 clflush dts acpi mmx fxsr sse sse2 ss ht tm pbe syscall nx pdpe1gb rdtscp lm constant_tsc arch_perfmon pebs bts rep_good nopl xtopology nonstop_tsc aperfmperf eagerfpu pni pclmulqdq dtes64 monitor ds_cpl vmx est tm2 ssse3 cx16 xtpr pdcm pcid dca sse4_1 sse4_2 x2apic popcnt tsc_deadline_timer aes xsave avx lahf_lm ida arat xsaveopt pln pts dtherm tpr_shadow vnmi flexpriority ept vpid
bogomips	: 6400.64
clflush size	: 64
cache_alignment	: 64
address sizes	: 46 bits physical, 48 bits virtual
power management:

processor	: 10
vendor_id	: GenuineIntel
cpu family	: 6
model		: 45
model name	: Intel(R) Core(TM) i7-3930K CPU @ 3.20GHz
stepping	: 7
microcode	: 0x70b
cpu MHz		: 1200.000
cache size	: 12288 KB
physical id	: 0
siblings	: 12
core id		: 4
cpu cores	: 6
apicid		: 9
initial apicid	: 9
fpu		: yes
fpu_exception	: yes
cpuid level	: 13
wp		: yes
flags		: fpu vme de pse tsc msr pae mce cx8 apic sep mtrr pge mca cmov pat pse36 clflush dts acpi mmx fxsr sse sse2 ss ht tm pbe syscall nx pdpe1gb rdtscp lm constant_tsc arch_perfmon pebs bts rep_good nopl xtopology nonstop_tsc aperfmperf eagerfpu pni pclmulqdq dtes64 monitor ds_cpl vmx est tm2 ssse3 cx16 xtpr pdcm pcid dca sse4_1 sse4_2 x2apic popcnt tsc_deadline_timer aes xsave avx lahf_lm ida arat xsaveopt pln pts dtherm tpr_shadow vnmi flexpriority ept vpid
bogomips	: 6400.64
clflush size	: 64
cache_alignment	: 64
address sizes	: 46 bits physical, 48 bits virtual
power management:

processor	: 11
vendor_id	: GenuineIntel
cpu family	: 6
model		: 45
model name	: Intel(R) Core(TM) i7-3930K CPU @ 3.20GHz
stepping	: 7
microcode	: 0x70b
cpu MHz		: 1200.000
cache size	: 12288 KB
physical id	: 0
siblings	: 12
core id		: 5
cpu cores	: 6
apicid		: 11
initial apicid	: 11
fpu		: yes
fpu_exception	: yes
cpuid level	: 13
wp		: yes
flags		: fpu vme de pse tsc msr pae mce cx8 apic sep mtrr pge mca cmov pat pse36 clflush dts acpi mmx fxsr sse sse2 ss ht tm pbe syscall nx pdpe1gb rdtscp lm constant_tsc arch_perfmon pebs bts rep_good nopl xtopology nonstop_tsc aperfmperf eagerfpu pni pclmulqdq dtes64 monitor ds_cpl vmx est tm2 ssse3 cx16 xtpr pdcm pcid dca sse4_1 sse4_2 x2apic popcnt tsc_deadline_timer aes xsave avx lahf_lm ida arat xsaveopt pln pts dtherm tpr_shadow vnmi flexpriority ept vpid
bogomips	: 6400.64
clflush size	: 64
cache_alignment	: 64
address sizes	: 46 bits physical, 48 bits virtual
power management:



Memory: 4k page, physical 16386316k(10060828k free), swap 45958132k(45958132k free)

vm_info: Java HotSpot(TM) 64-Bit Server VM (25.73-b02) for linux-amd64 JRE (1.8.0_73-b02), built on Jan 29 2016 17:39:45 by "java_re" with gcc 4.3.0 20080428 (Red Hat 4.3.0-8)

time: Wed Apr 13 20:53:47 2016
elapsed time: 1 seconds (0d 0h 0m 1s)

